#
# There is insufficient memory for the Java Runtime Environment to continue.
# Native memory allocation (malloc) failed to allocate 1683984 bytes for Chunk::new
# Possible reasons:
#   The system is out of physical RAM or swap space
#   The process is running with CompressedOops enabled, and the Java Heap may be blocking the growth of the native heap
# Possible solutions:
#   Reduce memory load on the system
#   Increase physical memory or swap space
#   Check if swap backing store is full
#   Decrease Java heap size (-Xmx/-Xms)
#   Decrease number of Java threads
#   Decrease Java thread stack sizes (-Xss)
#   Set larger code cache with -XX:ReservedCodeCacheSize=
#   JVM is running with Unscaled Compressed Oops mode in which the Java heap is
#     placed in the first 4GB address space. The Java Heap base address is the
#     maximum limit for the native heap growth. Please use -XX:HeapBaseMinAddress
#     to set the Java Heap base and to place the Java Heap above 4GB virtual address.
# This output file may be truncated or incomplete.
#
#  Out of Memory Error (arena.cpp:189), pid=17528, tid=12932
#
# JRE version: OpenJDK Runtime Environment (17.0.6) (build 17.0.6+0-b2043.56-9586694)
# Java VM: OpenJDK 64-Bit Server VM (17.0.6+0-b2043.56-9586694, mixed mode, tiered, compressed oops, compressed class ptrs, g1 gc, windows-amd64)
# No core dump will be written. Minidumps are not enabled by default on client versions of Windows
#

---------------  S U M M A R Y ------------

Command Line: --add-opens=java.base/java.util=ALL-UNNAMED --add-opens=java.base/java.lang=ALL-UNNAMED --add-opens=java.base/java.lang.invoke=ALL-UNNAMED --add-opens=java.prefs/java.util.prefs=ALL-UNNAMED --add-opens=java.base/java.nio.charset=ALL-UNNAMED --add-opens=java.base/java.net=ALL-UNNAMED --add-opens=java.base/java.util.concurrent.atomic=ALL-UNNAMED -Xmx2048m -Dfile.encoding=UTF-8 -Duser.country=AR -Duser.language=es -Duser.variant org.gradle.launcher.daemon.bootstrap.GradleDaemon 8.0

Host: 12th Gen Intel(R) Core(TM) i7-12700, 20 cores, 7G,  Windows 11 , 64 bit Build 22621 (10.0.22621.1778)
Time: Tue Jun 27 14:16:00 2023 Hora estándar de Argentina elapsed time: 4.400919 seconds (0d 0h 0m 4s)

---------------  T H R E A D  ---------------

Current thread (0x0000017b41c13c70):  JavaThread "C2 CompilerThread2" daemon [_thread_in_native, id=12932, stack(0x0000007479a00000,0x0000007479b00000)]


Current CompileTask:
C2:   4400 8153       4       com.google.common.collect.ImmutableSet$RegularSetBuilderImpl::add (68 bytes)

Stack: [0x0000007479a00000,0x0000007479b00000]
Native frames: (J=compiled Java code, j=interpreted, Vv=VM code, C=native code)
V  [jvm.dll+0x683b4a]
V  [jvm.dll+0x842654]
V  [jvm.dll+0x843dfe]
V  [jvm.dll+0x844463]
V  [jvm.dll+0x249b75]
V  [jvm.dll+0xabcac]
V  [jvm.dll+0xac27c]
V  [jvm.dll+0x368857]
V  [jvm.dll+0x332f31]
V  [jvm.dll+0x3323da]
V  [jvm.dll+0x21c201]
V  [jvm.dll+0x21b621]
V  [jvm.dll+0x1a4fdd]
V  [jvm.dll+0x22b098]
V  [jvm.dll+0x229159]
V  [jvm.dll+0x7f809c]
V  [jvm.dll+0x7f25fa]
V  [jvm.dll+0x682985]
C  [ucrtbase.dll+0x29363]
C  [KERNEL32.DLL+0x126ad]
C  [ntdll.dll+0x5a9f8]


---------------  P R O C E S S  ---------------

Threads class SMR info:
_java_thread_list=0x0000017b48c40b80, length=211, elements={
0x0000017b25ec74e0, 0x0000017b4181c320, 0x0000017b4181ced0, 0x0000017b41838090,
0x0000017b41838a40, 0x0000017b4187b410, 0x0000017b4187bdc0, 0x0000017b4187caa0,
0x0000017b4187d540, 0x0000017b4187ff40, 0x0000017b41931c50, 0x0000017b41a68040,
0x0000017b41a767d0, 0x0000017b41bfea90, 0x0000017b41c13c70, 0x0000017b42d5a870,
0x0000017b42bea7f0, 0x0000017b4319c1b0, 0x0000017b4319b810, 0x0000017b4319d9c0,
0x0000017b4319bce0, 0x0000017b4319e830, 0x0000017b4319de90, 0x0000017b4319c680,
0x0000017b4319cb50, 0x0000017b4319e360, 0x0000017b4319d020, 0x0000017b4319d4f0,
0x0000017b4319ed00, 0x0000017b4319f1d0, 0x0000017b4470bd50, 0x0000017b4470a540,
0x0000017b4470f710, 0x0000017b4470e8a0, 0x0000017b4470ed70, 0x0000017b4470f240,
0x0000017b447118c0, 0x0000017b4470aa10, 0x0000017b4470e3d0, 0x0000017b4470c6f0,
0x0000017b4470d090, 0x0000017b4470d560, 0x0000017b44710a50, 0x0000017b4470a070,
0x0000017b4470aee0, 0x0000017b4470da30, 0x0000017b447113f0, 0x0000017b4470df00,
0x0000017b4470b3b0, 0x0000017b4470b880, 0x0000017b457a7400, 0x0000017b457a8270,
0x0000017b457a8740, 0x0000017b457a8c10, 0x0000017b457a78d0, 0x0000017b457a6f30,
0x0000017b457a90e0, 0x0000017b457a9f50, 0x0000017b457a95b0, 0x0000017b457a9a80,
0x0000017b457a6590, 0x0000017b457a6a60, 0x0000017b457a7da0, 0x0000017b46d02bd0,
0x0000017b46d030a0, 0x0000017b46d00080, 0x0000017b46d00ef0, 0x0000017b46d03570,
0x0000017b46d05bf0, 0x0000017b46d060c0, 0x0000017b46d03a40, 0x0000017b46d078d0,
0x0000017b46d00550, 0x0000017b46d06590, 0x0000017b46d06a60, 0x0000017b46d03f10,
0x0000017b46d06f30, 0x0000017b46d00a20, 0x0000017b46d013c0, 0x0000017b46d04d80,
0x0000017b46d01890, 0x0000017b46d043e0, 0x0000017b46d01d60, 0x0000017b46d048b0,
0x0000017b46d05250, 0x0000017b46d05720, 0x0000017b46d02230, 0x0000017b46d07400,
0x0000017b46d02700, 0x0000017b476f2ef0, 0x0000017b476f33c0, 0x0000017b476f5570,
0x0000017b476f3890, 0x0000017b476f2550, 0x0000017b476f3d60, 0x0000017b476f4700,
0x0000017b476f8590, 0x0000017b476f4230, 0x0000017b476f8f30, 0x0000017b476f2080,
0x0000017b476f4bd0, 0x0000017b476f5a40, 0x0000017b476f80c0, 0x0000017b476f5f10,
0x0000017b476f63e0, 0x0000017b476f68b0, 0x0000017b476f9400, 0x0000017b476f50a0,
0x0000017b476f6d80, 0x0000017b476f7250, 0x0000017b476f7720, 0x0000017b476f2a20,
0x0000017b476f7bf0, 0x0000017b476f98d0, 0x0000017b476f8a60, 0x0000017b47a81b00,
0x0000017b47a854c0, 0x0000017b47a81160, 0x0000017b47a84b20, 0x0000017b47a87b40,
0x0000017b47a85e60, 0x0000017b47a85990, 0x0000017b47a88010, 0x0000017b47a824a0,
0x0000017b47a82970, 0x0000017b47a87670, 0x0000017b47a884e0, 0x0000017b47a86330,
0x0000017b47a82e40, 0x0000017b47a84180, 0x0000017b47a81fd0, 0x0000017b47a83310,
0x0000017b47a84650, 0x0000017b47a81630, 0x0000017b47a889b0, 0x0000017b47a837e0,
0x0000017b47a86800, 0x0000017b47a84ff0, 0x0000017b47a83cb0, 0x0000017b47a86cd0,
0x0000017b47a871a0, 0x0000017b475898e0, 0x0000017b47589db0, 0x0000017b47587730,
0x0000017b47587260, 0x0000017b4758a750, 0x0000017b47587c00, 0x0000017b4758b5c0,
0x0000017b475880d0, 0x0000017b4758dc40, 0x0000017b475885a0, 0x0000017b47588f40,
0x0000017b47589410, 0x0000017b4758e110, 0x0000017b4758a280, 0x0000017b4758ac20,
0x0000017b4758b0f0, 0x0000017b4758cdd0, 0x0000017b4758ba90, 0x0000017b4758d2a0,
0x0000017b4758c430, 0x0000017b4758bf60, 0x0000017b4758c900, 0x0000017b47588a70,
0x0000017b4758d770, 0x0000017b4758e5e0, 0x0000017b47586d90, 0x0000017b477000d0,
0x0000017b476fe3f0, 0x0000017b476fed90, 0x0000017b476faf00, 0x0000017b476ff260,
0x0000017b476fbd70, 0x0000017b476fa090, 0x0000017b476fcbe0, 0x0000017b476fe8c0,
0x0000017b476ff730, 0x0000017b476ffc00, 0x0000017b477018e0, 0x0000017b47700f40,
0x0000017b476fd0b0, 0x0000017b477005a0, 0x0000017b47700a70, 0x0000017b47701410,
0x0000017b476fa560, 0x0000017b476fd580, 0x0000017b476fc240, 0x0000017b476fdf20,
0x0000017b476faa30, 0x0000017b476fc710, 0x0000017b476fb3d0, 0x0000017b476fb8a0,
0x0000017b476fda50, 0x0000017b48762b00, 0x0000017b48767cd0, 0x0000017b48765180,
0x0000017b48765650, 0x0000017b487681a0, 0x0000017b48764cb0, 0x0000017b48767800,
0x0000017b48762fd0, 0x0000017b48768670, 0x0000017b48768b40, 0x0000017b48762630,
0x0000017b48764310, 0x0000017b487647e0, 0x0000017b487664c0, 0x0000017b487617c0,
0x0000017b48766990, 0x0000017b487634a0, 0x0000017b48761c90
}

Java Threads: ( => current thread )
  0x0000017b25ec74e0 JavaThread "main" [_thread_blocked, id=11872, stack(0x0000007478500000,0x0000007478600000)]
  0x0000017b4181c320 JavaThread "Reference Handler" daemon [_thread_blocked, id=3376, stack(0x0000007478c00000,0x0000007478d00000)]
  0x0000017b4181ced0 JavaThread "Finalizer" daemon [_thread_blocked, id=14396, stack(0x0000007478d00000,0x0000007478e00000)]
  0x0000017b41838090 JavaThread "Signal Dispatcher" daemon [_thread_blocked, id=6456, stack(0x0000007478e00000,0x0000007478f00000)]
  0x0000017b41838a40 JavaThread "Attach Listener" daemon [_thread_blocked, id=1960, stack(0x0000007478f00000,0x0000007479000000)]
  0x0000017b4187b410 JavaThread "Service Thread" daemon [_thread_blocked, id=9112, stack(0x0000007479000000,0x0000007479100000)]
  0x0000017b4187bdc0 JavaThread "Monitor Deflation Thread" daemon [_thread_blocked, id=18100, stack(0x0000007479100000,0x0000007479200000)]
  0x0000017b4187caa0 JavaThread "C2 CompilerThread0" daemon [_thread_in_native, id=12484, stack(0x0000007479200000,0x0000007479300000)]
  0x0000017b4187d540 JavaThread "C1 CompilerThread0" daemon [_thread_blocked, id=13056, stack(0x0000007479300000,0x0000007479400000)]
  0x0000017b4187ff40 JavaThread "Sweeper thread" daemon [_thread_blocked, id=5912, stack(0x0000007479400000,0x0000007479500000)]
  0x0000017b41931c50 JavaThread "C1 CompilerThread1" daemon [_thread_blocked, id=16348, stack(0x0000007479500000,0x0000007479600000)]
  0x0000017b41a68040 JavaThread "Common-Cleaner" daemon [_thread_blocked, id=10800, stack(0x0000007479600000,0x0000007479700000)]
  0x0000017b41a767d0 JavaThread "Notification Thread" daemon [_thread_blocked, id=14592, stack(0x0000007479700000,0x0000007479800000)]
  0x0000017b41bfea90 JavaThread "C2 CompilerThread1" daemon [_thread_in_native, id=16428, stack(0x0000007479900000,0x0000007479a00000)]
=>0x0000017b41c13c70 JavaThread "C2 CompilerThread2" daemon [_thread_in_native, id=12932, stack(0x0000007479a00000,0x0000007479b00000)]
  0x0000017b42d5a870 JavaThread "C1 CompilerThread2" daemon [_thread_blocked, id=4576, stack(0x0000007479b00000,0x0000007479c00000)]
  0x0000017b42bea7f0 JavaThread "C1 CompilerThread3" daemon [_thread_blocked, id=14092, stack(0x0000007479c00000,0x0000007479d00000)]
  0x0000017b4319c1b0 JavaThread "Daemon health stats" [_thread_blocked, id=3716, stack(0x000000747a100000,0x000000747a200000)]
  0x0000017b4319b810 JavaThread "Incoming local TCP Connector on port 63740" [_thread_in_native, id=8532, stack(0x000000747a200000,0x000000747a300000)]
  0x0000017b4319d9c0 JavaThread "Daemon periodic checks" [_thread_blocked, id=3176, stack(0x000000747a300000,0x000000747a400000)]
  0x0000017b4319bce0 JavaThread "Daemon" [_thread_blocked, id=10688, stack(0x000000747a400000,0x000000747a500000)]
  0x0000017b4319e830 JavaThread "Handler for socket connection from /127.0.0.1:63740 to /127.0.0.1:63741" [_thread_in_native, id=8960, stack(0x000000747a500000,0x000000747a600000)]
  0x0000017b4319de90 JavaThread "Cancel handler" [_thread_blocked, id=16140, stack(0x000000747a600000,0x000000747a700000)]
  0x0000017b4319c680 JavaThread "Daemon worker" [_thread_in_vm, id=10236, stack(0x000000747a700000,0x000000747a800000)]
  0x0000017b4319cb50 JavaThread "Asynchronous log dispatcher for DefaultDaemonConnection: socket connection from /127.0.0.1:63740 to /127.0.0.1:63741" [_thread_blocked, id=16964, stack(0x000000747a800000,0x000000747a900000)]
  0x0000017b4319e360 JavaThread "Stdin handler" [_thread_blocked, id=13404, stack(0x000000747a900000,0x000000747aa00000)]
  0x0000017b4319d020 JavaThread "Daemon client event forwarder" [_thread_blocked, id=12896, stack(0x000000747aa00000,0x000000747ab00000)]
  0x0000017b4319d4f0 JavaThread "Cache worker for journal cache (C:\Users\nahpalacio\.gradle\caches\journal-1)" [_thread_blocked, id=11972, stack(0x000000747b800000,0x000000747b900000)]
  0x0000017b4319ed00 JavaThread "File lock request listener" [_thread_in_native, id=2820, stack(0x000000747b900000,0x000000747ba00000)]
  0x0000017b4319f1d0 JavaThread "Cache worker for file hash cache (C:\Users\nahpalacio\.gradle\caches\8.0\fileHashes)" [_thread_blocked, id=18112, stack(0x000000747ba00000,0x000000747bb00000)]
  0x0000017b4470bd50 JavaThread "File watcher server" daemon [_thread_in_native, id=15496, stack(0x000000747bb00000,0x000000747bc00000)]
  0x0000017b4470a540 JavaThread "File watcher consumer" daemon [_thread_blocked, id=17412, stack(0x000000747bc00000,0x000000747bd00000)]
  0x0000017b4470f710 JavaThread "Cache worker for checksums cache (C:\Users\nahpalacio\Documents\Trabajo-Practico-Biblioteca\.gradle\8.0\checksums)" [_thread_blocked, id=10472, stack(0x000000747bd00000,0x000000747be00000)]
  0x0000017b4470e8a0 JavaThread "Cache worker for cache directory md-rule (C:\Users\nahpalacio\.gradle\caches\8.0\md-rule)" [_thread_blocked, id=3384, stack(0x000000747be00000,0x000000747bf00000)]
  0x0000017b4470ed70 JavaThread "Cache worker for file content cache (C:\Users\nahpalacio\.gradle\caches\8.0\fileContent)" [_thread_blocked, id=16632, stack(0x000000747bf00000,0x000000747c000000)]
  0x0000017b4470f240 JavaThread "Cache worker for file hash cache (C:\Users\nahpalacio\Documents\Trabajo-Practico-Biblioteca\.gradle\8.0\fileHashes)" [_thread_blocked, id=8320, stack(0x000000747c000000,0x000000747c100000)]
  0x0000017b447118c0 JavaThread "Cache worker for cache directory md-supplier (C:\Users\nahpalacio\.gradle\caches\8.0\md-supplier)" [_thread_blocked, id=2272, stack(0x000000747c100000,0x000000747c200000)]
  0x0000017b4470aa10 JavaThread "Cache worker for execution history cache (C:\Users\nahpalacio\.gradle\caches\8.0\executionHistory)" [_thread_blocked, id=10816, stack(0x000000747c200000,0x000000747c300000)]
  0x0000017b4470e3d0 JavaThread "jar transforms" [_thread_blocked, id=6208, stack(0x000000747c300000,0x000000747c400000)]
  0x0000017b4470c6f0 JavaThread "jar transforms Thread 2" [_thread_blocked, id=12204, stack(0x000000747c400000,0x000000747c500000)]
  0x0000017b4470d090 JavaThread "jar transforms Thread 3" [_thread_blocked, id=3540, stack(0x000000747c500000,0x000000747c600000)]
  0x0000017b4470d560 JavaThread "jar transforms Thread 4" [_thread_blocked, id=11180, stack(0x000000747c600000,0x000000747c700000)]
  0x0000017b44710a50 JavaThread "Cache worker for dependencies-accessors (C:\Users\nahpalacio\Documents\Trabajo-Practico-Biblioteca\.gradle\8.0\dependencies-accessors)" [_thread_blocked, id=14356, stack(0x000000747c700000,0x000000747c800000)]
  0x0000017b4470a070 JavaThread "jar transforms Thread 5" [_thread_blocked, id=1084, stack(0x000000747c800000,0x000000747c900000)]
  0x0000017b4470aee0 JavaThread "Cache worker for Build Output Cleanup Cache (C:\Users\nahpalacio\Documents\Trabajo-Practico-Biblioteca\.gradle\buildOutputCleanup)" [_thread_blocked, id=10928, stack(0x000000747c900000,0x000000747ca00000)]
  0x0000017b4470da30 JavaThread "Unconstrained build operations" [_thread_blocked, id=6700, stack(0x000000747ca00000,0x000000747cb00000)]
  0x0000017b447113f0 JavaThread "Unconstrained build operations Thread 2" [_thread_blocked, id=11208, stack(0x000000747cb00000,0x000000747cc00000)]
  0x0000017b4470df00 JavaThread "Unconstrained build operations Thread 3" [_thread_blocked, id=13672, stack(0x000000747cc00000,0x000000747cd00000)]
  0x0000017b4470b3b0 JavaThread "Unconstrained build operations Thread 4" [_thread_blocked, id=14836, stack(0x000000747cd00000,0x000000747ce00000)]
  0x0000017b4470b880 JavaThread "Unconstrained build operations Thread 5" [_thread_blocked, id=14576, stack(0x000000747ce00000,0x000000747cf00000)]
  0x0000017b457a7400 JavaThread "Unconstrained build operations Thread 6" [_thread_blocked, id=16100, stack(0x000000747cf00000,0x000000747d000000)]
  0x0000017b457a8270 JavaThread "Unconstrained build operations Thread 7" [_thread_blocked, id=1312, stack(0x000000747d000000,0x000000747d100000)]
  0x0000017b457a8740 JavaThread "Unconstrained build operations Thread 8" [_thread_blocked, id=14236, stack(0x000000747d100000,0x000000747d200000)]
  0x0000017b457a8c10 JavaThread "Unconstrained build operations Thread 9" [_thread_blocked, id=16516, stack(0x000000747d200000,0x000000747d300000)]
  0x0000017b457a78d0 JavaThread "Unconstrained build operations Thread 10" [_thread_blocked, id=10496, stack(0x000000747d300000,0x000000747d400000)]
  0x0000017b457a6f30 JavaThread "Unconstrained build operations Thread 11" [_thread_blocked, id=17500, stack(0x000000747d400000,0x000000747d500000)]
  0x0000017b457a90e0 JavaThread "Unconstrained build operations Thread 12" [_thread_blocked, id=452, stack(0x000000747d500000,0x000000747d600000)]
  0x0000017b457a9f50 JavaThread "Unconstrained build operations Thread 13" [_thread_blocked, id=8880, stack(0x000000747d600000,0x000000747d700000)]
  0x0000017b457a95b0 JavaThread "Unconstrained build operations Thread 14" [_thread_blocked, id=8512, stack(0x000000747d700000,0x000000747d800000)]
  0x0000017b457a9a80 JavaThread "Unconstrained build operations Thread 15" [_thread_blocked, id=11172, stack(0x000000747d800000,0x000000747d900000)]
  0x0000017b457a6590 JavaThread "Unconstrained build operations Thread 16" [_thread_blocked, id=15780, stack(0x000000747d900000,0x000000747da00000)]
  0x0000017b457a6a60 JavaThread "Unconstrained build operations Thread 17" [_thread_blocked, id=15676, stack(0x000000747da00000,0x000000747db00000)]
  0x0000017b457a7da0 JavaThread "Unconstrained build operations Thread 18" [_thread_blocked, id=4544, stack(0x000000747db00000,0x000000747dc00000)]
  0x0000017b46d02bd0 JavaThread "Unconstrained build operations Thread 19" [_thread_blocked, id=16336, stack(0x000000747dc00000,0x000000747dd00000)]
  0x0000017b46d030a0 JavaThread "Unconstrained build operations Thread 20" [_thread_blocked, id=16524, stack(0x000000747dd00000,0x000000747de00000)]
  0x0000017b46d00080 JavaThread "Unconstrained build operations Thread 21" [_thread_blocked, id=9552, stack(0x000000747de00000,0x000000747df00000)]
  0x0000017b46d00ef0 JavaThread "Unconstrained build operations Thread 22" [_thread_blocked, id=15128, stack(0x000000747df00000,0x000000747e000000)]
  0x0000017b46d03570 JavaThread "Unconstrained build operations Thread 23" [_thread_blocked, id=13864, stack(0x000000747e000000,0x000000747e100000)]
  0x0000017b46d05bf0 JavaThread "Unconstrained build operations Thread 24" [_thread_blocked, id=17560, stack(0x000000747e100000,0x000000747e200000)]
  0x0000017b46d060c0 JavaThread "Unconstrained build operations Thread 25" [_thread_blocked, id=14944, stack(0x000000747e200000,0x000000747e300000)]
  0x0000017b46d03a40 JavaThread "Unconstrained build operations Thread 26" [_thread_blocked, id=14068, stack(0x000000747e300000,0x000000747e400000)]
  0x0000017b46d078d0 JavaThread "Unconstrained build operations Thread 27" [_thread_blocked, id=4716, stack(0x000000747e400000,0x000000747e500000)]
  0x0000017b46d00550 JavaThread "Unconstrained build operations Thread 28" [_thread_blocked, id=15624, stack(0x000000747e500000,0x000000747e600000)]
  0x0000017b46d06590 JavaThread "Unconstrained build operations Thread 29" [_thread_blocked, id=7544, stack(0x000000747e600000,0x000000747e700000)]
  0x0000017b46d06a60 JavaThread "Unconstrained build operations Thread 30" [_thread_blocked, id=6840, stack(0x000000747e700000,0x000000747e800000)]
  0x0000017b46d03f10 JavaThread "Unconstrained build operations Thread 31" [_thread_blocked, id=12796, stack(0x000000747e800000,0x000000747e900000)]
  0x0000017b46d06f30 JavaThread "Unconstrained build operations Thread 32" [_thread_blocked, id=7584, stack(0x000000747e900000,0x000000747ea00000)]
  0x0000017b46d00a20 JavaThread "Unconstrained build operations Thread 33" [_thread_blocked, id=5116, stack(0x000000747ea00000,0x000000747eb00000)]
  0x0000017b46d013c0 JavaThread "Unconstrained build operations Thread 34" [_thread_blocked, id=4968, stack(0x000000747eb00000,0x000000747ec00000)]
  0x0000017b46d04d80 JavaThread "Unconstrained build operations Thread 35" [_thread_blocked, id=17540, stack(0x000000747ec00000,0x000000747ed00000)]
  0x0000017b46d01890 JavaThread "Unconstrained build operations Thread 36" [_thread_blocked, id=7960, stack(0x000000747ed00000,0x000000747ee00000)]
  0x0000017b46d043e0 JavaThread "Unconstrained build operations Thread 37" [_thread_blocked, id=15316, stack(0x000000747ee00000,0x000000747ef00000)]
  0x0000017b46d01d60 JavaThread "Unconstrained build operations Thread 38" [_thread_blocked, id=10088, stack(0x000000747ef00000,0x000000747f000000)]
  0x0000017b46d048b0 JavaThread "Unconstrained build operations Thread 39" [_thread_blocked, id=15236, stack(0x000000747f000000,0x000000747f100000)]
  0x0000017b46d05250 JavaThread "Unconstrained build operations Thread 40" [_thread_blocked, id=2752, stack(0x000000747f100000,0x000000747f200000)]
  0x0000017b46d05720 JavaThread "Unconstrained build operations Thread 41" [_thread_blocked, id=444, stack(0x000000747f200000,0x000000747f300000)]
  0x0000017b46d02230 JavaThread "Unconstrained build operations Thread 42" [_thread_blocked, id=9724, stack(0x000000747f300000,0x000000747f400000)]
  0x0000017b46d07400 JavaThread "Unconstrained build operations Thread 43" [_thread_blocked, id=10172, stack(0x000000747f400000,0x000000747f500000)]
  0x0000017b46d02700 JavaThread "Unconstrained build operations Thread 44" [_thread_blocked, id=18336, stack(0x000000747f500000,0x000000747f600000)]
  0x0000017b476f2ef0 JavaThread "Unconstrained build operations Thread 45" [_thread_blocked, id=17652, stack(0x000000747f600000,0x000000747f700000)]
  0x0000017b476f33c0 JavaThread "Unconstrained build operations Thread 46" [_thread_blocked, id=15188, stack(0x000000747f700000,0x000000747f800000)]
  0x0000017b476f5570 JavaThread "Unconstrained build operations Thread 47" [_thread_blocked, id=15880, stack(0x000000747f800000,0x000000747f900000)]
  0x0000017b476f3890 JavaThread "Unconstrained build operations Thread 48" [_thread_blocked, id=17308, stack(0x000000747f900000,0x000000747fa00000)]
  0x0000017b476f2550 JavaThread "Unconstrained build operations Thread 49" [_thread_blocked, id=9680, stack(0x000000747fa00000,0x000000747fb00000)]
  0x0000017b476f3d60 JavaThread "Unconstrained build operations Thread 50" [_thread_blocked, id=17024, stack(0x000000747fb00000,0x000000747fc00000)]
  0x0000017b476f4700 JavaThread "Unconstrained build operations Thread 51" [_thread_blocked, id=6032, stack(0x000000747fc00000,0x000000747fd00000)]
  0x0000017b476f8590 JavaThread "Unconstrained build operations Thread 52" [_thread_blocked, id=2656, stack(0x000000747fd00000,0x000000747fe00000)]
  0x0000017b476f4230 JavaThread "Unconstrained build operations Thread 53" [_thread_blocked, id=14020, stack(0x000000747fe00000,0x000000747ff00000)]
  0x0000017b476f8f30 JavaThread "Unconstrained build operations Thread 54" [_thread_blocked, id=9260, stack(0x000000747ff00000,0x0000007480000000)]
  0x0000017b476f2080 JavaThread "Unconstrained build operations Thread 55" [_thread_blocked, id=12768, stack(0x0000007400000000,0x0000007400100000)]
  0x0000017b476f4bd0 JavaThread "Unconstrained build operations Thread 56" [_thread_blocked, id=17876, stack(0x0000007400100000,0x0000007400200000)]
  0x0000017b476f5a40 JavaThread "Unconstrained build operations Thread 57" [_thread_blocked, id=17992, stack(0x0000007400200000,0x0000007400300000)]
  0x0000017b476f80c0 JavaThread "Unconstrained build operations Thread 58" [_thread_blocked, id=1872, stack(0x0000007400300000,0x0000007400400000)]
  0x0000017b476f5f10 JavaThread "Unconstrained build operations Thread 59" [_thread_blocked, id=15556, stack(0x0000007400400000,0x0000007400500000)]
  0x0000017b476f63e0 JavaThread "Unconstrained build operations Thread 60" [_thread_blocked, id=9188, stack(0x0000007400500000,0x0000007400600000)]
  0x0000017b476f68b0 JavaThread "Unconstrained build operations Thread 61" [_thread_blocked, id=5148, stack(0x0000007400600000,0x0000007400700000)]
  0x0000017b476f9400 JavaThread "Unconstrained build operations Thread 62" [_thread_blocked, id=10988, stack(0x0000007400700000,0x0000007400800000)]
  0x0000017b476f50a0 JavaThread "Unconstrained build operations Thread 63" [_thread_blocked, id=13432, stack(0x0000007400800000,0x0000007400900000)]
  0x0000017b476f6d80 JavaThread "Unconstrained build operations Thread 64" [_thread_blocked, id=4112, stack(0x0000007400900000,0x0000007400a00000)]
  0x0000017b476f7250 JavaThread "Unconstrained build operations Thread 65" [_thread_blocked, id=4800, stack(0x0000007400a00000,0x0000007400b00000)]
  0x0000017b476f7720 JavaThread "Unconstrained build operations Thread 66" [_thread_blocked, id=16784, stack(0x0000007400b00000,0x0000007400c00000)]
  0x0000017b476f2a20 JavaThread "Unconstrained build operations Thread 67" [_thread_blocked, id=9272, stack(0x0000007400c00000,0x0000007400d00000)]
  0x0000017b476f7bf0 JavaThread "Unconstrained build operations Thread 68" [_thread_blocked, id=15252, stack(0x0000007400d00000,0x0000007400e00000)]
  0x0000017b476f98d0 JavaThread "Unconstrained build operations Thread 69" [_thread_blocked, id=10888, stack(0x0000007400e00000,0x0000007400f00000)]
  0x0000017b476f8a60 JavaThread "Unconstrained build operations Thread 70" [_thread_blocked, id=11128, stack(0x0000007400f00000,0x0000007401000000)]
  0x0000017b47a81b00 JavaThread "Unconstrained build operations Thread 71" [_thread_blocked, id=12024, stack(0x0000007401000000,0x0000007401100000)]
  0x0000017b47a854c0 JavaThread "Unconstrained build operations Thread 72" [_thread_blocked, id=7672, stack(0x0000007401100000,0x0000007401200000)]
  0x0000017b47a81160 JavaThread "Unconstrained build operations Thread 73" [_thread_blocked, id=13244, stack(0x0000007401200000,0x0000007401300000)]
  0x0000017b47a84b20 JavaThread "Unconstrained build operations Thread 74" [_thread_blocked, id=18184, stack(0x0000007401300000,0x0000007401400000)]
  0x0000017b47a87b40 JavaThread "Unconstrained build operations Thread 75" [_thread_blocked, id=7340, stack(0x0000007401400000,0x0000007401500000)]
  0x0000017b47a85e60 JavaThread "Unconstrained build operations Thread 76" [_thread_blocked, id=10960, stack(0x0000007401500000,0x0000007401600000)]
  0x0000017b47a85990 JavaThread "Unconstrained build operations Thread 77" [_thread_blocked, id=15288, stack(0x0000007401600000,0x0000007401700000)]
  0x0000017b47a88010 JavaThread "Unconstrained build operations Thread 78" [_thread_blocked, id=1676, stack(0x0000007401700000,0x0000007401800000)]
  0x0000017b47a824a0 JavaThread "Unconstrained build operations Thread 79" [_thread_blocked, id=10552, stack(0x0000007401800000,0x0000007401900000)]
  0x0000017b47a82970 JavaThread "Unconstrained build operations Thread 80" [_thread_blocked, id=12828, stack(0x0000007401900000,0x0000007401a00000)]
  0x0000017b47a87670 JavaThread "Unconstrained build operations Thread 81" [_thread_blocked, id=7200, stack(0x0000007401a00000,0x0000007401b00000)]
  0x0000017b47a884e0 JavaThread "Unconstrained build operations Thread 82" [_thread_blocked, id=12912, stack(0x0000007401b00000,0x0000007401c00000)]
  0x0000017b47a86330 JavaThread "Unconstrained build operations Thread 83" [_thread_blocked, id=9904, stack(0x0000007401c00000,0x0000007401d00000)]
  0x0000017b47a82e40 JavaThread "Unconstrained build operations Thread 84" [_thread_blocked, id=9860, stack(0x0000007401d00000,0x0000007401e00000)]
  0x0000017b47a84180 JavaThread "Unconstrained build operations Thread 85" [_thread_blocked, id=18412, stack(0x0000007401e00000,0x0000007401f00000)]
  0x0000017b47a81fd0 JavaThread "Unconstrained build operations Thread 86" [_thread_blocked, id=16124, stack(0x0000007401f00000,0x0000007402000000)]
  0x0000017b47a83310 JavaThread "Unconstrained build operations Thread 87" [_thread_blocked, id=11196, stack(0x0000007402000000,0x0000007402100000)]
  0x0000017b47a84650 JavaThread "Unconstrained build operations Thread 88" [_thread_blocked, id=16860, stack(0x0000007402100000,0x0000007402200000)]
  0x0000017b47a81630 JavaThread "Unconstrained build operations Thread 89" [_thread_blocked, id=6892, stack(0x0000007402200000,0x0000007402300000)]
  0x0000017b47a889b0 JavaThread "Unconstrained build operations Thread 90" [_thread_blocked, id=18252, stack(0x0000007402300000,0x0000007402400000)]
  0x0000017b47a837e0 JavaThread "Unconstrained build operations Thread 91" [_thread_blocked, id=7140, stack(0x0000007402400000,0x0000007402500000)]
  0x0000017b47a86800 JavaThread "Unconstrained build operations Thread 92" [_thread_blocked, id=16576, stack(0x0000007402500000,0x0000007402600000)]
  0x0000017b47a84ff0 JavaThread "Unconstrained build operations Thread 93" [_thread_blocked, id=15420, stack(0x0000007402600000,0x0000007402700000)]
  0x0000017b47a83cb0 JavaThread "Unconstrained build operations Thread 94" [_thread_blocked, id=3096, stack(0x0000007402700000,0x0000007402800000)]
  0x0000017b47a86cd0 JavaThread "Unconstrained build operations Thread 95" [_thread_blocked, id=7292, stack(0x0000007402800000,0x0000007402900000)]
  0x0000017b47a871a0 JavaThread "Unconstrained build operations Thread 96" [_thread_blocked, id=4124, stack(0x0000007402900000,0x0000007402a00000)]
  0x0000017b475898e0 JavaThread "Unconstrained build operations Thread 97" [_thread_blocked, id=9876, stack(0x0000007402a00000,0x0000007402b00000)]
  0x0000017b47589db0 JavaThread "Unconstrained build operations Thread 98" [_thread_blocked, id=10320, stack(0x0000007402b00000,0x0000007402c00000)]
  0x0000017b47587730 JavaThread "Unconstrained build operations Thread 99" [_thread_blocked, id=14540, stack(0x0000007402c00000,0x0000007402d00000)]
  0x0000017b47587260 JavaThread "Unconstrained build operations Thread 100" [_thread_blocked, id=12924, stack(0x0000007402d00000,0x0000007402e00000)]
  0x0000017b4758a750 JavaThread "Unconstrained build operations Thread 101" [_thread_blocked, id=9584, stack(0x0000007402e00000,0x0000007402f00000)]
  0x0000017b47587c00 JavaThread "Unconstrained build operations Thread 102" [_thread_blocked, id=11864, stack(0x0000007402f00000,0x0000007403000000)]
  0x0000017b4758b5c0 JavaThread "Unconstrained build operations Thread 103" [_thread_blocked, id=11924, stack(0x0000007403000000,0x0000007403100000)]
  0x0000017b475880d0 JavaThread "Unconstrained build operations Thread 104" [_thread_blocked, id=17432, stack(0x0000007403100000,0x0000007403200000)]
  0x0000017b4758dc40 JavaThread "Unconstrained build operations Thread 105" [_thread_blocked, id=15536, stack(0x0000007403200000,0x0000007403300000)]
  0x0000017b475885a0 JavaThread "Unconstrained build operations Thread 106" [_thread_blocked, id=4600, stack(0x0000007403300000,0x0000007403400000)]
  0x0000017b47588f40 JavaThread "Unconstrained build operations Thread 107" [_thread_blocked, id=16928, stack(0x0000007403400000,0x0000007403500000)]
  0x0000017b47589410 JavaThread "Unconstrained build operations Thread 108" [_thread_blocked, id=11412, stack(0x0000007403500000,0x0000007403600000)]
  0x0000017b4758e110 JavaThread "Unconstrained build operations Thread 109" [_thread_blocked, id=16164, stack(0x0000007403600000,0x0000007403700000)]
  0x0000017b4758a280 JavaThread "Unconstrained build operations Thread 110" [_thread_blocked, id=18212, stack(0x0000007403700000,0x0000007403800000)]
  0x0000017b4758ac20 JavaThread "Unconstrained build operations Thread 111" [_thread_blocked, id=7948, stack(0x0000007403800000,0x0000007403900000)]
  0x0000017b4758b0f0 JavaThread "Unconstrained build operations Thread 112" [_thread_blocked, id=9616, stack(0x0000007403900000,0x0000007403a00000)]
  0x0000017b4758cdd0 JavaThread "Unconstrained build operations Thread 113" [_thread_blocked, id=18180, stack(0x0000007403a00000,0x0000007403b00000)]
  0x0000017b4758ba90 JavaThread "Unconstrained build operations Thread 114" [_thread_blocked, id=12348, stack(0x0000007403b00000,0x0000007403c00000)]
  0x0000017b4758d2a0 JavaThread "Unconstrained build operations Thread 115" [_thread_blocked, id=12468, stack(0x0000007403c00000,0x0000007403d00000)]
  0x0000017b4758c430 JavaThread "Unconstrained build operations Thread 116" [_thread_blocked, id=16068, stack(0x0000007403d00000,0x0000007403e00000)]
  0x0000017b4758bf60 JavaThread "Unconstrained build operations Thread 117" [_thread_blocked, id=9148, stack(0x0000007403e00000,0x0000007403f00000)]
  0x0000017b4758c900 JavaThread "Unconstrained build operations Thread 118" [_thread_blocked, id=2148, stack(0x0000007403f00000,0x0000007404000000)]
  0x0000017b47588a70 JavaThread "Unconstrained build operations Thread 119" [_thread_blocked, id=276, stack(0x0000007404000000,0x0000007404100000)]
  0x0000017b4758d770 JavaThread "Unconstrained build operations Thread 120" [_thread_blocked, id=12120, stack(0x0000007404100000,0x0000007404200000)]
  0x0000017b4758e5e0 JavaThread "Unconstrained build operations Thread 121" [_thread_blocked, id=14896, stack(0x0000007404200000,0x0000007404300000)]
  0x0000017b47586d90 JavaThread "Unconstrained build operations Thread 122" [_thread_blocked, id=6124, stack(0x0000007404300000,0x0000007404400000)]
  0x0000017b477000d0 JavaThread "Unconstrained build operations Thread 123" [_thread_blocked, id=14420, stack(0x0000007404400000,0x0000007404500000)]
  0x0000017b476fe3f0 JavaThread "Unconstrained build operations Thread 124" [_thread_blocked, id=12692, stack(0x0000007404500000,0x0000007404600000)]
  0x0000017b476fed90 JavaThread "Unconstrained build operations Thread 125" [_thread_blocked, id=11456, stack(0x0000007404600000,0x0000007404700000)]
  0x0000017b476faf00 JavaThread "Unconstrained build operations Thread 126" [_thread_blocked, id=1580, stack(0x0000007404700000,0x0000007404800000)]
  0x0000017b476ff260 JavaThread "Unconstrained build operations Thread 127" [_thread_blocked, id=17168, stack(0x0000007404800000,0x0000007404900000)]
  0x0000017b476fbd70 JavaThread "Unconstrained build operations Thread 128" [_thread_blocked, id=12116, stack(0x0000007404900000,0x0000007404a00000)]
  0x0000017b476fa090 JavaThread "Unconstrained build operations Thread 129" [_thread_blocked, id=12380, stack(0x0000007404a00000,0x0000007404b00000)]
  0x0000017b476fcbe0 JavaThread "Unconstrained build operations Thread 130" [_thread_blocked, id=12068, stack(0x0000007404b00000,0x0000007404c00000)]
  0x0000017b476fe8c0 JavaThread "Unconstrained build operations Thread 131" [_thread_blocked, id=8944, stack(0x0000007404c00000,0x0000007404d00000)]
  0x0000017b476ff730 JavaThread "Unconstrained build operations Thread 132" [_thread_blocked, id=14180, stack(0x0000007404d00000,0x0000007404e00000)]
  0x0000017b476ffc00 JavaThread "Unconstrained build operations Thread 133" [_thread_blocked, id=14408, stack(0x0000007404e00000,0x0000007404f00000)]
  0x0000017b477018e0 JavaThread "Unconstrained build operations Thread 134" [_thread_blocked, id=14164, stack(0x0000007404f00000,0x0000007405000000)]
  0x0000017b47700f40 JavaThread "Unconstrained build operations Thread 135" [_thread_blocked, id=8788, stack(0x0000007405000000,0x0000007405100000)]
  0x0000017b476fd0b0 JavaThread "Unconstrained build operations Thread 136" [_thread_blocked, id=8000, stack(0x0000007405100000,0x0000007405200000)]
  0x0000017b477005a0 JavaThread "Unconstrained build operations Thread 137" [_thread_blocked, id=8464, stack(0x0000007405200000,0x0000007405300000)]
  0x0000017b47700a70 JavaThread "Unconstrained build operations Thread 138" [_thread_blocked, id=9356, stack(0x0000007405300000,0x0000007405400000)]
  0x0000017b47701410 JavaThread "Unconstrained build operations Thread 139" [_thread_blocked, id=16060, stack(0x0000007405400000,0x0000007405500000)]
  0x0000017b476fa560 JavaThread "Unconstrained build operations Thread 140" [_thread_blocked, id=8036, stack(0x0000007405500000,0x0000007405600000)]
  0x0000017b476fd580 JavaThread "Unconstrained build operations Thread 141" [_thread_blocked, id=268, stack(0x0000007405600000,0x0000007405700000)]
  0x0000017b476fc240 JavaThread "Unconstrained build operations Thread 142" [_thread_blocked, id=14384, stack(0x0000007405700000,0x0000007405800000)]
  0x0000017b476fdf20 JavaThread "Unconstrained build operations Thread 143" [_thread_blocked, id=8048, stack(0x0000007405800000,0x0000007405900000)]
  0x0000017b476faa30 JavaThread "Unconstrained build operations Thread 144" [_thread_blocked, id=14144, stack(0x0000007405900000,0x0000007405a00000)]
  0x0000017b476fc710 JavaThread "Unconstrained build operations Thread 145" [_thread_blocked, id=15424, stack(0x0000007405a00000,0x0000007405b00000)]
  0x0000017b476fb3d0 JavaThread "Unconstrained build operations Thread 146" [_thread_blocked, id=11312, stack(0x0000007405b00000,0x0000007405c00000)]
  0x0000017b476fb8a0 JavaThread "Unconstrained build operations Thread 147" [_thread_blocked, id=16020, stack(0x0000007405c00000,0x0000007405d00000)]
  0x0000017b476fda50 JavaThread "Unconstrained build operations Thread 148" [_thread_blocked, id=16416, stack(0x0000007405d00000,0x0000007405e00000)]
  0x0000017b48762b00 JavaThread "Unconstrained build operations Thread 149" [_thread_blocked, id=9744, stack(0x0000007405e00000,0x0000007405f00000)]
  0x0000017b48767cd0 JavaThread "jar transforms Thread 6" [_thread_blocked, id=17056, stack(0x0000007405f00000,0x0000007406000000)]
  0x0000017b48765180 JavaThread "jar transforms Thread 7" [_thread_blocked, id=2484, stack(0x0000007406000000,0x0000007406100000)]
  0x0000017b48765650 JavaThread "jar transforms Thread 8" [_thread_blocked, id=1880, stack(0x0000007406100000,0x0000007406200000)]
  0x0000017b487681a0 JavaThread "jar transforms Thread 9" [_thread_blocked, id=5900, stack(0x0000007406200000,0x0000007406300000)]
  0x0000017b48764cb0 JavaThread "jar transforms Thread 10" [_thread_blocked, id=8696, stack(0x0000007406300000,0x0000007406400000)]
  0x0000017b48767800 JavaThread "jar transforms Thread 11" [_thread_blocked, id=18364, stack(0x0000007406400000,0x0000007406500000)]
  0x0000017b48762fd0 JavaThread "jar transforms Thread 12" [_thread_blocked, id=12000, stack(0x0000007406500000,0x0000007406600000)]
  0x0000017b48768670 JavaThread "jar transforms Thread 13" [_thread_blocked, id=9924, stack(0x0000007406600000,0x0000007406700000)]
  0x0000017b48768b40 JavaThread "jar transforms Thread 14" [_thread_blocked, id=1292, stack(0x0000007406700000,0x0000007406800000)]
  0x0000017b48762630 JavaThread "jar transforms Thread 15" [_thread_blocked, id=12388, stack(0x0000007406800000,0x0000007406900000)]
  0x0000017b48764310 JavaThread "jar transforms Thread 16" [_thread_blocked, id=10272, stack(0x0000007406900000,0x0000007406a00000)]
  0x0000017b487647e0 JavaThread "jar transforms Thread 17" [_thread_blocked, id=6380, stack(0x0000007406a00000,0x0000007406b00000)]
  0x0000017b487664c0 JavaThread "jar transforms Thread 18" [_thread_blocked, id=16184, stack(0x0000007406b00000,0x0000007406c00000)]
  0x0000017b487617c0 JavaThread "jar transforms Thread 19" [_thread_blocked, id=5872, stack(0x0000007406c00000,0x0000007406d00000)]
  0x0000017b48766990 JavaThread "jar transforms Thread 20" [_thread_blocked, id=12296, stack(0x0000007406d00000,0x0000007406e00000)]
  0x0000017b487634a0 JavaThread "build event listener" [_thread_blocked, id=7300, stack(0x0000007406e00000,0x0000007406f00000)]
  0x0000017b48761c90 JavaThread "Memory manager" [_thread_blocked, id=1808, stack(0x0000007406f00000,0x0000007407000000)]

Other Threads:
  0x0000017b40475690 VMThread "VM Thread" [stack: 0x0000007478b00000,0x0000007478c00000] [id=15072]
  0x0000017b41a56460 WatcherThread [stack: 0x0000007479800000,0x0000007479900000] [id=400]
  0x0000017b25f22a30 GCTaskThread "GC Thread#0" [stack: 0x0000007478600000,0x0000007478700000] [id=11956]
  0x0000017b42199ce0 GCTaskThread "GC Thread#1" [stack: 0x0000007479d00000,0x0000007479e00000] [id=11504]
  0x0000017b42076120 GCTaskThread "GC Thread#2" [stack: 0x0000007479e00000,0x0000007479f00000] [id=5484]
  0x0000017b42339dc0 GCTaskThread "GC Thread#3" [stack: 0x0000007479f00000,0x000000747a000000] [id=7120]
  0x0000017b42d63210 GCTaskThread "GC Thread#4" [stack: 0x000000747a000000,0x000000747a100000] [id=2036]
  0x0000017b43f62790 GCTaskThread "GC Thread#5" [stack: 0x000000747ab00000,0x000000747ac00000] [id=18264]
  0x0000017b440bfa70 GCTaskThread "GC Thread#6" [stack: 0x000000747ac00000,0x000000747ad00000] [id=14264]
  0x0000017b44113580 GCTaskThread "GC Thread#7" [stack: 0x000000747ad00000,0x000000747ae00000] [id=17784]
  0x0000017b42cfc920 GCTaskThread "GC Thread#8" [stack: 0x000000747ae00000,0x000000747af00000] [id=2636]
  0x0000017b42cfcbd0 GCTaskThread "GC Thread#9" [stack: 0x000000747af00000,0x000000747b000000] [id=18400]
  0x0000017b440eb340 GCTaskThread "GC Thread#10" [stack: 0x000000747b000000,0x000000747b100000] [id=11400]
  0x0000017b440eb090 GCTaskThread "GC Thread#11" [stack: 0x000000747b100000,0x000000747b200000] [id=8224]
  0x0000017b440ecb70 GCTaskThread "GC Thread#12" [stack: 0x000000747b200000,0x000000747b300000] [id=1452]
  0x0000017b440eb5f0 GCTaskThread "GC Thread#13" [stack: 0x000000747b300000,0x000000747b400000] [id=6240]
  0x0000017b440eb8a0 GCTaskThread "GC Thread#14" [stack: 0x000000747b400000,0x000000747b500000] [id=17484]
  0x0000017b25f34980 ConcurrentGCThread "G1 Main Marker" [stack: 0x0000007478700000,0x0000007478800000] [id=2572]
  0x0000017b25f354f0 ConcurrentGCThread "G1 Conc#0" [stack: 0x0000007478800000,0x0000007478900000] [id=17524]
  0x0000017b440ec360 ConcurrentGCThread "G1 Conc#1" [stack: 0x000000747b500000,0x000000747b600000] [id=1140]
  0x0000017b440ebb50 ConcurrentGCThread "G1 Conc#2" [stack: 0x000000747b600000,0x000000747b700000] [id=4700]
  0x0000017b440ec0b0 ConcurrentGCThread "G1 Conc#3" [stack: 0x000000747b700000,0x000000747b800000] [id=2232]
  0x0000017b25f77250 ConcurrentGCThread "G1 Refine#0" [stack: 0x0000007478900000,0x0000007478a00000] [id=12496]
  0x0000017b25f77b10 ConcurrentGCThread "G1 Service" [stack: 0x0000007478a00000,0x0000007478b00000] [id=14060]

Threads with active compile tasks:
C2 CompilerThread0     4411 8165       4       com.google.common.collect.ImmutableSet$Builder::add (31 bytes)
C2 CompilerThread1     4411 8113 %     4       org.gradle.internal.instantiation.generator.AbstractClassGenerator::inspectType @ 250 (560 bytes)
C2 CompilerThread2     4411 8153       4       com.google.common.collect.ImmutableSet$RegularSetBuilderImpl::add (68 bytes)
C1 CompilerThread2     4411 8218       3       com.android.build.api.artifact.impl.StorageProviderImpl$directory$1::invoke (9 bytes)
C1 CompilerThread3     4411 8219       3       com.android.build.api.artifact.impl.StorageProviderImpl$directory$1::invoke (22 bytes)

VM state: not at safepoint (normal execution)

VM Mutex/Monitor currently owned by a thread: None

Heap address: 0x0000000080000000, size: 2048 MB, Compressed Oops mode: 32-bit

CDS archive(s) not mapped
Compressed class space mapped at: 0x0000000100000000-0x0000000140000000, reserved size: 1073741824
Narrow klass base: 0x0000000000000000, Narrow klass shift: 3, Narrow klass range: 0x140000000

GC Precious Log:
 CPUs: 20 total, 20 available
 Memory: 7906M
 Large Page Support: Disabled
 NUMA Support: Disabled
 Compressed Oops: Enabled (32-bit)
 Heap Region Size: 1M
 Heap Min Capacity: 8M
 Heap Initial Capacity: 124M
 Heap Max Capacity: 2G
 Pre-touch: Disabled
 Parallel Workers: 15
 Concurrent Workers: 4
 Concurrent Refinement Workers: 15
 Periodic GC: Disabled

Heap:
 garbage-first heap   total 168960K, used 98098K [0x0000000080000000, 0x0000000100000000)
  region size 1024K, 39 young (39936K), 6 survivors (6144K)
 Metaspace       used 74917K, committed 75456K, reserved 1114112K
  class space    used 10048K, committed 10304K, reserved 1048576K

Heap Regions: E=young(eden), S=young(survivor), O=old, HS=humongous(starts), HC=humongous(continues), CS=collection set, F=free, OA=open archive, CA=closed archive, TAMS=top-at-mark-start (previous, next)
|   0|0x0000000080000000, 0x0000000080100000, 0x0000000080100000|100%|HS|  |TAMS 0x0000000080100000, 0x0000000080000000| Complete 
|   1|0x0000000080100000, 0x0000000080200000, 0x0000000080200000|100%|HC|  |TAMS 0x0000000080200000, 0x0000000080100000| Complete 
|   2|0x0000000080200000, 0x0000000080300000, 0x0000000080300000|100%|HC|  |TAMS 0x0000000080300000, 0x0000000080200000| Complete 
|   3|0x0000000080300000, 0x0000000080400000, 0x0000000080400000|100%|HC|  |TAMS 0x0000000080400000, 0x0000000080300000| Complete 
|   4|0x0000000080400000, 0x0000000080500000, 0x0000000080500000|100%| O|  |TAMS 0x0000000080500000, 0x0000000080400000| Untracked 
|   5|0x0000000080500000, 0x0000000080600000, 0x0000000080600000|100%| O|  |TAMS 0x0000000080600000, 0x0000000080500000| Untracked 
|   6|0x0000000080600000, 0x0000000080700000, 0x0000000080700000|100%| O|  |TAMS 0x0000000080700000, 0x0000000080600000| Untracked 
|   7|0x0000000080700000, 0x0000000080800000, 0x0000000080800000|100%| O|  |TAMS 0x0000000080800000, 0x0000000080700000| Untracked 
|   8|0x0000000080800000, 0x0000000080900000, 0x0000000080900000|100%| O|  |TAMS 0x0000000080900000, 0x0000000080800000| Untracked 
|   9|0x0000000080900000, 0x0000000080a00000, 0x0000000080a00000|100%| O|  |TAMS 0x0000000080a00000, 0x0000000080900000| Untracked 
|  10|0x0000000080a00000, 0x0000000080b00000, 0x0000000080b00000|100%| O|  |TAMS 0x0000000080b00000, 0x0000000080a00000| Untracked 
|  11|0x0000000080b00000, 0x0000000080c00000, 0x0000000080c00000|100%| O|  |TAMS 0x0000000080c00000, 0x0000000080b00000| Untracked 
|  12|0x0000000080c00000, 0x0000000080d00000, 0x0000000080d00000|100%| O|  |TAMS 0x0000000080d00000, 0x0000000080c00000| Untracked 
|  13|0x0000000080d00000, 0x0000000080e00000, 0x0000000080e00000|100%| O|  |TAMS 0x0000000080e00000, 0x0000000080d00000| Untracked 
|  14|0x0000000080e00000, 0x0000000080f00000, 0x0000000080f00000|100%| O|  |TAMS 0x0000000080f00000, 0x0000000080e00000| Untracked 
|  15|0x0000000080f00000, 0x0000000081000000, 0x0000000081000000|100%| O|  |TAMS 0x0000000081000000, 0x0000000080f00000| Untracked 
|  16|0x0000000081000000, 0x0000000081100000, 0x0000000081100000|100%| O|  |TAMS 0x0000000081100000, 0x0000000081000000| Untracked 
|  17|0x0000000081100000, 0x0000000081200000, 0x0000000081200000|100%| O|  |TAMS 0x0000000081200000, 0x0000000081100000| Untracked 
|  18|0x0000000081200000, 0x0000000081300000, 0x0000000081300000|100%| O|  |TAMS 0x0000000081300000, 0x0000000081200000| Untracked 
|  19|0x0000000081300000, 0x0000000081400000, 0x0000000081400000|100%| O|  |TAMS 0x0000000081400000, 0x0000000081300000| Untracked 
|  20|0x0000000081400000, 0x0000000081500000, 0x0000000081500000|100%|HS|  |TAMS 0x0000000081500000, 0x0000000081400000| Complete 
|  21|0x0000000081500000, 0x0000000081600000, 0x0000000081600000|100%| O|  |TAMS 0x0000000081600000, 0x0000000081500000| Untracked 
|  22|0x0000000081600000, 0x0000000081700000, 0x0000000081700000|100%| O|  |TAMS 0x0000000081700000, 0x0000000081600000| Untracked 
|  23|0x0000000081700000, 0x0000000081800000, 0x0000000081800000|100%| O|  |TAMS 0x0000000081800000, 0x0000000081700000| Untracked 
|  24|0x0000000081800000, 0x0000000081800000, 0x0000000081900000|  0%| F|  |TAMS 0x0000000081800000, 0x0000000081800000| Untracked 
|  25|0x0000000081900000, 0x0000000081a00000, 0x0000000081a00000|100%| O|  |TAMS 0x0000000081a00000, 0x0000000081900000| Untracked 
|  26|0x0000000081a00000, 0x0000000081b00000, 0x0000000081b00000|100%| O|  |TAMS 0x0000000081b00000, 0x0000000081a00000| Untracked 
|  27|0x0000000081b00000, 0x0000000081c00000, 0x0000000081c00000|100%| O|  |TAMS 0x0000000081c00000, 0x0000000081b00000| Untracked 
|  28|0x0000000081c00000, 0x0000000081d00000, 0x0000000081d00000|100%| O|  |TAMS 0x0000000081cf2e00, 0x0000000081c00000| Untracked 
|  29|0x0000000081d00000, 0x0000000081e00000, 0x0000000081e00000|100%|HS|  |TAMS 0x0000000081e00000, 0x0000000081d00000| Complete 
|  30|0x0000000081e00000, 0x0000000081f00000, 0x0000000081f00000|100%|HS|  |TAMS 0x0000000081f00000, 0x0000000081e00000| Complete 
|  31|0x0000000081f00000, 0x0000000082000000, 0x0000000082000000|100%|HC|  |TAMS 0x0000000082000000, 0x0000000081f00000| Complete 
|  32|0x0000000082000000, 0x0000000082100000, 0x0000000082100000|100%|HS|  |TAMS 0x0000000082100000, 0x0000000082000000| Complete 
|  33|0x0000000082100000, 0x0000000082200000, 0x0000000082200000|100%|HC|  |TAMS 0x0000000082200000, 0x0000000082100000| Complete 
|  34|0x0000000082200000, 0x0000000082300000, 0x0000000082300000|100%|HC|  |TAMS 0x0000000082300000, 0x0000000082200000| Complete 
|  35|0x0000000082300000, 0x0000000082400000, 0x0000000082400000|100%|HC|  |TAMS 0x0000000082400000, 0x0000000082300000| Complete 
|  36|0x0000000082400000, 0x0000000082500000, 0x0000000082500000|100%| O|  |TAMS 0x0000000082400000, 0x0000000082400000| Untracked 
|  37|0x0000000082500000, 0x0000000082600000, 0x0000000082600000|100%| O|  |TAMS 0x0000000082500000, 0x0000000082500000| Untracked 
|  38|0x0000000082600000, 0x0000000082700000, 0x0000000082700000|100%| O|  |TAMS 0x0000000082600000, 0x0000000082600000| Untracked 
|  39|0x0000000082700000, 0x0000000082800000, 0x0000000082800000|100%| O|  |TAMS 0x0000000082700000, 0x0000000082700000| Untracked 
|  40|0x0000000082800000, 0x0000000082900000, 0x0000000082900000|100%| O|  |TAMS 0x0000000082800000, 0x0000000082800000| Untracked 
|  41|0x0000000082900000, 0x0000000082a00000, 0x0000000082a00000|100%| O|  |TAMS 0x0000000082900000, 0x0000000082900000| Untracked 
|  42|0x0000000082a00000, 0x0000000082b00000, 0x0000000082b00000|100%| O|  |TAMS 0x0000000082a00000, 0x0000000082a00000| Untracked 
|  43|0x0000000082b00000, 0x0000000082c00000, 0x0000000082c00000|100%| O|  |TAMS 0x0000000082b00000, 0x0000000082b00000| Untracked 
|  44|0x0000000082c00000, 0x0000000082d00000, 0x0000000082d00000|100%| O|  |TAMS 0x0000000082c00000, 0x0000000082c00000| Untracked 
|  45|0x0000000082d00000, 0x0000000082e00000, 0x0000000082e00000|100%| O|  |TAMS 0x0000000082d00000, 0x0000000082d00000| Untracked 
|  46|0x0000000082e00000, 0x0000000082f00000, 0x0000000082f00000|100%| O|  |TAMS 0x0000000082e00000, 0x0000000082e00000| Untracked 
|  47|0x0000000082f00000, 0x0000000083000000, 0x0000000083000000|100%| O|  |TAMS 0x0000000082f00000, 0x0000000082f00000| Untracked 
|  48|0x0000000083000000, 0x0000000083100000, 0x0000000083100000|100%| O|  |TAMS 0x0000000083000000, 0x0000000083000000| Untracked 
|  49|0x0000000083100000, 0x0000000083200000, 0x0000000083200000|100%| O|  |TAMS 0x0000000083100000, 0x0000000083100000| Untracked 
|  50|0x0000000083200000, 0x0000000083300000, 0x0000000083300000|100%| O|  |TAMS 0x0000000083200000, 0x0000000083200000| Untracked 
|  51|0x0000000083300000, 0x0000000083400000, 0x0000000083400000|100%| O|  |TAMS 0x0000000083300000, 0x0000000083300000| Untracked 
|  52|0x0000000083400000, 0x0000000083500000, 0x0000000083500000|100%| O|  |TAMS 0x0000000083400000, 0x0000000083400000| Untracked 
|  53|0x0000000083500000, 0x0000000083600000, 0x0000000083600000|100%| O|  |TAMS 0x0000000083500000, 0x0000000083500000| Untracked 
|  54|0x0000000083600000, 0x0000000083700000, 0x0000000083700000|100%| O|  |TAMS 0x0000000083600000, 0x0000000083600000| Untracked 
|  55|0x0000000083700000, 0x0000000083800000, 0x0000000083800000|100%| O|  |TAMS 0x0000000083700000, 0x0000000083700000| Untracked 
|  56|0x0000000083800000, 0x0000000083900000, 0x0000000083900000|100%| O|  |TAMS 0x0000000083800000, 0x0000000083800000| Untracked 
|  57|0x0000000083900000, 0x0000000083a00000, 0x0000000083a00000|100%| O|  |TAMS 0x0000000083900000, 0x0000000083900000| Untracked 
|  58|0x0000000083a00000, 0x0000000083b00000, 0x0000000083b00000|100%| O|  |TAMS 0x0000000083a00000, 0x0000000083a00000| Untracked 
|  59|0x0000000083b00000, 0x0000000083bb0000, 0x0000000083c00000| 68%| O|  |TAMS 0x0000000083b00000, 0x0000000083b00000| Untracked 
|  60|0x0000000083c00000, 0x0000000083c00000, 0x0000000083d00000|  0%| F|  |TAMS 0x0000000083c00000, 0x0000000083c00000| Untracked 
|  61|0x0000000083d00000, 0x0000000083d00000, 0x0000000083e00000|  0%| F|  |TAMS 0x0000000083d00000, 0x0000000083d00000| Untracked 
|  62|0x0000000083e00000, 0x0000000083e00000, 0x0000000083f00000|  0%| F|  |TAMS 0x0000000083e00000, 0x0000000083e00000| Untracked 
|  63|0x0000000083f00000, 0x0000000083f00000, 0x0000000084000000|  0%| F|  |TAMS 0x0000000083f00000, 0x0000000083f00000| Untracked 
|  64|0x0000000084000000, 0x0000000084000000, 0x0000000084100000|  0%| F|  |TAMS 0x0000000084000000, 0x0000000084000000| Untracked 
|  65|0x0000000084100000, 0x0000000084100000, 0x0000000084200000|  0%| F|  |TAMS 0x0000000084100000, 0x0000000084100000| Untracked 
|  66|0x0000000084200000, 0x0000000084200000, 0x0000000084300000|  0%| F|  |TAMS 0x0000000084200000, 0x0000000084200000| Untracked 
|  67|0x0000000084300000, 0x0000000084300000, 0x0000000084400000|  0%| F|  |TAMS 0x0000000084300000, 0x0000000084300000| Untracked 
|  68|0x0000000084400000, 0x0000000084400000, 0x0000000084500000|  0%| F|  |TAMS 0x0000000084400000, 0x0000000084400000| Untracked 
|  69|0x0000000084500000, 0x0000000084500000, 0x0000000084600000|  0%| F|  |TAMS 0x0000000084500000, 0x0000000084500000| Untracked 
|  70|0x0000000084600000, 0x0000000084600000, 0x0000000084700000|  0%| F|  |TAMS 0x0000000084600000, 0x0000000084600000| Untracked 
|  71|0x0000000084700000, 0x0000000084700000, 0x0000000084800000|  0%| F|  |TAMS 0x0000000084700000, 0x0000000084700000| Untracked 
|  72|0x0000000084800000, 0x0000000084800000, 0x0000000084900000|  0%| F|  |TAMS 0x0000000084800000, 0x0000000084800000| Untracked 
|  73|0x0000000084900000, 0x0000000084900000, 0x0000000084a00000|  0%| F|  |TAMS 0x0000000084900000, 0x0000000084900000| Untracked 
|  74|0x0000000084a00000, 0x0000000084a00000, 0x0000000084b00000|  0%| F|  |TAMS 0x0000000084a00000, 0x0000000084a00000| Untracked 
|  75|0x0000000084b00000, 0x0000000084b00000, 0x0000000084c00000|  0%| F|  |TAMS 0x0000000084b00000, 0x0000000084b00000| Untracked 
|  76|0x0000000084c00000, 0x0000000084c00000, 0x0000000084d00000|  0%| F|  |TAMS 0x0000000084c00000, 0x0000000084c00000| Untracked 
|  77|0x0000000084d00000, 0x0000000084d00000, 0x0000000084e00000|  0%| F|  |TAMS 0x0000000084d00000, 0x0000000084d00000| Untracked 
|  78|0x0000000084e00000, 0x0000000084e00000, 0x0000000084f00000|  0%| F|  |TAMS 0x0000000084e00000, 0x0000000084e00000| Untracked 
|  79|0x0000000084f00000, 0x0000000084f00000, 0x0000000085000000|  0%| F|  |TAMS 0x0000000084f00000, 0x0000000084f00000| Untracked 
|  80|0x0000000085000000, 0x0000000085000000, 0x0000000085100000|  0%| F|  |TAMS 0x0000000085000000, 0x0000000085000000| Untracked 
|  81|0x0000000085100000, 0x0000000085100000, 0x0000000085200000|  0%| F|  |TAMS 0x0000000085100000, 0x0000000085100000| Untracked 
|  82|0x0000000085200000, 0x0000000085200000, 0x0000000085300000|  0%| F|  |TAMS 0x0000000085200000, 0x0000000085200000| Untracked 
|  83|0x0000000085300000, 0x0000000085300000, 0x0000000085400000|  0%| F|  |TAMS 0x0000000085300000, 0x0000000085300000| Untracked 
|  84|0x0000000085400000, 0x0000000085400000, 0x0000000085500000|  0%| F|  |TAMS 0x0000000085400000, 0x0000000085400000| Untracked 
|  85|0x0000000085500000, 0x0000000085500000, 0x0000000085600000|  0%| F|  |TAMS 0x0000000085500000, 0x0000000085500000| Untracked 
|  86|0x0000000085600000, 0x0000000085600000, 0x0000000085700000|  0%| F|  |TAMS 0x0000000085600000, 0x0000000085600000| Untracked 
|  87|0x0000000085700000, 0x0000000085700000, 0x0000000085800000|  0%| F|  |TAMS 0x0000000085700000, 0x0000000085700000| Untracked 
|  88|0x0000000085800000, 0x0000000085800000, 0x0000000085900000|  0%| F|  |TAMS 0x0000000085800000, 0x0000000085800000| Untracked 
|  89|0x0000000085900000, 0x0000000085900000, 0x0000000085a00000|  0%| F|  |TAMS 0x0000000085900000, 0x0000000085900000| Untracked 
|  90|0x0000000085a00000, 0x0000000085a00000, 0x0000000085b00000|  0%| F|  |TAMS 0x0000000085a00000, 0x0000000085a00000| Untracked 
|  91|0x0000000085b00000, 0x0000000085b00000, 0x0000000085c00000|  0%| F|  |TAMS 0x0000000085b00000, 0x0000000085b00000| Untracked 
|  92|0x0000000085c00000, 0x0000000085c1ca80, 0x0000000085d00000| 11%| S|CS|TAMS 0x0000000085c00000, 0x0000000085c00000| Complete 
|  93|0x0000000085d00000, 0x0000000085e00000, 0x0000000085e00000|100%| S|CS|TAMS 0x0000000085d00000, 0x0000000085d00000| Complete 
|  94|0x0000000085e00000, 0x0000000085f00000, 0x0000000085f00000|100%| S|CS|TAMS 0x0000000085e00000, 0x0000000085e00000| Complete 
|  95|0x0000000085f00000, 0x0000000086000000, 0x0000000086000000|100%| S|CS|TAMS 0x0000000085f00000, 0x0000000085f00000| Complete 
|  96|0x0000000086000000, 0x0000000086100000, 0x0000000086100000|100%| S|CS|TAMS 0x0000000086000000, 0x0000000086000000| Complete 
|  97|0x0000000086100000, 0x0000000086200000, 0x0000000086200000|100%| S|CS|TAMS 0x0000000086100000, 0x0000000086100000| Complete 
|  98|0x0000000086200000, 0x0000000086200000, 0x0000000086300000|  0%| F|  |TAMS 0x0000000086200000, 0x0000000086200000| Untracked 
|  99|0x0000000086300000, 0x0000000086300000, 0x0000000086400000|  0%| F|  |TAMS 0x0000000086300000, 0x0000000086300000| Untracked 
| 100|0x0000000086400000, 0x0000000086400000, 0x0000000086500000|  0%| F|  |TAMS 0x0000000086400000, 0x0000000086400000| Untracked 
| 101|0x0000000086500000, 0x0000000086500000, 0x0000000086600000|  0%| F|  |TAMS 0x0000000086500000, 0x0000000086500000| Untracked 
| 102|0x0000000086600000, 0x0000000086600000, 0x0000000086700000|  0%| F|  |TAMS 0x0000000086600000, 0x0000000086600000| Untracked 
| 103|0x0000000086700000, 0x0000000086700000, 0x0000000086800000|  0%| F|  |TAMS 0x0000000086700000, 0x0000000086700000| Untracked 
| 104|0x0000000086800000, 0x0000000086800000, 0x0000000086900000|  0%| F|  |TAMS 0x0000000086800000, 0x0000000086800000| Untracked 
| 105|0x0000000086900000, 0x0000000086900000, 0x0000000086a00000|  0%| F|  |TAMS 0x0000000086900000, 0x0000000086900000| Untracked 
| 106|0x0000000086a00000, 0x0000000086a00000, 0x0000000086b00000|  0%| F|  |TAMS 0x0000000086a00000, 0x0000000086a00000| Untracked 
| 107|0x0000000086b00000, 0x0000000086b00000, 0x0000000086c00000|  0%| F|  |TAMS 0x0000000086b00000, 0x0000000086b00000| Untracked 
| 108|0x0000000086c00000, 0x0000000086c00000, 0x0000000086d00000|  0%| F|  |TAMS 0x0000000086c00000, 0x0000000086c00000| Untracked 
| 109|0x0000000086d00000, 0x0000000086d00000, 0x0000000086e00000|  0%| F|  |TAMS 0x0000000086d00000, 0x0000000086d00000| Untracked 
| 110|0x0000000086e00000, 0x0000000086e00000, 0x0000000086f00000|  0%| F|  |TAMS 0x0000000086e00000, 0x0000000086e00000| Untracked 
| 111|0x0000000086f00000, 0x0000000086f00000, 0x0000000087000000|  0%| F|  |TAMS 0x0000000086f00000, 0x0000000086f00000| Untracked 
| 112|0x0000000087000000, 0x0000000087000000, 0x0000000087100000|  0%| F|  |TAMS 0x0000000087000000, 0x0000000087000000| Untracked 
| 113|0x0000000087100000, 0x0000000087100000, 0x0000000087200000|  0%| F|  |TAMS 0x0000000087100000, 0x0000000087100000| Untracked 
| 114|0x0000000087200000, 0x0000000087200000, 0x0000000087300000|  0%| F|  |TAMS 0x0000000087200000, 0x0000000087200000| Untracked 
| 115|0x0000000087300000, 0x0000000087300000, 0x0000000087400000|  0%| F|  |TAMS 0x0000000087300000, 0x0000000087300000| Untracked 
| 116|0x0000000087400000, 0x0000000087400000, 0x0000000087500000|  0%| F|  |TAMS 0x0000000087400000, 0x0000000087400000| Untracked 
| 117|0x0000000087500000, 0x0000000087500000, 0x0000000087600000|  0%| F|  |TAMS 0x0000000087500000, 0x0000000087500000| Untracked 
| 118|0x0000000087600000, 0x0000000087600000, 0x0000000087700000|  0%| F|  |TAMS 0x0000000087600000, 0x0000000087600000| Untracked 
| 119|0x0000000087700000, 0x0000000087700000, 0x0000000087800000|  0%| F|  |TAMS 0x0000000087700000, 0x0000000087700000| Untracked 
| 120|0x0000000087800000, 0x0000000087800000, 0x0000000087900000|  0%| F|  |TAMS 0x0000000087800000, 0x0000000087800000| Untracked 
| 121|0x0000000087900000, 0x0000000087900000, 0x0000000087a00000|  0%| F|  |TAMS 0x0000000087900000, 0x0000000087900000| Untracked 
| 122|0x0000000087a00000, 0x0000000087a00000, 0x0000000087b00000|  0%| F|  |TAMS 0x0000000087a00000, 0x0000000087a00000| Untracked 
| 123|0x0000000087b00000, 0x0000000087b00000, 0x0000000087c00000|  0%| F|  |TAMS 0x0000000087b00000, 0x0000000087b00000| Untracked 
| 124|0x0000000087c00000, 0x0000000087c00000, 0x0000000087d00000|  0%| F|  |TAMS 0x0000000087c00000, 0x0000000087c00000| Untracked 
| 125|0x0000000087d00000, 0x0000000087d00000, 0x0000000087e00000|  0%| F|  |TAMS 0x0000000087d00000, 0x0000000087d00000| Untracked 
| 126|0x0000000087e00000, 0x0000000087e00000, 0x0000000087f00000|  0%| F|  |TAMS 0x0000000087e00000, 0x0000000087e00000| Untracked 
| 127|0x0000000087f00000, 0x0000000087f00000, 0x0000000088000000|  0%| F|  |TAMS 0x0000000087f00000, 0x0000000087f00000| Untracked 
| 128|0x0000000088000000, 0x0000000088000000, 0x0000000088100000|  0%| F|  |TAMS 0x0000000088000000, 0x0000000088000000| Untracked 
| 129|0x0000000088100000, 0x0000000088100000, 0x0000000088200000|  0%| F|  |TAMS 0x0000000088100000, 0x0000000088100000| Untracked 
| 130|0x0000000088200000, 0x0000000088200000, 0x0000000088300000|  0%| F|  |TAMS 0x0000000088200000, 0x0000000088200000| Untracked 
| 131|0x0000000088300000, 0x0000000088300000, 0x0000000088400000|  0%| F|  |TAMS 0x0000000088300000, 0x0000000088300000| Untracked 
| 132|0x0000000088400000, 0x0000000088480800, 0x0000000088500000| 50%| E|  |TAMS 0x0000000088400000, 0x0000000088400000| Complete 
| 133|0x0000000088500000, 0x0000000088600000, 0x0000000088600000|100%| E|CS|TAMS 0x0000000088500000, 0x0000000088500000| Complete 
| 134|0x0000000088600000, 0x0000000088700000, 0x0000000088700000|100%| E|CS|TAMS 0x0000000088600000, 0x0000000088600000| Complete 
| 135|0x0000000088700000, 0x0000000088800000, 0x0000000088800000|100%| E|CS|TAMS 0x0000000088700000, 0x0000000088700000| Complete 
| 136|0x0000000088800000, 0x0000000088900000, 0x0000000088900000|100%| E|CS|TAMS 0x0000000088800000, 0x0000000088800000| Complete 
| 137|0x0000000088900000, 0x0000000088a00000, 0x0000000088a00000|100%| E|CS|TAMS 0x0000000088900000, 0x0000000088900000| Complete 
| 138|0x0000000088a00000, 0x0000000088b00000, 0x0000000088b00000|100%| E|CS|TAMS 0x0000000088a00000, 0x0000000088a00000| Complete 
| 139|0x0000000088b00000, 0x0000000088c00000, 0x0000000088c00000|100%| E|CS|TAMS 0x0000000088b00000, 0x0000000088b00000| Complete 
| 140|0x0000000088c00000, 0x0000000088d00000, 0x0000000088d00000|100%| E|CS|TAMS 0x0000000088c00000, 0x0000000088c00000| Complete 
| 141|0x0000000088d00000, 0x0000000088e00000, 0x0000000088e00000|100%| E|CS|TAMS 0x0000000088d00000, 0x0000000088d00000| Complete 
| 142|0x0000000088e00000, 0x0000000088f00000, 0x0000000088f00000|100%| E|CS|TAMS 0x0000000088e00000, 0x0000000088e00000| Complete 
| 143|0x0000000088f00000, 0x0000000089000000, 0x0000000089000000|100%| E|CS|TAMS 0x0000000088f00000, 0x0000000088f00000| Complete 
| 144|0x0000000089000000, 0x0000000089100000, 0x0000000089100000|100%| E|CS|TAMS 0x0000000089000000, 0x0000000089000000| Complete 
| 145|0x0000000089100000, 0x0000000089200000, 0x0000000089200000|100%| E|CS|TAMS 0x0000000089100000, 0x0000000089100000| Complete 
| 146|0x0000000089200000, 0x0000000089300000, 0x0000000089300000|100%| E|CS|TAMS 0x0000000089200000, 0x0000000089200000| Complete 
| 147|0x0000000089300000, 0x0000000089400000, 0x0000000089400000|100%| E|CS|TAMS 0x0000000089300000, 0x0000000089300000| Complete 
| 148|0x0000000089400000, 0x0000000089500000, 0x0000000089500000|100%| E|CS|TAMS 0x0000000089400000, 0x0000000089400000| Complete 
| 149|0x0000000089500000, 0x0000000089600000, 0x0000000089600000|100%| E|CS|TAMS 0x0000000089500000, 0x0000000089500000| Complete 
| 150|0x0000000089600000, 0x0000000089700000, 0x0000000089700000|100%| E|CS|TAMS 0x0000000089600000, 0x0000000089600000| Complete 
| 151|0x0000000089700000, 0x0000000089800000, 0x0000000089800000|100%| E|CS|TAMS 0x0000000089700000, 0x0000000089700000| Complete 
| 152|0x0000000089800000, 0x0000000089900000, 0x0000000089900000|100%| E|CS|TAMS 0x0000000089800000, 0x0000000089800000| Complete 
| 153|0x0000000089900000, 0x0000000089a00000, 0x0000000089a00000|100%| E|CS|TAMS 0x0000000089900000, 0x0000000089900000| Complete 
| 154|0x0000000089a00000, 0x0000000089b00000, 0x0000000089b00000|100%| E|CS|TAMS 0x0000000089a00000, 0x0000000089a00000| Complete 
| 155|0x0000000089b00000, 0x0000000089c00000, 0x0000000089c00000|100%| E|CS|TAMS 0x0000000089b00000, 0x0000000089b00000| Complete 
| 156|0x0000000089c00000, 0x0000000089d00000, 0x0000000089d00000|100%| E|CS|TAMS 0x0000000089c00000, 0x0000000089c00000| Complete 
| 157|0x0000000089d00000, 0x0000000089e00000, 0x0000000089e00000|100%| E|CS|TAMS 0x0000000089d00000, 0x0000000089d00000| Complete 
| 158|0x0000000089e00000, 0x0000000089f00000, 0x0000000089f00000|100%| E|CS|TAMS 0x0000000089e00000, 0x0000000089e00000| Complete 
| 159|0x0000000089f00000, 0x000000008a000000, 0x000000008a000000|100%| E|CS|TAMS 0x0000000089f00000, 0x0000000089f00000| Complete 
| 160|0x000000008a000000, 0x000000008a100000, 0x000000008a100000|100%| E|CS|TAMS 0x000000008a000000, 0x000000008a000000| Complete 
| 161|0x000000008a100000, 0x000000008a200000, 0x000000008a200000|100%| E|CS|TAMS 0x000000008a100000, 0x000000008a100000| Complete 
| 162|0x000000008a200000, 0x000000008a300000, 0x000000008a300000|100%| E|CS|TAMS 0x000000008a200000, 0x000000008a200000| Complete 
| 163|0x000000008a300000, 0x000000008a400000, 0x000000008a400000|100%| E|CS|TAMS 0x000000008a300000, 0x000000008a300000| Complete 
| 164|0x000000008a400000, 0x000000008a500000, 0x000000008a500000|100%| E|CS|TAMS 0x000000008a400000, 0x000000008a400000| Complete 

Card table byte_map: [0x0000017b39220000,0x0000017b39620000] _byte_map_base: 0x0000017b38e20000

Marking Bits (Prev, Next): (CMBitMap*) 0x0000017b25f24090, (CMBitMap*) 0x0000017b25f24050
 Prev Bits: [0x0000017b3ba20000, 0x0000017b3da20000)
 Next Bits: [0x0000017b39a20000, 0x0000017b3ba20000)

Polling page: 0x0000017b23e60000

Metaspace:

Usage:
  Non-class:     63.37 MB used.
      Class:      9.82 MB used.
       Both:     73.19 MB used.

Virtual space:
  Non-class space:       64.00 MB reserved,      63.69 MB (>99%) committed,  8 nodes.
      Class space:        1.00 GB reserved,      10.06 MB ( <1%) committed,  1 nodes.
             Both:        1.06 GB reserved,      73.75 MB (  7%) committed. 

Chunk freelists:
   Non-Class:  240.00 KB
       Class:  1.89 MB
        Both:  2.12 MB

MaxMetaspaceSize: unlimited
CompressedClassSpaceSize: 1.00 GB
Initial GC threshold: 21.00 MB
Current GC threshold: 98.56 MB
CDS: off
MetaspaceReclaimPolicy: balanced
 - commit_granule_bytes: 65536.
 - commit_granule_words: 8192.
 - virtual_space_node_default_size: 1048576.
 - enlarge_chunks_in_place: 1.
 - new_chunks_are_fully_committed: 0.
 - uncommit_free_chunks: 1.
 - use_allocation_guard: 0.
 - handle_deallocations: 1.


Internal statistics:

num_allocs_failed_limit: 9.
num_arena_births: 648.
num_arena_deaths: 0.
num_vsnodes_births: 9.
num_vsnodes_deaths: 0.
num_space_committed: 1180.
num_space_uncommitted: 0.
num_chunks_returned_to_freelist: 9.
num_chunks_taken_from_freelist: 3165.
num_chunk_merges: 6.
num_chunk_splits: 2146.
num_chunks_enlarged: 1495.
num_purges: 0.
num_inconsistent_stats: 0.

CodeHeap 'non-profiled nmethods': size=119168Kb used=4253Kb max_used=4253Kb free=114914Kb
 bounds [0x0000017b30f20000, 0x0000017b31350000, 0x0000017b38380000]
CodeHeap 'profiled nmethods': size=119104Kb used=14699Kb max_used=14699Kb free=104404Kb
 bounds [0x0000017b29380000, 0x0000017b2a1e0000, 0x0000017b307d0000]
CodeHeap 'non-nmethods': size=7488Kb used=4053Kb max_used=4120Kb free=3435Kb
 bounds [0x0000017b307d0000, 0x0000017b30be0000, 0x0000017b30f20000]
 total_blobs=8257 nmethods=7367 adapters=797
 compilation: enabled
              stopped_count=0, restarted_count=0
 full_count=0

Compilation events (20 events):
Event: 4.381 Thread 0x0000017b42bea7f0 nmethod 8167 0x0000017b2a1bd590 code [0x0000017b2a1bd860, 0x0000017b2a1be988]
Event: 4.382 Thread 0x0000017b4187d540 nmethod 8166 0x0000017b2a1bed90 code [0x0000017b2a1bf2e0, 0x0000017b2a1c15e8]
Event: 4.382 Thread 0x0000017b4187d540 8169       3       org.gradle.api.internal.project.DefaultProject_Decorated::getCrossProjectModelAccess (31 bytes)
Event: 4.382 Thread 0x0000017b4187d540 nmethod 8169 0x0000017b2a1c2310 code [0x0000017b2a1c24c0, 0x0000017b2a1c28c8]
Event: 4.389 Thread 0x0000017b41931c50 8170       3       org.gradle.api.internal.file.DefaultFilePropertyFactory::newDirectoryProperty (20 bytes)
Event: 4.389 Thread 0x0000017b42d5a870 8171       3       org.gradle.api.internal.file.DefaultFilePropertyFactory$DefaultDirectoryVar::<init> (18 bytes)
Event: 4.389 Thread 0x0000017b42d5a870 nmethod 8171 0x0000017b2a1c2a10 code [0x0000017b2a1c2c60, 0x0000017b2a1c3778]
Event: 4.389 Thread 0x0000017b41931c50 nmethod 8170 0x0000017b2a1c3b10 code [0x0000017b2a1c3d60, 0x0000017b2a1c4938]
Event: 4.392 Thread 0x0000017b4187d540 8173       3       org.gradle.api.internal.model.DefaultObjectFactory::directoryProperty (10 bytes)
Event: 4.392 Thread 0x0000017b4187d540 nmethod 8173 0x0000017b2a1c4d90 code [0x0000017b2a1c4f40, 0x0000017b2a1c50c8]
Event: 4.393 Thread 0x0000017b42d5a870 8174       1       org.gradle.internal.operations.DefaultBuildOperationRunner$CallableBuildOperationWorker::getReturnValue (5 bytes)
Event: 4.393 Thread 0x0000017b42d5a870 nmethod 8174 0x0000017b31344f10 code [0x0000017b313450a0, 0x0000017b31345178]
Event: 4.398 Thread 0x0000017b4187d540 8176       3       com.android.build.api.artifact.impl.TypedStorageProvider$getArtifact$1$1::invoke (5 bytes)
Event: 4.398 Thread 0x0000017b42d5a870 8177       3       com.android.build.api.artifact.impl.TypedStorageProvider$getArtifact$1$1::invoke (27 bytes)
Event: 4.398 Thread 0x0000017b42bea7f0 8178       3       com.android.build.api.artifact.impl.SinglePropertyAdapter::<init> (16 bytes)
Event: 4.398 Thread 0x0000017b42d5a870 nmethod 8177 0x0000017b2a1c5210 code [0x0000017b2a1c5460, 0x0000017b2a1c5d68]
Event: 4.399 Thread 0x0000017b4187d540 nmethod 8176 0x0000017b2a1c6110 code [0x0000017b2a1c6360, 0x0000017b2a1c6cc8]
Event: 4.399 Thread 0x0000017b42bea7f0 nmethod 8178 0x0000017b2a1c7090 code [0x0000017b2a1c72a0, 0x0000017b2a1c78f8]
Event: 4.399 Thread 0x0000017b42d5a870 8179       3       com.android.build.api.artifact.impl.SinglePropertyAdapter::set (17 bytes)
Event: 4.400 Thread 0x0000017b42d5a870 nmethod 8179 0x0000017b2a1c7b90 code [0x0000017b2a1c7da0, 0x0000017b2a1c8408]

GC Heap History (20 events):
Event: 1.475 GC heap before
{Heap before GC invocations=6 (full 0):
 garbage-first heap   total 68608K, used 47360K [0x0000000080000000, 0x0000000100000000)
  region size 1024K, 27 young (27648K), 1 survivors (1024K)
 Metaspace       used 30866K, committed 31168K, reserved 1081344K
  class space    used 4192K, committed 4288K, reserved 1048576K
}
Event: 1.478 GC heap after
{Heap after GC invocations=7 (full 0):
 garbage-first heap   total 137216K, used 21854K [0x0000000080000000, 0x0000000100000000)
  region size 1024K, 2 young (2048K), 2 survivors (2048K)
 Metaspace       used 30866K, committed 31168K, reserved 1081344K
  class space    used 4192K, committed 4288K, reserved 1048576K
}
Event: 1.737 GC heap before
{Heap before GC invocations=7 (full 0):
 garbage-first heap   total 137216K, used 48478K [0x0000000080000000, 0x0000000100000000)
  region size 1024K, 29 young (29696K), 2 survivors (2048K)
 Metaspace       used 35598K, committed 35968K, reserved 1081344K
  class space    used 4876K, committed 5056K, reserved 1048576K
}
Event: 1.742 GC heap after
{Heap after GC invocations=8 (full 0):
 garbage-first heap   total 137216K, used 24211K [0x0000000080000000, 0x0000000100000000)
  region size 1024K, 4 young (4096K), 4 survivors (4096K)
 Metaspace       used 35598K, committed 35968K, reserved 1081344K
  class space    used 4876K, committed 5056K, reserved 1048576K
}
Event: 2.057 GC heap before
{Heap before GC invocations=9 (full 0):
 garbage-first heap   total 86016K, used 70291K [0x0000000080000000, 0x0000000100000000)
  region size 1024K, 48 young (49152K), 4 survivors (4096K)
 Metaspace       used 42600K, committed 42944K, reserved 1089536K
  class space    used 5555K, committed 5696K, reserved 1048576K
}
Event: 2.060 GC heap after
{Heap after GC invocations=10 (full 0):
 garbage-first heap   total 86016K, used 29436K [0x0000000080000000, 0x0000000100000000)
  region size 1024K, 7 young (7168K), 7 survivors (7168K)
 Metaspace       used 42600K, committed 42944K, reserved 1089536K
  class space    used 5555K, committed 5696K, reserved 1048576K
}
Event: 2.066 GC heap before
{Heap before GC invocations=10 (full 0):
 garbage-first heap   total 86016K, used 30460K [0x0000000080000000, 0x0000000100000000)
  region size 1024K, 8 young (8192K), 7 survivors (7168K)
 Metaspace       used 42621K, committed 43008K, reserved 1089536K
  class space    used 5558K, committed 5696K, reserved 1048576K
}
Event: 2.069 GC heap after
{Heap after GC invocations=11 (full 0):
 garbage-first heap   total 86016K, used 29643K [0x0000000080000000, 0x0000000100000000)
  region size 1024K, 1 young (1024K), 1 survivors (1024K)
 Metaspace       used 42621K, committed 43008K, reserved 1089536K
  class space    used 5558K, committed 5696K, reserved 1048576K
}
Event: 2.296 GC heap before
{Heap before GC invocations=11 (full 0):
 garbage-first heap   total 86016K, used 64459K [0x0000000080000000, 0x0000000100000000)
  region size 1024K, 35 young (35840K), 1 survivors (1024K)
 Metaspace       used 46192K, committed 46592K, reserved 1089536K
  class space    used 6108K, committed 6272K, reserved 1048576K
}
Event: 2.298 GC heap after
{Heap after GC invocations=12 (full 0):
 garbage-first heap   total 168960K, used 31824K [0x0000000080000000, 0x0000000100000000)
  region size 1024K, 4 young (4096K), 4 survivors (4096K)
 Metaspace       used 46192K, committed 46592K, reserved 1089536K
  class space    used 6108K, committed 6272K, reserved 1048576K
}
Event: 2.887 GC heap before
{Heap before GC invocations=12 (full 0):
 garbage-first heap   total 168960K, used 121936K [0x0000000080000000, 0x0000000100000000)
  region size 1024K, 92 young (94208K), 4 survivors (4096K)
 Metaspace       used 52088K, committed 52544K, reserved 1097728K
  class space    used 6835K, committed 7040K, reserved 1048576K
}
Event: 2.890 GC heap after
{Heap after GC invocations=13 (full 0):
 garbage-first heap   total 168960K, used 35686K [0x0000000080000000, 0x0000000100000000)
  region size 1024K, 7 young (7168K), 7 survivors (7168K)
 Metaspace       used 52088K, committed 52544K, reserved 1097728K
  class space    used 6835K, committed 7040K, reserved 1048576K
}
Event: 3.301 GC heap before
{Heap before GC invocations=13 (full 0):
 garbage-first heap   total 168960K, used 106342K [0x0000000080000000, 0x0000000100000000)
  region size 1024K, 69 young (70656K), 7 survivors (7168K)
 Metaspace       used 59835K, committed 60288K, reserved 1105920K
  class space    used 7877K, committed 8064K, reserved 1048576K
}
Event: 3.307 GC heap after
{Heap after GC invocations=14 (full 0):
 garbage-first heap   total 168960K, used 52485K [0x0000000080000000, 0x0000000100000000)
  region size 1024K, 12 young (12288K), 12 survivors (12288K)
 Metaspace       used 59835K, committed 60288K, reserved 1105920K
  class space    used 7877K, committed 8064K, reserved 1048576K
}
Event: 3.807 GC heap before
{Heap before GC invocations=15 (full 0):
 garbage-first heap   total 168960K, used 132357K [0x0000000080000000, 0x0000000100000000)
  region size 1024K, 84 young (86016K), 12 survivors (12288K)
 Metaspace       used 67654K, committed 68224K, reserved 1114112K
  class space    used 8850K, committed 9152K, reserved 1048576K
}
Event: 3.813 GC heap after
{Heap after GC invocations=16 (full 0):
 garbage-first heap   total 168960K, used 60629K [0x0000000080000000, 0x0000000100000000)
  region size 1024K, 8 young (8192K), 8 survivors (8192K)
 Metaspace       used 67654K, committed 68224K, reserved 1114112K
  class space    used 8850K, committed 9152K, reserved 1048576K
}
Event: 3.817 GC heap before
{Heap before GC invocations=16 (full 0):
 garbage-first heap   total 168960K, used 61653K [0x0000000080000000, 0x0000000100000000)
  region size 1024K, 9 young (9216K), 8 survivors (8192K)
 Metaspace       used 67689K, committed 68224K, reserved 1114112K
  class space    used 8857K, committed 9152K, reserved 1048576K
}
Event: 3.820 GC heap after
{Heap after GC invocations=17 (full 0):
 garbage-first heap   total 168960K, used 61609K [0x0000000080000000, 0x0000000100000000)
  region size 1024K, 2 young (2048K), 2 survivors (2048K)
 Metaspace       used 67689K, committed 68224K, reserved 1114112K
  class space    used 8857K, committed 9152K, reserved 1048576K
}
Event: 4.154 GC heap before
{Heap before GC invocations=17 (full 0):
 garbage-first heap   total 168960K, used 128169K [0x0000000080000000, 0x0000000100000000)
  region size 1024K, 67 young (68608K), 2 survivors (2048K)
 Metaspace       used 71175K, committed 71744K, reserved 1114112K
  class space    used 9344K, committed 9600K, reserved 1048576K
}
Event: 4.158 GC heap after
{Heap after GC invocations=18 (full 0):
 garbage-first heap   total 168960K, used 65330K [0x0000000080000000, 0x0000000100000000)
  region size 1024K, 6 young (6144K), 6 survivors (6144K)
 Metaspace       used 71175K, committed 71744K, reserved 1114112K
  class space    used 9344K, committed 9600K, reserved 1048576K
}

Dll operation events (2 events):
Event: 0.004 Loaded shared library C:\Program Files\Android\Android Studio\jbr\bin\java.dll
Event: 0.187 Loaded shared library C:\Program Files\Android\Android Studio\jbr\bin\verify.dll

Deoptimization events (20 events):
Event: 4.122 Thread 0x0000017b4319c680 Uncommon trap: trap_request=0xfffffff4 fr.pc=0x0000017b312e8dd8 relative=0x00000000000009b8
Event: 4.122 Thread 0x0000017b4319c680 Uncommon trap: reason=null_check action=make_not_entrant pc=0x0000017b312e8dd8 method=com.sun.beans.introspect.MethodInfo$MethodOrder.compare(Ljava/lang/reflect/Method;Ljava/lang/reflect/Method;)I @ 133 c2
Event: 4.122 Thread 0x0000017b4319c680 DEOPT PACKING pc=0x0000017b312e8dd8 sp=0x000000747a7f4d20
Event: 4.122 Thread 0x0000017b4319c680 DEOPT UNPACKING pc=0x0000017b308269a3 sp=0x000000747a7f4c50 mode 2
Event: 4.122 Thread 0x0000017b4319c680 Uncommon trap: trap_request=0xfffffff4 fr.pc=0x0000017b312ed474 relative=0x0000000000000974
Event: 4.122 Thread 0x0000017b4319c680 Uncommon trap: reason=null_check action=make_not_entrant pc=0x0000017b312ed474 method=com.sun.beans.introspect.MethodInfo$MethodOrder.compare(Ljava/lang/reflect/Method;Ljava/lang/reflect/Method;)I @ 133 c2
Event: 4.122 Thread 0x0000017b4319c680 DEOPT PACKING pc=0x0000017b312ed474 sp=0x000000747a7f4c90
Event: 4.122 Thread 0x0000017b4319c680 DEOPT UNPACKING pc=0x0000017b308269a3 sp=0x000000747a7f4c48 mode 2
Event: 4.150 Thread 0x0000017b4319c680 Uncommon trap: trap_request=0xfffffff4 fr.pc=0x0000017b312f2c74 relative=0x0000000000000974
Event: 4.150 Thread 0x0000017b4319c680 Uncommon trap: reason=null_check action=make_not_entrant pc=0x0000017b312f2c74 method=com.sun.beans.introspect.MethodInfo$MethodOrder.compare(Ljava/lang/reflect/Method;Ljava/lang/reflect/Method;)I @ 145 c2
Event: 4.150 Thread 0x0000017b4319c680 DEOPT PACKING pc=0x0000017b312f2c74 sp=0x000000747a7f38f0
Event: 4.150 Thread 0x0000017b4319c680 DEOPT UNPACKING pc=0x0000017b308269a3 sp=0x000000747a7f3890 mode 2
Event: 4.173 Thread 0x0000017b4319c680 Uncommon trap: trap_request=0xfffffff4 fr.pc=0x0000017b311e4620 relative=0x0000000000000740
Event: 4.173 Thread 0x0000017b4319c680 Uncommon trap: reason=null_check action=make_not_entrant pc=0x0000017b311e4620 method=org.gradle.util.internal.SimpleMapInterner.intern(Ljava/lang/Object;)Ljava/lang/Object; @ 2 c2
Event: 4.173 Thread 0x0000017b4319c680 DEOPT PACKING pc=0x0000017b311e4620 sp=0x000000747a7f6fd0
Event: 4.173 Thread 0x0000017b4319c680 DEOPT UNPACKING pc=0x0000017b308269a3 sp=0x000000747a7f6f98 mode 2
Event: 4.173 Thread 0x0000017b4319c680 Uncommon trap: trap_request=0xffffff45 fr.pc=0x0000017b311ed47c relative=0x000000000000071c
Event: 4.173 Thread 0x0000017b4319c680 Uncommon trap: reason=unstable_if action=reinterpret pc=0x0000017b311ed47c method=org.gradle.util.internal.SimpleMapInterner.intern(Ljava/lang/String;)Ljava/lang/String; @ 1 c2
Event: 4.173 Thread 0x0000017b4319c680 DEOPT PACKING pc=0x0000017b311ed47c sp=0x000000747a7f6f60
Event: 4.173 Thread 0x0000017b4319c680 DEOPT UNPACKING pc=0x0000017b308269a3 sp=0x000000747a7f6f28 mode 2

Classes unloaded (0 events):
No events

Classes redefined (0 events):
No events

Internal exceptions (20 events):
Event: 4.161 Thread 0x0000017b4319c680 Exception <a 'java/lang/ClassNotFoundException'{0x000000008a475a00}: build_7gsm5425ik4658gik5l05l7bb$_run_closure1BeanInfo> (0x000000008a475a00) 
thrown [s\src\hotspot\share\classfile\systemDictionary.cpp, line 256]
Event: 4.161 Thread 0x0000017b4319c680 Exception <a 'java/lang/ClassNotFoundException'{0x000000008a480970}: build_7gsm5425ik4658gik5l05l7bb$_run_closure1Customizer> (0x000000008a480970) 
thrown [s\src\hotspot\share\classfile\systemDictionary.cpp, line 256]
Event: 4.164 Thread 0x0000017b4319c680 Exception <a 'java/lang/ClassNotFoundException'{0x000000008a4bb708}: org/gradle/api/JavaVersionBeanInfo> (0x000000008a4bb708) 
thrown [s\src\hotspot\share\classfile\systemDictionary.cpp, line 256]
Event: 4.164 Thread 0x0000017b4319c680 Exception <a 'java/lang/ClassNotFoundException'{0x000000008a4d0028}: org/gradle/api/JavaVersionCustomizer> (0x000000008a4d0028) 
thrown [s\src\hotspot\share\classfile\systemDictionary.cpp, line 256]
Event: 4.165 Thread 0x0000017b4319c680 Exception <a 'java/lang/ClassNotFoundException'{0x000000008a323840}: com/android/build/gradle/internal/CompileOptions$AgpDecorated_DecoratedBeanInfo> (0x000000008a323840) 
thrown [s\src\hotspot\share\classfile\systemDictionary.cpp, line 256]
Event: 4.165 Thread 0x0000017b4319c680 Exception <a 'java/lang/ClassNotFoundException'{0x000000008a32feb0}: com/android/build/gradle/internal/CompileOptions$AgpDecoratedBeanInfo> (0x000000008a32feb0) 
thrown [s\src\hotspot\share\classfile\systemDictionary.cpp, line 256]
Event: 4.166 Thread 0x0000017b4319c680 Exception <a 'java/lang/ClassNotFoundException'{0x000000008a33c3b8}: com/android/build/gradle/internal/CompileOptionsBeanInfo> (0x000000008a33c3b8) 
thrown [s\src\hotspot\share\classfile\systemDictionary.cpp, line 256]
Event: 4.166 Thread 0x0000017b4319c680 Exception <a 'java/lang/ClassNotFoundException'{0x000000008a3488c8}: com/android/build/gradle/internal/CompileOptionsCustomizer> (0x000000008a3488c8) 
thrown [s\src\hotspot\share\classfile\systemDictionary.cpp, line 256]
Event: 4.166 Thread 0x0000017b4319c680 Exception <a 'java/lang/ClassNotFoundException'{0x000000008a361500}: com/android/build/gradle/internal/CompileOptions$AgpDecoratedCustomizer> (0x000000008a361500) 
thrown [s\src\hotspot\share\classfile\systemDictionary.cpp, line 256]
Event: 4.166 Thread 0x0000017b4319c680 Exception <a 'java/lang/ClassNotFoundException'{0x000000008a37ce68}: com/android/build/gradle/internal/CompileOptions$AgpDecorated_DecoratedCustomizer> (0x000000008a37ce68) 
thrown [s\src\hotspot\share\classfile\systemDictionary.cpp, line 256]
Event: 4.168 Thread 0x0000017b4319c680 Exception <a 'java/lang/ClassNotFoundException'{0x000000008a3da480}: org/jetbrains/kotlin/gradle/plugin/AndroidProjectHandler$configureTarget$kotlinOptions$1BeanInfo> (0x000000008a3da480) 
thrown [s\src\hotspot\share\classfile\systemDictionary.cpp, line 256]
Event: 4.168 Thread 0x0000017b4319c680 Exception <a 'java/lang/ClassNotFoundException'{0x000000008a3e5c20}: org/jetbrains/kotlin/gradle/plugin/AndroidProjectHandler$configureTarget$kotlinOptions$1Customizer> (0x000000008a3e5c20) 
thrown [s\src\hotspot\share\classfile\systemDictionary.cpp, line 256]
Event: 4.171 Thread 0x0000017b4319c680 Exception <a 'java/lang/ClassNotFoundException'{0x000000008a26aad8}: com/android/build/gradle/internal/dsl/ApplicationBuildFeaturesImpl_DecoratedBeanInfo> (0x000000008a26aad8) 
thrown [s\src\hotspot\share\classfile\systemDictionary.cpp, line 256]
Event: 4.171 Thread 0x0000017b4319c680 Exception <a 'java/lang/ClassNotFoundException'{0x000000008a277230}: com/android/build/gradle/internal/dsl/ApplicationBuildFeaturesImplBeanInfo> (0x000000008a277230) 
thrown [s\src\hotspot\share\classfile\systemDictionary.cpp, line 256]
Event: 4.171 Thread 0x0000017b4319c680 Exception <a 'java/lang/ClassNotFoundException'{0x000000008a283aa0}: com/android/build/gradle/internal/dsl/BuildFeaturesImplBeanInfo> (0x000000008a283aa0) 
thrown [s\src\hotspot\share\classfile\systemDictionary.cpp, line 256]
Event: 4.171 Thread 0x0000017b4319c680 Exception <a 'java/lang/ClassNotFoundException'{0x000000008a2900b8}: com/android/build/gradle/internal/dsl/BuildFeaturesImplCustomizer> (0x000000008a2900b8) 
thrown [s\src\hotspot\share\classfile\systemDictionary.cpp, line 256]
Event: 4.171 Thread 0x0000017b4319c680 Exception <a 'java/lang/ClassNotFoundException'{0x000000008a2a8310}: com/android/build/gradle/internal/dsl/ApplicationBuildFeaturesImplCustomizer> (0x000000008a2a8310) 
thrown [s\src\hotspot\share\classfile\systemDictionary.cpp, line 256]
Event: 4.172 Thread 0x0000017b4319c680 Exception <a 'java/lang/ClassNotFoundException'{0x000000008a2baa80}: com/android/build/gradle/internal/dsl/ApplicationBuildFeaturesImpl_DecoratedCustomizer> (0x000000008a2baa80) 
thrown [s\src\hotspot\share\classfile\systemDictionary.cpp, line 256]
Event: 4.173 Thread 0x0000017b4319c680 Implicit null exception at 0x0000017b311e3f0f to 0x0000017b311e4610
Event: 4.173 Thread 0x0000017b4319c680 Implicit null exception at 0x0000017b311ecd94 to 0x0000017b311ed464

VM Operations (20 events):
Event: 3.447 Executing VM operation: HandshakeAllThreads
Event: 3.447 Executing VM operation: HandshakeAllThreads done
Event: 3.621 Executing VM operation: ICBufferFull
Event: 3.621 Executing VM operation: ICBufferFull done
Event: 3.806 Executing VM operation: G1CollectForAllocation
Event: 3.813 Executing VM operation: G1CollectForAllocation done
Event: 3.817 Executing VM operation: G1CollectForAllocation
Event: 3.820 Executing VM operation: G1CollectForAllocation done
Event: 3.850 Executing VM operation: HandshakeAllThreads
Event: 3.850 Executing VM operation: HandshakeAllThreads done
Event: 3.942 Executing VM operation: HandshakeAllThreads
Event: 3.942 Executing VM operation: HandshakeAllThreads done
Event: 4.032 Executing VM operation: ICBufferFull
Event: 4.032 Executing VM operation: ICBufferFull done
Event: 4.059 Executing VM operation: HandshakeAllThreads
Event: 4.059 Executing VM operation: HandshakeAllThreads done
Event: 4.154 Executing VM operation: G1CollectForAllocation
Event: 4.158 Executing VM operation: G1CollectForAllocation done
Event: 4.194 Executing VM operation: HandshakeAllThreads
Event: 4.195 Executing VM operation: HandshakeAllThreads done

Events (20 events):
Event: 3.895 loading class java/time/format/DateTimeFormatterBuilder$WeekBasedFieldPrinterParser
Event: 3.895 loading class java/time/format/DateTimeFormatterBuilder$WeekBasedFieldPrinterParser done
Event: 4.060 loading class java/util/ArrayListBeanInfo
Event: 4.060 loading class java/util/ArrayListBeanInfo done
Event: 4.060 loading class java/util/ArrayListBeanInfo
Event: 4.060 loading class java/util/ArrayListBeanInfo done
Event: 4.060 loading class java/util/AbstractListBeanInfo
Event: 4.060 loading class java/util/AbstractListBeanInfo done
Event: 4.060 loading class java/util/AbstractListBeanInfo
Event: 4.060 loading class java/util/AbstractListBeanInfo done
Event: 4.060 loading class java/util/AbstractListCustomizer
Event: 4.060 loading class java/util/AbstractListCustomizer done
Event: 4.061 loading class java/util/AbstractListCustomizer
Event: 4.061 loading class java/util/AbstractListCustomizer done
Event: 4.061 loading class java/util/ArrayListCustomizer
Event: 4.061 loading class java/util/ArrayListCustomizer done
Event: 4.061 loading class java/util/ArrayListCustomizer
Event: 4.061 loading class java/util/ArrayListCustomizer done
Event: 4.124 loading class java/beans/IntrospectionException
Event: 4.124 loading class java/beans/IntrospectionException done


Dynamic libraries:
0x00007ff6cba30000 - 0x00007ff6cba3a000 	C:\Program Files\Android\Android Studio\jbr\bin\java.exe
0x00007fff90c90000 - 0x00007fff90ea4000 	C:\Windows\SYSTEM32\ntdll.dll
0x00007fff8f920000 - 0x00007fff8f9e2000 	C:\Windows\System32\KERNEL32.DLL
0x00007fff8e130000 - 0x00007fff8e4d3000 	C:\Windows\System32\KERNELBASE.dll
0x00007fff8a7f0000 - 0x00007fff8a887000 	C:\Windows\SYSTEM32\apphelp.dll
0x00007fff8e6f0000 - 0x00007fff8e801000 	C:\Windows\System32\ucrtbase.dll
0x00007fff832c0000 - 0x00007fff832d7000 	C:\Program Files\Android\Android Studio\jbr\bin\jli.dll
0x00007fff82b80000 - 0x00007fff82b9b000 	C:\Program Files\Android\Android Studio\jbr\bin\VCRUNTIME140.dll
0x00007fff909f0000 - 0x00007fff90b9b000 	C:\Windows\System32\USER32.dll
0x00007fff8e810000 - 0x00007fff8e836000 	C:\Windows\System32\win32u.dll
0x00007fff65860000 - 0x00007fff65aee000 	C:\Windows\WinSxS\amd64_microsoft.windows.common-controls_6595b64144ccf1df_6.0.22621.1635_none_270f70857386168e\COMCTL32.dll
0x00007fff8f000000 - 0x00007fff8f029000 	C:\Windows\System32\GDI32.dll
0x00007fff90ba0000 - 0x00007fff90c47000 	C:\Windows\System32\msvcrt.dll
0x00007fff8e4e0000 - 0x00007fff8e5f9000 	C:\Windows\System32\gdi32full.dll
0x00007fff8e090000 - 0x00007fff8e12a000 	C:\Windows\System32\msvcp_win.dll
0x00007fff8efc0000 - 0x00007fff8eff1000 	C:\Windows\System32\IMM32.DLL
0x00007fff8abe0000 - 0x00007fff8abec000 	C:\Program Files\Android\Android Studio\jbr\bin\vcruntime140_1.dll
0x00007fff59b00000 - 0x00007fff59b8d000 	C:\Program Files\Android\Android Studio\jbr\bin\msvcp140.dll
0x00007fff40180000 - 0x00007fff40ded000 	C:\Program Files\Android\Android Studio\jbr\bin\server\jvm.dll
0x00007fff8f320000 - 0x00007fff8f3ce000 	C:\Windows\System32\ADVAPI32.dll
0x00007fff907c0000 - 0x00007fff90864000 	C:\Windows\System32\sechost.dll
0x00007fff908d0000 - 0x00007fff909e7000 	C:\Windows\System32\RPCRT4.dll
0x00007fff82b00000 - 0x00007fff82b09000 	C:\Windows\SYSTEM32\WSOCK32.dll
0x00007fff8eec0000 - 0x00007fff8ef31000 	C:\Windows\System32\WS2_32.dll
0x00007fff83300000 - 0x00007fff83334000 	C:\Windows\SYSTEM32\WINMM.dll
0x00007fff7c420000 - 0x00007fff7c42a000 	C:\Windows\SYSTEM32\VERSION.dll
0x00007fff8d190000 - 0x00007fff8d1a8000 	C:\Windows\SYSTEM32\kernel.appcore.dll
0x00007fff81130000 - 0x00007fff8113a000 	C:\Program Files\Android\Android Studio\jbr\bin\jimage.dll
0x00007fff8b780000 - 0x00007fff8b9ae000 	C:\Windows\SYSTEM32\DBGHELP.DLL
0x00007fff8f9f0000 - 0x00007fff8fd79000 	C:\Windows\System32\combase.dll
0x00007fff8f030000 - 0x00007fff8f107000 	C:\Windows\System32\OLEAUT32.dll
0x00007fff830b0000 - 0x00007fff830e2000 	C:\Windows\SYSTEM32\dbgcore.DLL
0x00007fff8e600000 - 0x00007fff8e67b000 	C:\Windows\System32\bcryptPrimitives.dll
0x00007fff73910000 - 0x00007fff73935000 	C:\Program Files\Android\Android Studio\jbr\bin\java.dll
0x00007fff7b720000 - 0x00007fff7b738000 	C:\Program Files\Android\Android Studio\jbr\bin\zip.dll
0x00007fff8fd80000 - 0x00007fff9057a000 	C:\Windows\System32\SHELL32.dll
0x00007fff8be60000 - 0x00007fff8c72e000 	C:\Windows\SYSTEM32\windows.storage.dll
0x00007fff8bd20000 - 0x00007fff8be5e000 	C:\Windows\SYSTEM32\wintypes.dll
0x00007fff8ea70000 - 0x00007fff8eb61000 	C:\Windows\System32\SHCORE.dll
0x00007fff90870000 - 0x00007fff908ce000 	C:\Windows\System32\shlwapi.dll
0x00007fff8dfc0000 - 0x00007fff8dfe1000 	C:\Windows\SYSTEM32\profapi.dll
0x00007fff6f0b0000 - 0x00007fff6f0c9000 	C:\Program Files\Android\Android Studio\jbr\bin\net.dll
0x00007fff888b0000 - 0x00007fff889e7000 	C:\Windows\SYSTEM32\WINHTTP.dll
0x00007fff8d5f0000 - 0x00007fff8d659000 	C:\Windows\system32\mswsock.dll
0x00007fff6eec0000 - 0x00007fff6eed6000 	C:\Program Files\Android\Android Studio\jbr\bin\nio.dll
0x00007fff71920000 - 0x00007fff71930000 	C:\Program Files\Android\Android Studio\jbr\bin\verify.dll
0x00007fff6e910000 - 0x00007fff6e937000 	C:\Users\nahpalacio\.gradle\native\68d5fa5c4cc2d200863cafc0d521ce42e7d3e7ee720ec0a83991735586a16f82\windows-amd64\native-platform.dll
0x00007fff46bf0000 - 0x00007fff46d34000 	C:\Users\nahpalacio\.gradle\native\e376f236ea51e6404a007f0833ffe2c6e607c4080706a723a18a27aeea778392\windows-amd64\native-platform-file-events.dll
0x00007fff7e4c0000 - 0x00007fff7e4c9000 	C:\Program Files\Android\Android Studio\jbr\bin\management.dll
0x00007fff73570000 - 0x00007fff7357b000 	C:\Program Files\Android\Android Studio\jbr\bin\management_ext.dll
0x00007fff8f910000 - 0x00007fff8f918000 	C:\Windows\System32\PSAPI.DLL
0x00007fff8d910000 - 0x00007fff8d92b000 	C:\Windows\SYSTEM32\CRYPTSP.dll
0x00007fff8d100000 - 0x00007fff8d135000 	C:\Windows\system32\rsaenh.dll
0x00007fff8d690000 - 0x00007fff8d6b8000 	C:\Windows\SYSTEM32\USERENV.dll
0x00007fff8da60000 - 0x00007fff8da88000 	C:\Windows\SYSTEM32\bcrypt.dll
0x00007fff8d8f0000 - 0x00007fff8d8fc000 	C:\Windows\SYSTEM32\CRYPTBASE.dll
0x00007fff8c960000 - 0x00007fff8c98d000 	C:\Windows\SYSTEM32\IPHLPAPI.DLL
0x00007fff90630000 - 0x00007fff90639000 	C:\Windows\System32\NSI.dll
0x00007fff89e80000 - 0x00007fff89e99000 	C:\Windows\SYSTEM32\dhcpcsvc6.DLL
0x00007fff89330000 - 0x00007fff8934f000 	C:\Windows\SYSTEM32\dhcpcsvc.DLL
0x00007fff8c9c0000 - 0x00007fff8cab3000 	C:\Windows\SYSTEM32\DNSAPI.dll
0x00007fff6ee50000 - 0x00007fff6ee58000 	C:\Windows\system32\wshunix.dll

dbghelp: loaded successfully - version: 4.0.5 - missing functions: none
symbol engine: initialized successfully - sym options: 0x614 - pdb path: .;C:\Program Files\Android\Android Studio\jbr\bin;C:\Windows\SYSTEM32;C:\Windows\WinSxS\amd64_microsoft.windows.common-controls_6595b64144ccf1df_6.0.22621.1635_none_270f70857386168e;C:\Program Files\Android\Android Studio\jbr\bin\server;C:\Users\nahpalacio\.gradle\native\68d5fa5c4cc2d200863cafc0d521ce42e7d3e7ee720ec0a83991735586a16f82\windows-amd64;C:\Users\nahpalacio\.gradle\native\e376f236ea51e6404a007f0833ffe2c6e607c4080706a723a18a27aeea778392\windows-amd64

VM Arguments:
jvm_args: --add-opens=java.base/java.util=ALL-UNNAMED --add-opens=java.base/java.lang=ALL-UNNAMED --add-opens=java.base/java.lang.invoke=ALL-UNNAMED --add-opens=java.prefs/java.util.prefs=ALL-UNNAMED --add-opens=java.base/java.nio.charset=ALL-UNNAMED --add-opens=java.base/java.net=ALL-UNNAMED --add-opens=java.base/java.util.concurrent.atomic=ALL-UNNAMED -Xmx2048m -Dfile.encoding=UTF-8 -Duser.country=AR -Duser.language=es -Duser.variant 
java_command: org.gradle.launcher.daemon.bootstrap.GradleDaemon 8.0
java_class_path (initial): C:\Users\nahpalacio\.gradle\wrapper\dists\gradle-8.0-bin\ca5e32bp14vu59qr306oxotwh\gradle-8.0\lib\gradle-launcher-8.0.jar
Launcher Type: SUN_STANDARD

[Global flags]
     intx CICompilerCount                          = 12                                        {product} {ergonomic}
     uint ConcGCThreads                            = 4                                         {product} {ergonomic}
     uint G1ConcRefinementThreads                  = 15                                        {product} {ergonomic}
   size_t G1HeapRegionSize                         = 1048576                                   {product} {ergonomic}
    uintx GCDrainStackTargetSize                   = 64                                        {product} {ergonomic}
   size_t InitialHeapSize                          = 130023424                                 {product} {ergonomic}
   size_t MarkStackSize                            = 4194304                                   {product} {ergonomic}
   size_t MaxHeapSize                              = 2147483648                                {product} {command line}
   size_t MaxNewSize                               = 1287651328                                {product} {ergonomic}
   size_t MinHeapDeltaBytes                        = 1048576                                   {product} {ergonomic}
   size_t MinHeapSize                              = 8388608                                   {product} {ergonomic}
    uintx NonNMethodCodeHeapSize                   = 7602480                                {pd product} {ergonomic}
    uintx NonProfiledCodeHeapSize                  = 122027880                              {pd product} {ergonomic}
    uintx ProfiledCodeHeapSize                     = 122027880                              {pd product} {ergonomic}
    uintx ReservedCodeCacheSize                    = 251658240                              {pd product} {ergonomic}
     bool SegmentedCodeCache                       = true                                      {product} {ergonomic}
   size_t SoftMaxHeapSize                          = 2147483648                             {manageable} {ergonomic}
     bool UseCompressedClassPointers               = true                           {product lp64_product} {ergonomic}
     bool UseCompressedOops                        = true                           {product lp64_product} {ergonomic}
     bool UseG1GC                                  = true                                      {product} {ergonomic}
     bool UseLargePagesIndividualAllocation        = false                                  {pd product} {ergonomic}

Logging:
Log output configuration:
 #0: stdout all=warning uptime,level,tags
 #1: stderr all=off uptime,level,tags

Environment Variables:
PATH=C:\Program Files\Common Files\Oracle\Java\javapath;C:\Windows\system32;C:\Windows;C:\Windows\System32\Wbem;C:\Windows\System32\WindowsPowerShell\v1.0\;C:\Windows\System32\OpenSSH\;C:\Program Files\dotnet\;C:\Program Files (x86)\Microsoft SQL Server\160\DTS\Binn\;C:\Program Files\Azure Data Studio\bin;C:\Program Files\Git\cmd;C:\Users\nahpalacio\AppData\Local\Microsoft\WindowsApps;C:\Users\nahpalacio\AppData\Local\Programs\Microsoft VS Code\bin;C:\Users\nahpalacio\.dotnet\tools;C:\Users\nahpalacio\AppData\Local\GitHubDesktop\bin;C:\Program Files\Azure Data Studio\bin
USERNAME=nahpalacio
OS=Windows_NT
PROCESSOR_IDENTIFIER=Intel64 Family 6 Model 151 Stepping 2, GenuineIntel
TMP=C:\Users\NAHPAL~1\AppData\Local\Temp
TEMP=C:\Users\NAHPAL~1\AppData\Local\Temp



---------------  S Y S T E M  ---------------

OS:
 Windows 11 , 64 bit Build 22621 (10.0.22621.1778)
OS uptime: 1 days 6:15 hours
Hyper-V role detected

CPU: total 20 (initial active 20) (10 cores per cpu, 2 threads per core) family 6 model 151 stepping 2 microcode 0x1e, cx8, cmov, fxsr, ht, mmx, 3dnowpref, sse, sse2, sse3, ssse3, sse4.1, sse4.2, popcnt, lzcnt, tsc, tscinvbit, avx, avx2, aes, erms, clmul, bmi1, bmi2, adx, sha, fma, vzeroupper, clflush, clflushopt, clwb, hv

Memory: 4k page, system-wide physical 7906M (428M free)
TotalPageFile size 11906M (AvailPageFile size 8M)
current process WorkingSet (physical memory assigned to process): 416M, peak: 421M
current process commit charge ("private bytes"): 471M, peak: 475M

vm_info: OpenJDK 64-Bit Server VM (17.0.6+0-b2043.56-9586694) for windows-amd64 JRE (17.0.6+0-b2043.56-9586694), built on Feb  9 2023 20:06:20 by "androidbuild" with MS VC++ 16.10 / 16.11 (VS2019)

END.
