#
# There is insufficient memory for the Java Runtime Environment to continue.
# Native memory allocation (malloc) failed to allocate 1969456 bytes for Chunk::new
# Possible reasons:
#   The system is out of physical RAM or swap space
#   The process is running with CompressedOops enabled, and the Java Heap may be blocking the growth of the native heap
# Possible solutions:
#   Reduce memory load on the system
#   Increase physical memory or swap space
#   Check if swap backing store is full
#   Decrease Java heap size (-Xmx/-Xms)
#   Decrease number of Java threads
#   Decrease Java thread stack sizes (-Xss)
#   Set larger code cache with -XX:ReservedCodeCacheSize=
#   JVM is running with Unscaled Compressed Oops mode in which the Java heap is
#     placed in the first 4GB address space. The Java Heap base address is the
#     maximum limit for the native heap growth. Please use -XX:HeapBaseMinAddress
#     to set the Java Heap base and to place the Java Heap above 4GB virtual address.
# This output file may be truncated or incomplete.
#
#  Out of Memory Error (arena.cpp:189), pid=11724, tid=8932
#
# JRE version: OpenJDK Runtime Environment (17.0.6) (build 17.0.6+0-b2043.56-9586694)
# Java VM: OpenJDK 64-Bit Server VM (17.0.6+0-b2043.56-9586694, mixed mode, tiered, compressed oops, compressed class ptrs, g1 gc, windows-amd64)
# No core dump will be written. Minidumps are not enabled by default on client versions of Windows
#

---------------  S U M M A R Y ------------

Command Line: --add-opens=java.base/java.util=ALL-UNNAMED --add-opens=java.base/java.lang=ALL-UNNAMED --add-opens=java.base/java.lang.invoke=ALL-UNNAMED --add-opens=java.prefs/java.util.prefs=ALL-UNNAMED --add-opens=java.base/java.nio.charset=ALL-UNNAMED --add-opens=java.base/java.net=ALL-UNNAMED --add-opens=java.base/java.util.concurrent.atomic=ALL-UNNAMED -Xmx2048m -Dfile.encoding=UTF-8 -Duser.country=AR -Duser.language=es -Duser.variant org.gradle.launcher.daemon.bootstrap.GradleDaemon 8.0

Host: 12th Gen Intel(R) Core(TM) i7-12700, 20 cores, 7G,  Windows 11 , 64 bit Build 22621 (10.0.22621.1778)
Time: Tue Jun 27 14:14:37 2023 Hora estándar de Argentina elapsed time: 3.127109 seconds (0d 0h 0m 3s)

---------------  T H R E A D  ---------------

Current thread (0x00000266fe084ed0):  JavaThread "C2 CompilerThread0" daemon [_thread_in_native, id=8932, stack(0x000000ca2b400000,0x000000ca2b500000)]


Current CompileTask:
C2:   3127 6478   !   4       java.net.URLClassLoader::findClass (47 bytes)

Stack: [0x000000ca2b400000,0x000000ca2b500000]
Native frames: (J=compiled Java code, j=interpreted, Vv=VM code, C=native code)
V  [jvm.dll+0x683b4a]
V  [jvm.dll+0x842654]
V  [jvm.dll+0x843dfe]
V  [jvm.dll+0x844463]
V  [jvm.dll+0x249b75]
V  [jvm.dll+0xabcac]
V  [jvm.dll+0xac27c]
V  [jvm.dll+0x368857]
V  [jvm.dll+0x1bd0b8]
V  [jvm.dll+0x21c359]
V  [jvm.dll+0x21b621]
V  [jvm.dll+0x1a4fdd]
V  [jvm.dll+0x22b098]
V  [jvm.dll+0x229159]
V  [jvm.dll+0x7f809c]
V  [jvm.dll+0x7f25fa]
V  [jvm.dll+0x682985]
C  [ucrtbase.dll+0x29363]
C  [KERNEL32.DLL+0x126ad]
C  [ntdll.dll+0x5a9f8]


---------------  P R O C E S S  ---------------

Threads class SMR info:
_java_thread_list=0x00000266866d3240, length=209, elements={
0x00000266e26174e0, 0x00000266fce0d0f0, 0x00000266fe06a310, 0x00000266fe03c650,
0x00000266fe03f010, 0x00000266fe03f9c0, 0x00000266fe040b80, 0x00000266fe084ed0,
0x00000266fe08e3b0, 0x00000266fe090db0, 0x00000266fe1f2080, 0x00000266fe1f65a0,
0x00000266fe236a50, 0x00000266fe237b50, 0x00000266fe34fc70, 0x00000266ff15f730,
0x0000026680cd1020, 0x0000026680c1e410, 0x00000266810340f0, 0x0000026680fbe580,
0x0000026680dac880, 0x0000026680a75350, 0x0000026680c813a0, 0x0000026680c6d630,
0x00000266ff63d300, 0x00000266ff63ce30, 0x00000266ff63c490, 0x00000266ff63c960,
0x00000266ff63bfc0, 0x0000026681ca7790, 0x0000026681c9ff40, 0x0000026681ca55e0,
0x0000026681ca0db0, 0x0000026681ca20f0, 0x0000026681ca4c40, 0x0000026681ca1c20,
0x0000026681ca42a0, 0x0000026681ca4770, 0x0000026681ca1280, 0x0000026681ca2f60,
0x0000026681ca08e0, 0x0000026681ca3900, 0x0000026681ca5110, 0x0000026681ca6920,
0x0000026683496910, 0x00000266834925b0, 0x0000026683493420, 0x000002668348fa60,
0x0000026683493dc0, 0x00000266834908d0, 0x00000266834938f0, 0x0000026683496de0,
0x0000026683490da0, 0x00000266834920e0, 0x0000026683491270, 0x0000026683494c30,
0x000002668348ff30, 0x0000026683490400, 0x0000026683495aa0, 0x000002668348f590,
0x0000026683492a80, 0x0000026683491740, 0x0000026683491c10, 0x0000026683496440,
0x0000026683492f50, 0x0000026683494290, 0x0000026683494760, 0x0000026683495100,
0x00000266834955d0, 0x0000026683495f70, 0x0000026683afba30, 0x0000026683afea50,
0x0000026683af8540, 0x0000026683afc8a0, 0x0000026683af8ee0, 0x0000026683afbf00,
0x0000026683afa6f0, 0x0000026683afd240, 0x0000026683afe0b0, 0x0000026683afa220,
0x0000026683afe580, 0x0000026683afdbe0, 0x0000026683afabc0, 0x0000026683af9880,
0x0000026683afb090, 0x0000026683af8a10, 0x0000026683afef20, 0x0000026683af93b0,
0x0000026683afb560, 0x0000026683afc3d0, 0x0000026683af9d50, 0x0000026683afcd70,
0x0000026683afd710, 0x0000026683aff3f0, 0x0000026683aff8c0, 0x0000026683af8070,
0x0000026684218ad0, 0x000002668421b150, 0x000002668421bfc0, 0x000002668421d7d0,
0x000002668421e170, 0x000002668421ac80, 0x000002668421baf0, 0x000002668421ce30,
0x0000026684220320, 0x000002668421eb10, 0x0000026684218fa0, 0x000002668421f980,
0x000002668421d300, 0x000002668421e640, 0x000002668421efe0, 0x000002668421c490,
0x0000026684219e10, 0x000002668421f4b0, 0x000002668421fe50, 0x0000026684219470,
0x000002668421dca0, 0x0000026684219940, 0x000002668421a2e0, 0x000002668421a7b0,
0x000002668421b620, 0x000002668421c960, 0x00000266842360d0, 0x0000026684234d90,
0x0000026684238750, 0x00000266842390f0, 0x0000026684239f60, 0x000002668423b770,
0x000002668423b2a0, 0x0000026684239a90, 0x0000026684235730, 0x00000266842395c0,
0x00000266842343f0, 0x0000026684236f40, 0x0000026684237410, 0x0000026684235c00,
0x00000266842348c0, 0x000002668423a430, 0x00000266842365a0, 0x000002668423a900,
0x0000026684238c20, 0x0000026684236a70, 0x000002668423add0, 0x0000026684233f20,
0x0000026684235260, 0x0000026684237db0, 0x00000266842378e0, 0x0000026683bcde90,
0x0000026683bcfb70, 0x0000026683bca9a0, 0x0000026683bd0040, 0x0000026683bcae70,
0x0000026683bcbce0, 0x0000026683bcd4f0, 0x0000026683bcf6a0, 0x0000026683bce830,
0x0000026683bd1850, 0x0000026683bcb340, 0x0000026683bcd9c0, 0x0000026683bd1380,
0x0000026683bd0510, 0x0000026683bd09e0, 0x0000026683bcb810, 0x0000026683bced00,
0x0000026683bcc1b0, 0x0000026683bcd020, 0x0000026683bcf1d0, 0x0000026683bd0eb0,
0x0000026683bccb50, 0x0000026683bca000, 0x0000026683bca4d0, 0x0000026683bce360,
0x0000026683bcc680, 0x0000026684238280, 0x000002668344cdc0, 0x00000266834498d0,
0x000002668344b5b0, 0x000002668344ef70, 0x000002668344d290, 0x0000026683448f30,
0x000002668344e5d0, 0x000002668344ac10, 0x000002668344b0e0, 0x000002668344ba80,
0x000002668344eaa0, 0x000002668344bf50, 0x000002668344c420, 0x000002668344a270,
0x000002668344dc30, 0x000002668344f910, 0x000002668344c8f0, 0x0000026683449400,
0x0000026683449da0, 0x000002668344f440, 0x000002668344d760, 0x000002668344e100,
0x00000266834480c0, 0x0000026683448590, 0x0000026683448a60, 0x000002668344a740,
0x0000026682733640, 0x0000026682737000, 0x0000026682736b30, 0x0000026682738ce0,
0x00000266827374d0, 0x00000266827357f0, 0x00000266827379a0, 0x0000026682738810,
0x0000026682737e70
}

Java Threads: ( => current thread )
  0x00000266e26174e0 JavaThread "main" [_thread_blocked, id=16516, stack(0x000000ca2a700000,0x000000ca2a800000)]
  0x00000266fce0d0f0 JavaThread "Reference Handler" daemon [_thread_blocked, id=10816, stack(0x000000ca2ae00000,0x000000ca2af00000)]
  0x00000266fe06a310 JavaThread "Finalizer" daemon [_thread_blocked, id=2244, stack(0x000000ca2af00000,0x000000ca2b000000)]
  0x00000266fe03c650 JavaThread "Signal Dispatcher" daemon [_thread_blocked, id=12208, stack(0x000000ca2b000000,0x000000ca2b100000)]
  0x00000266fe03f010 JavaThread "Attach Listener" daemon [_thread_blocked, id=5480, stack(0x000000ca2b100000,0x000000ca2b200000)]
  0x00000266fe03f9c0 JavaThread "Service Thread" daemon [_thread_blocked, id=6208, stack(0x000000ca2b200000,0x000000ca2b300000)]
  0x00000266fe040b80 JavaThread "Monitor Deflation Thread" daemon [_thread_blocked, id=12204, stack(0x000000ca2b300000,0x000000ca2b400000)]
=>0x00000266fe084ed0 JavaThread "C2 CompilerThread0" daemon [_thread_in_native, id=8932, stack(0x000000ca2b400000,0x000000ca2b500000)]
  0x00000266fe08e3b0 JavaThread "C1 CompilerThread0" daemon [_thread_blocked, id=3540, stack(0x000000ca2b500000,0x000000ca2b600000)]
  0x00000266fe090db0 JavaThread "Sweeper thread" daemon [_thread_blocked, id=11180, stack(0x000000ca2b600000,0x000000ca2b700000)]
  0x00000266fe1f2080 JavaThread "C1 CompilerThread1" daemon [_thread_blocked, id=1084, stack(0x000000ca2b700000,0x000000ca2b800000)]
  0x00000266fe1f65a0 JavaThread "C1 CompilerThread2" daemon [_thread_blocked, id=11812, stack(0x000000ca2b800000,0x000000ca2b900000)]
  0x00000266fe236a50 JavaThread "Common-Cleaner" daemon [_thread_blocked, id=14356, stack(0x000000ca2b900000,0x000000ca2ba00000)]
  0x00000266fe237b50 JavaThread "Notification Thread" daemon [_thread_blocked, id=12508, stack(0x000000ca2ba00000,0x000000ca2bb00000)]
  0x00000266fe34fc70 JavaThread "C2 CompilerThread1" daemon [_thread_in_native, id=6700, stack(0x000000ca2bc00000,0x000000ca2bd00000)]
  0x00000266ff15f730 JavaThread "C1 CompilerThread3" daemon [_thread_blocked, id=14576, stack(0x000000ca2c000000,0x000000ca2c100000)]
  0x0000026680cd1020 JavaThread "Daemon health stats" [_thread_blocked, id=1312, stack(0x000000ca2c200000,0x000000ca2c300000)]
  0x0000026680c1e410 JavaThread "Incoming local TCP Connector on port 63697" [_thread_in_native, id=14236, stack(0x000000ca2c300000,0x000000ca2c400000)]
  0x00000266810340f0 JavaThread "Daemon periodic checks" [_thread_blocked, id=10496, stack(0x000000ca2c400000,0x000000ca2c500000)]
  0x0000026680fbe580 JavaThread "Daemon" [_thread_blocked, id=17500, stack(0x000000ca2c500000,0x000000ca2c600000)]
  0x0000026680dac880 JavaThread "Handler for socket connection from /127.0.0.1:63697 to /127.0.0.1:63698" [_thread_in_native, id=452, stack(0x000000ca2c600000,0x000000ca2c700000)]
  0x0000026680a75350 JavaThread "Cancel handler" [_thread_blocked, id=8880, stack(0x000000ca2c700000,0x000000ca2c800000)]
  0x0000026680c813a0 JavaThread "Daemon worker" [_thread_in_native, id=8512, stack(0x000000ca2c800000,0x000000ca2c900000)]
  0x0000026680c6d630 JavaThread "Asynchronous log dispatcher for DefaultDaemonConnection: socket connection from /127.0.0.1:63697 to /127.0.0.1:63698" [_thread_blocked, id=12796, stack(0x000000ca2c900000,0x000000ca2ca00000)]
  0x00000266ff63d300 JavaThread "Stdin handler" [_thread_blocked, id=11172, stack(0x000000ca2ca00000,0x000000ca2cb00000)]
  0x00000266ff63ce30 JavaThread "Daemon client event forwarder" [_thread_blocked, id=17308, stack(0x000000ca2cb00000,0x000000ca2cc00000)]
  0x00000266ff63c490 JavaThread "Cache worker for journal cache (C:\Users\nahpalacio\.gradle\caches\journal-1)" [_thread_blocked, id=7544, stack(0x000000ca2d900000,0x000000ca2da00000)]
  0x00000266ff63c960 JavaThread "File lock request listener" [_thread_in_native, id=6840, stack(0x000000ca2da00000,0x000000ca2db00000)]
  0x00000266ff63bfc0 JavaThread "Cache worker for file hash cache (C:\Users\nahpalacio\.gradle\caches\8.0\fileHashes)" [_thread_blocked, id=7584, stack(0x000000ca2db00000,0x000000ca2dc00000)]
  0x0000026681ca7790 JavaThread "File watcher server" daemon [_thread_in_native, id=5116, stack(0x000000ca2dc00000,0x000000ca2dd00000)]
  0x0000026681c9ff40 JavaThread "File watcher consumer" daemon [_thread_blocked, id=4968, stack(0x000000ca2dd00000,0x000000ca2de00000)]
  0x0000026681ca55e0 JavaThread "Cache worker for checksums cache (C:\Users\nahpalacio\Documents\Trabajo-Practico-Biblioteca\.gradle\8.0\checksums)" [_thread_blocked, id=17540, stack(0x000000ca2de00000,0x000000ca2df00000)]
  0x0000026681ca0db0 JavaThread "Cache worker for cache directory md-rule (C:\Users\nahpalacio\.gradle\caches\8.0\md-rule)" [_thread_blocked, id=7960, stack(0x000000ca2df00000,0x000000ca2e000000)]
  0x0000026681ca20f0 JavaThread "Cache worker for file content cache (C:\Users\nahpalacio\.gradle\caches\8.0\fileContent)" [_thread_blocked, id=10088, stack(0x000000ca2e000000,0x000000ca2e100000)]
  0x0000026681ca4c40 JavaThread "Cache worker for file hash cache (C:\Users\nahpalacio\Documents\Trabajo-Practico-Biblioteca\.gradle\8.0\fileHashes)" [_thread_blocked, id=15236, stack(0x000000ca2e100000,0x000000ca2e200000)]
  0x0000026681ca1c20 JavaThread "Cache worker for cache directory md-supplier (C:\Users\nahpalacio\.gradle\caches\8.0\md-supplier)" [_thread_blocked, id=2752, stack(0x000000ca2e200000,0x000000ca2e300000)]
  0x0000026681ca42a0 JavaThread "Cache worker for execution history cache (C:\Users\nahpalacio\.gradle\caches\8.0\executionHistory)" [_thread_blocked, id=9724, stack(0x000000ca2e300000,0x000000ca2e400000)]
  0x0000026681ca4770 JavaThread "jar transforms" [_thread_blocked, id=10172, stack(0x000000ca2e400000,0x000000ca2e500000)]
  0x0000026681ca1280 JavaThread "jar transforms Thread 2" [_thread_blocked, id=18336, stack(0x000000ca2e500000,0x000000ca2e600000)]
  0x0000026681ca2f60 JavaThread "jar transforms Thread 3" [_thread_blocked, id=17652, stack(0x000000ca2e600000,0x000000ca2e700000)]
  0x0000026681ca08e0 JavaThread "jar transforms Thread 4" [_thread_blocked, id=15188, stack(0x000000ca2e700000,0x000000ca2e800000)]
  0x0000026681ca3900 JavaThread "Cache worker for dependencies-accessors (C:\Users\nahpalacio\Documents\Trabajo-Practico-Biblioteca\.gradle\8.0\dependencies-accessors)" [_thread_blocked, id=15880, stack(0x000000ca2e800000,0x000000ca2e900000)]
  0x0000026681ca5110 JavaThread "jar transforms Thread 5" [_thread_blocked, id=9680, stack(0x000000ca2e900000,0x000000ca2ea00000)]
  0x0000026681ca6920 JavaThread "Cache worker for Build Output Cleanup Cache (C:\Users\nahpalacio\Documents\Trabajo-Practico-Biblioteca\.gradle\buildOutputCleanup)" [_thread_blocked, id=17024, stack(0x000000ca2ea00000,0x000000ca2eb00000)]
  0x0000026683496910 JavaThread "Unconstrained build operations" [_thread_blocked, id=6032, stack(0x000000ca2eb00000,0x000000ca2ec00000)]
  0x00000266834925b0 JavaThread "Unconstrained build operations Thread 2" [_thread_blocked, id=2656, stack(0x000000ca2ec00000,0x000000ca2ed00000)]
  0x0000026683493420 JavaThread "Unconstrained build operations Thread 3" [_thread_blocked, id=14020, stack(0x000000ca2ed00000,0x000000ca2ee00000)]
  0x000002668348fa60 JavaThread "Unconstrained build operations Thread 4" [_thread_blocked, id=9260, stack(0x000000ca2ee00000,0x000000ca2ef00000)]
  0x0000026683493dc0 JavaThread "Unconstrained build operations Thread 5" [_thread_blocked, id=12768, stack(0x000000ca2ef00000,0x000000ca2f000000)]
  0x00000266834908d0 JavaThread "Unconstrained build operations Thread 6" [_thread_blocked, id=17876, stack(0x000000ca2f000000,0x000000ca2f100000)]
  0x00000266834938f0 JavaThread "Unconstrained build operations Thread 7" [_thread_blocked, id=17992, stack(0x000000ca2f100000,0x000000ca2f200000)]
  0x0000026683496de0 JavaThread "Unconstrained build operations Thread 8" [_thread_blocked, id=1872, stack(0x000000ca2f200000,0x000000ca2f300000)]
  0x0000026683490da0 JavaThread "Unconstrained build operations Thread 9" [_thread_blocked, id=15556, stack(0x000000ca2f300000,0x000000ca2f400000)]
  0x00000266834920e0 JavaThread "Unconstrained build operations Thread 10" [_thread_blocked, id=9188, stack(0x000000ca2f400000,0x000000ca2f500000)]
  0x0000026683491270 JavaThread "Unconstrained build operations Thread 11" [_thread_blocked, id=5148, stack(0x000000ca2f500000,0x000000ca2f600000)]
  0x0000026683494c30 JavaThread "Unconstrained build operations Thread 12" [_thread_blocked, id=10988, stack(0x000000ca2f600000,0x000000ca2f700000)]
  0x000002668348ff30 JavaThread "Unconstrained build operations Thread 13" [_thread_blocked, id=13432, stack(0x000000ca2f700000,0x000000ca2f800000)]
  0x0000026683490400 JavaThread "Unconstrained build operations Thread 14" [_thread_blocked, id=4112, stack(0x000000ca2f800000,0x000000ca2f900000)]
  0x0000026683495aa0 JavaThread "Unconstrained build operations Thread 15" [_thread_blocked, id=4800, stack(0x000000ca2f900000,0x000000ca2fa00000)]
  0x000002668348f590 JavaThread "Unconstrained build operations Thread 16" [_thread_blocked, id=16784, stack(0x000000ca2fa00000,0x000000ca2fb00000)]
  0x0000026683492a80 JavaThread "Unconstrained build operations Thread 17" [_thread_blocked, id=9272, stack(0x000000ca2fb00000,0x000000ca2fc00000)]
  0x0000026683491740 JavaThread "Unconstrained build operations Thread 18" [_thread_blocked, id=15252, stack(0x000000ca2fc00000,0x000000ca2fd00000)]
  0x0000026683491c10 JavaThread "Unconstrained build operations Thread 19" [_thread_blocked, id=10888, stack(0x000000ca2fd00000,0x000000ca2fe00000)]
  0x0000026683496440 JavaThread "Unconstrained build operations Thread 20" [_thread_blocked, id=11128, stack(0x000000ca2fe00000,0x000000ca2ff00000)]
  0x0000026683492f50 JavaThread "Unconstrained build operations Thread 21" [_thread_blocked, id=12024, stack(0x000000ca2ff00000,0x000000ca30000000)]
  0x0000026683494290 JavaThread "Unconstrained build operations Thread 22" [_thread_blocked, id=7672, stack(0x000000ca30000000,0x000000ca30100000)]
  0x0000026683494760 JavaThread "Unconstrained build operations Thread 23" [_thread_blocked, id=13244, stack(0x000000ca30100000,0x000000ca30200000)]
  0x0000026683495100 JavaThread "Unconstrained build operations Thread 24" [_thread_blocked, id=18184, stack(0x000000ca30200000,0x000000ca30300000)]
  0x00000266834955d0 JavaThread "Unconstrained build operations Thread 25" [_thread_blocked, id=7340, stack(0x000000ca30300000,0x000000ca30400000)]
  0x0000026683495f70 JavaThread "Unconstrained build operations Thread 26" [_thread_blocked, id=10960, stack(0x000000ca30400000,0x000000ca30500000)]
  0x0000026683afba30 JavaThread "Unconstrained build operations Thread 27" [_thread_blocked, id=15288, stack(0x000000ca30500000,0x000000ca30600000)]
  0x0000026683afea50 JavaThread "Unconstrained build operations Thread 28" [_thread_blocked, id=1676, stack(0x000000ca30600000,0x000000ca30700000)]
  0x0000026683af8540 JavaThread "Unconstrained build operations Thread 29" [_thread_blocked, id=10552, stack(0x000000ca30700000,0x000000ca30800000)]
  0x0000026683afc8a0 JavaThread "Unconstrained build operations Thread 30" [_thread_blocked, id=12828, stack(0x000000ca30800000,0x000000ca30900000)]
  0x0000026683af8ee0 JavaThread "Unconstrained build operations Thread 31" [_thread_blocked, id=7200, stack(0x000000ca30900000,0x000000ca30a00000)]
  0x0000026683afbf00 JavaThread "Unconstrained build operations Thread 32" [_thread_blocked, id=12912, stack(0x000000ca30a00000,0x000000ca30b00000)]
  0x0000026683afa6f0 JavaThread "Unconstrained build operations Thread 33" [_thread_blocked, id=9904, stack(0x000000ca30b00000,0x000000ca30c00000)]
  0x0000026683afd240 JavaThread "Unconstrained build operations Thread 34" [_thread_blocked, id=9860, stack(0x000000ca30c00000,0x000000ca30d00000)]
  0x0000026683afe0b0 JavaThread "Unconstrained build operations Thread 35" [_thread_blocked, id=18412, stack(0x000000ca30d00000,0x000000ca30e00000)]
  0x0000026683afa220 JavaThread "Unconstrained build operations Thread 36" [_thread_blocked, id=16124, stack(0x000000ca30e00000,0x000000ca30f00000)]
  0x0000026683afe580 JavaThread "Unconstrained build operations Thread 37" [_thread_blocked, id=11196, stack(0x000000ca30f00000,0x000000ca31000000)]
  0x0000026683afdbe0 JavaThread "Unconstrained build operations Thread 38" [_thread_blocked, id=16860, stack(0x000000ca31000000,0x000000ca31100000)]
  0x0000026683afabc0 JavaThread "Unconstrained build operations Thread 39" [_thread_blocked, id=6892, stack(0x000000ca31100000,0x000000ca31200000)]
  0x0000026683af9880 JavaThread "Unconstrained build operations Thread 40" [_thread_blocked, id=18252, stack(0x000000ca31200000,0x000000ca31300000)]
  0x0000026683afb090 JavaThread "Unconstrained build operations Thread 41" [_thread_blocked, id=7140, stack(0x000000ca31300000,0x000000ca31400000)]
  0x0000026683af8a10 JavaThread "Unconstrained build operations Thread 42" [_thread_blocked, id=16576, stack(0x000000ca31400000,0x000000ca31500000)]
  0x0000026683afef20 JavaThread "Unconstrained build operations Thread 43" [_thread_blocked, id=15420, stack(0x000000ca31500000,0x000000ca31600000)]
  0x0000026683af93b0 JavaThread "Unconstrained build operations Thread 44" [_thread_blocked, id=3096, stack(0x000000ca31600000,0x000000ca31700000)]
  0x0000026683afb560 JavaThread "Unconstrained build operations Thread 45" [_thread_blocked, id=7292, stack(0x000000ca31700000,0x000000ca31800000)]
  0x0000026683afc3d0 JavaThread "Unconstrained build operations Thread 46" [_thread_blocked, id=4124, stack(0x000000ca31800000,0x000000ca31900000)]
  0x0000026683af9d50 JavaThread "Unconstrained build operations Thread 47" [_thread_blocked, id=9876, stack(0x000000ca31900000,0x000000ca31a00000)]
  0x0000026683afcd70 JavaThread "Unconstrained build operations Thread 48" [_thread_blocked, id=10320, stack(0x000000ca31a00000,0x000000ca31b00000)]
  0x0000026683afd710 JavaThread "Unconstrained build operations Thread 49" [_thread_blocked, id=14540, stack(0x000000ca31b00000,0x000000ca31c00000)]
  0x0000026683aff3f0 JavaThread "Unconstrained build operations Thread 50" [_thread_blocked, id=12924, stack(0x000000ca31c00000,0x000000ca31d00000)]
  0x0000026683aff8c0 JavaThread "Unconstrained build operations Thread 51" [_thread_blocked, id=9584, stack(0x000000ca31d00000,0x000000ca31e00000)]
  0x0000026683af8070 JavaThread "Unconstrained build operations Thread 52" [_thread_blocked, id=11864, stack(0x000000ca31e00000,0x000000ca31f00000)]
  0x0000026684218ad0 JavaThread "Unconstrained build operations Thread 53" [_thread_blocked, id=11924, stack(0x000000ca31f00000,0x000000ca32000000)]
  0x000002668421b150 JavaThread "Unconstrained build operations Thread 54" [_thread_blocked, id=17432, stack(0x000000ca32000000,0x000000ca32100000)]
  0x000002668421bfc0 JavaThread "Unconstrained build operations Thread 55" [_thread_blocked, id=15536, stack(0x000000ca32100000,0x000000ca32200000)]
  0x000002668421d7d0 JavaThread "Unconstrained build operations Thread 56" [_thread_blocked, id=4600, stack(0x000000ca32200000,0x000000ca32300000)]
  0x000002668421e170 JavaThread "Unconstrained build operations Thread 57" [_thread_blocked, id=16928, stack(0x000000ca32300000,0x000000ca32400000)]
  0x000002668421ac80 JavaThread "Unconstrained build operations Thread 58" [_thread_blocked, id=11412, stack(0x000000ca32400000,0x000000ca32500000)]
  0x000002668421baf0 JavaThread "Unconstrained build operations Thread 59" [_thread_blocked, id=16164, stack(0x000000ca32500000,0x000000ca32600000)]
  0x000002668421ce30 JavaThread "Unconstrained build operations Thread 60" [_thread_blocked, id=18212, stack(0x000000ca32600000,0x000000ca32700000)]
  0x0000026684220320 JavaThread "Unconstrained build operations Thread 61" [_thread_blocked, id=7948, stack(0x000000ca32700000,0x000000ca32800000)]
  0x000002668421eb10 JavaThread "Unconstrained build operations Thread 62" [_thread_blocked, id=9616, stack(0x000000ca32800000,0x000000ca32900000)]
  0x0000026684218fa0 JavaThread "Unconstrained build operations Thread 63" [_thread_blocked, id=18180, stack(0x000000ca32900000,0x000000ca32a00000)]
  0x000002668421f980 JavaThread "Unconstrained build operations Thread 64" [_thread_blocked, id=12348, stack(0x000000ca32a00000,0x000000ca32b00000)]
  0x000002668421d300 JavaThread "Unconstrained build operations Thread 65" [_thread_blocked, id=12468, stack(0x000000ca32b00000,0x000000ca32c00000)]
  0x000002668421e640 JavaThread "Unconstrained build operations Thread 66" [_thread_blocked, id=16068, stack(0x000000ca32c00000,0x000000ca32d00000)]
  0x000002668421efe0 JavaThread "Unconstrained build operations Thread 67" [_thread_blocked, id=9148, stack(0x000000ca32d00000,0x000000ca32e00000)]
  0x000002668421c490 JavaThread "Unconstrained build operations Thread 68" [_thread_blocked, id=2148, stack(0x000000ca32e00000,0x000000ca32f00000)]
  0x0000026684219e10 JavaThread "Unconstrained build operations Thread 69" [_thread_blocked, id=276, stack(0x000000ca32f00000,0x000000ca33000000)]
  0x000002668421f4b0 JavaThread "Unconstrained build operations Thread 70" [_thread_blocked, id=12120, stack(0x000000ca33000000,0x000000ca33100000)]
  0x000002668421fe50 JavaThread "Unconstrained build operations Thread 71" [_thread_blocked, id=14896, stack(0x000000ca33100000,0x000000ca33200000)]
  0x0000026684219470 JavaThread "Unconstrained build operations Thread 72" [_thread_blocked, id=6124, stack(0x000000ca33200000,0x000000ca33300000)]
  0x000002668421dca0 JavaThread "Unconstrained build operations Thread 73" [_thread_blocked, id=14420, stack(0x000000ca33300000,0x000000ca33400000)]
  0x0000026684219940 JavaThread "Unconstrained build operations Thread 74" [_thread_blocked, id=12692, stack(0x000000ca33400000,0x000000ca33500000)]
  0x000002668421a2e0 JavaThread "Unconstrained build operations Thread 75" [_thread_blocked, id=11456, stack(0x000000ca33500000,0x000000ca33600000)]
  0x000002668421a7b0 JavaThread "Unconstrained build operations Thread 76" [_thread_blocked, id=1580, stack(0x000000ca33600000,0x000000ca33700000)]
  0x000002668421b620 JavaThread "Unconstrained build operations Thread 77" [_thread_blocked, id=17168, stack(0x000000ca33700000,0x000000ca33800000)]
  0x000002668421c960 JavaThread "Unconstrained build operations Thread 78" [_thread_blocked, id=12116, stack(0x000000ca33800000,0x000000ca33900000)]
  0x00000266842360d0 JavaThread "Unconstrained build operations Thread 79" [_thread_blocked, id=12380, stack(0x000000ca33900000,0x000000ca33a00000)]
  0x0000026684234d90 JavaThread "Unconstrained build operations Thread 80" [_thread_blocked, id=12068, stack(0x000000ca33a00000,0x000000ca33b00000)]
  0x0000026684238750 JavaThread "Unconstrained build operations Thread 81" [_thread_blocked, id=8944, stack(0x000000ca33b00000,0x000000ca33c00000)]
  0x00000266842390f0 JavaThread "Unconstrained build operations Thread 82" [_thread_blocked, id=14180, stack(0x000000ca33c00000,0x000000ca33d00000)]
  0x0000026684239f60 JavaThread "Unconstrained build operations Thread 83" [_thread_blocked, id=14408, stack(0x000000ca33d00000,0x000000ca33e00000)]
  0x000002668423b770 JavaThread "Unconstrained build operations Thread 84" [_thread_blocked, id=14164, stack(0x000000ca33e00000,0x000000ca33f00000)]
  0x000002668423b2a0 JavaThread "Unconstrained build operations Thread 85" [_thread_blocked, id=8788, stack(0x000000ca33f00000,0x000000ca34000000)]
  0x0000026684239a90 JavaThread "Unconstrained build operations Thread 86" [_thread_blocked, id=8000, stack(0x000000ca34000000,0x000000ca34100000)]
  0x0000026684235730 JavaThread "Unconstrained build operations Thread 87" [_thread_blocked, id=8464, stack(0x000000ca34100000,0x000000ca34200000)]
  0x00000266842395c0 JavaThread "Unconstrained build operations Thread 88" [_thread_blocked, id=9356, stack(0x000000ca34200000,0x000000ca34300000)]
  0x00000266842343f0 JavaThread "Unconstrained build operations Thread 89" [_thread_blocked, id=16060, stack(0x000000ca34300000,0x000000ca34400000)]
  0x0000026684236f40 JavaThread "Unconstrained build operations Thread 90" [_thread_blocked, id=8036, stack(0x000000ca34400000,0x000000ca34500000)]
  0x0000026684237410 JavaThread "Unconstrained build operations Thread 91" [_thread_blocked, id=268, stack(0x000000ca34500000,0x000000ca34600000)]
  0x0000026684235c00 JavaThread "Unconstrained build operations Thread 92" [_thread_blocked, id=14384, stack(0x000000ca34600000,0x000000ca34700000)]
  0x00000266842348c0 JavaThread "Unconstrained build operations Thread 93" [_thread_blocked, id=8048, stack(0x000000ca34700000,0x000000ca34800000)]
  0x000002668423a430 JavaThread "Unconstrained build operations Thread 94" [_thread_blocked, id=14144, stack(0x000000ca34800000,0x000000ca34900000)]
  0x00000266842365a0 JavaThread "Unconstrained build operations Thread 95" [_thread_blocked, id=15424, stack(0x000000ca34900000,0x000000ca34a00000)]
  0x000002668423a900 JavaThread "Unconstrained build operations Thread 96" [_thread_blocked, id=11312, stack(0x000000ca34a00000,0x000000ca34b00000)]
  0x0000026684238c20 JavaThread "Unconstrained build operations Thread 97" [_thread_blocked, id=16020, stack(0x000000ca34b00000,0x000000ca34c00000)]
  0x0000026684236a70 JavaThread "Unconstrained build operations Thread 98" [_thread_blocked, id=16416, stack(0x000000ca34c00000,0x000000ca34d00000)]
  0x000002668423add0 JavaThread "Unconstrained build operations Thread 99" [_thread_blocked, id=9744, stack(0x000000ca34d00000,0x000000ca34e00000)]
  0x0000026684233f20 JavaThread "Unconstrained build operations Thread 100" [_thread_blocked, id=17056, stack(0x000000ca34e00000,0x000000ca34f00000)]
  0x0000026684235260 JavaThread "Unconstrained build operations Thread 101" [_thread_blocked, id=2484, stack(0x000000ca34f00000,0x000000ca35000000)]
  0x0000026684237db0 JavaThread "Unconstrained build operations Thread 102" [_thread_blocked, id=1880, stack(0x000000ca35000000,0x000000ca35100000)]
  0x00000266842378e0 JavaThread "Unconstrained build operations Thread 103" [_thread_blocked, id=5900, stack(0x000000ca35100000,0x000000ca35200000)]
  0x0000026683bcde90 JavaThread "Unconstrained build operations Thread 104" [_thread_blocked, id=8696, stack(0x000000ca35200000,0x000000ca35300000)]
  0x0000026683bcfb70 JavaThread "Unconstrained build operations Thread 105" [_thread_blocked, id=18364, stack(0x000000ca35300000,0x000000ca35400000)]
  0x0000026683bca9a0 JavaThread "Unconstrained build operations Thread 106" [_thread_blocked, id=12000, stack(0x000000ca35400000,0x000000ca35500000)]
  0x0000026683bd0040 JavaThread "Unconstrained build operations Thread 107" [_thread_blocked, id=9924, stack(0x000000ca35500000,0x000000ca35600000)]
  0x0000026683bcae70 JavaThread "Unconstrained build operations Thread 108" [_thread_blocked, id=1292, stack(0x000000ca35600000,0x000000ca35700000)]
  0x0000026683bcbce0 JavaThread "Unconstrained build operations Thread 109" [_thread_blocked, id=12388, stack(0x000000ca35700000,0x000000ca35800000)]
  0x0000026683bcd4f0 JavaThread "Unconstrained build operations Thread 110" [_thread_blocked, id=10272, stack(0x000000ca35800000,0x000000ca35900000)]
  0x0000026683bcf6a0 JavaThread "Unconstrained build operations Thread 111" [_thread_blocked, id=6380, stack(0x000000ca35900000,0x000000ca35a00000)]
  0x0000026683bce830 JavaThread "Unconstrained build operations Thread 112" [_thread_blocked, id=16184, stack(0x000000ca35a00000,0x000000ca35b00000)]
  0x0000026683bd1850 JavaThread "Unconstrained build operations Thread 113" [_thread_blocked, id=5872, stack(0x000000ca35b00000,0x000000ca35c00000)]
  0x0000026683bcb340 JavaThread "Unconstrained build operations Thread 114" [_thread_blocked, id=12296, stack(0x000000ca35c00000,0x000000ca35d00000)]
  0x0000026683bcd9c0 JavaThread "Unconstrained build operations Thread 115" [_thread_blocked, id=7300, stack(0x000000ca35d00000,0x000000ca35e00000)]
  0x0000026683bd1380 JavaThread "Unconstrained build operations Thread 116" [_thread_blocked, id=1808, stack(0x000000ca35e00000,0x000000ca35f00000)]
  0x0000026683bd0510 JavaThread "Unconstrained build operations Thread 117" [_thread_blocked, id=3156, stack(0x000000ca35f00000,0x000000ca36000000)]
  0x0000026683bd09e0 JavaThread "Unconstrained build operations Thread 118" [_thread_blocked, id=9336, stack(0x000000ca36000000,0x000000ca36100000)]
  0x0000026683bcb810 JavaThread "Unconstrained build operations Thread 119" [_thread_blocked, id=6500, stack(0x000000ca36100000,0x000000ca36200000)]
  0x0000026683bced00 JavaThread "Unconstrained build operations Thread 120" [_thread_blocked, id=12168, stack(0x000000ca36200000,0x000000ca36300000)]
  0x0000026683bcc1b0 JavaThread "Unconstrained build operations Thread 121" [_thread_blocked, id=4072, stack(0x000000ca36300000,0x000000ca36400000)]
  0x0000026683bcd020 JavaThread "Unconstrained build operations Thread 122" [_thread_blocked, id=7884, stack(0x000000ca36400000,0x000000ca36500000)]
  0x0000026683bcf1d0 JavaThread "Unconstrained build operations Thread 123" [_thread_blocked, id=11384, stack(0x000000ca36500000,0x000000ca36600000)]
  0x0000026683bd0eb0 JavaThread "Unconstrained build operations Thread 124" [_thread_blocked, id=17164, stack(0x000000ca36600000,0x000000ca36700000)]
  0x0000026683bccb50 JavaThread "Unconstrained build operations Thread 125" [_thread_blocked, id=5928, stack(0x000000ca36700000,0x000000ca36800000)]
  0x0000026683bca000 JavaThread "Unconstrained build operations Thread 126" [_thread_blocked, id=14528, stack(0x000000ca36800000,0x000000ca36900000)]
  0x0000026683bca4d0 JavaThread "Unconstrained build operations Thread 127" [_thread_blocked, id=15200, stack(0x000000ca36900000,0x000000ca36a00000)]
  0x0000026683bce360 JavaThread "Unconstrained build operations Thread 128" [_thread_blocked, id=15132, stack(0x000000ca36a00000,0x000000ca36b00000)]
  0x0000026683bcc680 JavaThread "Unconstrained build operations Thread 129" [_thread_blocked, id=13416, stack(0x000000ca36b00000,0x000000ca36c00000)]
  0x0000026684238280 JavaThread "Unconstrained build operations Thread 130" [_thread_blocked, id=15036, stack(0x000000ca36c00000,0x000000ca36d00000)]
  0x000002668344cdc0 JavaThread "Unconstrained build operations Thread 131" [_thread_blocked, id=12108, stack(0x000000ca36d00000,0x000000ca36e00000)]
  0x00000266834498d0 JavaThread "Unconstrained build operations Thread 132" [_thread_blocked, id=15488, stack(0x000000ca36e00000,0x000000ca36f00000)]
  0x000002668344b5b0 JavaThread "Unconstrained build operations Thread 133" [_thread_blocked, id=15196, stack(0x000000ca36f00000,0x000000ca37000000)]
  0x000002668344ef70 JavaThread "Unconstrained build operations Thread 134" [_thread_blocked, id=6756, stack(0x000000ca37000000,0x000000ca37100000)]
  0x000002668344d290 JavaThread "Unconstrained build operations Thread 135" [_thread_blocked, id=10436, stack(0x000000ca37100000,0x000000ca37200000)]
  0x0000026683448f30 JavaThread "Unconstrained build operations Thread 136" [_thread_blocked, id=3552, stack(0x000000ca37200000,0x000000ca37300000)]
  0x000002668344e5d0 JavaThread "Unconstrained build operations Thread 137" [_thread_blocked, id=7636, stack(0x000000ca37300000,0x000000ca37400000)]
  0x000002668344ac10 JavaThread "Unconstrained build operations Thread 138" [_thread_blocked, id=10760, stack(0x000000ca37400000,0x000000ca37500000)]
  0x000002668344b0e0 JavaThread "Unconstrained build operations Thread 139" [_thread_blocked, id=3896, stack(0x000000ca37500000,0x000000ca37600000)]
  0x000002668344ba80 JavaThread "Unconstrained build operations Thread 140" [_thread_blocked, id=8516, stack(0x000000ca37600000,0x000000ca37700000)]
  0x000002668344eaa0 JavaThread "Unconstrained build operations Thread 141" [_thread_blocked, id=13808, stack(0x000000ca37700000,0x000000ca37800000)]
  0x000002668344bf50 JavaThread "Unconstrained build operations Thread 142" [_thread_blocked, id=7952, stack(0x000000ca37800000,0x000000ca37900000)]
  0x000002668344c420 JavaThread "Unconstrained build operations Thread 143" [_thread_blocked, id=10488, stack(0x000000ca37900000,0x000000ca37a00000)]
  0x000002668344a270 JavaThread "Unconstrained build operations Thread 144" [_thread_blocked, id=10920, stack(0x000000ca37a00000,0x000000ca37b00000)]
  0x000002668344dc30 JavaThread "Unconstrained build operations Thread 145" [_thread_blocked, id=9604, stack(0x000000ca37b00000,0x000000ca37c00000)]
  0x000002668344f910 JavaThread "Unconstrained build operations Thread 146" [_thread_blocked, id=11604, stack(0x000000ca37c00000,0x000000ca37d00000)]
  0x000002668344c8f0 JavaThread "Unconstrained build operations Thread 147" [_thread_blocked, id=1768, stack(0x000000ca37d00000,0x000000ca37e00000)]
  0x0000026683449400 JavaThread "Unconstrained build operations Thread 148" [_thread_blocked, id=10460, stack(0x000000ca37e00000,0x000000ca37f00000)]
  0x0000026683449da0 JavaThread "Unconstrained build operations Thread 149" [_thread_blocked, id=15772, stack(0x000000ca37f00000,0x000000ca38000000)]
  0x000002668344f440 JavaThread "jar transforms Thread 6" [_thread_blocked, id=10156, stack(0x000000ca38000000,0x000000ca38100000)]
  0x000002668344d760 JavaThread "jar transforms Thread 7" [_thread_blocked, id=4512, stack(0x000000ca38100000,0x000000ca38200000)]
  0x000002668344e100 JavaThread "jar transforms Thread 8" [_thread_blocked, id=5364, stack(0x000000ca38200000,0x000000ca38300000)]
  0x00000266834480c0 JavaThread "jar transforms Thread 9" [_thread_blocked, id=12004, stack(0x000000ca38300000,0x000000ca38400000)]
  0x0000026683448590 JavaThread "jar transforms Thread 10" [_thread_blocked, id=944, stack(0x000000ca38400000,0x000000ca38500000)]
  0x0000026683448a60 JavaThread "jar transforms Thread 11" [_thread_blocked, id=18080, stack(0x000000ca38500000,0x000000ca38600000)]
  0x000002668344a740 JavaThread "jar transforms Thread 12" [_thread_blocked, id=17332, stack(0x000000ca38600000,0x000000ca38700000)]
  0x0000026682733640 JavaThread "jar transforms Thread 13" [_thread_blocked, id=2368, stack(0x000000ca38700000,0x000000ca38800000)]
  0x0000026682737000 JavaThread "jar transforms Thread 14" [_thread_blocked, id=14012, stack(0x000000ca38800000,0x000000ca38900000)]
  0x0000026682736b30 JavaThread "jar transforms Thread 15" [_thread_blocked, id=17644, stack(0x000000ca38900000,0x000000ca38a00000)]
  0x0000026682738ce0 JavaThread "jar transforms Thread 16" [_thread_blocked, id=17404, stack(0x000000ca38a00000,0x000000ca38b00000)]
  0x00000266827374d0 JavaThread "jar transforms Thread 17" [_thread_blocked, id=12384, stack(0x000000ca38b00000,0x000000ca38c00000)]
  0x00000266827357f0 JavaThread "jar transforms Thread 18" [_thread_blocked, id=10808, stack(0x000000ca38c00000,0x000000ca38d00000)]
  0x00000266827379a0 JavaThread "jar transforms Thread 19" [_thread_blocked, id=5828, stack(0x000000ca38d00000,0x000000ca38e00000)]
  0x0000026682738810 JavaThread "jar transforms Thread 20" [_thread_blocked, id=9888, stack(0x000000ca38e00000,0x000000ca38f00000)]
  0x0000026682737e70 JavaThread "build event listener" [_thread_blocked, id=17912, stack(0x000000ca38f00000,0x000000ca39000000)]

Other Threads:
  0x00000266fcdfb280 VMThread "VM Thread" [stack: 0x000000ca2ad00000,0x000000ca2ae00000] [id=2272]
  0x00000266fe2572a0 WatcherThread [stack: 0x000000ca2bb00000,0x000000ca2bc00000] [id=10928]
  0x00000266e2672990 GCTaskThread "GC Thread#0" [stack: 0x000000ca2a800000,0x000000ca2a900000] [id=17412]
  0x00000266fee47140 GCTaskThread "GC Thread#1" [stack: 0x000000ca2bd00000,0x000000ca2be00000] [id=11208]
  0x00000266fee45e70 GCTaskThread "GC Thread#2" [stack: 0x000000ca2be00000,0x000000ca2bf00000] [id=13672]
  0x00000266fee46be0 GCTaskThread "GC Thread#3" [stack: 0x000000ca2bf00000,0x000000ca2c000000] [id=14836]
  0x00000266fee45bc0 GCTaskThread "GC Thread#4" [stack: 0x000000ca2c100000,0x000000ca2c200000] [id=16100]
  0x00000266fee463d0 GCTaskThread "GC Thread#5" [stack: 0x000000ca2cc00000,0x000000ca2cd00000] [id=15780]
  0x0000026680d2bf70 GCTaskThread "GC Thread#6" [stack: 0x000000ca2cd00000,0x000000ca2ce00000] [id=15676]
  0x0000026680d2c220 GCTaskThread "GC Thread#7" [stack: 0x000000ca2ce00000,0x000000ca2cf00000] [id=4544]
  0x0000026680d2ca30 GCTaskThread "GC Thread#8" [stack: 0x000000ca2cf00000,0x000000ca2d000000] [id=16336]
  0x0000026680d2dd00 GCTaskThread "GC Thread#9" [stack: 0x000000ca2d000000,0x000000ca2d100000] [id=16524]
  0x0000026680d2dfb0 GCTaskThread "GC Thread#10" [stack: 0x000000ca2d100000,0x000000ca2d200000] [id=9552]
  0x0000026680d2bcc0 GCTaskThread "GC Thread#11" [stack: 0x000000ca2d200000,0x000000ca2d300000] [id=15128]
  0x0000026680d2e260 GCTaskThread "GC Thread#12" [stack: 0x000000ca2d300000,0x000000ca2d400000] [id=13864]
  0x0000026680d2cce0 GCTaskThread "GC Thread#13" [stack: 0x000000ca2d400000,0x000000ca2d500000] [id=17560]
  0x0000026680d2e510 GCTaskThread "GC Thread#14" [stack: 0x000000ca2d500000,0x000000ca2d600000] [id=14944]
  0x00000266e26848e0 ConcurrentGCThread "G1 Main Marker" [stack: 0x000000ca2a900000,0x000000ca2aa00000] [id=10472]
  0x00000266e26852f0 ConcurrentGCThread "G1 Conc#0" [stack: 0x000000ca2aa00000,0x000000ca2ab00000] [id=3384]
  0x0000026680d2cf90 ConcurrentGCThread "G1 Conc#1" [stack: 0x000000ca2d600000,0x000000ca2d700000] [id=14068]
  0x0000026680d2d4f0 ConcurrentGCThread "G1 Conc#2" [stack: 0x000000ca2d700000,0x000000ca2d800000] [id=4716]
  0x0000026680d2c4d0 ConcurrentGCThread "G1 Conc#3" [stack: 0x000000ca2d800000,0x000000ca2d900000] [id=15624]
  0x00000266e26ce4c0 ConcurrentGCThread "G1 Refine#0" [stack: 0x000000ca2ab00000,0x000000ca2ac00000] [id=16632]
  0x00000266fcca8360 ConcurrentGCThread "G1 Service" [stack: 0x000000ca2ac00000,0x000000ca2ad00000] [id=8320]

Threads with active compile tasks:
C2 CompilerThread0     3136 6478   !   4       java.net.URLClassLoader::findClass (47 bytes)
C2 CompilerThread1     3136 6574       4       java.net.URLClassLoader$1::run (5 bytes)

VM state: not at safepoint (normal execution)

VM Mutex/Monitor currently owned by a thread: None

Heap address: 0x0000000080000000, size: 2048 MB, Compressed Oops mode: 32-bit

CDS archive(s) not mapped
Compressed class space mapped at: 0x0000000100000000-0x0000000140000000, reserved size: 1073741824
Narrow klass base: 0x0000000000000000, Narrow klass shift: 3, Narrow klass range: 0x140000000

GC Precious Log:
 CPUs: 20 total, 20 available
 Memory: 7906M
 Large Page Support: Disabled
 NUMA Support: Disabled
 Compressed Oops: Enabled (32-bit)
 Heap Region Size: 1M
 Heap Min Capacity: 8M
 Heap Initial Capacity: 124M
 Heap Max Capacity: 2G
 Pre-touch: Disabled
 Parallel Workers: 15
 Concurrent Workers: 4
 Concurrent Refinement Workers: 15
 Periodic GC: Disabled

Heap:
 garbage-first heap   total 100352K, used 68208K [0x0000000080000000, 0x0000000100000000)
  region size 1024K, 22 young (22528K), 6 survivors (6144K)
 Metaspace       used 58004K, committed 58432K, reserved 1105920K
  class space    used 7611K, committed 7808K, reserved 1048576K

Heap Regions: E=young(eden), S=young(survivor), O=old, HS=humongous(starts), HC=humongous(continues), CS=collection set, F=free, OA=open archive, CA=closed archive, TAMS=top-at-mark-start (previous, next)
|   0|0x0000000080000000, 0x0000000080100000, 0x0000000080100000|100%|HS|  |TAMS 0x0000000080100000, 0x0000000080000000| Complete 
|   1|0x0000000080100000, 0x0000000080200000, 0x0000000080200000|100%|HC|  |TAMS 0x0000000080200000, 0x0000000080100000| Complete 
|   2|0x0000000080200000, 0x0000000080300000, 0x0000000080300000|100%|HC|  |TAMS 0x0000000080300000, 0x0000000080200000| Complete 
|   3|0x0000000080300000, 0x0000000080400000, 0x0000000080400000|100%|HC|  |TAMS 0x0000000080400000, 0x0000000080300000| Complete 
|   4|0x0000000080400000, 0x0000000080500000, 0x0000000080500000|100%| O|  |TAMS 0x0000000080500000, 0x0000000080400000| Untracked 
|   5|0x0000000080500000, 0x0000000080600000, 0x0000000080600000|100%| O|  |TAMS 0x0000000080600000, 0x0000000080500000| Untracked 
|   6|0x0000000080600000, 0x0000000080700000, 0x0000000080700000|100%| O|  |TAMS 0x0000000080700000, 0x0000000080600000| Untracked 
|   7|0x0000000080700000, 0x0000000080800000, 0x0000000080800000|100%| O|  |TAMS 0x0000000080800000, 0x0000000080700000| Untracked 
|   8|0x0000000080800000, 0x0000000080900000, 0x0000000080900000|100%| O|  |TAMS 0x0000000080900000, 0x0000000080800000| Untracked 
|   9|0x0000000080900000, 0x0000000080a00000, 0x0000000080a00000|100%| O|  |TAMS 0x0000000080a00000, 0x0000000080900000| Untracked 
|  10|0x0000000080a00000, 0x0000000080b00000, 0x0000000080b00000|100%| O|  |TAMS 0x0000000080b00000, 0x0000000080a00000| Untracked 
|  11|0x0000000080b00000, 0x0000000080b22e00, 0x0000000080c00000| 13%| O|  |TAMS 0x0000000080b22e00, 0x0000000080b00000| Untracked 
|  12|0x0000000080c00000, 0x0000000080d00000, 0x0000000080d00000|100%| O|  |TAMS 0x0000000080d00000, 0x0000000080c00000| Untracked 
|  13|0x0000000080d00000, 0x0000000080e00000, 0x0000000080e00000|100%| O|  |TAMS 0x0000000080e00000, 0x0000000080d00000| Untracked 
|  14|0x0000000080e00000, 0x0000000080f00000, 0x0000000080f00000|100%| O|  |TAMS 0x0000000080f00000, 0x0000000080e00000| Untracked 
|  15|0x0000000080f00000, 0x0000000081000000, 0x0000000081000000|100%| O|  |TAMS 0x0000000081000000, 0x0000000080f00000| Untracked 
|  16|0x0000000081000000, 0x0000000081100000, 0x0000000081100000|100%| O|  |TAMS 0x0000000081100000, 0x0000000081000000| Untracked 
|  17|0x0000000081100000, 0x0000000081200000, 0x0000000081200000|100%| O|  |TAMS 0x0000000081200000, 0x0000000081100000| Untracked 
|  18|0x0000000081200000, 0x0000000081300000, 0x0000000081300000|100%| O|  |TAMS 0x0000000081300000, 0x0000000081200000| Untracked 
|  19|0x0000000081300000, 0x0000000081400000, 0x0000000081400000|100%| O|  |TAMS 0x0000000081400000, 0x0000000081300000| Untracked 
|  20|0x0000000081400000, 0x0000000081500000, 0x0000000081500000|100%| O|  |TAMS 0x00000000814e6000, 0x0000000081400000| Untracked 
|  21|0x0000000081500000, 0x0000000081600000, 0x0000000081600000|100%| O|  |TAMS 0x0000000081500000, 0x0000000081500000| Untracked 
|  22|0x0000000081600000, 0x0000000081700000, 0x0000000081700000|100%| O|  |TAMS 0x0000000081600000, 0x0000000081600000| Untracked 
|  23|0x0000000081700000, 0x0000000081800000, 0x0000000081800000|100%| O|  |TAMS 0x0000000081700000, 0x0000000081700000| Untracked 
|  24|0x0000000081800000, 0x0000000081900000, 0x0000000081900000|100%| O|  |TAMS 0x0000000081800000, 0x0000000081800000| Untracked 
|  25|0x0000000081900000, 0x0000000081a00000, 0x0000000081a00000|100%| O|  |TAMS 0x0000000081900000, 0x0000000081900000| Untracked 
|  26|0x0000000081a00000, 0x0000000081b00000, 0x0000000081b00000|100%| O|  |TAMS 0x0000000081a00000, 0x0000000081a00000| Untracked 
|  27|0x0000000081b00000, 0x0000000081c00000, 0x0000000081c00000|100%| O|  |TAMS 0x0000000081b00000, 0x0000000081b00000| Untracked 
|  28|0x0000000081c00000, 0x0000000081d00000, 0x0000000081d00000|100%| O|  |TAMS 0x0000000081c00000, 0x0000000081c00000| Untracked 
|  29|0x0000000081d00000, 0x0000000081e00000, 0x0000000081e00000|100%| O|  |TAMS 0x0000000081d00000, 0x0000000081d00000| Untracked 
|  30|0x0000000081e00000, 0x0000000081f00000, 0x0000000081f00000|100%| O|  |TAMS 0x0000000081e00000, 0x0000000081e00000| Untracked 
|  31|0x0000000081f00000, 0x0000000082000000, 0x0000000082000000|100%| O|  |TAMS 0x0000000081f00000, 0x0000000081f00000| Untracked 
|  32|0x0000000082000000, 0x0000000082100000, 0x0000000082100000|100%| O|  |TAMS 0x0000000082000000, 0x0000000082000000| Untracked 
|  33|0x0000000082100000, 0x0000000082200000, 0x0000000082200000|100%| O|  |TAMS 0x0000000082100000, 0x0000000082100000| Untracked 
|  34|0x0000000082200000, 0x0000000082300000, 0x0000000082300000|100%|HS|  |TAMS 0x0000000082200000, 0x0000000082200000| Complete 
|  35|0x0000000082300000, 0x0000000082400000, 0x0000000082400000|100%|HS|  |TAMS 0x0000000082300000, 0x0000000082300000| Complete 
|  36|0x0000000082400000, 0x0000000082500000, 0x0000000082500000|100%|HS|  |TAMS 0x0000000082400000, 0x0000000082400000| Complete 
|  37|0x0000000082500000, 0x0000000082600000, 0x0000000082600000|100%|HC|  |TAMS 0x0000000082500000, 0x0000000082500000| Complete 
|  38|0x0000000082600000, 0x0000000082700000, 0x0000000082700000|100%|HS|  |TAMS 0x0000000082600000, 0x0000000082600000| Complete 
|  39|0x0000000082700000, 0x0000000082800000, 0x0000000082800000|100%|HC|  |TAMS 0x0000000082700000, 0x0000000082700000| Complete 
|  40|0x0000000082800000, 0x0000000082900000, 0x0000000082900000|100%|HC|  |TAMS 0x0000000082800000, 0x0000000082800000| Complete 
|  41|0x0000000082900000, 0x0000000082a00000, 0x0000000082a00000|100%|HC|  |TAMS 0x0000000082900000, 0x0000000082900000| Complete 
|  42|0x0000000082a00000, 0x0000000082a00000, 0x0000000082b00000|  0%| F|  |TAMS 0x0000000082a00000, 0x0000000082a00000| Untracked 
|  43|0x0000000082b00000, 0x0000000082c00000, 0x0000000082c00000|100%| O|  |TAMS 0x0000000082b00000, 0x0000000082b00000| Untracked 
|  44|0x0000000082c00000, 0x0000000082d00000, 0x0000000082d00000|100%| O|  |TAMS 0x0000000082c00000, 0x0000000082c00000| Untracked 
|  45|0x0000000082d00000, 0x0000000082e00000, 0x0000000082e00000|100%| O|  |TAMS 0x0000000082d00000, 0x0000000082d00000| Untracked 
|  46|0x0000000082e00000, 0x0000000082f00000, 0x0000000082f00000|100%| O|  |TAMS 0x0000000082e00000, 0x0000000082e00000| Untracked 
|  47|0x0000000082f00000, 0x0000000082f79400, 0x0000000083000000| 47%| O|  |TAMS 0x0000000082f00000, 0x0000000082f00000| Untracked 
|  48|0x0000000083000000, 0x0000000083000000, 0x0000000083100000|  0%| F|  |TAMS 0x0000000083000000, 0x0000000083000000| Untracked 
|  49|0x0000000083100000, 0x0000000083100000, 0x0000000083200000|  0%| F|  |TAMS 0x0000000083100000, 0x0000000083100000| Untracked 
|  50|0x0000000083200000, 0x0000000083300000, 0x0000000083300000|100%| S|CS|TAMS 0x0000000083200000, 0x0000000083200000| Complete 
|  51|0x0000000083300000, 0x0000000083400000, 0x0000000083400000|100%| S|CS|TAMS 0x0000000083300000, 0x0000000083300000| Complete 
|  52|0x0000000083400000, 0x0000000083500000, 0x0000000083500000|100%| S|CS|TAMS 0x0000000083400000, 0x0000000083400000| Complete 
|  53|0x0000000083500000, 0x0000000083600000, 0x0000000083600000|100%| S|CS|TAMS 0x0000000083500000, 0x0000000083500000| Complete 
|  54|0x0000000083600000, 0x0000000083700000, 0x0000000083700000|100%| S|CS|TAMS 0x0000000083600000, 0x0000000083600000| Complete 
|  55|0x0000000083700000, 0x0000000083700000, 0x0000000083800000|  0%| F|  |TAMS 0x0000000083700000, 0x0000000083700000| Untracked 
|  56|0x0000000083800000, 0x0000000083800000, 0x0000000083900000|  0%| F|  |TAMS 0x0000000083800000, 0x0000000083800000| Untracked 
|  57|0x0000000083900000, 0x0000000083900000, 0x0000000083a00000|  0%| F|  |TAMS 0x0000000083900000, 0x0000000083900000| Untracked 
|  58|0x0000000083a00000, 0x0000000083a00000, 0x0000000083b00000|  0%| F|  |TAMS 0x0000000083a00000, 0x0000000083a00000| Untracked 
|  59|0x0000000083b00000, 0x0000000083b00000, 0x0000000083c00000|  0%| F|  |TAMS 0x0000000083b00000, 0x0000000083b00000| Untracked 
|  60|0x0000000083c00000, 0x0000000083d00000, 0x0000000083d00000|100%| S|CS|TAMS 0x0000000083c00000, 0x0000000083c00000| Complete 
|  61|0x0000000083d00000, 0x0000000083d00000, 0x0000000083e00000|  0%| F|  |TAMS 0x0000000083d00000, 0x0000000083d00000| Untracked 
|  62|0x0000000083e00000, 0x0000000083e00000, 0x0000000083f00000|  0%| F|  |TAMS 0x0000000083e00000, 0x0000000083e00000| Untracked 
|  63|0x0000000083f00000, 0x0000000083f00000, 0x0000000084000000|  0%| F|  |TAMS 0x0000000083f00000, 0x0000000083f00000| Untracked 
|  64|0x0000000084000000, 0x0000000084000000, 0x0000000084100000|  0%| F|  |TAMS 0x0000000084000000, 0x0000000084000000| Untracked 
|  65|0x0000000084100000, 0x0000000084100000, 0x0000000084200000|  0%| F|  |TAMS 0x0000000084100000, 0x0000000084100000| Untracked 
|  66|0x0000000084200000, 0x0000000084200000, 0x0000000084300000|  0%| F|  |TAMS 0x0000000084200000, 0x0000000084200000| Untracked 
|  67|0x0000000084300000, 0x0000000084300000, 0x0000000084400000|  0%| F|  |TAMS 0x0000000084300000, 0x0000000084300000| Untracked 
|  68|0x0000000084400000, 0x0000000084400000, 0x0000000084500000|  0%| F|  |TAMS 0x0000000084400000, 0x0000000084400000| Untracked 
|  69|0x0000000084500000, 0x0000000084500000, 0x0000000084600000|  0%| F|  |TAMS 0x0000000084500000, 0x0000000084500000| Untracked 
|  70|0x0000000084600000, 0x0000000084600000, 0x0000000084700000|  0%| F|  |TAMS 0x0000000084600000, 0x0000000084600000| Untracked 
|  71|0x0000000084700000, 0x0000000084700000, 0x0000000084800000|  0%| F|  |TAMS 0x0000000084700000, 0x0000000084700000| Untracked 
|  72|0x0000000084800000, 0x0000000084800000, 0x0000000084900000|  0%| F|  |TAMS 0x0000000084800000, 0x0000000084800000| Untracked 
|  73|0x0000000084900000, 0x0000000084900000, 0x0000000084a00000|  0%| F|  |TAMS 0x0000000084900000, 0x0000000084900000| Untracked 
|  74|0x0000000084a00000, 0x0000000084a00000, 0x0000000084b00000|  0%| F|  |TAMS 0x0000000084a00000, 0x0000000084a00000| Untracked 
|  75|0x0000000084b00000, 0x0000000084b00000, 0x0000000084c00000|  0%| F|  |TAMS 0x0000000084b00000, 0x0000000084b00000| Untracked 
|  76|0x0000000084c00000, 0x0000000084c00000, 0x0000000084d00000|  0%| F|  |TAMS 0x0000000084c00000, 0x0000000084c00000| Untracked 
|  77|0x0000000084d00000, 0x0000000084d00000, 0x0000000084e00000|  0%| F|  |TAMS 0x0000000084d00000, 0x0000000084d00000| Untracked 
|  78|0x0000000084e00000, 0x0000000084e00000, 0x0000000084f00000|  0%| F|  |TAMS 0x0000000084e00000, 0x0000000084e00000| Untracked 
|  79|0x0000000084f00000, 0x0000000084f00000, 0x0000000085000000|  0%| F|  |TAMS 0x0000000084f00000, 0x0000000084f00000| Untracked 
|  80|0x0000000085000000, 0x0000000085000000, 0x0000000085100000|  0%| F|  |TAMS 0x0000000085000000, 0x0000000085000000| Untracked 
|  81|0x0000000085100000, 0x000000008516df20, 0x0000000085200000| 42%| E|  |TAMS 0x0000000085100000, 0x0000000085100000| Complete 
|  82|0x0000000085200000, 0x0000000085300000, 0x0000000085300000|100%| E|CS|TAMS 0x0000000085200000, 0x0000000085200000| Complete 
|  83|0x0000000085300000, 0x0000000085400000, 0x0000000085400000|100%| E|CS|TAMS 0x0000000085300000, 0x0000000085300000| Complete 
|  84|0x0000000085400000, 0x0000000085500000, 0x0000000085500000|100%| E|CS|TAMS 0x0000000085400000, 0x0000000085400000| Complete 
|  85|0x0000000085500000, 0x0000000085600000, 0x0000000085600000|100%| E|CS|TAMS 0x0000000085500000, 0x0000000085500000| Complete 
|  86|0x0000000085600000, 0x0000000085700000, 0x0000000085700000|100%| E|CS|TAMS 0x0000000085600000, 0x0000000085600000| Complete 
|  87|0x0000000085700000, 0x0000000085800000, 0x0000000085800000|100%| E|CS|TAMS 0x0000000085700000, 0x0000000085700000| Complete 
|  88|0x0000000085800000, 0x0000000085900000, 0x0000000085900000|100%| E|CS|TAMS 0x0000000085800000, 0x0000000085800000| Complete 
|  89|0x0000000085900000, 0x0000000085a00000, 0x0000000085a00000|100%| E|CS|TAMS 0x0000000085900000, 0x0000000085900000| Complete 
|  90|0x0000000085a00000, 0x0000000085b00000, 0x0000000085b00000|100%| E|CS|TAMS 0x0000000085a00000, 0x0000000085a00000| Complete 
|  91|0x0000000085b00000, 0x0000000085c00000, 0x0000000085c00000|100%| E|CS|TAMS 0x0000000085b00000, 0x0000000085b00000| Complete 
|  92|0x0000000085c00000, 0x0000000085d00000, 0x0000000085d00000|100%| E|CS|TAMS 0x0000000085c00000, 0x0000000085c00000| Complete 
|  93|0x0000000085d00000, 0x0000000085e00000, 0x0000000085e00000|100%| E|CS|TAMS 0x0000000085d00000, 0x0000000085d00000| Complete 
|  94|0x0000000085e00000, 0x0000000085f00000, 0x0000000085f00000|100%| E|CS|TAMS 0x0000000085e00000, 0x0000000085e00000| Complete 
|  95|0x0000000085f00000, 0x0000000086000000, 0x0000000086000000|100%| E|CS|TAMS 0x0000000085f00000, 0x0000000085f00000| Complete 
|  96|0x0000000086000000, 0x0000000086100000, 0x0000000086100000|100%| E|CS|TAMS 0x0000000086000000, 0x0000000086000000| Complete 
| 123|0x0000000087b00000, 0x0000000087c00000, 0x0000000087c00000|100%| E|CS|TAMS 0x0000000087b00000, 0x0000000087b00000| Complete 

Card table byte_map: [0x00000266f5980000,0x00000266f5d80000] _byte_map_base: 0x00000266f5580000

Marking Bits (Prev, Next): (CMBitMap*) 0x00000266e2673fb0, (CMBitMap*) 0x00000266e2673ff0
 Prev Bits: [0x00000266f6180000, 0x00000266f8180000)
 Next Bits: [0x00000266f8180000, 0x00000266fa180000)

Polling page: 0x00000266e05c0000

Metaspace:

Usage:
  Non-class:     49.27 MB used.
      Class:      7.44 MB used.
       Both:     56.71 MB used.

Virtual space:
  Non-class space:       56.00 MB reserved,      49.50 MB ( 88%) committed,  7 nodes.
      Class space:        1.00 GB reserved,       7.62 MB ( <1%) committed,  1 nodes.
             Both:        1.05 GB reserved,      57.12 MB (  5%) committed. 

Chunk freelists:
   Non-Class:  1.67 MB
       Class:  336.00 KB
        Both:  2.00 MB

MaxMetaspaceSize: unlimited
CompressedClassSpaceSize: 1.00 GB
Initial GC threshold: 21.00 MB
Current GC threshold: 59.00 MB
CDS: off
MetaspaceReclaimPolicy: balanced
 - commit_granule_bytes: 65536.
 - commit_granule_words: 8192.
 - virtual_space_node_default_size: 1048576.
 - enlarge_chunks_in_place: 1.
 - new_chunks_are_fully_committed: 0.
 - uncommit_free_chunks: 1.
 - use_allocation_guard: 0.
 - handle_deallocations: 1.


Internal statistics:

num_allocs_failed_limit: 6.
num_arena_births: 512.
num_arena_deaths: 0.
num_vsnodes_births: 8.
num_vsnodes_deaths: 0.
num_space_committed: 915.
num_space_uncommitted: 0.
num_chunks_returned_to_freelist: 6.
num_chunks_taken_from_freelist: 2398.
num_chunk_merges: 6.
num_chunk_splits: 1607.
num_chunks_enlarged: 1123.
num_purges: 0.
num_inconsistent_stats: 0.

CodeHeap 'non-profiled nmethods': size=119168Kb used=2656Kb max_used=3323Kb free=116511Kb
 bounds [0x00000266ed670000, 0x00000266ed9b0000, 0x00000266f4ad0000]
CodeHeap 'profiled nmethods': size=119104Kb used=11052Kb max_used=13017Kb free=108051Kb
 bounds [0x00000266e5ad0000, 0x00000266e6790000, 0x00000266ecf20000]
CodeHeap 'non-nmethods': size=7488Kb used=4011Kb max_used=4045Kb free=3476Kb
 bounds [0x00000266ecf20000, 0x00000266ed320000, 0x00000266ed670000]
 total_blobs=6582 nmethods=5743 adapters=748
 compilation: enabled
              stopped_count=0, restarted_count=0
 full_count=0

Compilation events (20 events):
Event: 3.078 Thread 0x00000266fe1f65a0 6561       3       org.gradle.model.internal.asm.MethodVisitorScope::_IFNULL (9 bytes)
Event: 3.078 Thread 0x00000266fe1f65a0 nmethod 6561 0x00000266e5d28010 code [0x00000266e5d281c0, 0x00000266e5d28428]
Event: 3.079 Thread 0x00000266fe34fc70 nmethod 6558 0x00000266ed6e0410 code [0x00000266ed6e05e0, 0x00000266ed6e0b08]
Event: 3.080 Thread 0x00000266ff15f730 6562       3       org.gradle.internal.instantiation.generator.AsmBackedClassGenerator$ClassBuilderImpl::access$5100 (4 bytes)
Event: 3.080 Thread 0x00000266ff15f730 nmethod 6562 0x00000266e5ad8890 code [0x00000266e5ad8a20, 0x00000266e5ad8b18]
Event: 3.080 Thread 0x00000266fe1f2080 6563       3       org.objectweb.asm.SymbolTable::addConstantIntegerOrFloat (100 bytes)
Event: 3.080 Thread 0x00000266fe34fc70 6564       4       jdk.internal.org.objectweb.asm.ClassReader::<init> (371 bytes)
Event: 3.080 Thread 0x00000266fe1f2080 nmethod 6563 0x00000266e5ffba90 code [0x00000266e5ffbca0, 0x00000266e5ffc1d8]
Event: 3.085 Thread 0x00000266fe34fc70 nmethod 6564 0x00000266ed6bbf90 code [0x00000266ed6bc140, 0x00000266ed6bcad8]
Event: 3.086 Thread 0x00000266fe34fc70 6565       4       com.google.common.base.Equivalence$Equals::doHash (5 bytes)
Event: 3.086 Thread 0x00000266fe34fc70 nmethod 6565 0x00000266ed6bbc10 code [0x00000266ed6bbda0, 0x00000266ed6bbe98]
Event: 3.093 Thread 0x00000266ff15f730 6566       3       jdk.internal.reflect.ConstantPool::getIntAt (10 bytes)
Event: 3.093 Thread 0x00000266fe08e3b0 6568       3       org.gradle.internal.instantiation.generator.AbstractClassGenerator$ClassGenerationHandler::startType (1 bytes)
Event: 3.093 Thread 0x00000266ff15f730 nmethod 6566 0x00000266e5d6c410 code [0x00000266e5d6c5a0, 0x00000266e5d6c6e8]
Event: 3.093 Thread 0x00000266fe08e3b0 nmethod 6568 0x00000266e5d80090 code [0x00000266e5d80220, 0x00000266e5d80338]
Event: 3.093 Thread 0x00000266fe08e3b0 6569       3       org.gradle.internal.instantiation.generator.AbstractClassGenerator$DslMixInPropertyType::visitInstanceMethod (104 bytes)
Event: 3.093 Thread 0x00000266ff15f730 6570       3       org.objectweb.asm.AnnotationWriter::visit (935 bytes)
Event: 3.094 Thread 0x00000266fe08e3b0 nmethod 6569 0x00000266e5c4d310 code [0x00000266e5c4d540, 0x00000266e5c4df18]
Event: 3.095 Thread 0x00000266ff15f730 nmethod 6570 0x00000266e5ae5e90 code [0x00000266e5ae65c0, 0x00000266e5aea498]
Event: 3.122 Thread 0x00000266fe34fc70 6571       4       jdk.internal.loader.URLClassPath$JarLoader$2::getBytes (48 bytes)

GC Heap History (20 events):
Event: 1.258 GC heap before
{Heap before GC invocations=4 (full 0):
 garbage-first heap   total 68608K, used 53351K [0x0000000080000000, 0x0000000100000000)
  region size 1024K, 43 young (44032K), 8 survivors (8192K)
 Metaspace       used 26884K, committed 27136K, reserved 1073152K
  class space    used 3546K, committed 3648K, reserved 1048576K
}
Event: 1.262 GC heap after
{Heap after GC invocations=5 (full 0):
 garbage-first heap   total 68608K, used 20834K [0x0000000080000000, 0x0000000100000000)
  region size 1024K, 3 young (3072K), 3 survivors (3072K)
 Metaspace       used 26884K, committed 27136K, reserved 1073152K
  class space    used 3546K, committed 3648K, reserved 1048576K
}
Event: 1.470 GC heap before
{Heap before GC invocations=5 (full 0):
 garbage-first heap   total 68608K, used 46434K [0x0000000080000000, 0x0000000100000000)
  region size 1024K, 28 young (28672K), 3 survivors (3072K)
 Metaspace       used 30786K, committed 31104K, reserved 1081344K
  class space    used 4171K, committed 4288K, reserved 1048576K
}
Event: 1.472 GC heap after
{Heap after GC invocations=6 (full 0):
 garbage-first heap   total 68608K, used 22110K [0x0000000080000000, 0x0000000100000000)
  region size 1024K, 2 young (2048K), 2 survivors (2048K)
 Metaspace       used 30786K, committed 31104K, reserved 1081344K
  class space    used 4171K, committed 4288K, reserved 1048576K
}
Event: 1.683 GC heap before
{Heap before GC invocations=6 (full 0):
 garbage-first heap   total 68608K, used 48734K [0x0000000080000000, 0x0000000100000000)
  region size 1024K, 28 young (28672K), 2 survivors (2048K)
 Metaspace       used 35330K, committed 35712K, reserved 1081344K
  class space    used 4862K, committed 5056K, reserved 1048576K
}
Event: 1.686 GC heap after
{Heap after GC invocations=7 (full 0):
 garbage-first heap   total 68608K, used 23925K [0x0000000080000000, 0x0000000100000000)
  region size 1024K, 4 young (4096K), 4 survivors (4096K)
 Metaspace       used 35330K, committed 35712K, reserved 1081344K
  class space    used 4862K, committed 5056K, reserved 1048576K
}
Event: 1.708 GC heap before
{Heap before GC invocations=7 (full 0):
 garbage-first heap   total 68608K, used 24949K [0x0000000080000000, 0x0000000100000000)
  region size 1024K, 6 young (6144K), 4 survivors (4096K)
 Metaspace       used 35732K, committed 36096K, reserved 1081344K
  class space    used 4879K, committed 5056K, reserved 1048576K
}
Event: 1.710 GC heap after
{Heap after GC invocations=8 (full 0):
 garbage-first heap   total 82944K, used 24409K [0x0000000080000000, 0x0000000100000000)
  region size 1024K, 3 young (3072K), 3 survivors (3072K)
 Metaspace       used 35732K, committed 36096K, reserved 1081344K
  class space    used 4879K, committed 5056K, reserved 1048576K
}
Event: 1.917 GC heap before
{Heap before GC invocations=9 (full 0):
 garbage-first heap   total 82944K, used 53081K [0x0000000080000000, 0x0000000100000000)
  region size 1024K, 32 young (32768K), 3 survivors (3072K)
 Metaspace       used 40595K, committed 40896K, reserved 1089536K
  class space    used 5362K, committed 5504K, reserved 1048576K
}
Event: 1.920 GC heap after
{Heap after GC invocations=10 (full 0):
 garbage-first heap   total 82944K, used 28349K [0x0000000080000000, 0x0000000100000000)
  region size 1024K, 4 young (4096K), 4 survivors (4096K)
 Metaspace       used 40595K, committed 40896K, reserved 1089536K
  class space    used 5362K, committed 5504K, reserved 1048576K
}
Event: 2.085 GC heap before
{Heap before GC invocations=10 (full 0):
 garbage-first heap   total 82944K, used 59069K [0x0000000080000000, 0x0000000100000000)
  region size 1024K, 32 young (32768K), 4 survivors (4096K)
 Metaspace       used 43147K, committed 43584K, reserved 1089536K
  class space    used 5638K, committed 5824K, reserved 1048576K
}
Event: 2.088 GC heap after
{Heap after GC invocations=11 (full 0):
 garbage-first heap   total 82944K, used 31552K [0x0000000080000000, 0x0000000100000000)
  region size 1024K, 4 young (4096K), 4 survivors (4096K)
 Metaspace       used 43147K, committed 43584K, reserved 1089536K
  class space    used 5638K, committed 5824K, reserved 1048576K
}
Event: 2.280 GC heap before
{Heap before GC invocations=11 (full 0):
 garbage-first heap   total 82944K, used 58176K [0x0000000080000000, 0x0000000100000000)
  region size 1024K, 30 young (30720K), 4 survivors (4096K)
 Metaspace       used 47219K, committed 47616K, reserved 1097728K
  class space    used 6164K, committed 6336K, reserved 1048576K
}
Event: 2.282 GC heap after
{Heap after GC invocations=12 (full 0):
 garbage-first heap   total 82944K, used 33466K [0x0000000080000000, 0x0000000100000000)
  region size 1024K, 2 young (2048K), 2 survivors (2048K)
 Metaspace       used 47219K, committed 47616K, reserved 1097728K
  class space    used 6164K, committed 6336K, reserved 1048576K
}
Event: 2.471 GC heap before
{Heap before GC invocations=12 (full 0):
 garbage-first heap   total 82944K, used 59066K [0x0000000080000000, 0x0000000100000000)
  region size 1024K, 28 young (28672K), 2 survivors (2048K)
 Metaspace       used 50476K, committed 50880K, reserved 1097728K
  class space    used 6670K, committed 6848K, reserved 1048576K
}
Event: 2.473 GC heap after
{Heap after GC invocations=13 (full 0):
 garbage-first heap   total 100352K, used 34614K [0x0000000080000000, 0x0000000100000000)
  region size 1024K, 4 young (4096K), 4 survivors (4096K)
 Metaspace       used 50476K, committed 50880K, reserved 1097728K
  class space    used 6670K, committed 6848K, reserved 1048576K
}
Event: 2.691 GC heap before
{Heap before GC invocations=13 (full 0):
 garbage-first heap   total 100352K, used 72502K [0x0000000080000000, 0x0000000100000000)
  region size 1024K, 42 young (43008K), 4 survivors (4096K)
 Metaspace       used 52038K, committed 52480K, reserved 1097728K
  class space    used 6836K, committed 7040K, reserved 1048576K
}
Event: 2.693 GC heap after
{Heap after GC invocations=14 (full 0):
 garbage-first heap   total 100352K, used 37748K [0x0000000080000000, 0x0000000100000000)
  region size 1024K, 5 young (5120K), 5 survivors (5120K)
 Metaspace       used 52038K, committed 52480K, reserved 1097728K
  class space    used 6836K, committed 7040K, reserved 1048576K
}
Event: 3.016 GC heap before
{Heap before GC invocations=14 (full 0):
 garbage-first heap   total 100352K, used 83828K [0x0000000080000000, 0x0000000100000000)
  region size 1024K, 42 young (43008K), 5 survivors (5120K)
 Metaspace       used 55297K, committed 55808K, reserved 1097728K
  class space    used 7284K, committed 7488K, reserved 1048576K
}
Event: 3.019 GC heap after
{Heap after GC invocations=15 (full 0):
 garbage-first heap   total 100352K, used 52848K [0x0000000080000000, 0x0000000100000000)
  region size 1024K, 6 young (6144K), 6 survivors (6144K)
 Metaspace       used 55297K, committed 55808K, reserved 1097728K
  class space    used 7284K, committed 7488K, reserved 1048576K
}

Dll operation events (2 events):
Event: 0.004 Loaded shared library C:\Program Files\Android\Android Studio\jbr\bin\java.dll
Event: 0.211 Loaded shared library C:\Program Files\Android\Android Studio\jbr\bin\verify.dll

Deoptimization events (20 events):
Event: 3.030 Thread 0x0000026680c813a0 Uncommon trap: trap_request=0xffffffde fr.pc=0x00000266ed810060 relative=0x00000000000009e0
Event: 3.030 Thread 0x0000026680c813a0 Uncommon trap: reason=class_check action=maybe_recompile pc=0x00000266ed810060 method=java.io.BufferedInputStream.read1([BII)I @ 39 c2
Event: 3.030 Thread 0x0000026680c813a0 DEOPT PACKING pc=0x00000266ed810060 sp=0x000000ca2c8f6e20
Event: 3.030 Thread 0x0000026680c813a0 DEOPT UNPACKING pc=0x00000266ecf769a3 sp=0x000000ca2c8f6d38 mode 2
Event: 3.037 Thread 0x0000026680c813a0 Uncommon trap: trap_request=0xffffffde fr.pc=0x00000266ed810060 relative=0x00000000000009e0
Event: 3.037 Thread 0x0000026680c813a0 Uncommon trap: reason=class_check action=maybe_recompile pc=0x00000266ed810060 method=java.io.BufferedInputStream.read1([BII)I @ 39 c2
Event: 3.037 Thread 0x0000026680c813a0 DEOPT PACKING pc=0x00000266ed810060 sp=0x000000ca2c8f78b0
Event: 3.037 Thread 0x0000026680c813a0 DEOPT UNPACKING pc=0x00000266ecf769a3 sp=0x000000ca2c8f77c8 mode 2
Event: 3.037 Thread 0x0000026680c813a0 Uncommon trap: trap_request=0xffffffde fr.pc=0x00000266ed806868 relative=0x00000000000001a8
Event: 3.037 Thread 0x0000026680c813a0 Uncommon trap: reason=class_check action=maybe_recompile pc=0x00000266ed806868 method=java.io.BufferedInputStream.read1([BII)I @ 39 c2
Event: 3.037 Thread 0x0000026680c813a0 DEOPT PACKING pc=0x00000266ed806868 sp=0x000000ca2c8f7810
Event: 3.037 Thread 0x0000026680c813a0 DEOPT UNPACKING pc=0x00000266ecf769a3 sp=0x000000ca2c8f77b8 mode 2
Event: 3.063 Thread 0x0000026680c813a0 Uncommon trap: trap_request=0xffffff45 fr.pc=0x00000266ed90afe0 relative=0x00000000000002a0
Event: 3.063 Thread 0x0000026680c813a0 Uncommon trap: reason=unstable_if action=reinterpret pc=0x00000266ed90afe0 method=org.gradle.internal.instantiation.generator.AbstractClassGenerator$InjectionAnnotationValidator.validateMethod(Ljava/lang/reflect/Method;Lorg/gradle/internal/reflect/Propert
Event: 3.063 Thread 0x0000026680c813a0 DEOPT PACKING pc=0x00000266ed90afe0 sp=0x000000ca2c8f7200
Event: 3.063 Thread 0x0000026680c813a0 DEOPT UNPACKING pc=0x00000266ecf769a3 sp=0x000000ca2c8f71c8 mode 2
Event: 3.075 Thread 0x0000026680c813a0 Uncommon trap: trap_request=0xffffff45 fr.pc=0x00000266ed946728 relative=0x00000000000001e8
Event: 3.075 Thread 0x0000026680c813a0 Uncommon trap: reason=unstable_if action=reinterpret pc=0x00000266ed946728 method=java.lang.ThreadLocal$ThreadLocalMap.getEntryAfterMiss(Ljava/lang/ThreadLocal;ILjava/lang/ThreadLocal$ThreadLocalMap$Entry;)Ljava/lang/ThreadLocal$ThreadLocalMap$Entry; @ 30
Event: 3.075 Thread 0x0000026680c813a0 DEOPT PACKING pc=0x00000266ed946728 sp=0x000000ca2c8f7f10
Event: 3.075 Thread 0x0000026680c813a0 DEOPT UNPACKING pc=0x00000266ecf769a3 sp=0x000000ca2c8f7da0 mode 2

Classes unloaded (0 events):
No events

Classes redefined (0 events):
No events

Internal exceptions (20 events):
Event: 2.487 Thread 0x0000026680c813a0 Exception <a 'java/lang/NoSuchMethodError'{0x0000000085f31428}: 'java.lang.Object java.lang.invoke.DirectMethodHandle$Holder.invokeStatic(java.lang.Object, java.lang.Object, java.lang.Object, java.lang.Object, java.lang.Object, java.lang.Object, java.lang.Object, java.lang.Object, java.lang.Object, java.lang.Object, java.lang.Object, java.lang.Object, java.lang.Object, java.lang.Object, java.lang.Object, java.lang.Object, java.lang.Object, java.lang.Object, java.lang.Object, java.lang.Object, java.lang.Obj
Event: 2.515 Thread 0x0000026680c813a0 Exception <a 'java/lang/NoSuchMethodError'{0x0000000085c19290}: 'java.lang.Object java.lang.invoke.DirectMethodHandle$Holder.newInvokeSpecial(java.lang.Object, java.lang.Object, int)'> (0x0000000085c19290) 
thrown [s\src\hotspot\share\interpreter\linkResolver.cpp, line 771]
Event: 2.626 Thread 0x0000026680c813a0 Implicit null exception at 0x00000266ed94806f to 0x00000266ed9482b0
Event: 2.733 Thread 0x0000026680c813a0 Exception <a 'java/lang/NoSuchMethodError'{0x0000000085b83ab0}: 'long java.lang.invoke.DirectMethodHandle$Holder.invokeVirtual(java.lang.Object, java.lang.Object)'> (0x0000000085b83ab0) 
thrown [s\src\hotspot\share\interpreter\linkResolver.cpp, line 771]
Event: 2.735 Thread 0x00000266ff63ce30 Exception <a 'java/lang/NoSuchMethodError'{0x0000000085a07988}: static Lorg/gradle/internal/build/event/types/DefaultOperationFinishedProgressEvent;.<clinit>()V> (0x0000000085a07988) 
thrown [s\src\hotspot\share\prims\jni.cpp, line 1108]
Event: 2.737 Thread 0x00000266ff63ce30 Exception <a 'java/lang/NoSuchMethodError'{0x0000000085a2ec28}: static Lorg/gradle/internal/build/event/types/DefaultProjectConfigurationSuccessResult;.<clinit>()V> (0x0000000085a2ec28) 
thrown [s\src\hotspot\share\prims\jni.cpp, line 1108]
Event: 2.737 Thread 0x00000266ff63ce30 Exception <a 'java/lang/NoSuchMethodError'{0x0000000085a2ff68}: static Lorg/gradle/internal/build/event/types/AbstractProjectConfigurationResult;.<clinit>()V> (0x0000000085a2ff68) 
thrown [s\src\hotspot\share\prims\jni.cpp, line 1108]
Event: 2.737 Thread 0x00000266ff63ce30 Exception <a 'java/lang/NoSuchMethodError'{0x0000000085a31488}: static Lorg/gradle/internal/build/event/types/AbstractOperationResult;.<clinit>()V> (0x0000000085a31488) 
thrown [s\src\hotspot\share\prims\jni.cpp, line 1108]
Event: 2.737 Thread 0x00000266ff63ce30 Exception <a 'java/lang/NoSuchMethodError'{0x0000000085a326b0}: static Lorg/gradle/internal/build/event/types/AbstractResult;.<clinit>()V> (0x0000000085a326b0) 
thrown [s\src\hotspot\share\prims\jni.cpp, line 1108]
Event: 2.738 Thread 0x00000266ff63ce30 Exception <a 'java/lang/NoSuchMethodError'{0x0000000085a488d8}: static Lorg/gradle/internal/build/event/types/DefaultPluginApplicationResult;.<clinit>()V> (0x0000000085a488d8) 
thrown [s\src\hotspot\share\prims\jni.cpp, line 1108]
Event: 2.739 Thread 0x00000266ff63ce30 Exception <a 'java/lang/NoSuchMethodError'{0x0000000085a550f0}: static Lorg/gradle/internal/build/event/types/DefaultBinaryPluginIdentifier;.<clinit>()V> (0x0000000085a550f0) 
thrown [s\src\hotspot\share\prims\jni.cpp, line 1108]
Event: 2.740 Thread 0x00000266ff63ce30 Exception <a 'java/lang/NoSuchMethodError'{0x0000000085a6afe0}: static Lorg/gradle/internal/build/event/types/DefaultScriptPluginIdentifier;.<clinit>()V> (0x0000000085a6afe0) 
thrown [s\src\hotspot\share\prims\jni.cpp, line 1108]
Event: 2.743 Thread 0x0000026680c813a0 Exception <a 'java/lang/ClassNotFoundException'{0x0000000085ab13e8}: build_7gsm5425ik4658gik5l05l7bbBeanInfo> (0x0000000085ab13e8) 
thrown [s\src\hotspot\share\classfile\systemDictionary.cpp, line 256]
Event: 2.743 Thread 0x0000026680c813a0 Exception <a 'java/lang/ClassNotFoundException'{0x0000000085ab7c68}: build_7gsm5425ik4658gik5l05l7bbCustomizer> (0x0000000085ab7c68) 
thrown [s\src\hotspot\share\classfile\systemDictionary.cpp, line 256]
Event: 2.876 Thread 0x0000026680c813a0 Exception <a 'java/lang/ClassNotFoundException'{0x0000000085048e60}: org/gradle/api/internal/plugins/DefaultObjectConfigurationActionBeanInfo> (0x0000000085048e60) 
thrown [s\src\hotspot\share\classfile\systemDictionary.cpp, line 256]
Event: 2.876 Thread 0x0000026680c813a0 Exception <a 'java/lang/ClassNotFoundException'{0x000000008505b1b8}: org/gradle/api/internal/plugins/DefaultObjectConfigurationActionCustomizer> (0x000000008505b1b8) 
thrown [s\src\hotspot\share\classfile\systemDictionary.cpp, line 256]
Event: 2.951 Thread 0x0000026680c813a0 Exception <a 'java/lang/NoSuchMethodError'{0x0000000084502f78}: 'java.lang.Object java.lang.invoke.DirectMethodHandle$Holder.newInvokeSpecial(java.lang.Object, java.lang.Object, java.lang.Object, java.lang.Object, int)'> (0x0000000084502f78) 
thrown [s\src\hotspot\share\interpreter\linkResolver.cpp, line 771]
Event: 2.951 Thread 0x0000026680c813a0 Exception <a 'java/lang/NoSuchMethodError'{0x0000000084508118}: 'java.lang.Object java.lang.invoke.DirectMethodHandle$Holder.invokeSpecial(java.lang.Object, java.lang.Object, java.lang.Object, java.lang.Object, java.lang.Object, int)'> (0x0000000084508118) 
thrown [s\src\hotspot\share\interpreter\linkResolver.cpp, line 771]
Event: 2.951 Thread 0x0000026680c813a0 Exception <a 'java/lang/NoSuchMethodError'{0x000000008450cbf0}: 'java.lang.Object java.lang.invoke.Invokers$Holder.linkToTargetMethod(java.lang.Object, java.lang.Object, java.lang.Object, int, java.lang.Object)'> (0x000000008450cbf0) 
thrown [s\src\hotspot\share\interpreter\linkResolver.cpp, line 771]
Event: 3.058 Thread 0x0000026680c813a0 Exception <a 'java/lang/NoSuchMethodError'{0x0000000085d80e30}: 'int java.lang.invoke.DirectMethodHandle$Holder.invokeInterface(java.lang.Object, java.lang.Object, java.lang.Object, java.lang.Object)'> (0x0000000085d80e30) 
thrown [s\src\hotspot\share\interpreter\linkResolver.cpp, line 771]

VM Operations (20 events):
Event: 2.628 Executing VM operation: ICBufferFull
Event: 2.628 Executing VM operation: ICBufferFull done
Event: 2.691 Executing VM operation: G1CollectForAllocation
Event: 2.694 Executing VM operation: G1CollectForAllocation done
Event: 2.734 Executing VM operation: HandshakeAllThreads
Event: 2.734 Executing VM operation: HandshakeAllThreads done
Event: 2.780 Executing VM operation: ICBufferFull
Event: 2.781 Executing VM operation: ICBufferFull done
Event: 2.937 Executing VM operation: HandshakeAllThreads
Event: 2.937 Executing VM operation: HandshakeAllThreads done
Event: 2.951 Executing VM operation: HandshakeAllThreads
Event: 2.951 Executing VM operation: HandshakeAllThreads done
Event: 2.961 Executing VM operation: HandshakeAllThreads
Event: 2.961 Executing VM operation: HandshakeAllThreads done
Event: 3.016 Executing VM operation: G1CollectForAllocation
Event: 3.019 Executing VM operation: G1CollectForAllocation done
Event: 3.053 Executing VM operation: HandshakeAllThreads
Event: 3.054 Executing VM operation: HandshakeAllThreads done
Event: 3.057 Executing VM operation: HandshakeAllThreads
Event: 3.057 Executing VM operation: HandshakeAllThreads done

Events (20 events):
Event: 2.991 loading class java/nio/channels/Channels done
Event: 2.991 loading class sun/nio/ch/ChannelInputStream
Event: 2.992 loading class sun/nio/ch/ChannelInputStream done
Event: 2.996 loading class sun/text/resources/cldr/FormatData_en
Event: 2.997 loading class sun/text/resources/cldr/FormatData_en done
Event: 2.997 loading class sun/text/resources/cldr/FormatData_en_US
Event: 2.997 loading class sun/text/resources/cldr/FormatData_en_US done
Event: 3.012 loading class java/util/concurrent/atomic/AtomicIntegerArray
Event: 3.013 loading class java/util/concurrent/atomic/AtomicIntegerArray done
Event: 3.013 loading class java/util/Currency
Event: 3.013 loading class java/util/Currency done
Event: 3.024 loading class java/util/concurrent/atomic/AtomicLongArray
Event: 3.024 loading class java/util/concurrent/atomic/AtomicLongArray done
Event: 3.036 loading class java/util/concurrent/atomic/AtomicReferenceFieldUpdater
Event: 3.037 loading class java/util/concurrent/atomic/AtomicReferenceFieldUpdater done
Event: 3.037 loading class java/util/concurrent/atomic/AtomicReferenceFieldUpdater$AtomicReferenceFieldUpdaterImpl
Event: 3.037 loading class java/util/concurrent/atomic/AtomicReferenceFieldUpdater$AtomicReferenceFieldUpdaterImpl done
Event: 3.037 loading class java/util/concurrent/atomic/AtomicReferenceFieldUpdater$AtomicReferenceFieldUpdaterImpl$1
Event: 3.037 loading class java/util/concurrent/atomic/AtomicReferenceFieldUpdater$AtomicReferenceFieldUpdaterImpl$1 done
Event: 3.084 Thread 0x0000026682737e70 Thread added: 0x0000026682737e70


Dynamic libraries:
0x00007ff6cba30000 - 0x00007ff6cba3a000 	C:\Program Files\Android\Android Studio\jbr\bin\java.exe
0x00007fff90c90000 - 0x00007fff90ea4000 	C:\Windows\SYSTEM32\ntdll.dll
0x00007fff8f920000 - 0x00007fff8f9e2000 	C:\Windows\System32\KERNEL32.DLL
0x00007fff8e130000 - 0x00007fff8e4d3000 	C:\Windows\System32\KERNELBASE.dll
0x00007fff8a7f0000 - 0x00007fff8a887000 	C:\Windows\SYSTEM32\apphelp.dll
0x00007fff8e6f0000 - 0x00007fff8e801000 	C:\Windows\System32\ucrtbase.dll
0x00007fff810b0000 - 0x00007fff810c7000 	C:\Program Files\Android\Android Studio\jbr\bin\jli.dll
0x00007fff909f0000 - 0x00007fff90b9b000 	C:\Windows\System32\USER32.dll
0x00007fff719f0000 - 0x00007fff71a0b000 	C:\Program Files\Android\Android Studio\jbr\bin\VCRUNTIME140.dll
0x00007fff8e810000 - 0x00007fff8e836000 	C:\Windows\System32\win32u.dll
0x00007fff8f000000 - 0x00007fff8f029000 	C:\Windows\System32\GDI32.dll
0x00007fff8e4e0000 - 0x00007fff8e5f9000 	C:\Windows\System32\gdi32full.dll
0x00007fff65860000 - 0x00007fff65aee000 	C:\Windows\WinSxS\amd64_microsoft.windows.common-controls_6595b64144ccf1df_6.0.22621.1635_none_270f70857386168e\COMCTL32.dll
0x00007fff8e090000 - 0x00007fff8e12a000 	C:\Windows\System32\msvcp_win.dll
0x00007fff90ba0000 - 0x00007fff90c47000 	C:\Windows\System32\msvcrt.dll
0x00007fff8efc0000 - 0x00007fff8eff1000 	C:\Windows\System32\IMM32.DLL
0x00007fff8abe0000 - 0x00007fff8abec000 	C:\Program Files\Android\Android Studio\jbr\bin\vcruntime140_1.dll
0x00007fff59880000 - 0x00007fff5990d000 	C:\Program Files\Android\Android Studio\jbr\bin\msvcp140.dll
0x00007fff40180000 - 0x00007fff40ded000 	C:\Program Files\Android\Android Studio\jbr\bin\server\jvm.dll
0x00007fff8f320000 - 0x00007fff8f3ce000 	C:\Windows\System32\ADVAPI32.dll
0x00007fff907c0000 - 0x00007fff90864000 	C:\Windows\System32\sechost.dll
0x00007fff908d0000 - 0x00007fff909e7000 	C:\Windows\System32\RPCRT4.dll
0x00007fff83300000 - 0x00007fff83334000 	C:\Windows\SYSTEM32\WINMM.dll
0x00007fff82b00000 - 0x00007fff82b09000 	C:\Windows\SYSTEM32\WSOCK32.dll
0x00007fff7c420000 - 0x00007fff7c42a000 	C:\Windows\SYSTEM32\VERSION.dll
0x00007fff8eec0000 - 0x00007fff8ef31000 	C:\Windows\System32\WS2_32.dll
0x00007fff8d190000 - 0x00007fff8d1a8000 	C:\Windows\SYSTEM32\kernel.appcore.dll
0x00007fff81130000 - 0x00007fff8113a000 	C:\Program Files\Android\Android Studio\jbr\bin\jimage.dll
0x00007fff8b780000 - 0x00007fff8b9ae000 	C:\Windows\SYSTEM32\DBGHELP.DLL
0x00007fff8f9f0000 - 0x00007fff8fd79000 	C:\Windows\System32\combase.dll
0x00007fff8f030000 - 0x00007fff8f107000 	C:\Windows\System32\OLEAUT32.dll
0x00007fff830b0000 - 0x00007fff830e2000 	C:\Windows\SYSTEM32\dbgcore.DLL
0x00007fff8e600000 - 0x00007fff8e67b000 	C:\Windows\System32\bcryptPrimitives.dll
0x00007fff73910000 - 0x00007fff73935000 	C:\Program Files\Android\Android Studio\jbr\bin\java.dll
0x00007fff7b720000 - 0x00007fff7b738000 	C:\Program Files\Android\Android Studio\jbr\bin\zip.dll
0x00007fff8fd80000 - 0x00007fff9057a000 	C:\Windows\System32\SHELL32.dll
0x00007fff8be60000 - 0x00007fff8c72e000 	C:\Windows\SYSTEM32\windows.storage.dll
0x00007fff8bd20000 - 0x00007fff8be5e000 	C:\Windows\SYSTEM32\wintypes.dll
0x00007fff8ea70000 - 0x00007fff8eb61000 	C:\Windows\System32\SHCORE.dll
0x00007fff90870000 - 0x00007fff908ce000 	C:\Windows\System32\shlwapi.dll
0x00007fff8dfc0000 - 0x00007fff8dfe1000 	C:\Windows\SYSTEM32\profapi.dll
0x00007fff6f0b0000 - 0x00007fff6f0c9000 	C:\Program Files\Android\Android Studio\jbr\bin\net.dll
0x00007fff888b0000 - 0x00007fff889e7000 	C:\Windows\SYSTEM32\WINHTTP.dll
0x00007fff8d5f0000 - 0x00007fff8d659000 	C:\Windows\system32\mswsock.dll
0x00007fff6eec0000 - 0x00007fff6eed6000 	C:\Program Files\Android\Android Studio\jbr\bin\nio.dll
0x00007fff71920000 - 0x00007fff71930000 	C:\Program Files\Android\Android Studio\jbr\bin\verify.dll
0x00007fff6e910000 - 0x00007fff6e937000 	C:\Users\nahpalacio\.gradle\native\68d5fa5c4cc2d200863cafc0d521ce42e7d3e7ee720ec0a83991735586a16f82\windows-amd64\native-platform.dll
0x00007fff45f70000 - 0x00007fff460b4000 	C:\Users\nahpalacio\.gradle\native\e376f236ea51e6404a007f0833ffe2c6e607c4080706a723a18a27aeea778392\windows-amd64\native-platform-file-events.dll
0x00007fff7e4c0000 - 0x00007fff7e4c9000 	C:\Program Files\Android\Android Studio\jbr\bin\management.dll
0x00007fff73570000 - 0x00007fff7357b000 	C:\Program Files\Android\Android Studio\jbr\bin\management_ext.dll
0x00007fff8f910000 - 0x00007fff8f918000 	C:\Windows\System32\PSAPI.DLL
0x00007fff8d910000 - 0x00007fff8d92b000 	C:\Windows\SYSTEM32\CRYPTSP.dll
0x00007fff8d100000 - 0x00007fff8d135000 	C:\Windows\system32\rsaenh.dll
0x00007fff8d690000 - 0x00007fff8d6b8000 	C:\Windows\SYSTEM32\USERENV.dll
0x00007fff8da60000 - 0x00007fff8da88000 	C:\Windows\SYSTEM32\bcrypt.dll
0x00007fff8d8f0000 - 0x00007fff8d8fc000 	C:\Windows\SYSTEM32\CRYPTBASE.dll
0x00007fff8c960000 - 0x00007fff8c98d000 	C:\Windows\SYSTEM32\IPHLPAPI.DLL
0x00007fff90630000 - 0x00007fff90639000 	C:\Windows\System32\NSI.dll
0x00007fff89e80000 - 0x00007fff89e99000 	C:\Windows\SYSTEM32\dhcpcsvc6.DLL
0x00007fff89330000 - 0x00007fff8934f000 	C:\Windows\SYSTEM32\dhcpcsvc.DLL
0x00007fff8c9c0000 - 0x00007fff8cab3000 	C:\Windows\SYSTEM32\DNSAPI.dll
0x00007fff6ee50000 - 0x00007fff6ee58000 	C:\Windows\system32\wshunix.dll

dbghelp: loaded successfully - version: 4.0.5 - missing functions: none
symbol engine: initialized successfully - sym options: 0x614 - pdb path: .;C:\Program Files\Android\Android Studio\jbr\bin;C:\Windows\SYSTEM32;C:\Windows\WinSxS\amd64_microsoft.windows.common-controls_6595b64144ccf1df_6.0.22621.1635_none_270f70857386168e;C:\Program Files\Android\Android Studio\jbr\bin\server;C:\Users\nahpalacio\.gradle\native\68d5fa5c4cc2d200863cafc0d521ce42e7d3e7ee720ec0a83991735586a16f82\windows-amd64;C:\Users\nahpalacio\.gradle\native\e376f236ea51e6404a007f0833ffe2c6e607c4080706a723a18a27aeea778392\windows-amd64

VM Arguments:
jvm_args: --add-opens=java.base/java.util=ALL-UNNAMED --add-opens=java.base/java.lang=ALL-UNNAMED --add-opens=java.base/java.lang.invoke=ALL-UNNAMED --add-opens=java.prefs/java.util.prefs=ALL-UNNAMED --add-opens=java.base/java.nio.charset=ALL-UNNAMED --add-opens=java.base/java.net=ALL-UNNAMED --add-opens=java.base/java.util.concurrent.atomic=ALL-UNNAMED -Xmx2048m -Dfile.encoding=UTF-8 -Duser.country=AR -Duser.language=es -Duser.variant 
java_command: org.gradle.launcher.daemon.bootstrap.GradleDaemon 8.0
java_class_path (initial): C:\Users\nahpalacio\.gradle\wrapper\dists\gradle-8.0-bin\ca5e32bp14vu59qr306oxotwh\gradle-8.0\lib\gradle-launcher-8.0.jar
Launcher Type: SUN_STANDARD

[Global flags]
     intx CICompilerCount                          = 12                                        {product} {ergonomic}
     uint ConcGCThreads                            = 4                                         {product} {ergonomic}
     uint G1ConcRefinementThreads                  = 15                                        {product} {ergonomic}
   size_t G1HeapRegionSize                         = 1048576                                   {product} {ergonomic}
    uintx GCDrainStackTargetSize                   = 64                                        {product} {ergonomic}
   size_t InitialHeapSize                          = 130023424                                 {product} {ergonomic}
   size_t MarkStackSize                            = 4194304                                   {product} {ergonomic}
   size_t MaxHeapSize                              = 2147483648                                {product} {command line}
   size_t MaxNewSize                               = 1287651328                                {product} {ergonomic}
   size_t MinHeapDeltaBytes                        = 1048576                                   {product} {ergonomic}
   size_t MinHeapSize                              = 8388608                                   {product} {ergonomic}
    uintx NonNMethodCodeHeapSize                   = 7602480                                {pd product} {ergonomic}
    uintx NonProfiledCodeHeapSize                  = 122027880                              {pd product} {ergonomic}
    uintx ProfiledCodeHeapSize                     = 122027880                              {pd product} {ergonomic}
    uintx ReservedCodeCacheSize                    = 251658240                              {pd product} {ergonomic}
     bool SegmentedCodeCache                       = true                                      {product} {ergonomic}
   size_t SoftMaxHeapSize                          = 2147483648                             {manageable} {ergonomic}
     bool UseCompressedClassPointers               = true                           {product lp64_product} {ergonomic}
     bool UseCompressedOops                        = true                           {product lp64_product} {ergonomic}
     bool UseG1GC                                  = true                                      {product} {ergonomic}
     bool UseLargePagesIndividualAllocation        = false                                  {pd product} {ergonomic}

Logging:
Log output configuration:
 #0: stdout all=warning uptime,level,tags
 #1: stderr all=off uptime,level,tags

Environment Variables:
PATH=C:\Program Files\Common Files\Oracle\Java\javapath;C:\Windows\system32;C:\Windows;C:\Windows\System32\Wbem;C:\Windows\System32\WindowsPowerShell\v1.0\;C:\Windows\System32\OpenSSH\;C:\Program Files\dotnet\;C:\Program Files (x86)\Microsoft SQL Server\160\DTS\Binn\;C:\Program Files\Azure Data Studio\bin;C:\Program Files\Git\cmd;C:\Users\nahpalacio\AppData\Local\Microsoft\WindowsApps;C:\Users\nahpalacio\AppData\Local\Programs\Microsoft VS Code\bin;C:\Users\nahpalacio\.dotnet\tools;C:\Users\nahpalacio\AppData\Local\GitHubDesktop\bin;C:\Program Files\Azure Data Studio\bin
USERNAME=nahpalacio
OS=Windows_NT
PROCESSOR_IDENTIFIER=Intel64 Family 6 Model 151 Stepping 2, GenuineIntel
TMP=C:\Users\NAHPAL~1\AppData\Local\Temp
TEMP=C:\Users\NAHPAL~1\AppData\Local\Temp



---------------  S Y S T E M  ---------------

OS:
 Windows 11 , 64 bit Build 22621 (10.0.22621.1778)
OS uptime: 1 days 6:13 hours
Hyper-V role detected

CPU: total 20 (initial active 20) (10 cores per cpu, 2 threads per core) family 6 model 151 stepping 2 microcode 0x1e, cx8, cmov, fxsr, ht, mmx, 3dnowpref, sse, sse2, sse3, ssse3, sse4.1, sse4.2, popcnt, lzcnt, tsc, tscinvbit, avx, avx2, aes, erms, clmul, bmi1, bmi2, adx, sha, fma, vzeroupper, clflush, clflushopt, clwb, hv

Memory: 4k page, system-wide physical 7906M (396M free)
TotalPageFile size 11906M (AvailPageFile size 6M)
current process WorkingSet (physical memory assigned to process): 297M, peak: 300M
current process commit charge ("private bytes"): 352M, peak: 353M

vm_info: OpenJDK 64-Bit Server VM (17.0.6+0-b2043.56-9586694) for windows-amd64 JRE (17.0.6+0-b2043.56-9586694), built on Feb  9 2023 20:06:20 by "androidbuild" with MS VC++ 16.10 / 16.11 (VS2019)

END.
