#
# There is insufficient memory for the Java Runtime Environment to continue.
# Native memory allocation (malloc) failed to allocate 1436816 bytes for Chunk::new
# Possible reasons:
#   The system is out of physical RAM or swap space
#   The process is running with CompressedOops enabled, and the Java Heap may be blocking the growth of the native heap
# Possible solutions:
#   Reduce memory load on the system
#   Increase physical memory or swap space
#   Check if swap backing store is full
#   Decrease Java heap size (-Xmx/-Xms)
#   Decrease number of Java threads
#   Decrease Java thread stack sizes (-Xss)
#   Set larger code cache with -XX:ReservedCodeCacheSize=
#   JVM is running with Unscaled Compressed Oops mode in which the Java heap is
#     placed in the first 4GB address space. The Java Heap base address is the
#     maximum limit for the native heap growth. Please use -XX:HeapBaseMinAddress
#     to set the Java Heap base and to place the Java Heap above 4GB virtual address.
# This output file may be truncated or incomplete.
#
#  Out of Memory Error (arena.cpp:189), pid=15600, tid=17952
#
# JRE version: OpenJDK Runtime Environment (17.0.6) (build 17.0.6+0-b2043.56-9586694)
# Java VM: OpenJDK 64-Bit Server VM (17.0.6+0-b2043.56-9586694, mixed mode, tiered, compressed oops, compressed class ptrs, g1 gc, windows-amd64)
# No core dump will be written. Minidumps are not enabled by default on client versions of Windows
#

---------------  S U M M A R Y ------------

Command Line: --add-opens=java.base/java.util=ALL-UNNAMED --add-opens=java.base/java.lang=ALL-UNNAMED --add-opens=java.base/java.lang.invoke=ALL-UNNAMED --add-opens=java.prefs/java.util.prefs=ALL-UNNAMED --add-opens=java.base/java.nio.charset=ALL-UNNAMED --add-opens=java.base/java.net=ALL-UNNAMED --add-opens=java.base/java.util.concurrent.atomic=ALL-UNNAMED -Xmx2048m -Dfile.encoding=UTF-8 -Duser.country=AR -Duser.language=es -Duser.variant org.gradle.launcher.daemon.bootstrap.GradleDaemon 8.0

Host: 12th Gen Intel(R) Core(TM) i7-12700, 20 cores, 7G,  Windows 11 , 64 bit Build 22621 (10.0.22621.1778)
Time: Tue Jun 27 14:17:42 2023 Hora estándar de Argentina elapsed time: 3.834664 seconds (0d 0h 0m 3s)

---------------  T H R E A D  ---------------

Current thread (0x0000026e4bcc4d10):  JavaThread "C2 CompilerThread2" daemon [_thread_in_native, id=17952, stack(0x000000fb9f100000,0x000000fb9f200000)]


Current CompileTask:
C2:   3834 7996       4       sun.reflect.generics.parser.SignatureParser::parsePackageNameAndSimpleClassTypeSignature (119 bytes)

Stack: [0x000000fb9f100000,0x000000fb9f200000]
Native frames: (J=compiled Java code, j=interpreted, Vv=VM code, C=native code)
V  [jvm.dll+0x683b4a]
V  [jvm.dll+0x842654]
V  [jvm.dll+0x843dfe]
V  [jvm.dll+0x844463]
V  [jvm.dll+0x249b75]
V  [jvm.dll+0xabcac]
V  [jvm.dll+0xac27c]
V  [jvm.dll+0x368802]
V  [jvm.dll+0x332f31]
V  [jvm.dll+0x3323da]
V  [jvm.dll+0x21c201]
V  [jvm.dll+0x21b621]
V  [jvm.dll+0x1a4fdd]
V  [jvm.dll+0x22b098]
V  [jvm.dll+0x229159]
V  [jvm.dll+0x7f809c]
V  [jvm.dll+0x7f25fa]
V  [jvm.dll+0x682985]
C  [ucrtbase.dll+0x29363]
C  [KERNEL32.DLL+0x126ad]
C  [ntdll.dll+0x5a9f8]


---------------  P R O C E S S  ---------------

Threads class SMR info:
_java_thread_list=0x0000026e52acd9e0, length=211, elements={
0x0000026e2fd574e0, 0x0000026e4b43ea50, 0x0000026e4b43f810, 0x0000026e4b48fd20,
0x0000026e4b4906d0, 0x0000026e4b491080, 0x0000026e4b491a30, 0x0000026e4b4927c0,
0x0000026e4b4aa6b0, 0x0000026e4b4ad0b0, 0x0000026e4b61aa10, 0x0000026e4b61af20,
0x0000026e4b61c040, 0x0000026e4b61c510, 0x0000026e4b95ed40, 0x0000026e4bcc4d10,
0x0000026e4c517800, 0x0000026e4e3170b0, 0x0000026e4f072230, 0x0000026e4cf50b80,
0x0000026e4cd6d670, 0x0000026e4e56bff0, 0x0000026e4c887180, 0x0000026e4c887ff0,
0x0000026e4c8884c0, 0x0000026e4c88a1a0, 0x0000026e4c88a670, 0x0000026e4c886cb0,
0x0000026e4c888e60, 0x0000026e4c887650, 0x0000026e4c888990, 0x0000026e4c889330,
0x0000026e4f42c210, 0x0000026e4f42a060, 0x0000026e4f4291f0, 0x0000026e4f42cbb0,
0x0000026e4f42c6e0, 0x0000026e4f42aed0, 0x0000026e4f42aa00, 0x0000026e4f42bd40,
0x0000026e4e8cfbd0, 0x0000026e4e8cd550, 0x0000026e4e8d00a0, 0x0000026e4e8cda20,
0x0000026e4e8cd080, 0x0000026e4e8ced60, 0x0000026e4e8d0570, 0x0000026e4e8ce3c0,
0x0000026e4e8cf700, 0x0000026e4e8ce890, 0x0000026e4e8d0a40, 0x0000026e4e8cf230,
0x0000026e4e8d0f10, 0x0000026e4e8d13e0, 0x0000026e4e8d18b0, 0x0000026e4e8ca060,
0x0000026e4e8ca530, 0x0000026e4e8caa00, 0x0000026e4e8caed0, 0x0000026e4e8cb3a0,
0x0000026e51ef4320, 0x0000026e51ef2b10, 0x0000026e51ef2fe0, 0x0000026e51ef5190,
0x0000026e51ef5660, 0x0000026e51ef47f0, 0x0000026e51ef34b0, 0x0000026e51ef2640,
0x0000026e51ef4cc0, 0x0000026e51ef5b30, 0x0000026e51ef3980, 0x0000026e51ef6e70,
0x0000026e51ef6000, 0x0000026e51ef64d0, 0x0000026e51ef81b0, 0x0000026e51ef17d0,
0x0000026e51ef69a0, 0x0000026e51ef7340, 0x0000026e51ef7ce0, 0x0000026e51ef7810,
0x0000026e51ef3e50, 0x0000026e51ef8680, 0x0000026e51ef0e30, 0x0000026e51ef1300,
0x0000026e51ef1ca0, 0x0000026e51ef2170, 0x0000026e516cbdb0, 0x0000026e516cd5c0,
0x0000026e516d05e0, 0x0000026e516c9730, 0x0000026e516cf2a0, 0x0000026e516cda90,
0x0000026e516ca0d0, 0x0000026e516d0ab0, 0x0000026e516cb410, 0x0000026e516cc750,
0x0000026e516cfc40, 0x0000026e516cb8e0, 0x0000026e516cdf60, 0x0000026e516ca5a0,
0x0000026e516cf770, 0x0000026e516d0110, 0x0000026e516cd0f0, 0x0000026e516caa70,
0x0000026e516caf40, 0x0000026e516d0f80, 0x0000026e516cc280, 0x0000026e516ccc20,
0x0000026e516ce430, 0x0000026e516c9c00, 0x0000026e516ce900, 0x0000026e516cedd0,
0x0000026e520d14c0, 0x0000026e520d44e0, 0x0000026e520d5820, 0x0000026e520cfcb0,
0x0000026e520d49b0, 0x0000026e520d1e60, 0x0000026e520ce970, 0x0000026e520d5350,
0x0000026e520d3670, 0x0000026e520d0180, 0x0000026e520d0650, 0x0000026e520d1990,
0x0000026e520d5cf0, 0x0000026e520d2330, 0x0000026e520d2cd0, 0x0000026e520cf310,
0x0000026e520cf7e0, 0x0000026e520cee40, 0x0000026e520d4e80, 0x0000026e520d0b20,
0x0000026e520d0ff0, 0x0000026e520d61c0, 0x0000026e520d2800, 0x0000026e520d31a0,
0x0000026e520d4010, 0x0000026e520d3b40, 0x0000026e520de1d0, 0x0000026e520ddd00,
0x0000026e520da340, 0x0000026e520d7320, 0x0000026e520da810, 0x0000026e520dd360,
0x0000026e520d7cc0, 0x0000026e520d77f0, 0x0000026e520dc4f0, 0x0000026e520d8190,
0x0000026e520d9000, 0x0000026e520dce90, 0x0000026e520dace0, 0x0000026e520db1b0,
0x0000026e520dd830, 0x0000026e520d8660, 0x0000026e520d6980, 0x0000026e520d8b30,
0x0000026e520db680, 0x0000026e520dbb50, 0x0000026e520d6e50, 0x0000026e520d94d0,
0x0000026e520d99a0, 0x0000026e520d9e70, 0x0000026e520dc020, 0x0000026e520dc9c0,
0x0000026e51f0c900, 0x0000026e51f11ad0, 0x0000026e51f11130, 0x0000026e51f10c60,
0x0000026e51f0e5e0, 0x0000026e51f11fa0, 0x0000026e51f12e10, 0x0000026e51f12470,
0x0000026e51f0c430, 0x0000026e51f0e110, 0x0000026e51f0ba90, 0x0000026e51f11600,
0x0000026e51f12940, 0x0000026e51f0f920, 0x0000026e51f0b5c0, 0x0000026e51f0cdd0,
0x0000026e51f0bf60, 0x0000026e51f0fdf0, 0x0000026e51f0d2a0, 0x0000026e51f0d770,
0x0000026e51f0dc40, 0x0000026e51f102c0, 0x0000026e51f10790, 0x0000026e51f0eab0,
0x0000026e51f0ef80, 0x0000026e51f0f450, 0x0000026e51629420, 0x0000026e5162d2b0,
0x0000026e5162b5d0, 0x0000026e5162ac30, 0x0000026e5162eac0, 0x0000026e5162c910,
0x0000026e5162a760, 0x0000026e5162e120, 0x0000026e51628f50, 0x0000026e51628a80,
0x0000026e5162baa0, 0x0000026e51629dc0, 0x0000026e5162a290, 0x0000026e516285b0,
0x0000026e516280e0, 0x0000026e5162b100, 0x0000026e5162e5f0, 0x0000026e5162c440,
0x0000026e5162cde0, 0x0000026e5162d780, 0x0000026e516298f0
}

Java Threads: ( => current thread )
  0x0000026e2fd574e0 JavaThread "main" [_thread_blocked, id=10272, stack(0x000000fb9db00000,0x000000fb9dc00000)]
  0x0000026e4b43ea50 JavaThread "Reference Handler" daemon [_thread_blocked, id=11260, stack(0x000000fb9e200000,0x000000fb9e300000)]
  0x0000026e4b43f810 JavaThread "Finalizer" daemon [_thread_blocked, id=13976, stack(0x000000fb9e300000,0x000000fb9e400000)]
  0x0000026e4b48fd20 JavaThread "Signal Dispatcher" daemon [_thread_blocked, id=2480, stack(0x000000fb9e400000,0x000000fb9e500000)]
  0x0000026e4b4906d0 JavaThread "Attach Listener" daemon [_thread_blocked, id=1264, stack(0x000000fb9e500000,0x000000fb9e600000)]
  0x0000026e4b491080 JavaThread "Service Thread" daemon [_thread_blocked, id=17912, stack(0x000000fb9e600000,0x000000fb9e700000)]
  0x0000026e4b491a30 JavaThread "Monitor Deflation Thread" daemon [_thread_blocked, id=12552, stack(0x000000fb9e700000,0x000000fb9e800000)]
  0x0000026e4b4927c0 JavaThread "C2 CompilerThread0" daemon [_thread_in_native, id=2556, stack(0x000000fb9e800000,0x000000fb9e900000)]
  0x0000026e4b4aa6b0 JavaThread "C1 CompilerThread0" daemon [_thread_blocked, id=6564, stack(0x000000fb9e900000,0x000000fb9ea00000)]
  0x0000026e4b4ad0b0 JavaThread "Sweeper thread" daemon [_thread_blocked, id=7420, stack(0x000000fb9ea00000,0x000000fb9eb00000)]
  0x0000026e4b61aa10 JavaThread "C1 CompilerThread1" daemon [_thread_blocked, id=6512, stack(0x000000fb9eb00000,0x000000fb9ec00000)]
  0x0000026e4b61af20 JavaThread "C1 CompilerThread2" daemon [_thread_blocked, id=6340, stack(0x000000fb9ec00000,0x000000fb9ed00000)]
  0x0000026e4b61c040 JavaThread "Common-Cleaner" daemon [_thread_blocked, id=16716, stack(0x000000fb9ed00000,0x000000fb9ee00000)]
  0x0000026e4b61c510 JavaThread "Notification Thread" daemon [_thread_blocked, id=380, stack(0x000000fb9ee00000,0x000000fb9ef00000)]
  0x0000026e4b95ed40 JavaThread "C2 CompilerThread1" daemon [_thread_in_native, id=9224, stack(0x000000fb9f000000,0x000000fb9f100000)]
=>0x0000026e4bcc4d10 JavaThread "C2 CompilerThread2" daemon [_thread_in_native, id=17952, stack(0x000000fb9f100000,0x000000fb9f200000)]
  0x0000026e4c517800 JavaThread "C1 CompilerThread3" daemon [_thread_blocked, id=10808, stack(0x000000fb9f500000,0x000000fb9f600000)]
  0x0000026e4e3170b0 JavaThread "Daemon health stats" [_thread_blocked, id=13532, stack(0x000000fb9f700000,0x000000fb9f800000)]
  0x0000026e4f072230 JavaThread "Incoming local TCP Connector on port 63851" [_thread_in_native, id=16732, stack(0x000000fb9f800000,0x000000fb9f900000)]
  0x0000026e4cf50b80 JavaThread "Daemon periodic checks" [_thread_blocked, id=16444, stack(0x000000fb9f900000,0x000000fb9fa00000)]
  0x0000026e4cd6d670 JavaThread "Daemon" [_thread_blocked, id=5468, stack(0x000000fb9fa00000,0x000000fb9fb00000)]
  0x0000026e4e56bff0 JavaThread "Handler for socket connection from /127.0.0.1:63851 to /127.0.0.1:63852" [_thread_in_native, id=10664, stack(0x000000fb9fb00000,0x000000fb9fc00000)]
  0x0000026e4c887180 JavaThread "Cancel handler" [_thread_blocked, id=5436, stack(0x000000fb9fc00000,0x000000fb9fd00000)]
  0x0000026e4c887ff0 JavaThread "Daemon worker" [_thread_in_Java, id=12720, stack(0x000000fb9fd00000,0x000000fb9fe00000)]
  0x0000026e4c8884c0 JavaThread "Asynchronous log dispatcher for DefaultDaemonConnection: socket connection from /127.0.0.1:63851 to /127.0.0.1:63852" [_thread_blocked, id=9888, stack(0x000000fb9fe00000,0x000000fb9ff00000)]
  0x0000026e4c88a1a0 JavaThread "Stdin handler" [_thread_blocked, id=12384, stack(0x000000fb9ff00000,0x000000fba0000000)]
  0x0000026e4c88a670 JavaThread "Daemon client event forwarder" [_thread_blocked, id=14904, stack(0x000000fba0000000,0x000000fba0100000)]
  0x0000026e4c886cb0 JavaThread "Cache worker for journal cache (C:\Users\nahpalacio\.gradle\caches\journal-1)" [_thread_blocked, id=16612, stack(0x000000fba0e00000,0x000000fba0f00000)]
  0x0000026e4c888e60 JavaThread "File lock request listener" [_thread_in_native, id=8204, stack(0x000000fba0f00000,0x000000fba1000000)]
  0x0000026e4c887650 JavaThread "Cache worker for file hash cache (C:\Users\nahpalacio\.gradle\caches\8.0\fileHashes)" [_thread_blocked, id=13448, stack(0x000000fba1000000,0x000000fba1100000)]
  0x0000026e4c888990 JavaThread "File watcher server" daemon [_thread_in_native, id=1376, stack(0x000000fba1100000,0x000000fba1200000)]
  0x0000026e4c889330 JavaThread "File watcher consumer" daemon [_thread_blocked, id=8856, stack(0x000000fba1200000,0x000000fba1300000)]
  0x0000026e4f42c210 JavaThread "Cache worker for checksums cache (C:\Users\nahpalacio\Documents\Trabajo-Practico-Biblioteca\.gradle\8.0\checksums)" [_thread_blocked, id=9004, stack(0x000000fba1300000,0x000000fba1400000)]
  0x0000026e4f42a060 JavaThread "Cache worker for cache directory md-rule (C:\Users\nahpalacio\.gradle\caches\8.0\md-rule)" [_thread_blocked, id=10768, stack(0x000000fba1400000,0x000000fba1500000)]
  0x0000026e4f4291f0 JavaThread "Cache worker for file content cache (C:\Users\nahpalacio\.gradle\caches\8.0\fileContent)" [_thread_blocked, id=16552, stack(0x000000fba1500000,0x000000fba1600000)]
  0x0000026e4f42cbb0 JavaThread "Cache worker for file hash cache (C:\Users\nahpalacio\Documents\Trabajo-Practico-Biblioteca\.gradle\8.0\fileHashes)" [_thread_blocked, id=17904, stack(0x000000fba1600000,0x000000fba1700000)]
  0x0000026e4f42c6e0 JavaThread "Cache worker for cache directory md-supplier (C:\Users\nahpalacio\.gradle\caches\8.0\md-supplier)" [_thread_blocked, id=9940, stack(0x000000fba1700000,0x000000fba1800000)]
  0x0000026e4f42aed0 JavaThread "Cache worker for execution history cache (C:\Users\nahpalacio\.gradle\caches\8.0\executionHistory)" [_thread_blocked, id=3084, stack(0x000000fba1800000,0x000000fba1900000)]
  0x0000026e4f42aa00 JavaThread "jar transforms" [_thread_blocked, id=1664, stack(0x000000fba1900000,0x000000fba1a00000)]
  0x0000026e4f42bd40 JavaThread "jar transforms Thread 2" [_thread_blocked, id=10284, stack(0x000000fba1a00000,0x000000fba1b00000)]
  0x0000026e4e8cfbd0 JavaThread "jar transforms Thread 3" [_thread_blocked, id=1496, stack(0x000000fba1b00000,0x000000fba1c00000)]
  0x0000026e4e8cd550 JavaThread "jar transforms Thread 4" [_thread_blocked, id=9728, stack(0x000000fba1c00000,0x000000fba1d00000)]
  0x0000026e4e8d00a0 JavaThread "Cache worker for dependencies-accessors (C:\Users\nahpalacio\Documents\Trabajo-Practico-Biblioteca\.gradle\8.0\dependencies-accessors)" [_thread_blocked, id=11716, stack(0x000000fba1d00000,0x000000fba1e00000)]
  0x0000026e4e8cda20 JavaThread "jar transforms Thread 5" [_thread_blocked, id=2640, stack(0x000000fba1e00000,0x000000fba1f00000)]
  0x0000026e4e8cd080 JavaThread "Cache worker for Build Output Cleanup Cache (C:\Users\nahpalacio\Documents\Trabajo-Practico-Biblioteca\.gradle\buildOutputCleanup)" [_thread_blocked, id=12872, stack(0x000000fba1f00000,0x000000fba2000000)]
  0x0000026e4e8ced60 JavaThread "Unconstrained build operations" [_thread_blocked, id=2040, stack(0x000000fba2000000,0x000000fba2100000)]
  0x0000026e4e8d0570 JavaThread "Unconstrained build operations Thread 2" [_thread_blocked, id=11428, stack(0x000000fba2100000,0x000000fba2200000)]
  0x0000026e4e8ce3c0 JavaThread "Unconstrained build operations Thread 3" [_thread_blocked, id=13812, stack(0x000000fba2200000,0x000000fba2300000)]
  0x0000026e4e8cf700 JavaThread "Unconstrained build operations Thread 4" [_thread_blocked, id=9204, stack(0x000000fba2300000,0x000000fba2400000)]
  0x0000026e4e8ce890 JavaThread "Unconstrained build operations Thread 5" [_thread_blocked, id=2396, stack(0x000000fba2400000,0x000000fba2500000)]
  0x0000026e4e8d0a40 JavaThread "Unconstrained build operations Thread 6" [_thread_blocked, id=15560, stack(0x000000fba2500000,0x000000fba2600000)]
  0x0000026e4e8cf230 JavaThread "Unconstrained build operations Thread 7" [_thread_blocked, id=4484, stack(0x000000fba2600000,0x000000fba2700000)]
  0x0000026e4e8d0f10 JavaThread "Unconstrained build operations Thread 8" [_thread_blocked, id=7868, stack(0x000000fba2700000,0x000000fba2800000)]
  0x0000026e4e8d13e0 JavaThread "Unconstrained build operations Thread 9" [_thread_blocked, id=16596, stack(0x000000fba2800000,0x000000fba2900000)]
  0x0000026e4e8d18b0 JavaThread "Unconstrained build operations Thread 10" [_thread_blocked, id=11724, stack(0x000000fba2900000,0x000000fba2a00000)]
  0x0000026e4e8ca060 JavaThread "Unconstrained build operations Thread 11" [_thread_blocked, id=8872, stack(0x000000fba2a00000,0x000000fba2b00000)]
  0x0000026e4e8ca530 JavaThread "Unconstrained build operations Thread 12" [_thread_blocked, id=2624, stack(0x000000fba2b00000,0x000000fba2c00000)]
  0x0000026e4e8caa00 JavaThread "Unconstrained build operations Thread 13" [_thread_blocked, id=16768, stack(0x000000fba2c00000,0x000000fba2d00000)]
  0x0000026e4e8caed0 JavaThread "Unconstrained build operations Thread 14" [_thread_blocked, id=208, stack(0x000000fba2d00000,0x000000fba2e00000)]
  0x0000026e4e8cb3a0 JavaThread "Unconstrained build operations Thread 15" [_thread_blocked, id=14608, stack(0x000000fba2e00000,0x000000fba2f00000)]
  0x0000026e51ef4320 JavaThread "Unconstrained build operations Thread 16" [_thread_blocked, id=15660, stack(0x000000fba2f00000,0x000000fba3000000)]
  0x0000026e51ef2b10 JavaThread "Unconstrained build operations Thread 17" [_thread_blocked, id=12544, stack(0x000000fba3000000,0x000000fba3100000)]
  0x0000026e51ef2fe0 JavaThread "Unconstrained build operations Thread 18" [_thread_blocked, id=12580, stack(0x000000fba3100000,0x000000fba3200000)]
  0x0000026e51ef5190 JavaThread "Unconstrained build operations Thread 19" [_thread_blocked, id=8364, stack(0x000000fba3200000,0x000000fba3300000)]
  0x0000026e51ef5660 JavaThread "Unconstrained build operations Thread 20" [_thread_blocked, id=9308, stack(0x000000fba3300000,0x000000fba3400000)]
  0x0000026e51ef47f0 JavaThread "Unconstrained build operations Thread 21" [_thread_blocked, id=11000, stack(0x000000fba3400000,0x000000fba3500000)]
  0x0000026e51ef34b0 JavaThread "Unconstrained build operations Thread 22" [_thread_blocked, id=13548, stack(0x000000fba3500000,0x000000fba3600000)]
  0x0000026e51ef2640 JavaThread "Unconstrained build operations Thread 23" [_thread_blocked, id=15100, stack(0x000000fba3600000,0x000000fba3700000)]
  0x0000026e51ef4cc0 JavaThread "Unconstrained build operations Thread 24" [_thread_blocked, id=11856, stack(0x000000fba3700000,0x000000fba3800000)]
  0x0000026e51ef5b30 JavaThread "Unconstrained build operations Thread 25" [_thread_blocked, id=17972, stack(0x000000fba3800000,0x000000fba3900000)]
  0x0000026e51ef3980 JavaThread "Unconstrained build operations Thread 26" [_thread_blocked, id=5060, stack(0x000000fba3900000,0x000000fba3a00000)]
  0x0000026e51ef6e70 JavaThread "Unconstrained build operations Thread 27" [_thread_blocked, id=2520, stack(0x000000fba3a00000,0x000000fba3b00000)]
  0x0000026e51ef6000 JavaThread "Unconstrained build operations Thread 28" [_thread_blocked, id=13736, stack(0x000000fba3b00000,0x000000fba3c00000)]
  0x0000026e51ef64d0 JavaThread "Unconstrained build operations Thread 29" [_thread_blocked, id=2284, stack(0x000000fba3c00000,0x000000fba3d00000)]
  0x0000026e51ef81b0 JavaThread "Unconstrained build operations Thread 30" [_thread_blocked, id=12016, stack(0x000000fba3d00000,0x000000fba3e00000)]
  0x0000026e51ef17d0 JavaThread "Unconstrained build operations Thread 31" [_thread_blocked, id=13264, stack(0x000000fba3e00000,0x000000fba3f00000)]
  0x0000026e51ef69a0 JavaThread "Unconstrained build operations Thread 32" [_thread_blocked, id=7232, stack(0x000000fba3f00000,0x000000fba4000000)]
  0x0000026e51ef7340 JavaThread "Unconstrained build operations Thread 33" [_thread_blocked, id=15732, stack(0x000000fba4000000,0x000000fba4100000)]
  0x0000026e51ef7ce0 JavaThread "Unconstrained build operations Thread 34" [_thread_blocked, id=4924, stack(0x000000fba4100000,0x000000fba4200000)]
  0x0000026e51ef7810 JavaThread "Unconstrained build operations Thread 35" [_thread_blocked, id=10156, stack(0x000000fba4200000,0x000000fba4300000)]
  0x0000026e51ef3e50 JavaThread "Unconstrained build operations Thread 36" [_thread_blocked, id=9332, stack(0x000000fba4300000,0x000000fba4400000)]
  0x0000026e51ef8680 JavaThread "Unconstrained build operations Thread 37" [_thread_blocked, id=16708, stack(0x000000fba4400000,0x000000fba4500000)]
  0x0000026e51ef0e30 JavaThread "Unconstrained build operations Thread 38" [_thread_blocked, id=17180, stack(0x000000fba4500000,0x000000fba4600000)]
  0x0000026e51ef1300 JavaThread "Unconstrained build operations Thread 39" [_thread_blocked, id=3284, stack(0x000000fba4600000,0x000000fba4700000)]
  0x0000026e51ef1ca0 JavaThread "Unconstrained build operations Thread 40" [_thread_blocked, id=13472, stack(0x000000fba4700000,0x000000fba4800000)]
  0x0000026e51ef2170 JavaThread "Unconstrained build operations Thread 41" [_thread_blocked, id=12684, stack(0x000000fba4800000,0x000000fba4900000)]
  0x0000026e516cbdb0 JavaThread "Unconstrained build operations Thread 42" [_thread_blocked, id=18376, stack(0x000000fba4900000,0x000000fba4a00000)]
  0x0000026e516cd5c0 JavaThread "Unconstrained build operations Thread 43" [_thread_blocked, id=10152, stack(0x000000fba4a00000,0x000000fba4b00000)]
  0x0000026e516d05e0 JavaThread "Unconstrained build operations Thread 44" [_thread_blocked, id=7364, stack(0x000000fba4b00000,0x000000fba4c00000)]
  0x0000026e516c9730 JavaThread "Unconstrained build operations Thread 45" [_thread_blocked, id=13184, stack(0x000000fba4c00000,0x000000fba4d00000)]
  0x0000026e516cf2a0 JavaThread "Unconstrained build operations Thread 46" [_thread_blocked, id=18072, stack(0x000000fba4d00000,0x000000fba4e00000)]
  0x0000026e516cda90 JavaThread "Unconstrained build operations Thread 47" [_thread_blocked, id=15668, stack(0x000000fba4e00000,0x000000fba4f00000)]
  0x0000026e516ca0d0 JavaThread "Unconstrained build operations Thread 48" [_thread_blocked, id=1492, stack(0x000000fba4f00000,0x000000fba5000000)]
  0x0000026e516d0ab0 JavaThread "Unconstrained build operations Thread 49" [_thread_blocked, id=9396, stack(0x000000fba5000000,0x000000fba5100000)]
  0x0000026e516cb410 JavaThread "Unconstrained build operations Thread 50" [_thread_blocked, id=10540, stack(0x000000fba5100000,0x000000fba5200000)]
  0x0000026e516cc750 JavaThread "Unconstrained build operations Thread 51" [_thread_blocked, id=5928, stack(0x000000fba5200000,0x000000fba5300000)]
  0x0000026e516cfc40 JavaThread "Unconstrained build operations Thread 52" [_thread_blocked, id=7624, stack(0x000000fba5300000,0x000000fba5400000)]
  0x0000026e516cb8e0 JavaThread "Unconstrained build operations Thread 53" [_thread_blocked, id=14292, stack(0x000000fba5400000,0x000000fba5500000)]
  0x0000026e516cdf60 JavaThread "Unconstrained build operations Thread 54" [_thread_blocked, id=15232, stack(0x000000fba5500000,0x000000fba5600000)]
  0x0000026e516ca5a0 JavaThread "Unconstrained build operations Thread 55" [_thread_blocked, id=6460, stack(0x000000fba5600000,0x000000fba5700000)]
  0x0000026e516cf770 JavaThread "Unconstrained build operations Thread 56" [_thread_blocked, id=14444, stack(0x000000fba5700000,0x000000fba5800000)]
  0x0000026e516d0110 JavaThread "Unconstrained build operations Thread 57" [_thread_blocked, id=6176, stack(0x000000fba5800000,0x000000fba5900000)]
  0x0000026e516cd0f0 JavaThread "Unconstrained build operations Thread 58" [_thread_blocked, id=17892, stack(0x000000fba5900000,0x000000fba5a00000)]
  0x0000026e516caa70 JavaThread "Unconstrained build operations Thread 59" [_thread_blocked, id=4520, stack(0x000000fba5a00000,0x000000fba5b00000)]
  0x0000026e516caf40 JavaThread "Unconstrained build operations Thread 60" [_thread_blocked, id=17600, stack(0x000000fba5b00000,0x000000fba5c00000)]
  0x0000026e516d0f80 JavaThread "Unconstrained build operations Thread 61" [_thread_blocked, id=1336, stack(0x000000fba5c00000,0x000000fba5d00000)]
  0x0000026e516cc280 JavaThread "Unconstrained build operations Thread 62" [_thread_blocked, id=13852, stack(0x000000fba5d00000,0x000000fba5e00000)]
  0x0000026e516ccc20 JavaThread "Unconstrained build operations Thread 63" [_thread_blocked, id=7756, stack(0x000000fba5e00000,0x000000fba5f00000)]
  0x0000026e516ce430 JavaThread "Unconstrained build operations Thread 64" [_thread_blocked, id=17052, stack(0x000000fba5f00000,0x000000fba6000000)]
  0x0000026e516c9c00 JavaThread "Unconstrained build operations Thread 65" [_thread_blocked, id=7116, stack(0x000000fba6000000,0x000000fba6100000)]
  0x0000026e516ce900 JavaThread "Unconstrained build operations Thread 66" [_thread_blocked, id=16440, stack(0x000000fba6100000,0x000000fba6200000)]
  0x0000026e516cedd0 JavaThread "Unconstrained build operations Thread 67" [_thread_blocked, id=14532, stack(0x000000fba6200000,0x000000fba6300000)]
  0x0000026e520d14c0 JavaThread "Unconstrained build operations Thread 68" [_thread_blocked, id=2780, stack(0x000000fba6300000,0x000000fba6400000)]
  0x0000026e520d44e0 JavaThread "Unconstrained build operations Thread 69" [_thread_blocked, id=16592, stack(0x000000fba6400000,0x000000fba6500000)]
  0x0000026e520d5820 JavaThread "Unconstrained build operations Thread 70" [_thread_blocked, id=14556, stack(0x000000fba6500000,0x000000fba6600000)]
  0x0000026e520cfcb0 JavaThread "Unconstrained build operations Thread 71" [_thread_blocked, id=8480, stack(0x000000fba6600000,0x000000fba6700000)]
  0x0000026e520d49b0 JavaThread "Unconstrained build operations Thread 72" [_thread_blocked, id=3564, stack(0x000000fba6700000,0x000000fba6800000)]
  0x0000026e520d1e60 JavaThread "Unconstrained build operations Thread 73" [_thread_blocked, id=13916, stack(0x000000fba6800000,0x000000fba6900000)]
  0x0000026e520ce970 JavaThread "Unconstrained build operations Thread 74" [_thread_blocked, id=17064, stack(0x000000fba6900000,0x000000fba6a00000)]
  0x0000026e520d5350 JavaThread "Unconstrained build operations Thread 75" [_thread_blocked, id=9796, stack(0x000000fba6a00000,0x000000fba6b00000)]
  0x0000026e520d3670 JavaThread "Unconstrained build operations Thread 76" [_thread_blocked, id=2964, stack(0x000000fba6b00000,0x000000fba6c00000)]
  0x0000026e520d0180 JavaThread "Unconstrained build operations Thread 77" [_thread_blocked, id=2388, stack(0x000000fba6c00000,0x000000fba6d00000)]
  0x0000026e520d0650 JavaThread "Unconstrained build operations Thread 78" [_thread_blocked, id=9528, stack(0x000000fba6d00000,0x000000fba6e00000)]
  0x0000026e520d1990 JavaThread "Unconstrained build operations Thread 79" [_thread_blocked, id=18008, stack(0x000000fba6e00000,0x000000fba6f00000)]
  0x0000026e520d5cf0 JavaThread "Unconstrained build operations Thread 80" [_thread_blocked, id=8440, stack(0x000000fba6f00000,0x000000fba7000000)]
  0x0000026e520d2330 JavaThread "Unconstrained build operations Thread 81" [_thread_blocked, id=16508, stack(0x000000fba7000000,0x000000fba7100000)]
  0x0000026e520d2cd0 JavaThread "Unconstrained build operations Thread 82" [_thread_blocked, id=8236, stack(0x000000fba7100000,0x000000fba7200000)]
  0x0000026e520cf310 JavaThread "Unconstrained build operations Thread 83" [_thread_blocked, id=1672, stack(0x000000fba7200000,0x000000fba7300000)]
  0x0000026e520cf7e0 JavaThread "Unconstrained build operations Thread 84" [_thread_blocked, id=13384, stack(0x000000fba7300000,0x000000fba7400000)]
  0x0000026e520cee40 JavaThread "Unconstrained build operations Thread 85" [_thread_blocked, id=7352, stack(0x000000fba7400000,0x000000fba7500000)]
  0x0000026e520d4e80 JavaThread "Unconstrained build operations Thread 86" [_thread_blocked, id=1444, stack(0x000000fba7500000,0x000000fba7600000)]
  0x0000026e520d0b20 JavaThread "Unconstrained build operations Thread 87" [_thread_blocked, id=3132, stack(0x000000fba7600000,0x000000fba7700000)]
  0x0000026e520d0ff0 JavaThread "Unconstrained build operations Thread 88" [_thread_blocked, id=15888, stack(0x000000fba7700000,0x000000fba7800000)]
  0x0000026e520d61c0 JavaThread "Unconstrained build operations Thread 89" [_thread_blocked, id=8292, stack(0x000000fba7800000,0x000000fba7900000)]
  0x0000026e520d2800 JavaThread "Unconstrained build operations Thread 90" [_thread_blocked, id=14392, stack(0x000000fba7900000,0x000000fba7a00000)]
  0x0000026e520d31a0 JavaThread "Unconstrained build operations Thread 91" [_thread_blocked, id=14572, stack(0x000000fba7a00000,0x000000fba7b00000)]
  0x0000026e520d4010 JavaThread "Unconstrained build operations Thread 92" [_thread_blocked, id=17740, stack(0x000000fba7b00000,0x000000fba7c00000)]
  0x0000026e520d3b40 JavaThread "Unconstrained build operations Thread 93" [_thread_blocked, id=5088, stack(0x000000fba7c00000,0x000000fba7d00000)]
  0x0000026e520de1d0 JavaThread "Unconstrained build operations Thread 94" [_thread_blocked, id=11464, stack(0x000000fba7d00000,0x000000fba7e00000)]
  0x0000026e520ddd00 JavaThread "Unconstrained build operations Thread 95" [_thread_blocked, id=16000, stack(0x000000fba7e00000,0x000000fba7f00000)]
  0x0000026e520da340 JavaThread "Unconstrained build operations Thread 96" [_thread_blocked, id=9104, stack(0x000000fba7f00000,0x000000fba8000000)]
  0x0000026e520d7320 JavaThread "Unconstrained build operations Thread 97" [_thread_blocked, id=7704, stack(0x000000fba8000000,0x000000fba8100000)]
  0x0000026e520da810 JavaThread "Unconstrained build operations Thread 98" [_thread_blocked, id=7752, stack(0x000000fba8100000,0x000000fba8200000)]
  0x0000026e520dd360 JavaThread "Unconstrained build operations Thread 99" [_thread_blocked, id=5268, stack(0x000000fba8200000,0x000000fba8300000)]
  0x0000026e520d7cc0 JavaThread "Unconstrained build operations Thread 100" [_thread_blocked, id=9760, stack(0x000000fba8300000,0x000000fba8400000)]
  0x0000026e520d77f0 JavaThread "Unconstrained build operations Thread 101" [_thread_blocked, id=15180, stack(0x000000fba8400000,0x000000fba8500000)]
  0x0000026e520dc4f0 JavaThread "Unconstrained build operations Thread 102" [_thread_blocked, id=10280, stack(0x000000fba8500000,0x000000fba8600000)]
  0x0000026e520d8190 JavaThread "Unconstrained build operations Thread 103" [_thread_blocked, id=17628, stack(0x000000fba8600000,0x000000fba8700000)]
  0x0000026e520d9000 JavaThread "Unconstrained build operations Thread 104" [_thread_blocked, id=5200, stack(0x000000fba8700000,0x000000fba8800000)]
  0x0000026e520dce90 JavaThread "Unconstrained build operations Thread 105" [_thread_blocked, id=4868, stack(0x000000fba8800000,0x000000fba8900000)]
  0x0000026e520dace0 JavaThread "Unconstrained build operations Thread 106" [_thread_blocked, id=2584, stack(0x000000fba8900000,0x000000fba8a00000)]
  0x0000026e520db1b0 JavaThread "Unconstrained build operations Thread 107" [_thread_blocked, id=12184, stack(0x000000fba8a00000,0x000000fba8b00000)]
  0x0000026e520dd830 JavaThread "Unconstrained build operations Thread 108" [_thread_blocked, id=14328, stack(0x000000fba8b00000,0x000000fba8c00000)]
  0x0000026e520d8660 JavaThread "Unconstrained build operations Thread 109" [_thread_blocked, id=8264, stack(0x000000fba8c00000,0x000000fba8d00000)]
  0x0000026e520d6980 JavaThread "Unconstrained build operations Thread 110" [_thread_blocked, id=2844, stack(0x000000fba8d00000,0x000000fba8e00000)]
  0x0000026e520d8b30 JavaThread "Unconstrained build operations Thread 111" [_thread_blocked, id=8868, stack(0x000000fba8e00000,0x000000fba8f00000)]
  0x0000026e520db680 JavaThread "Unconstrained build operations Thread 112" [_thread_blocked, id=10824, stack(0x000000fba8f00000,0x000000fba9000000)]
  0x0000026e520dbb50 JavaThread "Unconstrained build operations Thread 113" [_thread_blocked, id=11376, stack(0x000000fba9000000,0x000000fba9100000)]
  0x0000026e520d6e50 JavaThread "Unconstrained build operations Thread 114" [_thread_blocked, id=17772, stack(0x000000fba9100000,0x000000fba9200000)]
  0x0000026e520d94d0 JavaThread "Unconstrained build operations Thread 115" [_thread_blocked, id=4820, stack(0x000000fba9200000,0x000000fba9300000)]
  0x0000026e520d99a0 JavaThread "Unconstrained build operations Thread 116" [_thread_blocked, id=4536, stack(0x000000fba9300000,0x000000fba9400000)]
  0x0000026e520d9e70 JavaThread "Unconstrained build operations Thread 117" [_thread_blocked, id=16884, stack(0x000000fba9400000,0x000000fba9500000)]
  0x0000026e520dc020 JavaThread "Unconstrained build operations Thread 118" [_thread_blocked, id=18388, stack(0x000000fba9500000,0x000000fba9600000)]
  0x0000026e520dc9c0 JavaThread "Unconstrained build operations Thread 119" [_thread_blocked, id=10884, stack(0x000000fba9600000,0x000000fba9700000)]
  0x0000026e51f0c900 JavaThread "Unconstrained build operations Thread 120" [_thread_blocked, id=4880, stack(0x000000fba9700000,0x000000fba9800000)]
  0x0000026e51f11ad0 JavaThread "Unconstrained build operations Thread 121" [_thread_blocked, id=12676, stack(0x000000fba9800000,0x000000fba9900000)]
  0x0000026e51f11130 JavaThread "Unconstrained build operations Thread 122" [_thread_blocked, id=8704, stack(0x000000fba9900000,0x000000fba9a00000)]
  0x0000026e51f10c60 JavaThread "Unconstrained build operations Thread 123" [_thread_blocked, id=1764, stack(0x000000fba9a00000,0x000000fba9b00000)]
  0x0000026e51f0e5e0 JavaThread "Unconstrained build operations Thread 124" [_thread_blocked, id=17424, stack(0x000000fba9b00000,0x000000fba9c00000)]
  0x0000026e51f11fa0 JavaThread "Unconstrained build operations Thread 125" [_thread_blocked, id=18232, stack(0x000000fba9c00000,0x000000fba9d00000)]
  0x0000026e51f12e10 JavaThread "Unconstrained build operations Thread 126" [_thread_blocked, id=17680, stack(0x000000fba9d00000,0x000000fba9e00000)]
  0x0000026e51f12470 JavaThread "Unconstrained build operations Thread 127" [_thread_blocked, id=13868, stack(0x000000fba9e00000,0x000000fba9f00000)]
  0x0000026e51f0c430 JavaThread "Unconstrained build operations Thread 128" [_thread_blocked, id=11808, stack(0x000000fba9f00000,0x000000fbaa000000)]
  0x0000026e51f0e110 JavaThread "Unconstrained build operations Thread 129" [_thread_blocked, id=9496, stack(0x000000fbaa000000,0x000000fbaa100000)]
  0x0000026e51f0ba90 JavaThread "Unconstrained build operations Thread 130" [_thread_blocked, id=7724, stack(0x000000fbaa100000,0x000000fbaa200000)]
  0x0000026e51f11600 JavaThread "Unconstrained build operations Thread 131" [_thread_blocked, id=11032, stack(0x000000fbaa200000,0x000000fbaa300000)]
  0x0000026e51f12940 JavaThread "Unconstrained build operations Thread 132" [_thread_blocked, id=18012, stack(0x000000fbaa300000,0x000000fbaa400000)]
  0x0000026e51f0f920 JavaThread "Unconstrained build operations Thread 133" [_thread_blocked, id=16900, stack(0x000000fbaa400000,0x000000fbaa500000)]
  0x0000026e51f0b5c0 JavaThread "Unconstrained build operations Thread 134" [_thread_blocked, id=15736, stack(0x000000fbaa500000,0x000000fbaa600000)]
  0x0000026e51f0cdd0 JavaThread "Unconstrained build operations Thread 135" [_thread_blocked, id=6120, stack(0x000000fbaa600000,0x000000fbaa700000)]
  0x0000026e51f0bf60 JavaThread "Unconstrained build operations Thread 136" [_thread_blocked, id=15272, stack(0x000000fbaa700000,0x000000fbaa800000)]
  0x0000026e51f0fdf0 JavaThread "Unconstrained build operations Thread 137" [_thread_blocked, id=13776, stack(0x000000fbaa800000,0x000000fbaa900000)]
  0x0000026e51f0d2a0 JavaThread "Unconstrained build operations Thread 138" [_thread_blocked, id=4928, stack(0x000000fbaa900000,0x000000fbaaa00000)]
  0x0000026e51f0d770 JavaThread "Unconstrained build operations Thread 139" [_thread_blocked, id=7640, stack(0x000000fbaaa00000,0x000000fbaab00000)]
  0x0000026e51f0dc40 JavaThread "Unconstrained build operations Thread 140" [_thread_blocked, id=17852, stack(0x000000fbaab00000,0x000000fbaac00000)]
  0x0000026e51f102c0 JavaThread "Unconstrained build operations Thread 141" [_thread_blocked, id=9444, stack(0x000000fbaac00000,0x000000fbaad00000)]
  0x0000026e51f10790 JavaThread "Unconstrained build operations Thread 142" [_thread_blocked, id=9608, stack(0x000000fbaad00000,0x000000fbaae00000)]
  0x0000026e51f0eab0 JavaThread "Unconstrained build operations Thread 143" [_thread_blocked, id=15160, stack(0x000000fbaae00000,0x000000fbaaf00000)]
  0x0000026e51f0ef80 JavaThread "Unconstrained build operations Thread 144" [_thread_blocked, id=17872, stack(0x000000fbaaf00000,0x000000fbab000000)]
  0x0000026e51f0f450 JavaThread "Unconstrained build operations Thread 145" [_thread_blocked, id=16420, stack(0x000000fbab000000,0x000000fbab100000)]
  0x0000026e51629420 JavaThread "Unconstrained build operations Thread 146" [_thread_blocked, id=12728, stack(0x000000fbab100000,0x000000fbab200000)]
  0x0000026e5162d2b0 JavaThread "Unconstrained build operations Thread 147" [_thread_blocked, id=1684, stack(0x000000fbab200000,0x000000fbab300000)]
  0x0000026e5162b5d0 JavaThread "Unconstrained build operations Thread 148" [_thread_blocked, id=16152, stack(0x000000fbab300000,0x000000fbab400000)]
  0x0000026e5162ac30 JavaThread "Unconstrained build operations Thread 149" [_thread_blocked, id=1520, stack(0x000000fbab400000,0x000000fbab500000)]
  0x0000026e5162eac0 JavaThread "jar transforms Thread 6" [_thread_blocked, id=9732, stack(0x000000fbab500000,0x000000fbab600000)]
  0x0000026e5162c910 JavaThread "jar transforms Thread 7" [_thread_blocked, id=11468, stack(0x000000fbab600000,0x000000fbab700000)]
  0x0000026e5162a760 JavaThread "jar transforms Thread 8" [_thread_blocked, id=15320, stack(0x000000fbab700000,0x000000fbab800000)]
  0x0000026e5162e120 JavaThread "jar transforms Thread 9" [_thread_blocked, id=15524, stack(0x000000fbab800000,0x000000fbab900000)]
  0x0000026e51628f50 JavaThread "jar transforms Thread 10" [_thread_blocked, id=3408, stack(0x000000fbab900000,0x000000fbaba00000)]
  0x0000026e51628a80 JavaThread "jar transforms Thread 11" [_thread_blocked, id=448, stack(0x000000fbaba00000,0x000000fbabb00000)]
  0x0000026e5162baa0 JavaThread "jar transforms Thread 12" [_thread_blocked, id=2748, stack(0x000000fbabb00000,0x000000fbabc00000)]
  0x0000026e51629dc0 JavaThread "jar transforms Thread 13" [_thread_blocked, id=6780, stack(0x000000fbabc00000,0x000000fbabd00000)]
  0x0000026e5162a290 JavaThread "jar transforms Thread 14" [_thread_blocked, id=17544, stack(0x000000fbabd00000,0x000000fbabe00000)]
  0x0000026e516285b0 JavaThread "jar transforms Thread 15" [_thread_blocked, id=15552, stack(0x000000fbabe00000,0x000000fbabf00000)]
  0x0000026e516280e0 JavaThread "jar transforms Thread 16" [_thread_blocked, id=14260, stack(0x000000fbabf00000,0x000000fbac000000)]
  0x0000026e5162b100 JavaThread "jar transforms Thread 17" [_thread_blocked, id=17324, stack(0x000000fbac000000,0x000000fbac100000)]
  0x0000026e5162e5f0 JavaThread "jar transforms Thread 18" [_thread_blocked, id=16712, stack(0x000000fbac100000,0x000000fbac200000)]
  0x0000026e5162c440 JavaThread "jar transforms Thread 19" [_thread_blocked, id=11296, stack(0x000000fbac200000,0x000000fbac300000)]
  0x0000026e5162cde0 JavaThread "jar transforms Thread 20" [_thread_blocked, id=2736, stack(0x000000fbac300000,0x000000fbac400000)]
  0x0000026e5162d780 JavaThread "build event listener" [_thread_blocked, id=5552, stack(0x000000fbac400000,0x000000fbac500000)]
  0x0000026e516298f0 JavaThread "Memory manager" [_thread_blocked, id=2340, stack(0x000000fbac700000,0x000000fbac800000)]

Other Threads:
  0x0000026e4abf9e10 VMThread "VM Thread" [stack: 0x000000fb9e100000,0x000000fb9e200000] [id=4436]
  0x0000026e2fe0a4e0 WatcherThread [stack: 0x000000fb9ef00000,0x000000fb9f000000] [id=17968]
  0x0000026e2fdb2b20 GCTaskThread "GC Thread#0" [stack: 0x000000fb9dc00000,0x000000fb9dd00000] [id=6500]
  0x0000026e4c452e10 GCTaskThread "GC Thread#1" [stack: 0x000000fb9f200000,0x000000fb9f300000] [id=13404]
  0x0000026e4c9a34d0 GCTaskThread "GC Thread#2" [stack: 0x000000fb9f300000,0x000000fb9f400000] [id=17644]
  0x0000026e4c763c20 GCTaskThread "GC Thread#3" [stack: 0x000000fb9f400000,0x000000fb9f500000] [id=5828]
  0x0000026e4b9bc4e0 GCTaskThread "GC Thread#4" [stack: 0x000000fb9f600000,0x000000fb9f700000] [id=14372]
  0x0000026e4de6ec20 GCTaskThread "GC Thread#5" [stack: 0x000000fba0100000,0x000000fba0200000] [id=3712]
  0x0000026e4de6d950 GCTaskThread "GC Thread#6" [stack: 0x000000fba0200000,0x000000fba0300000] [id=1812]
  0x0000026e4de6e6c0 GCTaskThread "GC Thread#7" [stack: 0x000000fba0300000,0x000000fba0400000] [id=1392]
  0x0000026e4de6deb0 GCTaskThread "GC Thread#8" [stack: 0x000000fba0400000,0x000000fba0500000] [id=11604]
  0x0000026e4de6e410 GCTaskThread "GC Thread#9" [stack: 0x000000fba0500000,0x000000fba0600000] [id=8012]
  0x0000026e4de6dc00 GCTaskThread "GC Thread#10" [stack: 0x000000fba0600000,0x000000fba0700000] [id=9160]
  0x0000026e4de6e970 GCTaskThread "GC Thread#11" [stack: 0x000000fba0700000,0x000000fba0800000] [id=7896]
  0x0000026e4de6e160 GCTaskThread "GC Thread#12" [stack: 0x000000fba0800000,0x000000fba0900000] [id=13364]
  0x0000026e4de6f180 GCTaskThread "GC Thread#13" [stack: 0x000000fba0900000,0x000000fba0a00000] [id=16400]
  0x0000026e4e5b65c0 GCTaskThread "GC Thread#14" [stack: 0x000000fba0a00000,0x000000fba0b00000] [id=2264]
  0x0000026e2fdc4a70 ConcurrentGCThread "G1 Main Marker" [stack: 0x000000fb9dd00000,0x000000fb9de00000] [id=13860]
  0x0000026e2fdc5480 ConcurrentGCThread "G1 Conc#0" [stack: 0x000000fb9de00000,0x000000fb9df00000] [id=17676]
  0x0000026e4e5b9620 ConcurrentGCThread "G1 Conc#1" [stack: 0x000000fba0b00000,0x000000fba0c00000] [id=17404]
  0x0000026e4e5b8b60 ConcurrentGCThread "G1 Conc#2" [stack: 0x000000fba0c00000,0x000000fba0d00000] [id=13804]
  0x0000026e4e5b8600 ConcurrentGCThread "G1 Conc#3" [stack: 0x000000fba0d00000,0x000000fba0e00000] [id=4888]
  0x0000026e4aaa3f90 ConcurrentGCThread "G1 Refine#0" [stack: 0x000000fb9df00000,0x000000fb9e000000] [id=17568]
  0x0000026e520ba110 ConcurrentGCThread "G1 Refine#1" [stack: 0x000000fbac500000,0x000000fbac600000] [id=14640]
  0x0000026e520bdd70 ConcurrentGCThread "G1 Refine#2" [stack: 0x000000fbac600000,0x000000fbac700000] [id=13592]
  0x0000026e4aaa6760 ConcurrentGCThread "G1 Service" [stack: 0x000000fb9e000000,0x000000fb9e100000] [id=9640]

Threads with active compile tasks:
C2 CompilerThread0     3844 7988       4       groovy.lang.MetaClassImpl$1MOPIter::methodNameAction (325 bytes)
C2 CompilerThread1     3844 8007       4       groovy.lang.MetaMethod::getMopName (105 bytes)
C2 CompilerThread2     3844 7996       4       sun.reflect.generics.parser.SignatureParser::parsePackageNameAndSimpleClassTypeSignature (119 bytes)

VM state: not at safepoint (normal execution)

VM Mutex/Monitor currently owned by a thread: None

Heap address: 0x0000000080000000, size: 2048 MB, Compressed Oops mode: 32-bit

CDS archive(s) not mapped
Compressed class space mapped at: 0x0000000100000000-0x0000000140000000, reserved size: 1073741824
Narrow klass base: 0x0000000000000000, Narrow klass shift: 3, Narrow klass range: 0x140000000

GC Precious Log:
 CPUs: 20 total, 20 available
 Memory: 7906M
 Large Page Support: Disabled
 NUMA Support: Disabled
 Compressed Oops: Enabled (32-bit)
 Heap Region Size: 1M
 Heap Min Capacity: 8M
 Heap Initial Capacity: 124M
 Heap Max Capacity: 2G
 Pre-touch: Disabled
 Parallel Workers: 15
 Concurrent Workers: 4
 Concurrent Refinement Workers: 15
 Periodic GC: Disabled

Heap:
 garbage-first heap   total 157696K, used 72624K [0x0000000080000000, 0x0000000100000000)
  region size 1024K, 14 young (14336K), 5 survivors (5120K)
 Metaspace       used 71141K, committed 71744K, reserved 1114112K
  class space    used 9345K, committed 9600K, reserved 1048576K

Heap Regions: E=young(eden), S=young(survivor), O=old, HS=humongous(starts), HC=humongous(continues), CS=collection set, F=free, OA=open archive, CA=closed archive, TAMS=top-at-mark-start (previous, next)
|   0|0x0000000080000000, 0x0000000080100000, 0x0000000080100000|100%|HS|  |TAMS 0x0000000080100000, 0x0000000080000000| Complete 
|   1|0x0000000080100000, 0x0000000080200000, 0x0000000080200000|100%|HC|  |TAMS 0x0000000080200000, 0x0000000080100000| Complete 
|   2|0x0000000080200000, 0x0000000080300000, 0x0000000080300000|100%|HC|  |TAMS 0x0000000080300000, 0x0000000080200000| Complete 
|   3|0x0000000080300000, 0x0000000080400000, 0x0000000080400000|100%|HC|  |TAMS 0x0000000080400000, 0x0000000080300000| Complete 
|   4|0x0000000080400000, 0x0000000080500000, 0x0000000080500000|100%| O|  |TAMS 0x0000000080500000, 0x0000000080400000| Untracked 
|   5|0x0000000080500000, 0x0000000080600000, 0x0000000080600000|100%| O|  |TAMS 0x0000000080600000, 0x0000000080500000| Untracked 
|   6|0x0000000080600000, 0x0000000080700000, 0x0000000080700000|100%| O|  |TAMS 0x0000000080700000, 0x0000000080600000| Untracked 
|   7|0x0000000080700000, 0x0000000080800000, 0x0000000080800000|100%| O|  |TAMS 0x0000000080800000, 0x0000000080700000| Untracked 
|   8|0x0000000080800000, 0x0000000080900000, 0x0000000080900000|100%| O|  |TAMS 0x0000000080900000, 0x0000000080800000| Untracked 
|   9|0x0000000080900000, 0x0000000080a00000, 0x0000000080a00000|100%| O|  |TAMS 0x0000000080a00000, 0x0000000080900000| Untracked 
|  10|0x0000000080a00000, 0x0000000080b00000, 0x0000000080b00000|100%| O|  |TAMS 0x0000000080b00000, 0x0000000080a00000| Untracked 
|  11|0x0000000080b00000, 0x0000000080c00000, 0x0000000080c00000|100%| O|  |TAMS 0x0000000080c00000, 0x0000000080b00000| Untracked 
|  12|0x0000000080c00000, 0x0000000080d00000, 0x0000000080d00000|100%| O|  |TAMS 0x0000000080d00000, 0x0000000080c00000| Untracked 
|  13|0x0000000080d00000, 0x0000000080e00000, 0x0000000080e00000|100%| O|  |TAMS 0x0000000080e00000, 0x0000000080d00000| Untracked 
|  14|0x0000000080e00000, 0x0000000080f00000, 0x0000000080f00000|100%|HS|  |TAMS 0x0000000080f00000, 0x0000000080e00000| Complete 
|  15|0x0000000080f00000, 0x0000000081000000, 0x0000000081000000|100%| O|  |TAMS 0x0000000081000000, 0x0000000080f00000| Untracked 
|  16|0x0000000081000000, 0x0000000081100000, 0x0000000081100000|100%| O|  |TAMS 0x0000000081100000, 0x0000000081000000| Untracked 
|  17|0x0000000081100000, 0x0000000081200000, 0x0000000081200000|100%| O|  |TAMS 0x0000000081200000, 0x0000000081100000| Untracked 
|  18|0x0000000081200000, 0x0000000081300000, 0x0000000081300000|100%| O|  |TAMS 0x0000000081300000, 0x0000000081200000| Untracked 
|  19|0x0000000081300000, 0x0000000081400000, 0x0000000081400000|100%| O|  |TAMS 0x0000000081400000, 0x0000000081300000| Untracked 
|  20|0x0000000081400000, 0x0000000081500000, 0x0000000081500000|100%| O|  |TAMS 0x0000000081500000, 0x0000000081400000| Untracked 
|  21|0x0000000081500000, 0x0000000081600000, 0x0000000081600000|100%| O|  |TAMS 0x0000000081600000, 0x0000000081500000| Untracked 
|  22|0x0000000081600000, 0x0000000081700000, 0x0000000081700000|100%| O|  |TAMS 0x0000000081700000, 0x0000000081600000| Untracked 
|  23|0x0000000081700000, 0x0000000081800000, 0x0000000081800000|100%| O|  |TAMS 0x0000000081800000, 0x0000000081700000| Untracked 
|  24|0x0000000081800000, 0x0000000081900000, 0x0000000081900000|100%| O|  |TAMS 0x0000000081900000, 0x0000000081800000| Untracked 
|  25|0x0000000081900000, 0x0000000081a00000, 0x0000000081a00000|100%| O|  |TAMS 0x0000000081a00000, 0x0000000081900000| Untracked 
|  26|0x0000000081a00000, 0x0000000081b00000, 0x0000000081b00000|100%| O|  |TAMS 0x0000000081b00000, 0x0000000081a00000| Untracked 
|  27|0x0000000081b00000, 0x0000000081c00000, 0x0000000081c00000|100%| O|  |TAMS 0x0000000081c00000, 0x0000000081b00000| Untracked 
|  28|0x0000000081c00000, 0x0000000081d00000, 0x0000000081d00000|100%| O|  |TAMS 0x0000000081d00000, 0x0000000081c00000| Untracked 
|  29|0x0000000081d00000, 0x0000000081e00000, 0x0000000081e00000|100%|HS|  |TAMS 0x0000000081e00000, 0x0000000081d00000| Complete 
|  30|0x0000000081e00000, 0x0000000081f00000, 0x0000000081f00000|100%|HS|  |TAMS 0x0000000081f00000, 0x0000000081e00000| Complete 
|  31|0x0000000081f00000, 0x0000000082000000, 0x0000000082000000|100%|HC|  |TAMS 0x0000000082000000, 0x0000000081f00000| Complete 
|  32|0x0000000082000000, 0x0000000082100000, 0x0000000082100000|100%|HS|  |TAMS 0x0000000082100000, 0x0000000082000000| Complete 
|  33|0x0000000082100000, 0x0000000082200000, 0x0000000082200000|100%|HC|  |TAMS 0x0000000082200000, 0x0000000082100000| Complete 
|  34|0x0000000082200000, 0x0000000082300000, 0x0000000082300000|100%|HC|  |TAMS 0x0000000082300000, 0x0000000082200000| Complete 
|  35|0x0000000082300000, 0x0000000082400000, 0x0000000082400000|100%|HC|  |TAMS 0x0000000082400000, 0x0000000082300000| Complete 
|  36|0x0000000082400000, 0x0000000082500000, 0x0000000082500000|100%| O|  |TAMS 0x0000000082400000, 0x0000000082400000| Untracked 
|  37|0x0000000082500000, 0x0000000082600000, 0x0000000082600000|100%| O|  |TAMS 0x0000000082600000, 0x0000000082500000| Untracked 
|  38|0x0000000082600000, 0x0000000082700000, 0x0000000082700000|100%| O|  |TAMS 0x0000000082700000, 0x0000000082600000| Untracked 
|  39|0x0000000082700000, 0x0000000082800000, 0x0000000082800000|100%| O|  |TAMS 0x0000000082800000, 0x0000000082700000| Untracked 
|  40|0x0000000082800000, 0x0000000082900000, 0x0000000082900000|100%| O|  |TAMS 0x0000000082900000, 0x0000000082800000| Untracked 
|  41|0x0000000082900000, 0x0000000082a00000, 0x0000000082a00000|100%| O|  |TAMS 0x000000008294ec00, 0x0000000082900000| Untracked 
|  42|0x0000000082a00000, 0x0000000082b00000, 0x0000000082b00000|100%| O|  |TAMS 0x0000000082a00000, 0x0000000082a00000| Untracked 
|  43|0x0000000082b00000, 0x0000000082c00000, 0x0000000082c00000|100%| O|  |TAMS 0x0000000082b00000, 0x0000000082b00000| Untracked 
|  44|0x0000000082c00000, 0x0000000082d00000, 0x0000000082d00000|100%| O|  |TAMS 0x0000000082c00000, 0x0000000082c00000| Untracked 
|  45|0x0000000082d00000, 0x0000000082e00000, 0x0000000082e00000|100%| O|  |TAMS 0x0000000082d00000, 0x0000000082d00000| Untracked 
|  46|0x0000000082e00000, 0x0000000082f00000, 0x0000000082f00000|100%| O|  |TAMS 0x0000000082e00000, 0x0000000082e00000| Untracked 
|  47|0x0000000082f00000, 0x0000000083000000, 0x0000000083000000|100%| O|  |TAMS 0x0000000082f00000, 0x0000000082f00000| Untracked 
|  48|0x0000000083000000, 0x0000000083100000, 0x0000000083100000|100%| O|  |TAMS 0x0000000083000000, 0x0000000083000000| Untracked 
|  49|0x0000000083100000, 0x0000000083200000, 0x0000000083200000|100%| O|  |TAMS 0x0000000083100000, 0x0000000083100000| Untracked 
|  50|0x0000000083200000, 0x0000000083300000, 0x0000000083300000|100%| O|  |TAMS 0x0000000083200000, 0x0000000083200000| Untracked 
|  51|0x0000000083300000, 0x0000000083400000, 0x0000000083400000|100%| O|  |TAMS 0x0000000083300000, 0x0000000083300000| Untracked 
|  52|0x0000000083400000, 0x0000000083400000, 0x0000000083500000|  0%| F|  |TAMS 0x0000000083400000, 0x0000000083400000| Untracked 
|  53|0x0000000083500000, 0x0000000083600000, 0x0000000083600000|100%| O|  |TAMS 0x0000000083500000, 0x0000000083500000| Untracked 
|  54|0x0000000083600000, 0x0000000083700000, 0x0000000083700000|100%| O|  |TAMS 0x0000000083600000, 0x0000000083600000| Untracked 
|  55|0x0000000083700000, 0x0000000083800000, 0x0000000083800000|100%| O|  |TAMS 0x0000000083700000, 0x0000000083700000| Untracked 
|  56|0x0000000083800000, 0x0000000083900000, 0x0000000083900000|100%| O|  |TAMS 0x0000000083800000, 0x0000000083800000| Untracked 
|  57|0x0000000083900000, 0x0000000083a00000, 0x0000000083a00000|100%| O|  |TAMS 0x0000000083900000, 0x0000000083900000| Untracked 
|  58|0x0000000083a00000, 0x0000000083b00000, 0x0000000083b00000|100%| O|  |TAMS 0x0000000083a00000, 0x0000000083a00000| Untracked 
|  59|0x0000000083b00000, 0x0000000083b39400, 0x0000000083c00000| 22%| O|  |TAMS 0x0000000083b00000, 0x0000000083b00000| Untracked 
|  60|0x0000000083c00000, 0x0000000083c00000, 0x0000000083d00000|  0%| F|  |TAMS 0x0000000083c00000, 0x0000000083c00000| Untracked 
|  61|0x0000000083d00000, 0x0000000083d00000, 0x0000000083e00000|  0%| F|  |TAMS 0x0000000083d00000, 0x0000000083d00000| Untracked 
|  62|0x0000000083e00000, 0x0000000083e00000, 0x0000000083f00000|  0%| F|  |TAMS 0x0000000083e00000, 0x0000000083e00000| Untracked 
|  63|0x0000000083f00000, 0x0000000083f00000, 0x0000000084000000|  0%| F|  |TAMS 0x0000000083f00000, 0x0000000083f00000| Untracked 
|  64|0x0000000084000000, 0x0000000084000000, 0x0000000084100000|  0%| F|  |TAMS 0x0000000084000000, 0x0000000084000000| Untracked 
|  65|0x0000000084100000, 0x0000000084100000, 0x0000000084200000|  0%| F|  |TAMS 0x0000000084100000, 0x0000000084100000| Untracked 
|  66|0x0000000084200000, 0x0000000084200000, 0x0000000084300000|  0%| F|  |TAMS 0x0000000084200000, 0x0000000084200000| Untracked 
|  67|0x0000000084300000, 0x0000000084300000, 0x0000000084400000|  0%| F|  |TAMS 0x0000000084300000, 0x0000000084300000| Untracked 
|  68|0x0000000084400000, 0x0000000084400000, 0x0000000084500000|  0%| F|  |TAMS 0x0000000084400000, 0x0000000084400000| Untracked 
|  69|0x0000000084500000, 0x0000000084500000, 0x0000000084600000|  0%| F|  |TAMS 0x0000000084500000, 0x0000000084500000| Untracked 
|  70|0x0000000084600000, 0x0000000084600000, 0x0000000084700000|  0%| F|  |TAMS 0x0000000084600000, 0x0000000084600000| Untracked 
|  71|0x0000000084700000, 0x0000000084700000, 0x0000000084800000|  0%| F|  |TAMS 0x0000000084700000, 0x0000000084700000| Untracked 
|  72|0x0000000084800000, 0x0000000084800000, 0x0000000084900000|  0%| F|  |TAMS 0x0000000084800000, 0x0000000084800000| Untracked 
|  73|0x0000000084900000, 0x0000000084900000, 0x0000000084a00000|  0%| F|  |TAMS 0x0000000084900000, 0x0000000084900000| Untracked 
|  74|0x0000000084a00000, 0x0000000084a00000, 0x0000000084b00000|  0%| F|  |TAMS 0x0000000084a00000, 0x0000000084a00000| Untracked 
|  75|0x0000000084b00000, 0x0000000084b00000, 0x0000000084c00000|  0%| F|  |TAMS 0x0000000084b00000, 0x0000000084b00000| Untracked 
|  76|0x0000000084c00000, 0x0000000084c00000, 0x0000000084d00000|  0%| F|  |TAMS 0x0000000084c00000, 0x0000000084c00000| Untracked 
|  77|0x0000000084d00000, 0x0000000084d00000, 0x0000000084e00000|  0%| F|  |TAMS 0x0000000084d00000, 0x0000000084d00000| Untracked 
|  78|0x0000000084e00000, 0x0000000084e00000, 0x0000000084f00000|  0%| F|  |TAMS 0x0000000084e00000, 0x0000000084e00000| Untracked 
|  79|0x0000000084f00000, 0x0000000084f00000, 0x0000000085000000|  0%| F|  |TAMS 0x0000000084f00000, 0x0000000084f00000| Untracked 
|  80|0x0000000085000000, 0x0000000085000000, 0x0000000085100000|  0%| F|  |TAMS 0x0000000085000000, 0x0000000085000000| Untracked 
|  81|0x0000000085100000, 0x0000000085100000, 0x0000000085200000|  0%| F|  |TAMS 0x0000000085100000, 0x0000000085100000| Untracked 
|  82|0x0000000085200000, 0x0000000085200000, 0x0000000085300000|  0%| F|  |TAMS 0x0000000085200000, 0x0000000085200000| Untracked 
|  83|0x0000000085300000, 0x0000000085300000, 0x0000000085400000|  0%| F|  |TAMS 0x0000000085300000, 0x0000000085300000| Untracked 
|  84|0x0000000085400000, 0x0000000085400000, 0x0000000085500000|  0%| F|  |TAMS 0x0000000085400000, 0x0000000085400000| Untracked 
|  85|0x0000000085500000, 0x0000000085500000, 0x0000000085600000|  0%| F|  |TAMS 0x0000000085500000, 0x0000000085500000| Untracked 
|  86|0x0000000085600000, 0x0000000085600000, 0x0000000085700000|  0%| F|  |TAMS 0x0000000085600000, 0x0000000085600000| Untracked 
|  87|0x0000000085700000, 0x0000000085700000, 0x0000000085800000|  0%| F|  |TAMS 0x0000000085700000, 0x0000000085700000| Untracked 
|  88|0x0000000085800000, 0x00000000858b2d90, 0x0000000085900000| 69%| S|CS|TAMS 0x0000000085800000, 0x0000000085800000| Complete 
|  89|0x0000000085900000, 0x0000000085a00000, 0x0000000085a00000|100%| S|CS|TAMS 0x0000000085900000, 0x0000000085900000| Complete 
|  90|0x0000000085a00000, 0x0000000085b00000, 0x0000000085b00000|100%| S|CS|TAMS 0x0000000085a00000, 0x0000000085a00000| Complete 
|  91|0x0000000085b00000, 0x0000000085c00000, 0x0000000085c00000|100%| S|CS|TAMS 0x0000000085b00000, 0x0000000085b00000| Complete 
|  92|0x0000000085c00000, 0x0000000085d00000, 0x0000000085d00000|100%| S|CS|TAMS 0x0000000085c00000, 0x0000000085c00000| Complete 
|  93|0x0000000085d00000, 0x0000000085d00000, 0x0000000085e00000|  0%| F|  |TAMS 0x0000000085d00000, 0x0000000085d00000| Untracked 
|  94|0x0000000085e00000, 0x0000000085e00000, 0x0000000085f00000|  0%| F|  |TAMS 0x0000000085e00000, 0x0000000085e00000| Untracked 
|  95|0x0000000085f00000, 0x0000000085f00000, 0x0000000086000000|  0%| F|  |TAMS 0x0000000085f00000, 0x0000000085f00000| Untracked 
|  96|0x0000000086000000, 0x0000000086000000, 0x0000000086100000|  0%| F|  |TAMS 0x0000000086000000, 0x0000000086000000| Untracked 
|  97|0x0000000086100000, 0x0000000086100000, 0x0000000086200000|  0%| F|  |TAMS 0x0000000086100000, 0x0000000086100000| Untracked 
|  98|0x0000000086200000, 0x0000000086200000, 0x0000000086300000|  0%| F|  |TAMS 0x0000000086200000, 0x0000000086200000| Untracked 
|  99|0x0000000086300000, 0x0000000086300000, 0x0000000086400000|  0%| F|  |TAMS 0x0000000086300000, 0x0000000086300000| Untracked 
| 100|0x0000000086400000, 0x0000000086400000, 0x0000000086500000|  0%| F|  |TAMS 0x0000000086400000, 0x0000000086400000| Untracked 
| 101|0x0000000086500000, 0x0000000086500000, 0x0000000086600000|  0%| F|  |TAMS 0x0000000086500000, 0x0000000086500000| Untracked 
| 102|0x0000000086600000, 0x0000000086600000, 0x0000000086700000|  0%| F|  |TAMS 0x0000000086600000, 0x0000000086600000| Untracked 
| 103|0x0000000086700000, 0x0000000086700000, 0x0000000086800000|  0%| F|  |TAMS 0x0000000086700000, 0x0000000086700000| Untracked 
| 104|0x0000000086800000, 0x0000000086800000, 0x0000000086900000|  0%| F|  |TAMS 0x0000000086800000, 0x0000000086800000| Untracked 
| 105|0x0000000086900000, 0x0000000086900000, 0x0000000086a00000|  0%| F|  |TAMS 0x0000000086900000, 0x0000000086900000| Untracked 
| 106|0x0000000086a00000, 0x0000000086a00000, 0x0000000086b00000|  0%| F|  |TAMS 0x0000000086a00000, 0x0000000086a00000| Untracked 
| 107|0x0000000086b00000, 0x0000000086b00000, 0x0000000086c00000|  0%| F|  |TAMS 0x0000000086b00000, 0x0000000086b00000| Untracked 
| 108|0x0000000086c00000, 0x0000000086c00000, 0x0000000086d00000|  0%| F|  |TAMS 0x0000000086c00000, 0x0000000086c00000| Untracked 
| 109|0x0000000086d00000, 0x0000000086d00000, 0x0000000086e00000|  0%| F|  |TAMS 0x0000000086d00000, 0x0000000086d00000| Untracked 
| 110|0x0000000086e00000, 0x0000000086e00000, 0x0000000086f00000|  0%| F|  |TAMS 0x0000000086e00000, 0x0000000086e00000| Untracked 
| 111|0x0000000086f00000, 0x0000000086f00000, 0x0000000087000000|  0%| F|  |TAMS 0x0000000086f00000, 0x0000000086f00000| Untracked 
| 112|0x0000000087000000, 0x0000000087000000, 0x0000000087100000|  0%| F|  |TAMS 0x0000000087000000, 0x0000000087000000| Untracked 
| 113|0x0000000087100000, 0x0000000087100000, 0x0000000087200000|  0%| F|  |TAMS 0x0000000087100000, 0x0000000087100000| Untracked 
| 114|0x0000000087200000, 0x0000000087200000, 0x0000000087300000|  0%| F|  |TAMS 0x0000000087200000, 0x0000000087200000| Untracked 
| 115|0x0000000087300000, 0x0000000087300000, 0x0000000087400000|  0%| F|  |TAMS 0x0000000087300000, 0x0000000087300000| Untracked 
| 116|0x0000000087400000, 0x0000000087400000, 0x0000000087500000|  0%| F|  |TAMS 0x0000000087400000, 0x0000000087400000| Untracked 
| 117|0x0000000087500000, 0x0000000087500000, 0x0000000087600000|  0%| F|  |TAMS 0x0000000087500000, 0x0000000087500000| Untracked 
| 118|0x0000000087600000, 0x0000000087600000, 0x0000000087700000|  0%| F|  |TAMS 0x0000000087600000, 0x0000000087600000| Untracked 
| 119|0x0000000087700000, 0x0000000087700000, 0x0000000087800000|  0%| F|  |TAMS 0x0000000087700000, 0x0000000087700000| Untracked 
| 120|0x0000000087800000, 0x0000000087800000, 0x0000000087900000|  0%| F|  |TAMS 0x0000000087800000, 0x0000000087800000| Untracked 
| 121|0x0000000087900000, 0x0000000087900000, 0x0000000087a00000|  0%| F|  |TAMS 0x0000000087900000, 0x0000000087900000| Untracked 
| 122|0x0000000087a00000, 0x0000000087a00000, 0x0000000087b00000|  0%| F|  |TAMS 0x0000000087a00000, 0x0000000087a00000| Untracked 
| 123|0x0000000087b00000, 0x0000000087b00000, 0x0000000087c00000|  0%| F|  |TAMS 0x0000000087b00000, 0x0000000087b00000| Untracked 
| 124|0x0000000087c00000, 0x0000000087c00000, 0x0000000087d00000|  0%| F|  |TAMS 0x0000000087c00000, 0x0000000087c00000| Untracked 
| 125|0x0000000087d00000, 0x0000000087d00000, 0x0000000087e00000|  0%| F|  |TAMS 0x0000000087d00000, 0x0000000087d00000| Untracked 
| 126|0x0000000087e00000, 0x0000000087e00000, 0x0000000087f00000|  0%| F|  |TAMS 0x0000000087e00000, 0x0000000087e00000| Untracked 
| 127|0x0000000087f00000, 0x0000000087f00000, 0x0000000088000000|  0%| F|  |TAMS 0x0000000087f00000, 0x0000000087f00000| Untracked 
| 128|0x0000000088000000, 0x0000000088000000, 0x0000000088100000|  0%| F|  |TAMS 0x0000000088000000, 0x0000000088000000| Untracked 
| 129|0x0000000088100000, 0x0000000088100000, 0x0000000088200000|  0%| F|  |TAMS 0x0000000088100000, 0x0000000088100000| Untracked 
| 130|0x0000000088200000, 0x0000000088200000, 0x0000000088300000|  0%| F|  |TAMS 0x0000000088200000, 0x0000000088200000| Untracked 
| 131|0x0000000088300000, 0x0000000088300000, 0x0000000088400000|  0%| F|  |TAMS 0x0000000088300000, 0x0000000088300000| Untracked 
| 132|0x0000000088400000, 0x0000000088400000, 0x0000000088500000|  0%| F|  |TAMS 0x0000000088400000, 0x0000000088400000| Untracked 
| 133|0x0000000088500000, 0x0000000088500000, 0x0000000088600000|  0%| F|  |TAMS 0x0000000088500000, 0x0000000088500000| Untracked 
| 134|0x0000000088600000, 0x0000000088600000, 0x0000000088700000|  0%| F|  |TAMS 0x0000000088600000, 0x0000000088600000| Untracked 
| 135|0x0000000088700000, 0x0000000088700000, 0x0000000088800000|  0%| F|  |TAMS 0x0000000088700000, 0x0000000088700000| Untracked 
| 136|0x0000000088800000, 0x0000000088800000, 0x0000000088900000|  0%| F|  |TAMS 0x0000000088800000, 0x0000000088800000| Untracked 
| 137|0x0000000088900000, 0x0000000088900000, 0x0000000088a00000|  0%| F|  |TAMS 0x0000000088900000, 0x0000000088900000| Untracked 
| 138|0x0000000088a00000, 0x0000000088a00000, 0x0000000088b00000|  0%| F|  |TAMS 0x0000000088a00000, 0x0000000088a00000| Untracked 
| 139|0x0000000088b00000, 0x0000000088b00000, 0x0000000088c00000|  0%| F|  |TAMS 0x0000000088b00000, 0x0000000088b00000| Untracked 
| 140|0x0000000088c00000, 0x0000000088c00000, 0x0000000088d00000|  0%| F|  |TAMS 0x0000000088c00000, 0x0000000088c00000| Untracked 
| 141|0x0000000088d00000, 0x0000000088d00000, 0x0000000088e00000|  0%| F|  |TAMS 0x0000000088d00000, 0x0000000088d00000| Untracked 
| 142|0x0000000088e00000, 0x0000000088e00000, 0x0000000088f00000|  0%| F|  |TAMS 0x0000000088e00000, 0x0000000088e00000| Untracked 
| 143|0x0000000088f00000, 0x0000000088f00000, 0x0000000089000000|  0%| F|  |TAMS 0x0000000088f00000, 0x0000000088f00000| Untracked 
| 144|0x0000000089000000, 0x0000000089080800, 0x0000000089100000| 50%| E|  |TAMS 0x0000000089000000, 0x0000000089000000| Complete 
| 145|0x0000000089100000, 0x0000000089200000, 0x0000000089200000|100%| E|CS|TAMS 0x0000000089100000, 0x0000000089100000| Complete 
| 146|0x0000000089200000, 0x0000000089300000, 0x0000000089300000|100%| E|CS|TAMS 0x0000000089200000, 0x0000000089200000| Complete 
| 147|0x0000000089300000, 0x0000000089400000, 0x0000000089400000|100%| E|CS|TAMS 0x0000000089300000, 0x0000000089300000| Complete 
| 148|0x0000000089400000, 0x0000000089500000, 0x0000000089500000|100%| E|CS|TAMS 0x0000000089400000, 0x0000000089400000| Complete 
| 149|0x0000000089500000, 0x0000000089600000, 0x0000000089600000|100%| E|CS|TAMS 0x0000000089500000, 0x0000000089500000| Complete 
| 150|0x0000000089600000, 0x0000000089700000, 0x0000000089700000|100%| E|CS|TAMS 0x0000000089600000, 0x0000000089600000| Complete 
| 151|0x0000000089700000, 0x0000000089800000, 0x0000000089800000|100%| E|CS|TAMS 0x0000000089700000, 0x0000000089700000| Complete 
| 152|0x0000000089800000, 0x0000000089900000, 0x0000000089900000|100%| E|CS|TAMS 0x0000000089800000, 0x0000000089800000| Complete 
| 153|0x0000000089900000, 0x0000000089a00000, 0x0000000089a00000|100%| E|CS|TAMS 0x0000000089900000, 0x0000000089900000| Complete 

Card table byte_map: [0x0000026e430c0000,0x0000026e434c0000] _byte_map_base: 0x0000026e42cc0000

Marking Bits (Prev, Next): (CMBitMap*) 0x0000026e2fdb4180, (CMBitMap*) 0x0000026e2fdb4140
 Prev Bits: [0x0000026e458c0000, 0x0000026e478c0000)
 Next Bits: [0x0000026e438c0000, 0x0000026e458c0000)

Polling page: 0x0000026e2dca0000

Metaspace:

Usage:
  Non-class:     60.35 MB used.
      Class:      9.13 MB used.
       Both:     69.48 MB used.

Virtual space:
  Non-class space:       64.00 MB reserved,      60.69 MB ( 95%) committed,  8 nodes.
      Class space:        1.00 GB reserved,       9.38 MB ( <1%) committed,  1 nodes.
             Both:        1.06 GB reserved,      70.06 MB (  6%) committed. 

Chunk freelists:
   Non-Class:  3.22 MB
       Class:  2.57 MB
        Both:  5.79 MB

MaxMetaspaceSize: unlimited
CompressedClassSpaceSize: 1.00 GB
Initial GC threshold: 21.00 MB
Current GC threshold: 98.56 MB
CDS: off
MetaspaceReclaimPolicy: balanced
 - commit_granule_bytes: 65536.
 - commit_granule_words: 8192.
 - virtual_space_node_default_size: 1048576.
 - enlarge_chunks_in_place: 1.
 - new_chunks_are_fully_committed: 0.
 - uncommit_free_chunks: 1.
 - use_allocation_guard: 0.
 - handle_deallocations: 1.


Internal statistics:

num_allocs_failed_limit: 9.
num_arena_births: 646.
num_arena_deaths: 0.
num_vsnodes_births: 9.
num_vsnodes_deaths: 0.
num_space_committed: 1121.
num_space_uncommitted: 0.
num_chunks_returned_to_freelist: 9.
num_chunks_taken_from_freelist: 3025.
num_chunk_merges: 6.
num_chunk_splits: 2023.
num_chunks_enlarged: 1392.
num_purges: 0.
num_inconsistent_stats: 0.

CodeHeap 'non-profiled nmethods': size=119168Kb used=3914Kb max_used=3914Kb free=115253Kb
 bounds [0x0000026e3adb0000, 0x0000026e3b190000, 0x0000026e42210000]
CodeHeap 'profiled nmethods': size=119104Kb used=14320Kb max_used=14320Kb free=104783Kb
 bounds [0x0000026e33210000, 0x0000026e34010000, 0x0000026e3a660000]
CodeHeap 'non-nmethods': size=7488Kb used=4046Kb max_used=4109Kb free=3441Kb
 bounds [0x0000026e3a660000, 0x0000026e3aa70000, 0x0000026e3adb0000]
 total_blobs=8090 nmethods=7206 adapters=792
 compilation: enabled
              stopped_count=0, restarted_count=0
 full_count=0

Compilation events (20 events):
Event: 3.791 Thread 0x0000026e4b4aa6b0 nmethod 8022 0x0000026e34001810 code [0x0000026e34001a20, 0x0000026e34002498]
Event: 3.792 Thread 0x0000026e4b61aa10 8023       1       org.codehaus.groovy.runtime.callsite.AbstractCallSite::getArray (5 bytes)
Event: 3.792 Thread 0x0000026e4b61aa10 nmethod 8023 0x0000026e3b179590 code [0x0000026e3b179720, 0x0000026e3b1797f8]
Event: 3.814 Thread 0x0000026e4b61aa10 8024       3       java.util.Arrays::sort (32 bytes)
Event: 3.814 Thread 0x0000026e4b61aa10 nmethod 8024 0x0000026e34002810 code [0x0000026e340029c0, 0x0000026e34002b58]
Event: 3.818 Thread 0x0000026e4b61af20 8027       3       java.beans.FeatureDescriptor::<init> (69 bytes)
Event: 3.818 Thread 0x0000026e4b61af20 nmethod 8027 0x0000026e34002c90 code [0x0000026e34002ec0, 0x0000026e34003648]
Event: 3.819 Thread 0x0000026e4b61aa10 8028       3       com.sun.beans.util.Cache$Kind$Soft::isStale (14 bytes)
Event: 3.820 Thread 0x0000026e4b61aa10 nmethod 8028 0x0000026e34003890 code [0x0000026e34003a40, 0x0000026e34003c48]
Event: 3.820 Thread 0x0000026e4b4aa6b0 8029       3       java.util.HashMap::valuesToArray (81 bytes)
Event: 3.820 Thread 0x0000026e4b4aa6b0 nmethod 8029 0x0000026e34003d10 code [0x0000026e34003ee0, 0x0000026e34004398]
Event: 3.821 Thread 0x0000026e4b4aa6b0 8030       3       java.beans.PropertyDescriptor::<init> (112 bytes)
Event: 3.821 Thread 0x0000026e4c517800 8031   !   3       java.beans.PropertyDescriptor::updateGenericsFor (37 bytes)
Event: 3.821 Thread 0x0000026e4b4aa6b0 nmethod 8030 0x0000026e34004590 code [0x0000026e340047c0, 0x0000026e34004f08]
Event: 3.821 Thread 0x0000026e4b61aa10 8034       3       java.util.HashMap::keysToArray (81 bytes)
Event: 3.821 Thread 0x0000026e4c517800 nmethod 8031 0x0000026e34005190 code [0x0000026e34005460, 0x0000026e340064d8]
Event: 3.822 Thread 0x0000026e4b61aa10 nmethod 8034 0x0000026e34006a90 code [0x0000026e34006c60, 0x0000026e34007118]
Event: 3.832 Thread 0x0000026e4c517800 8036       3       groovy.lang.MetaClassImpl::inheritInterfaceNewMetaMethods (195 bytes)
Event: 3.832 Thread 0x0000026e4b95ed40 nmethod 7984 0x0000026e3b179890 code [0x0000026e3b179ce0, 0x0000026e3b17e778]
Event: 3.832 Thread 0x0000026e4b95ed40 8032       4       java.util.Hashtable$Enumerator::hasMoreElements (53 bytes)

GC Heap History (20 events):
Event: 1.457 GC heap before
{Heap before GC invocations=6 (full 0):
 garbage-first heap   total 78848K, used 54545K [0x0000000080000000, 0x0000000100000000)
  region size 1024K, 35 young (35840K), 1 survivors (1024K)
 Metaspace       used 32062K, committed 32320K, reserved 1081344K
  class space    used 4365K, committed 4480K, reserved 1048576K
}
Event: 1.458 GC heap after
{Heap after GC invocations=7 (full 0):
 garbage-first heap   total 78848K, used 22347K [0x0000000080000000, 0x0000000100000000)
  region size 1024K, 2 young (2048K), 2 survivors (2048K)
 Metaspace       used 32062K, committed 32320K, reserved 1081344K
  class space    used 4365K, committed 4480K, reserved 1048576K
}
Event: 1.631 GC heap before
{Heap before GC invocations=7 (full 0):
 garbage-first heap   total 78848K, used 40779K [0x0000000080000000, 0x0000000100000000)
  region size 1024K, 21 young (21504K), 2 survivors (2048K)
 Metaspace       used 35599K, committed 35968K, reserved 1081344K
  class space    used 4874K, committed 5056K, reserved 1048576K
}
Event: 1.633 GC heap after
{Heap after GC invocations=8 (full 0):
 garbage-first heap   total 78848K, used 24347K [0x0000000080000000, 0x0000000100000000)
  region size 1024K, 4 young (4096K), 4 survivors (4096K)
 Metaspace       used 35599K, committed 35968K, reserved 1081344K
  class space    used 4874K, committed 5056K, reserved 1048576K
}
Event: 1.858 GC heap before
{Heap before GC invocations=9 (full 0):
 garbage-first heap   total 78848K, used 58139K [0x0000000080000000, 0x0000000100000000)
  region size 1024K, 38 young (38912K), 4 survivors (4096K)
 Metaspace       used 40903K, committed 41280K, reserved 1089536K
  class space    used 5409K, committed 5568K, reserved 1048576K
}
Event: 1.861 GC heap after
{Heap after GC invocations=10 (full 0):
 garbage-first heap   total 78848K, used 28122K [0x0000000080000000, 0x0000000100000000)
  region size 1024K, 5 young (5120K), 5 survivors (5120K)
 Metaspace       used 40903K, committed 41280K, reserved 1089536K
  class space    used 5409K, committed 5568K, reserved 1048576K
}
Event: 1.867 GC heap before
{Heap before GC invocations=10 (full 0):
 garbage-first heap   total 78848K, used 29146K [0x0000000080000000, 0x0000000100000000)
  region size 1024K, 6 young (6144K), 5 survivors (5120K)
 Metaspace       used 40997K, committed 41408K, reserved 1089536K
  class space    used 5418K, committed 5568K, reserved 1048576K
}
Event: 1.869 GC heap after
{Heap after GC invocations=11 (full 0):
 garbage-first heap   total 78848K, used 28943K [0x0000000080000000, 0x0000000100000000)
  region size 1024K, 1 young (1024K), 1 survivors (1024K)
 Metaspace       used 40997K, committed 41408K, reserved 1089536K
  class space    used 5418K, committed 5568K, reserved 1048576K
}
Event: 2.097 GC heap before
{Heap before GC invocations=11 (full 0):
 garbage-first heap   total 78848K, used 62735K [0x0000000080000000, 0x0000000100000000)
  region size 1024K, 31 young (31744K), 1 survivors (1024K)
 Metaspace       used 44079K, committed 44480K, reserved 1089536K
  class space    used 5780K, committed 5952K, reserved 1048576K
}
Event: 2.099 GC heap after
{Heap after GC invocations=12 (full 0):
 garbage-first heap   total 157696K, used 31282K [0x0000000080000000, 0x0000000100000000)
  region size 1024K, 4 young (4096K), 4 survivors (4096K)
 Metaspace       used 44079K, committed 44480K, reserved 1089536K
  class space    used 5780K, committed 5952K, reserved 1048576K
}
Event: 2.591 GC heap before
{Heap before GC invocations=12 (full 0):
 garbage-first heap   total 157696K, used 102962K [0x0000000080000000, 0x0000000100000000)
  region size 1024K, 73 young (74752K), 4 survivors (4096K)
 Metaspace       used 51749K, committed 52224K, reserved 1097728K
  class space    used 6810K, committed 7040K, reserved 1048576K
}
Event: 2.594 GC heap after
{Heap after GC invocations=13 (full 0):
 garbage-first heap   total 157696K, used 36143K [0x0000000080000000, 0x0000000100000000)
  region size 1024K, 8 young (8192K), 8 survivors (8192K)
 Metaspace       used 51749K, committed 52224K, reserved 1097728K
  class space    used 6810K, committed 7040K, reserved 1048576K
}
Event: 3.080 GC heap before
{Heap before GC invocations=13 (full 0):
 garbage-first heap   total 157696K, used 124207K [0x0000000080000000, 0x0000000100000000)
  region size 1024K, 86 young (88064K), 8 survivors (8192K)
 Metaspace       used 59183K, committed 59712K, reserved 1105920K
  class space    used 7773K, committed 8000K, reserved 1048576K
}
Event: 3.084 GC heap after
{Heap after GC invocations=14 (full 0):
 garbage-first heap   total 157696K, used 52539K [0x0000000080000000, 0x0000000100000000)
  region size 1024K, 11 young (11264K), 11 survivors (11264K)
 Metaspace       used 59183K, committed 59712K, reserved 1105920K
  class space    used 7773K, committed 8000K, reserved 1048576K
}
Event: 3.125 GC heap before
{Heap before GC invocations=14 (full 0):
 garbage-first heap   total 157696K, used 56635K [0x0000000080000000, 0x0000000100000000)
  region size 1024K, 16 young (16384K), 11 survivors (11264K)
 Metaspace       used 59820K, committed 60288K, reserved 1105920K
  class space    used 7878K, committed 8064K, reserved 1048576K
}
Event: 3.128 GC heap after
{Heap after GC invocations=15 (full 0):
 garbage-first heap   total 157696K, used 53962K [0x0000000080000000, 0x0000000100000000)
  region size 1024K, 2 young (2048K), 2 survivors (2048K)
 Metaspace       used 59820K, committed 60288K, reserved 1105920K
  class space    used 7878K, committed 8064K, reserved 1048576K
}
Event: 3.519 GC heap before
{Heap before GC invocations=16 (full 0):
 garbage-first heap   total 157696K, used 127690K [0x0000000080000000, 0x0000000100000000)
  region size 1024K, 68 young (69632K), 2 survivors (2048K)
 Metaspace       used 67042K, committed 67648K, reserved 1114112K
  class space    used 8788K, committed 9088K, reserved 1048576K
}
Event: 3.522 GC heap after
{Heap after GC invocations=17 (full 0):
 garbage-first heap   total 157696K, used 59664K [0x0000000080000000, 0x0000000100000000)
  region size 1024K, 7 young (7168K), 7 survivors (7168K)
 Metaspace       used 67042K, committed 67648K, reserved 1114112K
  class space    used 8788K, committed 9088K, reserved 1048576K
}
Event: 3.822 GC heap before
{Heap before GC invocations=17 (full 0):
 garbage-first heap   total 157696K, used 123152K [0x0000000080000000, 0x0000000100000000)
  region size 1024K, 68 young (69632K), 7 survivors (7168K)
 Metaspace       used 71120K, committed 71680K, reserved 1114112K
  class space    used 9342K, committed 9600K, reserved 1048576K
}
Event: 3.827 GC heap after
{Heap after GC invocations=18 (full 0):
 garbage-first heap   total 157696K, used 64432K [0x0000000080000000, 0x0000000100000000)
  region size 1024K, 5 young (5120K), 5 survivors (5120K)
 Metaspace       used 71120K, committed 71680K, reserved 1114112K
  class space    used 9342K, committed 9600K, reserved 1048576K
}

Dll operation events (2 events):
Event: 0.004 Loaded shared library C:\Program Files\Android\Android Studio\jbr\bin\java.dll
Event: 0.183 Loaded shared library C:\Program Files\Android\Android Studio\jbr\bin\verify.dll

Deoptimization events (20 events):
Event: 3.760 Thread 0x0000026e4c887ff0 Uncommon trap: trap_request=0xffffff45 fr.pc=0x0000026e3b150310 relative=0x00000000000011d0
Event: 3.760 Thread 0x0000026e4c887ff0 Uncommon trap: reason=unstable_if action=reinterpret pc=0x0000026e3b150310 method=java.lang.ClassLoader.checkCerts(Ljava/lang/String;Ljava/security/CodeSource;)V @ 30 c2
Event: 3.760 Thread 0x0000026e4c887ff0 DEOPT PACKING pc=0x0000026e3b150310 sp=0x000000fb9fdf8bc0
Event: 3.760 Thread 0x0000026e4c887ff0 DEOPT UNPACKING pc=0x0000026e3a6b69a3 sp=0x000000fb9fdf8b38 mode 2
Event: 3.761 Thread 0x0000026e4c887ff0 Uncommon trap: trap_request=0xffffff45 fr.pc=0x0000026e3b141e00 relative=0x0000000000001a60
Event: 3.761 Thread 0x0000026e4c887ff0 Uncommon trap: reason=unstable_if action=reinterpret pc=0x0000026e3b141e00 method=java.lang.ClassLoader.postDefineClass(Ljava/lang/Class;Ljava/security/ProtectionDomain;)V @ 17 c2
Event: 3.761 Thread 0x0000026e4c887ff0 DEOPT PACKING pc=0x0000026e3b141e00 sp=0x000000fb9fdf8bd0
Event: 3.761 Thread 0x0000026e4c887ff0 DEOPT UNPACKING pc=0x0000026e3a6b69a3 sp=0x000000fb9fdf8bc0 mode 2
Event: 3.761 Thread 0x0000026e4c887ff0 Uncommon trap: trap_request=0xffffff45 fr.pc=0x0000026e3b029f54 relative=0x0000000000000ad4
Event: 3.761 Thread 0x0000026e4c887ff0 Uncommon trap: reason=unstable_if action=reinterpret pc=0x0000026e3b029f54 method=java.lang.ClassLoader.loadClass(Ljava/lang/String;Z)Ljava/lang/Class; @ 29 c2
Event: 3.761 Thread 0x0000026e4c887ff0 DEOPT PACKING pc=0x0000026e3b029f54 sp=0x000000fb9fdf4d10
Event: 3.761 Thread 0x0000026e4c887ff0 DEOPT UNPACKING pc=0x0000026e3a6b69a3 sp=0x000000fb9fdf4cd8 mode 2
Event: 3.775 Thread 0x0000026e4c887ff0 Uncommon trap: trap_request=0xffffff45 fr.pc=0x0000026e3b171514 relative=0x0000000000000454
Event: 3.775 Thread 0x0000026e4c887ff0 Uncommon trap: reason=unstable_if action=reinterpret pc=0x0000026e3b171514 method=java.util.StringJoiner.add(Ljava/lang/CharSequence;)Ljava/util/StringJoiner; @ 33 c2
Event: 3.775 Thread 0x0000026e4c887ff0 DEOPT PACKING pc=0x0000026e3b171514 sp=0x000000fb9fdf71b0
Event: 3.775 Thread 0x0000026e4c887ff0 DEOPT UNPACKING pc=0x0000026e3a6b69a3 sp=0x000000fb9fdf7160 mode 2
Event: 3.781 Thread 0x0000026e4c887ff0 Uncommon trap: trap_request=0xffffff45 fr.pc=0x0000026e3b174fb0 relative=0x00000000000005f0
Event: 3.781 Thread 0x0000026e4c887ff0 Uncommon trap: reason=unstable_if action=reinterpret pc=0x0000026e3b174fb0 method=groovy.lang.MetaClassImpl.filterPropertyMethod(Ljava/lang/Object;ZZ)Ljava/lang/Object; @ 60 c2
Event: 3.781 Thread 0x0000026e4c887ff0 DEOPT PACKING pc=0x0000026e3b174fb0 sp=0x000000fb9fdf7e30
Event: 3.781 Thread 0x0000026e4c887ff0 DEOPT UNPACKING pc=0x0000026e3a6b69a3 sp=0x000000fb9fdf7da8 mode 2

Classes unloaded (0 events):
No events

Classes redefined (0 events):
No events

Internal exceptions (20 events):
Event: 3.778 Thread 0x0000026e4c887ff0 Exception <a 'java/lang/ClassNotFoundException'{0x0000000086e68fc0}: com/android/build/gradle/internal/dsl/BaseAppModuleExtensionCustomizer> (0x0000000086e68fc0) 
thrown [s\src\hotspot\share\classfile\systemDictionary.cpp, line 256]
Event: 3.779 Thread 0x0000026e4c887ff0 Exception <a 'java/lang/ClassNotFoundException'{0x0000000086d4f128}: com/android/build/gradle/internal/dsl/BaseAppModuleExtension_DecoratedCustomizer> (0x0000000086d4f128) 
thrown [s\src\hotspot\share\classfile\systemDictionary.cpp, line 256]
Event: 3.784 Thread 0x0000026e4c887ff0 Exception <a 'java/lang/ClassNotFoundException'{0x0000000086b98e10}: org/gradle/api/internal/DefaultDomainObjectSet_DecoratedBeanInfo> (0x0000000086b98e10) 
thrown [s\src\hotspot\share\classfile\systemDictionary.cpp, line 256]
Event: 3.784 Thread 0x0000026e4c887ff0 Exception <a 'java/lang/ClassNotFoundException'{0x0000000086bacd80}: org/gradle/api/internal/DefaultDomainObjectSet_DecoratedCustomizer> (0x0000000086bacd80) 
thrown [s\src\hotspot\share\classfile\systemDictionary.cpp, line 256]
Event: 3.791 Thread 0x0000026e4c887ff0 Exception <a 'java/lang/ClassNotFoundException'{0x0000000086a90ef8}: build_7gsm5425ik4658gik5l05l7bbBeanInfo> (0x0000000086a90ef8) 
thrown [s\src\hotspot\share\classfile\systemDictionary.cpp, line 256]
Event: 3.791 Thread 0x0000026e4c887ff0 Exception <a 'java/lang/ClassNotFoundException'{0x0000000086a97718}: build_7gsm5425ik4658gik5l05l7bbCustomizer> (0x0000000086a97718) 
thrown [s\src\hotspot\share\classfile\systemDictionary.cpp, line 256]
Event: 3.816 Thread 0x0000026e4c887ff0 Exception <a 'java/lang/ClassNotFoundException'{0x0000000085f74f18}: com/android/build/gradle/internal/dsl/DefaultConfig$AgpDecorated_DecoratedBeanInfo> (0x0000000085f74f18) 
thrown [s\src\hotspot\share\classfile\systemDictionary.cpp, line 256]
Event: 3.816 Thread 0x0000026e4c887ff0 Exception <a 'java/lang/ClassNotFoundException'{0x0000000085f81970}: com/android/build/gradle/internal/dsl/DefaultConfig$AgpDecoratedBeanInfo> (0x0000000085f81970) 
thrown [s\src\hotspot\share\classfile\systemDictionary.cpp, line 256]
Event: 3.817 Thread 0x0000026e4c887ff0 Exception <a 'java/lang/ClassNotFoundException'{0x0000000085f8df00}: com/android/build/gradle/internal/dsl/DefaultConfigBeanInfo> (0x0000000085f8df00) 
thrown [s\src\hotspot\share\classfile\systemDictionary.cpp, line 256]
Event: 3.817 Thread 0x0000026e4c887ff0 Exception <a 'java/lang/ClassNotFoundException'{0x0000000085f9a428}: com/android/build/gradle/internal/dsl/BaseFlavorBeanInfo> (0x0000000085f9a428) 
thrown [s\src\hotspot\share\classfile\systemDictionary.cpp, line 256]
Event: 3.817 Thread 0x0000026e4c887ff0 Exception <a 'java/lang/ClassNotFoundException'{0x0000000085fa6768}: com/android/builder/core/AbstractProductFlavorBeanInfo> (0x0000000085fa6768) 
thrown [s\src\hotspot\share\classfile\systemDictionary.cpp, line 256]
Event: 3.817 Thread 0x0000026e4c887ff0 Exception <a 'java/lang/ClassNotFoundException'{0x0000000085fb2b38}: com/android/builder/internal/BaseConfigImplBeanInfo> (0x0000000085fb2b38) 
thrown [s\src\hotspot\share\classfile\systemDictionary.cpp, line 256]
Event: 3.817 Thread 0x0000026e4c887ff0 Exception <a 'java/lang/ClassNotFoundException'{0x0000000085fbeed8}: com/android/builder/internal/BaseConfigImplCustomizer> (0x0000000085fbeed8) 
thrown [s\src\hotspot\share\classfile\systemDictionary.cpp, line 256]
Event: 3.818 Thread 0x0000026e4c887ff0 Exception <a 'java/lang/ClassNotFoundException'{0x0000000085fea890}: com/android/builder/core/AbstractProductFlavorCustomizer> (0x0000000085fea890) 
thrown [s\src\hotspot\share\classfile\systemDictionary.cpp, line 256]
Event: 3.818 Thread 0x0000026e4c887ff0 Exception <a 'java/lang/ClassNotFoundException'{0x0000000085e32aa0}: com/android/build/gradle/internal/dsl/BaseFlavorCustomizer> (0x0000000085e32aa0) 
thrown [s\src\hotspot\share\classfile\systemDictionary.cpp, line 256]
Event: 3.819 Thread 0x0000026e4c887ff0 Exception <a 'java/lang/ClassNotFoundException'{0x0000000085e9a420}: com/android/build/gradle/internal/dsl/DefaultConfigCustomizer> (0x0000000085e9a420) 
thrown [s\src\hotspot\share\classfile\systemDictionary.cpp, line 256]
Event: 3.819 Thread 0x0000026e4c887ff0 Exception <a 'java/lang/ClassNotFoundException'{0x0000000085ebe408}: com/android/build/gradle/internal/dsl/DefaultConfig$AgpDecoratedCustomizer> (0x0000000085ebe408) 
thrown [s\src\hotspot\share\classfile\systemDictionary.cpp, line 256]
Event: 3.820 Thread 0x0000026e4c887ff0 Exception <a 'java/lang/ClassNotFoundException'{0x0000000085d14118}: com/android/build/gradle/internal/dsl/DefaultConfig$AgpDecorated_DecoratedCustomizer> (0x0000000085d14118) 
thrown [s\src\hotspot\share\classfile\systemDictionary.cpp, line 256]
Event: 3.830 Thread 0x0000026e4c887ff0 Exception <a 'java/lang/ClassNotFoundException'{0x0000000089944aa8}: org/gradle/api/internal/NamedDomainObjectContainerConfigureDelegateBeanInfo> (0x0000000089944aa8) 
thrown [s\src\hotspot\share\classfile\systemDictionary.cpp, line 256]
Event: 3.830 Thread 0x0000026e4c887ff0 Exception <a 'java/lang/ClassNotFoundException'{0x0000000089958be8}: org/gradle/api/internal/NamedDomainObjectContainerConfigureDelegateCustomizer> (0x0000000089958be8) 
thrown [s\src\hotspot\share\classfile\systemDictionary.cpp, line 256]

VM Operations (20 events):
Event: 3.238 Executing VM operation: HandshakeAllThreads
Event: 3.238 Executing VM operation: HandshakeAllThreads done
Event: 3.371 Executing VM operation: ICBufferFull
Event: 3.372 Executing VM operation: ICBufferFull done
Event: 3.519 Executing VM operation: G1CollectForAllocation
Event: 3.522 Executing VM operation: G1CollectForAllocation done
Event: 3.589 Executing VM operation: HandshakeAllThreads
Event: 3.589 Executing VM operation: HandshakeAllThreads done
Event: 3.666 Executing VM operation: HandshakeAllThreads
Event: 3.666 Executing VM operation: HandshakeAllThreads done
Event: 3.695 Executing VM operation: ICBufferFull
Event: 3.696 Executing VM operation: ICBufferFull done
Event: 3.757 Executing VM operation: HandshakeAllThreads
Event: 3.757 Executing VM operation: HandshakeAllThreads done
Event: 3.775 Executing VM operation: HandshakeAllThreads
Event: 3.776 Executing VM operation: HandshakeAllThreads done
Event: 3.780 Executing VM operation: ICBufferFull
Event: 3.781 Executing VM operation: ICBufferFull done
Event: 3.822 Executing VM operation: G1CollectForAllocation
Event: 3.827 Executing VM operation: G1CollectForAllocation done

Events (20 events):
Event: 3.759 loading class java/util/ArrayListBeanInfo
Event: 3.759 loading class java/util/ArrayListBeanInfo done
Event: 3.759 loading class java/util/ArrayListBeanInfo
Event: 3.759 loading class java/util/ArrayListBeanInfo done
Event: 3.759 loading class java/util/AbstractListBeanInfo
Event: 3.759 loading class java/util/AbstractListBeanInfo done
Event: 3.759 loading class java/util/AbstractListBeanInfo
Event: 3.759 loading class java/util/AbstractListBeanInfo done
Event: 3.759 loading class java/util/AbstractListCustomizer
Event: 3.759 loading class java/util/AbstractListCustomizer done
Event: 3.759 loading class java/util/AbstractListCustomizer
Event: 3.759 loading class java/util/AbstractListCustomizer done
Event: 3.760 loading class java/util/ArrayListCustomizer
Event: 3.760 loading class java/util/ArrayListCustomizer done
Event: 3.760 loading class java/util/ArrayListCustomizer
Event: 3.760 loading class java/util/ArrayListCustomizer done
Event: 3.777 Thread 0x0000026e4b4ad0b0 flushing nmethod 0x0000026e332b6f90
Event: 3.780 Thread 0x0000026e4b4ad0b0 flushing nmethod 0x0000026e33b75810
Event: 3.819 loading class java/beans/IntrospectionException
Event: 3.819 loading class java/beans/IntrospectionException done


Dynamic libraries:
0x00007ff6cba30000 - 0x00007ff6cba3a000 	C:\Program Files\Android\Android Studio\jbr\bin\java.exe
0x00007fff90c90000 - 0x00007fff90ea4000 	C:\Windows\SYSTEM32\ntdll.dll
0x00007fff8f920000 - 0x00007fff8f9e2000 	C:\Windows\System32\KERNEL32.DLL
0x00007fff8e130000 - 0x00007fff8e4d3000 	C:\Windows\System32\KERNELBASE.dll
0x00007fff8a7f0000 - 0x00007fff8a887000 	C:\Windows\SYSTEM32\apphelp.dll
0x00007fff8e6f0000 - 0x00007fff8e801000 	C:\Windows\System32\ucrtbase.dll
0x00007fff810b0000 - 0x00007fff810c7000 	C:\Program Files\Android\Android Studio\jbr\bin\jli.dll
0x00007fff7e460000 - 0x00007fff7e47b000 	C:\Program Files\Android\Android Studio\jbr\bin\VCRUNTIME140.dll
0x00007fff909f0000 - 0x00007fff90b9b000 	C:\Windows\System32\USER32.dll
0x00007fff65860000 - 0x00007fff65aee000 	C:\Windows\WinSxS\amd64_microsoft.windows.common-controls_6595b64144ccf1df_6.0.22621.1635_none_270f70857386168e\COMCTL32.dll
0x00007fff8e810000 - 0x00007fff8e836000 	C:\Windows\System32\win32u.dll
0x00007fff90ba0000 - 0x00007fff90c47000 	C:\Windows\System32\msvcrt.dll
0x00007fff8f000000 - 0x00007fff8f029000 	C:\Windows\System32\GDI32.dll
0x00007fff8e4e0000 - 0x00007fff8e5f9000 	C:\Windows\System32\gdi32full.dll
0x00007fff8e090000 - 0x00007fff8e12a000 	C:\Windows\System32\msvcp_win.dll
0x00007fff8efc0000 - 0x00007fff8eff1000 	C:\Windows\System32\IMM32.DLL
0x00007fff8abe0000 - 0x00007fff8abec000 	C:\Program Files\Android\Android Studio\jbr\bin\vcruntime140_1.dll
0x00007fff6e690000 - 0x00007fff6e71d000 	C:\Program Files\Android\Android Studio\jbr\bin\msvcp140.dll
0x00007fff40180000 - 0x00007fff40ded000 	C:\Program Files\Android\Android Studio\jbr\bin\server\jvm.dll
0x00007fff8f320000 - 0x00007fff8f3ce000 	C:\Windows\System32\ADVAPI32.dll
0x00007fff907c0000 - 0x00007fff90864000 	C:\Windows\System32\sechost.dll
0x00007fff908d0000 - 0x00007fff909e7000 	C:\Windows\System32\RPCRT4.dll
0x00007fff83300000 - 0x00007fff83334000 	C:\Windows\SYSTEM32\WINMM.dll
0x00007fff82b00000 - 0x00007fff82b09000 	C:\Windows\SYSTEM32\WSOCK32.dll
0x00007fff7c420000 - 0x00007fff7c42a000 	C:\Windows\SYSTEM32\VERSION.dll
0x00007fff8eec0000 - 0x00007fff8ef31000 	C:\Windows\System32\WS2_32.dll
0x00007fff8d190000 - 0x00007fff8d1a8000 	C:\Windows\SYSTEM32\kernel.appcore.dll
0x00007fff81130000 - 0x00007fff8113a000 	C:\Program Files\Android\Android Studio\jbr\bin\jimage.dll
0x00007fff8b780000 - 0x00007fff8b9ae000 	C:\Windows\SYSTEM32\DBGHELP.DLL
0x00007fff8f9f0000 - 0x00007fff8fd79000 	C:\Windows\System32\combase.dll
0x00007fff8f030000 - 0x00007fff8f107000 	C:\Windows\System32\OLEAUT32.dll
0x00007fff830b0000 - 0x00007fff830e2000 	C:\Windows\SYSTEM32\dbgcore.DLL
0x00007fff8e600000 - 0x00007fff8e67b000 	C:\Windows\System32\bcryptPrimitives.dll
0x00007fff73910000 - 0x00007fff73935000 	C:\Program Files\Android\Android Studio\jbr\bin\java.dll
0x00007fff7b720000 - 0x00007fff7b738000 	C:\Program Files\Android\Android Studio\jbr\bin\zip.dll
0x00007fff8fd80000 - 0x00007fff9057a000 	C:\Windows\System32\SHELL32.dll
0x00007fff8be60000 - 0x00007fff8c72e000 	C:\Windows\SYSTEM32\windows.storage.dll
0x00007fff8bd20000 - 0x00007fff8be5e000 	C:\Windows\SYSTEM32\wintypes.dll
0x00007fff8ea70000 - 0x00007fff8eb61000 	C:\Windows\System32\SHCORE.dll
0x00007fff90870000 - 0x00007fff908ce000 	C:\Windows\System32\shlwapi.dll
0x00007fff8dfc0000 - 0x00007fff8dfe1000 	C:\Windows\SYSTEM32\profapi.dll
0x00007fff6f0b0000 - 0x00007fff6f0c9000 	C:\Program Files\Android\Android Studio\jbr\bin\net.dll
0x00007fff888b0000 - 0x00007fff889e7000 	C:\Windows\SYSTEM32\WINHTTP.dll
0x00007fff8d5f0000 - 0x00007fff8d659000 	C:\Windows\system32\mswsock.dll
0x00007fff6eec0000 - 0x00007fff6eed6000 	C:\Program Files\Android\Android Studio\jbr\bin\nio.dll
0x00007fff71920000 - 0x00007fff71930000 	C:\Program Files\Android\Android Studio\jbr\bin\verify.dll
0x00007fff6e910000 - 0x00007fff6e937000 	C:\Users\nahpalacio\.gradle\native\68d5fa5c4cc2d200863cafc0d521ce42e7d3e7ee720ec0a83991735586a16f82\windows-amd64\native-platform.dll
0x00007fff3bd60000 - 0x00007fff3bea4000 	C:\Users\nahpalacio\.gradle\native\e376f236ea51e6404a007f0833ffe2c6e607c4080706a723a18a27aeea778392\windows-amd64\native-platform-file-events.dll
0x00007fff7e4c0000 - 0x00007fff7e4c9000 	C:\Program Files\Android\Android Studio\jbr\bin\management.dll
0x00007fff73570000 - 0x00007fff7357b000 	C:\Program Files\Android\Android Studio\jbr\bin\management_ext.dll
0x00007fff8f910000 - 0x00007fff8f918000 	C:\Windows\System32\PSAPI.DLL
0x00007fff8d910000 - 0x00007fff8d92b000 	C:\Windows\SYSTEM32\CRYPTSP.dll
0x00007fff8d100000 - 0x00007fff8d135000 	C:\Windows\system32\rsaenh.dll
0x00007fff8d690000 - 0x00007fff8d6b8000 	C:\Windows\SYSTEM32\USERENV.dll
0x00007fff8da60000 - 0x00007fff8da88000 	C:\Windows\SYSTEM32\bcrypt.dll
0x00007fff8d8f0000 - 0x00007fff8d8fc000 	C:\Windows\SYSTEM32\CRYPTBASE.dll
0x00007fff8c960000 - 0x00007fff8c98d000 	C:\Windows\SYSTEM32\IPHLPAPI.DLL
0x00007fff90630000 - 0x00007fff90639000 	C:\Windows\System32\NSI.dll
0x00007fff89e80000 - 0x00007fff89e99000 	C:\Windows\SYSTEM32\dhcpcsvc6.DLL
0x00007fff89330000 - 0x00007fff8934f000 	C:\Windows\SYSTEM32\dhcpcsvc.DLL
0x00007fff8c9c0000 - 0x00007fff8cab3000 	C:\Windows\SYSTEM32\DNSAPI.dll
0x00007fff6ee50000 - 0x00007fff6ee58000 	C:\Windows\system32\wshunix.dll

dbghelp: loaded successfully - version: 4.0.5 - missing functions: none
symbol engine: initialized successfully - sym options: 0x614 - pdb path: .;C:\Program Files\Android\Android Studio\jbr\bin;C:\Windows\SYSTEM32;C:\Windows\WinSxS\amd64_microsoft.windows.common-controls_6595b64144ccf1df_6.0.22621.1635_none_270f70857386168e;C:\Program Files\Android\Android Studio\jbr\bin\server;C:\Users\nahpalacio\.gradle\native\68d5fa5c4cc2d200863cafc0d521ce42e7d3e7ee720ec0a83991735586a16f82\windows-amd64;C:\Users\nahpalacio\.gradle\native\e376f236ea51e6404a007f0833ffe2c6e607c4080706a723a18a27aeea778392\windows-amd64

VM Arguments:
jvm_args: --add-opens=java.base/java.util=ALL-UNNAMED --add-opens=java.base/java.lang=ALL-UNNAMED --add-opens=java.base/java.lang.invoke=ALL-UNNAMED --add-opens=java.prefs/java.util.prefs=ALL-UNNAMED --add-opens=java.base/java.nio.charset=ALL-UNNAMED --add-opens=java.base/java.net=ALL-UNNAMED --add-opens=java.base/java.util.concurrent.atomic=ALL-UNNAMED -Xmx2048m -Dfile.encoding=UTF-8 -Duser.country=AR -Duser.language=es -Duser.variant 
java_command: org.gradle.launcher.daemon.bootstrap.GradleDaemon 8.0
java_class_path (initial): C:\Users\nahpalacio\.gradle\wrapper\dists\gradle-8.0-bin\ca5e32bp14vu59qr306oxotwh\gradle-8.0\lib\gradle-launcher-8.0.jar
Launcher Type: SUN_STANDARD

[Global flags]
     intx CICompilerCount                          = 12                                        {product} {ergonomic}
     uint ConcGCThreads                            = 4                                         {product} {ergonomic}
     uint G1ConcRefinementThreads                  = 15                                        {product} {ergonomic}
   size_t G1HeapRegionSize                         = 1048576                                   {product} {ergonomic}
    uintx GCDrainStackTargetSize                   = 64                                        {product} {ergonomic}
   size_t InitialHeapSize                          = 130023424                                 {product} {ergonomic}
   size_t MarkStackSize                            = 4194304                                   {product} {ergonomic}
   size_t MaxHeapSize                              = 2147483648                                {product} {command line}
   size_t MaxNewSize                               = 1287651328                                {product} {ergonomic}
   size_t MinHeapDeltaBytes                        = 1048576                                   {product} {ergonomic}
   size_t MinHeapSize                              = 8388608                                   {product} {ergonomic}
    uintx NonNMethodCodeHeapSize                   = 7602480                                {pd product} {ergonomic}
    uintx NonProfiledCodeHeapSize                  = 122027880                              {pd product} {ergonomic}
    uintx ProfiledCodeHeapSize                     = 122027880                              {pd product} {ergonomic}
    uintx ReservedCodeCacheSize                    = 251658240                              {pd product} {ergonomic}
     bool SegmentedCodeCache                       = true                                      {product} {ergonomic}
   size_t SoftMaxHeapSize                          = 2147483648                             {manageable} {ergonomic}
     bool UseCompressedClassPointers               = true                           {product lp64_product} {ergonomic}
     bool UseCompressedOops                        = true                           {product lp64_product} {ergonomic}
     bool UseG1GC                                  = true                                      {product} {ergonomic}
     bool UseLargePagesIndividualAllocation        = false                                  {pd product} {ergonomic}

Logging:
Log output configuration:
 #0: stdout all=warning uptime,level,tags
 #1: stderr all=off uptime,level,tags

Environment Variables:
PATH=C:\Program Files\Common Files\Oracle\Java\javapath;C:\Windows\system32;C:\Windows;C:\Windows\System32\Wbem;C:\Windows\System32\WindowsPowerShell\v1.0\;C:\Windows\System32\OpenSSH\;C:\Program Files\dotnet\;C:\Program Files (x86)\Microsoft SQL Server\160\DTS\Binn\;C:\Program Files\Azure Data Studio\bin;C:\Program Files\Git\cmd;C:\Users\nahpalacio\AppData\Local\Microsoft\WindowsApps;C:\Users\nahpalacio\AppData\Local\Programs\Microsoft VS Code\bin;C:\Users\nahpalacio\.dotnet\tools;C:\Users\nahpalacio\AppData\Local\GitHubDesktop\bin;C:\Program Files\Azure Data Studio\bin
USERNAME=nahpalacio
OS=Windows_NT
PROCESSOR_IDENTIFIER=Intel64 Family 6 Model 151 Stepping 2, GenuineIntel
TMP=C:\Users\NAHPAL~1\AppData\Local\Temp
TEMP=C:\Users\NAHPAL~1\AppData\Local\Temp



---------------  S Y S T E M  ---------------

OS:
 Windows 11 , 64 bit Build 22621 (10.0.22621.1778)
OS uptime: 1 days 6:16 hours
Hyper-V role detected

CPU: total 20 (initial active 20) (10 cores per cpu, 2 threads per core) family 6 model 151 stepping 2 microcode 0x1e, cx8, cmov, fxsr, ht, mmx, 3dnowpref, sse, sse2, sse3, ssse3, sse4.1, sse4.2, popcnt, lzcnt, tsc, tscinvbit, avx, avx2, aes, erms, clmul, bmi1, bmi2, adx, sha, fma, vzeroupper, clflush, clflushopt, clwb, hv

Memory: 4k page, system-wide physical 7906M (471M free)
TotalPageFile size 11906M (AvailPageFile size 6M)
current process WorkingSet (physical memory assigned to process): 386M, peak: 389M
current process commit charge ("private bytes"): 441M, peak: 443M

vm_info: OpenJDK 64-Bit Server VM (17.0.6+0-b2043.56-9586694) for windows-amd64 JRE (17.0.6+0-b2043.56-9586694), built on Feb  9 2023 20:06:20 by "androidbuild" with MS VC++ 16.10 / 16.11 (VS2019)

END.
