#
# There is insufficient memory for the Java Runtime Environment to continue.
# Native memory allocation (mmap) failed to map 147849216 bytes for G1 virtual space
# Possible reasons:
#   The system is out of physical RAM or swap space
#   The process is running with CompressedOops enabled, and the Java Heap may be blocking the growth of the native heap
# Possible solutions:
#   Reduce memory load on the system
#   Increase physical memory or swap space
#   Check if swap backing store is full
#   Decrease Java heap size (-Xmx/-Xms)
#   Decrease number of Java threads
#   Decrease Java thread stack sizes (-Xss)
#   Set larger code cache with -XX:ReservedCodeCacheSize=
#   JVM is running with Unscaled Compressed Oops mode in which the Java heap is
#     placed in the first 4GB address space. The Java Heap base address is the
#     maximum limit for the native heap growth. Please use -XX:HeapBaseMinAddress
#     to set the Java Heap base and to place the Java Heap above 4GB virtual address.
# This output file may be truncated or incomplete.
#
#  Out of Memory Error (os_windows.cpp:3769), pid=17404, tid=15160
#
# JRE version: OpenJDK Runtime Environment (17.0.6) (build 17.0.6+0-b2043.56-9586694)
# Java VM: OpenJDK 64-Bit Server VM (17.0.6+0-b2043.56-9586694, mixed mode, tiered, compressed oops, compressed class ptrs, g1 gc, windows-amd64)
# No core dump will be written. Minidumps are not enabled by default on client versions of Windows
#

---------------  S U M M A R Y ------------

Command Line: --add-opens=java.base/java.util=ALL-UNNAMED --add-opens=java.base/java.lang=ALL-UNNAMED --add-opens=java.base/java.lang.invoke=ALL-UNNAMED --add-opens=java.prefs/java.util.prefs=ALL-UNNAMED --add-opens=java.base/java.nio.charset=ALL-UNNAMED --add-opens=java.base/java.net=ALL-UNNAMED --add-opens=java.base/java.util.concurrent.atomic=ALL-UNNAMED -Xmx2048m -Dfile.encoding=UTF-8 -Duser.country=AR -Duser.language=es -Duser.variant org.gradle.launcher.daemon.bootstrap.GradleDaemon 8.0

Host: 12th Gen Intel(R) Core(TM) i7-12700, 20 cores, 7G,  Windows 11 , 64 bit Build 22621 (10.0.22621.1778)
Time: Tue Jun 27 14:16:17 2023 Hora estándar de Argentina elapsed time: 4.414140 seconds (0d 0h 0m 4s)

---------------  T H R E A D  ---------------

Current thread (0x000002abd106e7a0):  VMThread "VM Thread" [stack: 0x000000c2cb600000,0x000000c2cb700000] [id=15160]

Stack: [0x000000c2cb600000,0x000000c2cb700000]
Native frames: (J=compiled Java code, j=interpreted, Vv=VM code, C=native code)
V  [jvm.dll+0x683b4a]
V  [jvm.dll+0x842654]
V  [jvm.dll+0x843dfe]
V  [jvm.dll+0x844463]
V  [jvm.dll+0x249b75]
V  [jvm.dll+0x680a19]
V  [jvm.dll+0x674f0a]
V  [jvm.dll+0x309acb]
V  [jvm.dll+0x310f86]
V  [jvm.dll+0x3608ee]
V  [jvm.dll+0x360b1f]
V  [jvm.dll+0x2dfbf8]
V  [jvm.dll+0x2ddec4]
V  [jvm.dll+0x2dd4cc]
V  [jvm.dll+0x321f3b]
V  [jvm.dll+0x84893b]
V  [jvm.dll+0x849674]
V  [jvm.dll+0x849b8d]
V  [jvm.dll+0x849f64]
V  [jvm.dll+0x84a030]
V  [jvm.dll+0x7f25fa]
V  [jvm.dll+0x682985]
C  [ucrtbase.dll+0x29363]
C  [KERNEL32.DLL+0x126ad]
C  [ntdll.dll+0x5a9f8]

VM_Operation (0x000000c2cd3f6400): G1CollectForAllocation, mode: safepoint, requested by thread 0x000002abd3bc3070


---------------  P R O C E S S  ---------------

Threads class SMR info:
_java_thread_list=0x000002abdade8040, length=212, elements={
0x000002abb6977370, 0x000002abd20399e0, 0x000002abd203a590, 0x000002abd207b4c0,
0x000002abd207de90, 0x000002abd207e840, 0x000002abd2081200, 0x000002abd208a1b0,
0x000002abd208bfb0, 0x000002abd2091eb0, 0x000002abd21ee3d0, 0x000002abd21f0d00,
0x000002abd21f1210, 0x000002abd2225fb0, 0x000002abd224f750, 0x000002abd232f110,
0x000002abd25593e0, 0x000002abd2655940, 0x000002abd2a1ee40, 0x000002abd55ab200,
0x000002abd3998f30, 0x000002abd55a9cb0, 0x000002abd5465d00, 0x000002abd4eb2e20,
0x000002abd3bc3070, 0x000002abd4ed7100, 0x000002abd4ed7f70, 0x000002abd4ed75d0,
0x000002abd4ed5420, 0x000002abd4ed7aa0, 0x000002abd4ed6760, 0x000002abd4ed6c30,
0x000002abd4ed6290, 0x000002abd4ed4f50, 0x000002abd4ed58f0, 0x000002abd4ed8440,
0x000002abd4ed4a80, 0x000002abd4ed5dc0, 0x000002abd7dcfcc0, 0x000002abd7dd19a0,
0x000002abd7dd1e70, 0x000002abd7dcd170, 0x000002abd7dd1000, 0x000002abd7dca620,
0x000002abd7dcaaf0, 0x000002abd7dd0190, 0x000002abd7dd14d0, 0x000002abd7dd0b30,
0x000002abd7dcc300, 0x000002abd7dcdb10, 0x000002abd7dce980, 0x000002abd7dcafc0,
0x000002abd7dcb490, 0x000002abd7dcb960, 0x000002abd7dcc7d0, 0x000002abd7dccca0,
0x000002abd7dcd640, 0x000002abd7dcee50, 0x000002abd7dcdfe0, 0x000002abd7dce4b0,
0x000002abd7dcf320, 0x000002abd86f2380, 0x000002abd86ee020, 0x000002abd86edb50,
0x000002abd86f2850, 0x000002abd86f01d0, 0x000002abd86f06a0, 0x000002abd86f4060,
0x000002abd86f2d20, 0x000002abd86f31f0, 0x000002abd86f3b90, 0x000002abd86efd00,
0x000002abd86f36c0, 0x000002abd86f19e0, 0x000002abd86f4530, 0x000002abd86f0b70,
0x000002abd86f4a00, 0x000002abd86ed1b0, 0x000002abd86ef360, 0x000002abd86ed680,
0x000002abd86f1040, 0x000002abd86f1510, 0x000002abd86f1eb0, 0x000002abd86ee4f0,
0x000002abd86ee9c0, 0x000002abd86eee90, 0x000002abd86ef830, 0x000002abd8db4930,
0x000002abd8db0100, 0x000002abd8db4e00, 0x000002abd8db3ac0, 0x000002abd8db05d0,
0x000002abd8db3f90, 0x000002abd8dadf50, 0x000002abd8db1910, 0x000002abd8db2c50,
0x000002abd8dada80, 0x000002abd8dafc30, 0x000002abd8db3120, 0x000002abd8db1440,
0x000002abd8db35f0, 0x000002abd8db0aa0, 0x000002abd8db52d0, 0x000002abd8db1de0,
0x000002abd8db4460, 0x000002abd8dae420, 0x000002abd8dae8f0, 0x000002abd8daedc0,
0x000002abd8daf290, 0x000002abd8daf760, 0x000002abd8db0f70, 0x000002abd8db22b0,
0x000002abd8db2780, 0x000002abd8d2ced0, 0x000002abd8d2a850, 0x000002abd8d2d870,
0x000002abd8d26020, 0x000002abd8d281d0, 0x000002abd8d27d00, 0x000002abd8d2d3a0,
0x000002abd8d2ad20, 0x000002abd8d264f0, 0x000002abd8d2b1f0, 0x000002abd8d2b6c0,
0x000002abd8d2bb90, 0x000002abd8d286a0, 0x000002abd8d28b70, 0x000002abd8d29040,
0x000002abd8d29510, 0x000002abd8d299e0, 0x000002abd8d269c0, 0x000002abd8d2a380,
0x000002abd8d26e90, 0x000002abd8d29eb0, 0x000002abd8d2c060, 0x000002abd8d2c530,
0x000002abd8d2ca00, 0x000002abd8d27360, 0x000002abd8d27830, 0x000002abd5fc3b20,
0x000002abd5fc4e60, 0x000002abd5fc6b40, 0x000002abd5fc61a0, 0x000002abd5fc2cb0,
0x000002abd5fc3180, 0x000002abd5fc7e80, 0x000002abd5fc2310, 0x000002abd5fc0fd0,
0x000002abd5fc27e0, 0x000002abd5fc3650, 0x000002abd5fc3ff0, 0x000002abd5fc4990,
0x000002abd5fc44c0, 0x000002abd5fc5330, 0x000002abd5fc6670, 0x000002abd5fc0630,
0x000002abd5fc0b00, 0x000002abd5fc14a0, 0x000002abd5fc1970, 0x000002abd5fc5cd0,
0x000002abd5fc5800, 0x000002abd5fc1e40, 0x000002abd5fc7010, 0x000002abd5fc74e0,
0x000002abd5fc79b0, 0x000002abd83003c0, 0x000002abd83033e0, 0x000002abd8306400,
0x000002abd82ffa20, 0x000002abd82febb0, 0x000002abd8300890, 0x000002abd8302570,
0x000002abd8302f10, 0x000002abd82ff080, 0x000002abd8301bd0, 0x000002abd82ffef0,
0x000002abd8300d60, 0x000002abd8301230, 0x000002abd8305a60, 0x000002abd8302a40,
0x000002abd8305f30, 0x000002abd83038b0, 0x000002abd82ff550, 0x000002abd8304720,
0x000002abd8301700, 0x000002abd83020a0, 0x000002abd8304bf0, 0x000002abd8303d80,
0x000002abd8304250, 0x000002abd83050c0, 0x000002abd8305590, 0x000002abd8d6f860,
0x000002abd8d6eec0, 0x000002abd8d70200, 0x000002abd8d6f390, 0x000002abd8d706d0,
0x000002abd8d70ba0, 0x000002abd8d6fd30, 0x000002abd8d71070, 0x000002abd8d74560,
0x000002abd8d753d0, 0x000002abd8d71540, 0x000002abd8d758a0, 0x000002abd8d6e050,
0x000002abd8d73bc0, 0x000002abd8d71a10, 0x000002abd8d71ee0, 0x000002abd8d723b0,
0x000002abd8d72d50, 0x000002abd8d72880, 0x000002abd8d6e520, 0x000002abd8d736f0
}

Java Threads: ( => current thread )
  0x000002abb6977370 JavaThread "main" [_thread_blocked, id=3420, stack(0x000000c2cb000000,0x000000c2cb100000)]
  0x000002abd20399e0 JavaThread "Reference Handler" daemon [_thread_blocked, id=1416, stack(0x000000c2cb700000,0x000000c2cb800000)]
  0x000002abd203a590 JavaThread "Finalizer" daemon [_thread_blocked, id=13532, stack(0x000000c2cb800000,0x000000c2cb900000)]
  0x000002abd207b4c0 JavaThread "Signal Dispatcher" daemon [_thread_blocked, id=14904, stack(0x000000c2cb900000,0x000000c2cba00000)]
  0x000002abd207de90 JavaThread "Attach Listener" daemon [_thread_blocked, id=14372, stack(0x000000c2cba00000,0x000000c2cbb00000)]
  0x000002abd207e840 JavaThread "Service Thread" daemon [_thread_blocked, id=16460, stack(0x000000c2cbb00000,0x000000c2cbc00000)]
  0x000002abd2081200 JavaThread "Monitor Deflation Thread" daemon [_thread_blocked, id=10068, stack(0x000000c2cbc00000,0x000000c2cbd00000)]
  0x000002abd208a1b0 JavaThread "C2 CompilerThread0" daemon [_thread_in_native, id=7660, stack(0x000000c2cbd00000,0x000000c2cbe00000)]
  0x000002abd208bfb0 JavaThread "C1 CompilerThread0" daemon [_thread_blocked, id=17776, stack(0x000000c2cbe00000,0x000000c2cbf00000)]
  0x000002abd2091eb0 JavaThread "Sweeper thread" daemon [_thread_blocked, id=11724, stack(0x000000c2cbf00000,0x000000c2cc000000)]
  0x000002abd21ee3d0 JavaThread "C1 CompilerThread1" daemon [_thread_blocked, id=16596, stack(0x000000c2cc000000,0x000000c2cc100000)]
  0x000002abd21f0d00 JavaThread "C1 CompilerThread2" daemon [_thread_blocked, id=15264, stack(0x000000c2cc100000,0x000000c2cc200000)]
  0x000002abd21f1210 JavaThread "C1 CompilerThread3" daemon [_thread_blocked, id=2152, stack(0x000000c2cc200000,0x000000c2cc300000)]
  0x000002abd2225fb0 JavaThread "Common-Cleaner" daemon [_thread_blocked, id=2496, stack(0x000000c2cc300000,0x000000c2cc400000)]
  0x000002abd224f750 JavaThread "Notification Thread" daemon [_thread_blocked, id=5544, stack(0x000000c2cc400000,0x000000c2cc500000)]
  0x000002abd232f110 JavaThread "C2 CompilerThread1" daemon [_thread_blocked, id=3184, stack(0x000000c2cc600000,0x000000c2cc700000)]
  0x000002abd25593e0 JavaThread "C2 CompilerThread2" daemon [_thread_blocked, id=11272, stack(0x000000c2cc700000,0x000000c2cc800000)]
  0x000002abd2655940 JavaThread "C2 CompilerThread3" daemon [_thread_blocked, id=17828, stack(0x000000c2cc800000,0x000000c2cc900000)]
  0x000002abd2a1ee40 JavaThread "Daemon health stats" [_thread_blocked, id=6016, stack(0x000000c2ccd00000,0x000000c2cce00000)]
  0x000002abd55ab200 JavaThread "Incoming local TCP Connector on port 63751" [_thread_in_native, id=2228, stack(0x000000c2cce00000,0x000000c2ccf00000)]
  0x000002abd3998f30 JavaThread "Daemon periodic checks" [_thread_blocked, id=2428, stack(0x000000c2ccf00000,0x000000c2cd000000)]
  0x000002abd55a9cb0 JavaThread "Daemon" [_thread_blocked, id=9204, stack(0x000000c2cd000000,0x000000c2cd100000)]
  0x000002abd5465d00 JavaThread "Handler for socket connection from /127.0.0.1:63751 to /127.0.0.1:63752" [_thread_in_native, id=13812, stack(0x000000c2cd100000,0x000000c2cd200000)]
  0x000002abd4eb2e20 JavaThread "Cancel handler" [_thread_blocked, id=11428, stack(0x000000c2cd200000,0x000000c2cd300000)]
  0x000002abd3bc3070 JavaThread "Daemon worker" [_thread_blocked, id=4184, stack(0x000000c2cd300000,0x000000c2cd400000)]
  0x000002abd4ed7100 JavaThread "Asynchronous log dispatcher for DefaultDaemonConnection: socket connection from /127.0.0.1:63751 to /127.0.0.1:63752" [_thread_blocked, id=10124, stack(0x000000c2cd400000,0x000000c2cd500000)]
  0x000002abd4ed7f70 JavaThread "Stdin handler" [_thread_blocked, id=6640, stack(0x000000c2cd500000,0x000000c2cd600000)]
  0x000002abd4ed75d0 JavaThread "Daemon client event forwarder" [_thread_blocked, id=17108, stack(0x000000c2cd600000,0x000000c2cd700000)]
  0x000002abd4ed5420 JavaThread "Cache worker for journal cache (C:\Users\nahpalacio\.gradle\caches\journal-1)" [_thread_blocked, id=10908, stack(0x000000c2ce400000,0x000000c2ce500000)]
  0x000002abd4ed7aa0 JavaThread "File lock request listener" [_thread_in_native, id=8460, stack(0x000000c2ce500000,0x000000c2ce600000)]
  0x000002abd4ed6760 JavaThread "Cache worker for file hash cache (C:\Users\nahpalacio\.gradle\caches\8.0\fileHashes)" [_thread_blocked, id=11852, stack(0x000000c2ce600000,0x000000c2ce700000)]
  0x000002abd4ed6c30 JavaThread "File watcher server" daemon [_thread_in_native, id=13560, stack(0x000000c2ce700000,0x000000c2ce800000)]
  0x000002abd4ed6290 JavaThread "File watcher consumer" daemon [_thread_blocked, id=14604, stack(0x000000c2ce800000,0x000000c2ce900000)]
  0x000002abd4ed4f50 JavaThread "Cache worker for checksums cache (C:\Users\nahpalacio\Documents\Trabajo-Practico-Biblioteca\.gradle\8.0\checksums)" [_thread_blocked, id=12532, stack(0x000000c2ce900000,0x000000c2cea00000)]
  0x000002abd4ed58f0 JavaThread "Cache worker for cache directory md-rule (C:\Users\nahpalacio\.gradle\caches\8.0\md-rule)" [_thread_blocked, id=13204, stack(0x000000c2cea00000,0x000000c2ceb00000)]
  0x000002abd4ed8440 JavaThread "Cache worker for file content cache (C:\Users\nahpalacio\.gradle\caches\8.0\fileContent)" [_thread_blocked, id=8772, stack(0x000000c2ceb00000,0x000000c2cec00000)]
  0x000002abd4ed4a80 JavaThread "Cache worker for file hash cache (C:\Users\nahpalacio\Documents\Trabajo-Practico-Biblioteca\.gradle\8.0\fileHashes)" [_thread_blocked, id=16244, stack(0x000000c2cec00000,0x000000c2ced00000)]
  0x000002abd4ed5dc0 JavaThread "Cache worker for cache directory md-supplier (C:\Users\nahpalacio\.gradle\caches\8.0\md-supplier)" [_thread_blocked, id=18004, stack(0x000000c2ced00000,0x000000c2cee00000)]
  0x000002abd7dcfcc0 JavaThread "Cache worker for execution history cache (C:\Users\nahpalacio\.gradle\caches\8.0\executionHistory)" [_thread_blocked, id=17036, stack(0x000000c2cee00000,0x000000c2cef00000)]
  0x000002abd7dd19a0 JavaThread "jar transforms" [_thread_blocked, id=18260, stack(0x000000c2cef00000,0x000000c2cf000000)]
  0x000002abd7dd1e70 JavaThread "jar transforms Thread 2" [_thread_blocked, id=7528, stack(0x000000c2cf000000,0x000000c2cf100000)]
  0x000002abd7dcd170 JavaThread "jar transforms Thread 3" [_thread_blocked, id=17664, stack(0x000000c2cf100000,0x000000c2cf200000)]
  0x000002abd7dd1000 JavaThread "jar transforms Thread 4" [_thread_blocked, id=14032, stack(0x000000c2cf200000,0x000000c2cf300000)]
  0x000002abd7dca620 JavaThread "Cache worker for dependencies-accessors (C:\Users\nahpalacio\Documents\Trabajo-Practico-Biblioteca\.gradle\8.0\dependencies-accessors)" [_thread_blocked, id=14224, stack(0x000000c2cf300000,0x000000c2cf400000)]
  0x000002abd7dcaaf0 JavaThread "jar transforms Thread 5" [_thread_blocked, id=5168, stack(0x000000c2cf400000,0x000000c2cf500000)]
  0x000002abd7dd0190 JavaThread "Cache worker for Build Output Cleanup Cache (C:\Users\nahpalacio\Documents\Trabajo-Practico-Biblioteca\.gradle\buildOutputCleanup)" [_thread_blocked, id=7552, stack(0x000000c2cf500000,0x000000c2cf600000)]
  0x000002abd7dd14d0 JavaThread "Unconstrained build operations" [_thread_blocked, id=16820, stack(0x000000c2cf600000,0x000000c2cf700000)]
  0x000002abd7dd0b30 JavaThread "Unconstrained build operations Thread 2" [_thread_blocked, id=12872, stack(0x000000c2cf700000,0x000000c2cf800000)]
  0x000002abd7dcc300 JavaThread "Unconstrained build operations Thread 3" [_thread_blocked, id=3524, stack(0x000000c2cf800000,0x000000c2cf900000)]
  0x000002abd7dcdb10 JavaThread "Unconstrained build operations Thread 4" [_thread_blocked, id=10284, stack(0x000000c2cf900000,0x000000c2cfa00000)]
  0x000002abd7dce980 JavaThread "Unconstrained build operations Thread 5" [_thread_blocked, id=1664, stack(0x000000c2cfa00000,0x000000c2cfb00000)]
  0x000002abd7dcafc0 JavaThread "Unconstrained build operations Thread 6" [_thread_blocked, id=3084, stack(0x000000c2cfb00000,0x000000c2cfc00000)]
  0x000002abd7dcb490 JavaThread "Unconstrained build operations Thread 7" [_thread_blocked, id=17904, stack(0x000000c2cfc00000,0x000000c2cfd00000)]
  0x000002abd7dcb960 JavaThread "Unconstrained build operations Thread 8" [_thread_blocked, id=9940, stack(0x000000c2cfd00000,0x000000c2cfe00000)]
  0x000002abd7dcc7d0 JavaThread "Unconstrained build operations Thread 9" [_thread_blocked, id=1496, stack(0x000000c2cfe00000,0x000000c2cff00000)]
  0x000002abd7dccca0 JavaThread "Unconstrained build operations Thread 10" [_thread_blocked, id=2640, stack(0x000000c2cff00000,0x000000c2d0000000)]
  0x000002abd7dcd640 JavaThread "Unconstrained build operations Thread 11" [_thread_blocked, id=4484, stack(0x000000c2d0000000,0x000000c2d0100000)]
  0x000002abd7dcee50 JavaThread "Unconstrained build operations Thread 12" [_thread_blocked, id=11200, stack(0x000000c2d0100000,0x000000c2d0200000)]
  0x000002abd7dcdfe0 JavaThread "Unconstrained build operations Thread 13" [_thread_blocked, id=9728, stack(0x000000c2d0200000,0x000000c2d0300000)]
  0x000002abd7dce4b0 JavaThread "Unconstrained build operations Thread 14" [_thread_blocked, id=11716, stack(0x000000c2d0300000,0x000000c2d0400000)]
  0x000002abd7dcf320 JavaThread "Unconstrained build operations Thread 15" [_thread_blocked, id=3984, stack(0x000000c2d0400000,0x000000c2d0500000)]
  0x000002abd86f2380 JavaThread "Unconstrained build operations Thread 16" [_thread_blocked, id=17564, stack(0x000000c2d0500000,0x000000c2d0600000)]
  0x000002abd86ee020 JavaThread "Unconstrained build operations Thread 17" [_thread_blocked, id=2284, stack(0x000000c2d0600000,0x000000c2d0700000)]
  0x000002abd86edb50 JavaThread "Unconstrained build operations Thread 18" [_thread_blocked, id=11000, stack(0x000000c2d0700000,0x000000c2d0800000)]
  0x000002abd86f2850 JavaThread "Unconstrained build operations Thread 19" [_thread_blocked, id=2520, stack(0x000000c2d0800000,0x000000c2d0900000)]
  0x000002abd86f01d0 JavaThread "Unconstrained build operations Thread 20" [_thread_blocked, id=15100, stack(0x000000c2d0900000,0x000000c2d0a00000)]
  0x000002abd86f06a0 JavaThread "Unconstrained build operations Thread 21" [_thread_blocked, id=9308, stack(0x000000c2d0a00000,0x000000c2d0b00000)]
  0x000002abd86f4060 JavaThread "Unconstrained build operations Thread 22" [_thread_blocked, id=11856, stack(0x000000c2d0b00000,0x000000c2d0c00000)]
  0x000002abd86f2d20 JavaThread "Unconstrained build operations Thread 23" [_thread_blocked, id=17972, stack(0x000000c2d0c00000,0x000000c2d0d00000)]
  0x000002abd86f31f0 JavaThread "Unconstrained build operations Thread 24" [_thread_blocked, id=8364, stack(0x000000c2d0d00000,0x000000c2d0e00000)]
  0x000002abd86f3b90 JavaThread "Unconstrained build operations Thread 25" [_thread_blocked, id=13548, stack(0x000000c2d0e00000,0x000000c2d0f00000)]
  0x000002abd86efd00 JavaThread "Unconstrained build operations Thread 26" [_thread_blocked, id=2996, stack(0x000000c2d0f00000,0x000000c2d1000000)]
  0x000002abd86f36c0 JavaThread "Unconstrained build operations Thread 27" [_thread_blocked, id=7396, stack(0x000000c2d1000000,0x000000c2d1100000)]
  0x000002abd86f19e0 JavaThread "Unconstrained build operations Thread 28" [_thread_blocked, id=7044, stack(0x000000c2d1100000,0x000000c2d1200000)]
  0x000002abd86f4530 JavaThread "Unconstrained build operations Thread 29" [_thread_blocked, id=14768, stack(0x000000c2d1200000,0x000000c2d1300000)]
  0x000002abd86f0b70 JavaThread "Unconstrained build operations Thread 30" [_thread_blocked, id=14204, stack(0x000000c2d1300000,0x000000c2d1400000)]
  0x000002abd86f4a00 JavaThread "Unconstrained build operations Thread 31" [_thread_blocked, id=5060, stack(0x000000c2d1400000,0x000000c2d1500000)]
  0x000002abd86ed1b0 JavaThread "Unconstrained build operations Thread 32" [_thread_blocked, id=16356, stack(0x000000c2d1500000,0x000000c2d1600000)]
  0x000002abd86ef360 JavaThread "Unconstrained build operations Thread 33" [_thread_blocked, id=13996, stack(0x000000c2d1600000,0x000000c2d1700000)]
  0x000002abd86ed680 JavaThread "Unconstrained build operations Thread 34" [_thread_blocked, id=208, stack(0x000000c2d1700000,0x000000c2d1800000)]
  0x000002abd86f1040 JavaThread "Unconstrained build operations Thread 35" [_thread_blocked, id=8724, stack(0x000000c2d1800000,0x000000c2d1900000)]
  0x000002abd86f1510 JavaThread "Unconstrained build operations Thread 36" [_thread_blocked, id=6708, stack(0x000000c2d1900000,0x000000c2d1a00000)]
  0x000002abd86f1eb0 JavaThread "Unconstrained build operations Thread 37" [_thread_blocked, id=13456, stack(0x000000c2d1a00000,0x000000c2d1b00000)]
  0x000002abd86ee4f0 JavaThread "Unconstrained build operations Thread 38" [_thread_blocked, id=6392, stack(0x000000c2d1b00000,0x000000c2d1c00000)]
  0x000002abd86ee9c0 JavaThread "Unconstrained build operations Thread 39" [_thread_blocked, id=5192, stack(0x000000c2d1c00000,0x000000c2d1d00000)]
  0x000002abd86eee90 JavaThread "Unconstrained build operations Thread 40" [_thread_blocked, id=15516, stack(0x000000c2d1d00000,0x000000c2d1e00000)]
  0x000002abd86ef830 JavaThread "Unconstrained build operations Thread 41" [_thread_blocked, id=9532, stack(0x000000c2d1e00000,0x000000c2d1f00000)]
  0x000002abd8db4930 JavaThread "Unconstrained build operations Thread 42" [_thread_blocked, id=11900, stack(0x000000c2d1f00000,0x000000c2d2000000)]
  0x000002abd8db0100 JavaThread "Unconstrained build operations Thread 43" [_thread_blocked, id=17956, stack(0x000000c2d2000000,0x000000c2d2100000)]
  0x000002abd8db4e00 JavaThread "Unconstrained build operations Thread 44" [_thread_blocked, id=13736, stack(0x000000c2d2100000,0x000000c2d2200000)]
  0x000002abd8db3ac0 JavaThread "Unconstrained build operations Thread 45" [_thread_blocked, id=9048, stack(0x000000c2d2200000,0x000000c2d2300000)]
  0x000002abd8db05d0 JavaThread "Unconstrained build operations Thread 46" [_thread_blocked, id=4520, stack(0x000000c2d2300000,0x000000c2d2400000)]
  0x000002abd8db3f90 JavaThread "Unconstrained build operations Thread 47" [_thread_blocked, id=17892, stack(0x000000c2d2400000,0x000000c2d2500000)]
  0x000002abd8dadf50 JavaThread "Unconstrained build operations Thread 48" [_thread_blocked, id=7624, stack(0x000000c2d2500000,0x000000c2d2600000)]
  0x000002abd8db1910 JavaThread "Unconstrained build operations Thread 49" [_thread_blocked, id=1492, stack(0x000000c2d2600000,0x000000c2d2700000)]
  0x000002abd8db2c50 JavaThread "Unconstrained build operations Thread 50" [_thread_blocked, id=12172, stack(0x000000c2d2700000,0x000000c2d2800000)]
  0x000002abd8dada80 JavaThread "Unconstrained build operations Thread 51" [_thread_blocked, id=9396, stack(0x000000c2d2800000,0x000000c2d2900000)]
  0x000002abd8dafc30 JavaThread "Unconstrained build operations Thread 52" [_thread_blocked, id=15232, stack(0x000000c2d2900000,0x000000c2d2a00000)]
  0x000002abd8db3120 JavaThread "Unconstrained build operations Thread 53" [_thread_blocked, id=1336, stack(0x000000c2d2a00000,0x000000c2d2b00000)]
  0x000002abd8db1440 JavaThread "Unconstrained build operations Thread 54" [_thread_blocked, id=10540, stack(0x000000c2d2b00000,0x000000c2d2c00000)]
  0x000002abd8db35f0 JavaThread "Unconstrained build operations Thread 55" [_thread_blocked, id=14292, stack(0x000000c2d2c00000,0x000000c2d2d00000)]
  0x000002abd8db0aa0 JavaThread "Unconstrained build operations Thread 56" [_thread_blocked, id=6176, stack(0x000000c2d2d00000,0x000000c2d2e00000)]
  0x000002abd8db52d0 JavaThread "Unconstrained build operations Thread 57" [_thread_blocked, id=17600, stack(0x000000c2d2e00000,0x000000c2d2f00000)]
  0x000002abd8db1de0 JavaThread "Unconstrained build operations Thread 58" [_thread_blocked, id=14444, stack(0x000000c2d2f00000,0x000000c2d3000000)]
  0x000002abd8db4460 JavaThread "Unconstrained build operations Thread 59" [_thread_blocked, id=6460, stack(0x000000c2d3000000,0x000000c2d3100000)]
  0x000002abd8dae420 JavaThread "Unconstrained build operations Thread 60" [_thread_blocked, id=9228, stack(0x000000c2d3100000,0x000000c2d3200000)]
  0x000002abd8dae8f0 JavaThread "Unconstrained build operations Thread 61" [_thread_blocked, id=5152, stack(0x000000c2d3200000,0x000000c2d3300000)]
  0x000002abd8daedc0 JavaThread "Unconstrained build operations Thread 62" [_thread_blocked, id=8720, stack(0x000000c2d3300000,0x000000c2d3400000)]
  0x000002abd8daf290 JavaThread "Unconstrained build operations Thread 63" [_thread_blocked, id=7452, stack(0x000000c2d3400000,0x000000c2d3500000)]
  0x000002abd8daf760 JavaThread "Unconstrained build operations Thread 64" [_thread_blocked, id=18072, stack(0x000000c2d3500000,0x000000c2d3600000)]
  0x000002abd8db0f70 JavaThread "Unconstrained build operations Thread 65" [_thread_blocked, id=5524, stack(0x000000c2d3600000,0x000000c2d3700000)]
  0x000002abd8db22b0 JavaThread "Unconstrained build operations Thread 66" [_thread_blocked, id=13852, stack(0x000000c2d3700000,0x000000c2d3800000)]
  0x000002abd8db2780 JavaThread "Unconstrained build operations Thread 67" [_thread_blocked, id=7364, stack(0x000000c2d3800000,0x000000c2d3900000)]
  0x000002abd8d2ced0 JavaThread "Unconstrained build operations Thread 68" [_thread_blocked, id=15668, stack(0x000000c2d3900000,0x000000c2d3a00000)]
  0x000002abd8d2a850 JavaThread "Unconstrained build operations Thread 69" [_thread_blocked, id=7756, stack(0x000000c2d3a00000,0x000000c2d3b00000)]
  0x000002abd8d2d870 JavaThread "Unconstrained build operations Thread 70" [_thread_blocked, id=3284, stack(0x000000c2d3b00000,0x000000c2d3c00000)]
  0x000002abd8d26020 JavaThread "Unconstrained build operations Thread 71" [_thread_blocked, id=16708, stack(0x000000c2d3c00000,0x000000c2d3d00000)]
  0x000002abd8d281d0 JavaThread "Unconstrained build operations Thread 72" [_thread_blocked, id=17180, stack(0x000000c2d3d00000,0x000000c2d3e00000)]
  0x000002abd8d27d00 JavaThread "Unconstrained build operations Thread 73" [_thread_blocked, id=10152, stack(0x000000c2d3e00000,0x000000c2d3f00000)]
  0x000002abd8d2d3a0 JavaThread "Unconstrained build operations Thread 74" [_thread_blocked, id=12684, stack(0x000000c2d3f00000,0x000000c2d4000000)]
  0x000002abd8d2ad20 JavaThread "Unconstrained build operations Thread 75" [_thread_blocked, id=18376, stack(0x000000c2d4000000,0x000000c2d4100000)]
  0x000002abd8d264f0 JavaThread "Unconstrained build operations Thread 76" [_thread_blocked, id=16440, stack(0x000000c2d4100000,0x000000c2d4200000)]
  0x000002abd8d2b1f0 JavaThread "Unconstrained build operations Thread 77" [_thread_blocked, id=7116, stack(0x000000c2d4200000,0x000000c2d4300000)]
  0x000002abd8d2b6c0 JavaThread "Unconstrained build operations Thread 78" [_thread_blocked, id=17052, stack(0x000000c2d4300000,0x000000c2d4400000)]
  0x000002abd8d2bb90 JavaThread "Unconstrained build operations Thread 79" [_thread_blocked, id=16000, stack(0x000000c2d4400000,0x000000c2d4500000)]
  0x000002abd8d286a0 JavaThread "Unconstrained build operations Thread 80" [_thread_blocked, id=14532, stack(0x000000c2d4500000,0x000000c2d4600000)]
  0x000002abd8d28b70 JavaThread "Unconstrained build operations Thread 81" [_thread_blocked, id=2780, stack(0x000000c2d4600000,0x000000c2d4700000)]
  0x000002abd8d29040 JavaThread "Unconstrained build operations Thread 82" [_thread_blocked, id=16592, stack(0x000000c2d4700000,0x000000c2d4800000)]
  0x000002abd8d29510 JavaThread "Unconstrained build operations Thread 83" [_thread_blocked, id=14556, stack(0x000000c2d4800000,0x000000c2d4900000)]
  0x000002abd8d299e0 JavaThread "Unconstrained build operations Thread 84" [_thread_blocked, id=8480, stack(0x000000c2d4900000,0x000000c2d4a00000)]
  0x000002abd8d269c0 JavaThread "Unconstrained build operations Thread 85" [_thread_blocked, id=3564, stack(0x000000c2d4a00000,0x000000c2d4b00000)]
  0x000002abd8d2a380 JavaThread "Unconstrained build operations Thread 86" [_thread_blocked, id=13916, stack(0x000000c2d4b00000,0x000000c2d4c00000)]
  0x000002abd8d26e90 JavaThread "Unconstrained build operations Thread 87" [_thread_blocked, id=17064, stack(0x000000c2d4c00000,0x000000c2d4d00000)]
  0x000002abd8d29eb0 JavaThread "Unconstrained build operations Thread 88" [_thread_blocked, id=9796, stack(0x000000c2d4d00000,0x000000c2d4e00000)]
  0x000002abd8d2c060 JavaThread "Unconstrained build operations Thread 89" [_thread_blocked, id=2964, stack(0x000000c2d4e00000,0x000000c2d4f00000)]
  0x000002abd8d2c530 JavaThread "Unconstrained build operations Thread 90" [_thread_blocked, id=2388, stack(0x000000c2d4f00000,0x000000c2d5000000)]
  0x000002abd8d2ca00 JavaThread "Unconstrained build operations Thread 91" [_thread_blocked, id=9528, stack(0x000000c2d5000000,0x000000c2d5100000)]
  0x000002abd8d27360 JavaThread "Unconstrained build operations Thread 92" [_thread_blocked, id=18008, stack(0x000000c2d5100000,0x000000c2d5200000)]
  0x000002abd8d27830 JavaThread "Unconstrained build operations Thread 93" [_thread_blocked, id=8440, stack(0x000000c2d5200000,0x000000c2d5300000)]
  0x000002abd5fc3b20 JavaThread "Unconstrained build operations Thread 94" [_thread_blocked, id=16508, stack(0x000000c2d5300000,0x000000c2d5400000)]
  0x000002abd5fc4e60 JavaThread "Unconstrained build operations Thread 95" [_thread_blocked, id=8236, stack(0x000000c2d5400000,0x000000c2d5500000)]
  0x000002abd5fc6b40 JavaThread "Unconstrained build operations Thread 96" [_thread_blocked, id=1672, stack(0x000000c2d5500000,0x000000c2d5600000)]
  0x000002abd5fc61a0 JavaThread "Unconstrained build operations Thread 97" [_thread_blocked, id=13384, stack(0x000000c2d5600000,0x000000c2d5700000)]
  0x000002abd5fc2cb0 JavaThread "Unconstrained build operations Thread 98" [_thread_blocked, id=7352, stack(0x000000c2d5700000,0x000000c2d5800000)]
  0x000002abd5fc3180 JavaThread "Unconstrained build operations Thread 99" [_thread_blocked, id=1444, stack(0x000000c2d5800000,0x000000c2d5900000)]
  0x000002abd5fc7e80 JavaThread "Unconstrained build operations Thread 100" [_thread_blocked, id=3132, stack(0x000000c2d5900000,0x000000c2d5a00000)]
  0x000002abd5fc2310 JavaThread "Unconstrained build operations Thread 101" [_thread_blocked, id=17140, stack(0x000000c2d5a00000,0x000000c2d5b00000)]
  0x000002abd5fc0fd0 JavaThread "Unconstrained build operations Thread 102" [_thread_blocked, id=15888, stack(0x000000c2d5b00000,0x000000c2d5c00000)]
  0x000002abd5fc27e0 JavaThread "Unconstrained build operations Thread 103" [_thread_blocked, id=8292, stack(0x000000c2d5c00000,0x000000c2d5d00000)]
  0x000002abd5fc3650 JavaThread "Unconstrained build operations Thread 104" [_thread_blocked, id=6540, stack(0x000000c2d5d00000,0x000000c2d5e00000)]
  0x000002abd5fc3ff0 JavaThread "Unconstrained build operations Thread 105" [_thread_blocked, id=14392, stack(0x000000c2d5e00000,0x000000c2d5f00000)]
  0x000002abd5fc4990 JavaThread "Unconstrained build operations Thread 106" [_thread_blocked, id=14572, stack(0x000000c2d5f00000,0x000000c2d6000000)]
  0x000002abd5fc44c0 JavaThread "Unconstrained build operations Thread 107" [_thread_blocked, id=17740, stack(0x000000c2d6000000,0x000000c2d6100000)]
  0x000002abd5fc5330 JavaThread "Unconstrained build operations Thread 108" [_thread_blocked, id=5088, stack(0x000000c2d6100000,0x000000c2d6200000)]
  0x000002abd5fc6670 JavaThread "Unconstrained build operations Thread 109" [_thread_blocked, id=13120, stack(0x000000c2d6200000,0x000000c2d6300000)]
  0x000002abd5fc0630 JavaThread "Unconstrained build operations Thread 110" [_thread_blocked, id=16540, stack(0x000000c2d6300000,0x000000c2d6400000)]
  0x000002abd5fc0b00 JavaThread "Unconstrained build operations Thread 111" [_thread_blocked, id=18196, stack(0x000000c2d6400000,0x000000c2d6500000)]
  0x000002abd5fc14a0 JavaThread "Unconstrained build operations Thread 112" [_thread_blocked, id=3532, stack(0x000000c2d6500000,0x000000c2d6600000)]
  0x000002abd5fc1970 JavaThread "Unconstrained build operations Thread 113" [_thread_blocked, id=13708, stack(0x000000c2d6600000,0x000000c2d6700000)]
  0x000002abd5fc5cd0 JavaThread "Unconstrained build operations Thread 114" [_thread_blocked, id=18396, stack(0x000000c2d6700000,0x000000c2d6800000)]
  0x000002abd5fc5800 JavaThread "Unconstrained build operations Thread 115" [_thread_blocked, id=10644, stack(0x000000c2d6800000,0x000000c2d6900000)]
  0x000002abd5fc1e40 JavaThread "Unconstrained build operations Thread 116" [_thread_blocked, id=12548, stack(0x000000c2d6900000,0x000000c2d6a00000)]
  0x000002abd5fc7010 JavaThread "Unconstrained build operations Thread 117" [_thread_blocked, id=11464, stack(0x000000c2d6a00000,0x000000c2d6b00000)]
  0x000002abd5fc74e0 JavaThread "Unconstrained build operations Thread 118" [_thread_blocked, id=9104, stack(0x000000c2d6b00000,0x000000c2d6c00000)]
  0x000002abd5fc79b0 JavaThread "Unconstrained build operations Thread 119" [_thread_blocked, id=7704, stack(0x000000c2d6c00000,0x000000c2d6d00000)]
  0x000002abd83003c0 JavaThread "Unconstrained build operations Thread 120" [_thread_blocked, id=7752, stack(0x000000c2d6d00000,0x000000c2d6e00000)]
  0x000002abd83033e0 JavaThread "Unconstrained build operations Thread 121" [_thread_blocked, id=5268, stack(0x000000c2d6e00000,0x000000c2d6f00000)]
  0x000002abd8306400 JavaThread "Unconstrained build operations Thread 122" [_thread_blocked, id=9760, stack(0x000000c2d6f00000,0x000000c2d7000000)]
  0x000002abd82ffa20 JavaThread "Unconstrained build operations Thread 123" [_thread_blocked, id=11552, stack(0x000000c2d7000000,0x000000c2d7100000)]
  0x000002abd82febb0 JavaThread "Unconstrained build operations Thread 124" [_thread_blocked, id=15180, stack(0x000000c2d7100000,0x000000c2d7200000)]
  0x000002abd8300890 JavaThread "Unconstrained build operations Thread 125" [_thread_blocked, id=17424, stack(0x000000c2d7200000,0x000000c2d7300000)]
  0x000002abd8302570 JavaThread "Unconstrained build operations Thread 126" [_thread_blocked, id=13868, stack(0x000000c2d7300000,0x000000c2d7400000)]
  0x000002abd8302f10 JavaThread "Unconstrained build operations Thread 127" [_thread_blocked, id=18388, stack(0x000000c2d7400000,0x000000c2d7500000)]
  0x000002abd82ff080 JavaThread "Unconstrained build operations Thread 128" [_thread_blocked, id=10280, stack(0x000000c2d7500000,0x000000c2d7600000)]
  0x000002abd8301bd0 JavaThread "Unconstrained build operations Thread 129" [_thread_blocked, id=6120, stack(0x000000c2d7600000,0x000000c2d7700000)]
  0x000002abd82ffef0 JavaThread "Unconstrained build operations Thread 130" [_thread_blocked, id=17628, stack(0x000000c2d7700000,0x000000c2d7800000)]
  0x000002abd8300d60 JavaThread "Unconstrained build operations Thread 131" [_thread_blocked, id=5200, stack(0x000000c2d7800000,0x000000c2d7900000)]
  0x000002abd8301230 JavaThread "Unconstrained build operations Thread 132" [_thread_blocked, id=4868, stack(0x000000c2d7900000,0x000000c2d7a00000)]
  0x000002abd8305a60 JavaThread "Unconstrained build operations Thread 133" [_thread_blocked, id=2584, stack(0x000000c2d7a00000,0x000000c2d7b00000)]
  0x000002abd8302a40 JavaThread "Unconstrained build operations Thread 134" [_thread_blocked, id=12184, stack(0x000000c2d7b00000,0x000000c2d7c00000)]
  0x000002abd8305f30 JavaThread "Unconstrained build operations Thread 135" [_thread_blocked, id=14328, stack(0x000000c2d7c00000,0x000000c2d7d00000)]
  0x000002abd83038b0 JavaThread "Unconstrained build operations Thread 136" [_thread_blocked, id=8264, stack(0x000000c2d7d00000,0x000000c2d7e00000)]
  0x000002abd82ff550 JavaThread "Unconstrained build operations Thread 137" [_thread_blocked, id=2844, stack(0x000000c2d7e00000,0x000000c2d7f00000)]
  0x000002abd8304720 JavaThread "Unconstrained build operations Thread 138" [_thread_blocked, id=8868, stack(0x000000c2d7f00000,0x000000c2d8000000)]
  0x000002abd8301700 JavaThread "Unconstrained build operations Thread 139" [_thread_blocked, id=10824, stack(0x000000c2d8000000,0x000000c2d8100000)]
  0x000002abd83020a0 JavaThread "Unconstrained build operations Thread 140" [_thread_blocked, id=11376, stack(0x000000c2d8100000,0x000000c2d8200000)]
  0x000002abd8304bf0 JavaThread "Unconstrained build operations Thread 141" [_thread_blocked, id=17772, stack(0x000000c2d8200000,0x000000c2d8300000)]
  0x000002abd8303d80 JavaThread "Unconstrained build operations Thread 142" [_thread_blocked, id=4820, stack(0x000000c2d8300000,0x000000c2d8400000)]
  0x000002abd8304250 JavaThread "Unconstrained build operations Thread 143" [_thread_blocked, id=4536, stack(0x000000c2d8400000,0x000000c2d8500000)]
  0x000002abd83050c0 JavaThread "Unconstrained build operations Thread 144" [_thread_blocked, id=16884, stack(0x000000c2d8500000,0x000000c2d8600000)]
  0x000002abd8305590 JavaThread "Unconstrained build operations Thread 145" [_thread_blocked, id=10884, stack(0x000000c2d8600000,0x000000c2d8700000)]
  0x000002abd8d6f860 JavaThread "Unconstrained build operations Thread 146" [_thread_blocked, id=4880, stack(0x000000c2d8700000,0x000000c2d8800000)]
  0x000002abd8d6eec0 JavaThread "Unconstrained build operations Thread 147" [_thread_blocked, id=12676, stack(0x000000c2d8800000,0x000000c2d8900000)]
  0x000002abd8d70200 JavaThread "Unconstrained build operations Thread 148" [_thread_blocked, id=8704, stack(0x000000c2d8900000,0x000000c2d8a00000)]
  0x000002abd8d6f390 JavaThread "Unconstrained build operations Thread 149" [_thread_blocked, id=1764, stack(0x000000c2d8a00000,0x000000c2d8b00000)]
  0x000002abd8d706d0 JavaThread "jar transforms Thread 6" [_thread_blocked, id=18232, stack(0x000000c2d8b00000,0x000000c2d8c00000)]
  0x000002abd8d70ba0 JavaThread "jar transforms Thread 7" [_thread_blocked, id=17680, stack(0x000000c2d8c00000,0x000000c2d8d00000)]
  0x000002abd8d6fd30 JavaThread "jar transforms Thread 8" [_thread_blocked, id=11808, stack(0x000000c2d8d00000,0x000000c2d8e00000)]
  0x000002abd8d71070 JavaThread "jar transforms Thread 9" [_thread_blocked, id=9496, stack(0x000000c2d8e00000,0x000000c2d8f00000)]
  0x000002abd8d74560 JavaThread "jar transforms Thread 10" [_thread_blocked, id=7724, stack(0x000000c2d8f00000,0x000000c2d9000000)]
  0x000002abd8d753d0 JavaThread "jar transforms Thread 11" [_thread_blocked, id=11032, stack(0x000000c2d9000000,0x000000c2d9100000)]
  0x000002abd8d71540 JavaThread "jar transforms Thread 12" [_thread_blocked, id=18012, stack(0x000000c2d9100000,0x000000c2d9200000)]
  0x000002abd8d758a0 JavaThread "jar transforms Thread 13" [_thread_blocked, id=15268, stack(0x000000c2d9200000,0x000000c2d9300000)]
  0x000002abd8d6e050 JavaThread "jar transforms Thread 14" [_thread_blocked, id=16900, stack(0x000000c2d9300000,0x000000c2d9400000)]
  0x000002abd8d73bc0 JavaThread "jar transforms Thread 15" [_thread_blocked, id=15736, stack(0x000000c2d9400000,0x000000c2d9500000)]
  0x000002abd8d71a10 JavaThread "jar transforms Thread 16" [_thread_blocked, id=15272, stack(0x000000c2d9500000,0x000000c2d9600000)]
  0x000002abd8d71ee0 JavaThread "jar transforms Thread 17" [_thread_blocked, id=13776, stack(0x000000c2d9600000,0x000000c2d9700000)]
  0x000002abd8d723b0 JavaThread "jar transforms Thread 18" [_thread_blocked, id=4928, stack(0x000000c2d9700000,0x000000c2d9800000)]
  0x000002abd8d72d50 JavaThread "jar transforms Thread 19" [_thread_blocked, id=7640, stack(0x000000c2d9800000,0x000000c2d9900000)]
  0x000002abd8d72880 JavaThread "jar transforms Thread 20" [_thread_blocked, id=17852, stack(0x000000c2d9900000,0x000000c2d9a00000)]
  0x000002abd8d6e520 JavaThread "build event listener" [_thread_blocked, id=9444, stack(0x000000c2d9a00000,0x000000c2d9b00000)]
  0x000002abd8d736f0 JavaThread "Memory manager" [_thread_blocked, id=9608, stack(0x000000c2d9b00000,0x000000c2d9c00000)]

Other Threads:
=>0x000002abd106e7a0 VMThread "VM Thread" [stack: 0x000000c2cb600000,0x000000c2cb700000] [id=15160]
  0x000002abb69f8980 WatcherThread [stack: 0x000000c2cc500000,0x000000c2cc600000] [id=1516]
  0x000002abb69d26c0 GCTaskThread "GC Thread#0" [stack: 0x000000c2cb100000,0x000000c2cb200000] [id=5468]
  0x000002abd328b020 GCTaskThread "GC Thread#1" [stack: 0x000000c2cc900000,0x000000c2cca00000] [id=9056]
  0x000002abd236b250 GCTaskThread "GC Thread#2" [stack: 0x000000c2cca00000,0x000000c2ccb00000] [id=6800]
  0x000002abd2d8cc90 GCTaskThread "GC Thread#3" [stack: 0x000000c2ccb00000,0x000000c2ccc00000] [id=17272]
  0x000002abd2a3c750 GCTaskThread "GC Thread#4" [stack: 0x000000c2ccc00000,0x000000c2ccd00000] [id=18156]
  0x000002abd495f830 GCTaskThread "GC Thread#5" [stack: 0x000000c2cd700000,0x000000c2cd800000] [id=6284]
  0x000002abd5d2e2e0 GCTaskThread "GC Thread#6" [stack: 0x000000c2cd800000,0x000000c2cd900000] [id=2732]
  0x000002abd57e10a0 GCTaskThread "GC Thread#7" [stack: 0x000000c2cd900000,0x000000c2cda00000] [id=2040]
  0x000002abd4d543e0 GCTaskThread "GC Thread#8" [stack: 0x000000c2cda00000,0x000000c2cdb00000] [id=2396]
  0x000002abd4d4d2d0 GCTaskThread "GC Thread#9" [stack: 0x000000c2cdb00000,0x000000c2cdc00000] [id=7868]
  0x000002abd4d4e040 GCTaskThread "GC Thread#10" [stack: 0x000000c2cdc00000,0x000000c2cdd00000] [id=15560]
  0x000002abd4d4d580 GCTaskThread "GC Thread#11" [stack: 0x000000c2cdd00000,0x000000c2cde00000] [id=12016]
  0x000002abd4d4d020 GCTaskThread "GC Thread#12" [stack: 0x000000c2cde00000,0x000000c2cdf00000] [id=6308]
  0x000002abd4d4e2f0 GCTaskThread "GC Thread#13" [stack: 0x000000c2cdf00000,0x000000c2ce000000] [id=6332]
  0x000002abd4d4e5a0 GCTaskThread "GC Thread#14" [stack: 0x000000c2ce000000,0x000000c2ce100000] [id=15588]
  0x000002abb69e4610 ConcurrentGCThread "G1 Main Marker" [stack: 0x000000c2cb200000,0x000000c2cb300000] [id=16444]
  0x000002abb69e5020 ConcurrentGCThread "G1 Conc#0" [stack: 0x000000c2cb300000,0x000000c2cb400000] [id=16732]
  0x000002abd4d4cd70 ConcurrentGCThread "G1 Conc#1" [stack: 0x000000c2ce100000,0x000000c2ce200000] [id=10024]
  0x000002abd4d4dae0 ConcurrentGCThread "G1 Conc#2" [stack: 0x000000c2ce200000,0x000000c2ce300000] [id=6844]
  0x000002abd4d4cac0 ConcurrentGCThread "G1 Conc#3" [stack: 0x000000c2ce300000,0x000000c2ce400000] [id=18020]
  0x000002abd0ef6310 ConcurrentGCThread "G1 Refine#0" [stack: 0x000000c2cb400000,0x000000c2cb500000] [id=5436]
  0x000002abd0ef7be0 ConcurrentGCThread "G1 Service" [stack: 0x000000c2cb500000,0x000000c2cb600000] [id=10664]

Threads with active compile tasks:
C2 CompilerThread0     4425 8382       4       java.beans.MethodRef::set (58 bytes)
C2 CompilerThread1     4425 8437       4       groovy.lang.MetaClassImpl::addMetaMethodToIndex (65 bytes)
C2 CompilerThread2     4425 8440       4       java.beans.Introspector::addMethod (196 bytes)
C2 CompilerThread3     4425 8438       4       groovy.lang.MetaClassImpl::checkIfStdMethod (178 bytes)

VM state: at safepoint (normal execution)

VM Mutex/Monitor currently owned by a thread:  ([mutex/lock_event])
[0x000002abb69738f0] Threads_lock - owner thread: 0x000002abd106e7a0
[0x000002abb69737d0] Heap_lock - owner thread: 0x000002abd3bc3070

Heap address: 0x0000000080000000, size: 2048 MB, Compressed Oops mode: 32-bit

CDS archive(s) not mapped
Compressed class space mapped at: 0x0000000100000000-0x0000000140000000, reserved size: 1073741824
Narrow klass base: 0x0000000000000000, Narrow klass shift: 3, Narrow klass range: 0x140000000

GC Precious Log:
 CPUs: 20 total, 20 available
 Memory: 7906M
 Large Page Support: Disabled
 NUMA Support: Disabled
 Compressed Oops: Enabled (32-bit)
 Heap Region Size: 1M
 Heap Min Capacity: 8M
 Heap Initial Capacity: 124M
 Heap Max Capacity: 2G
 Pre-touch: Disabled
 Parallel Workers: 15
 Concurrent Workers: 4
 Concurrent Refinement Workers: 15
 Periodic GC: Disabled

Heap:
 garbage-first heap   total 138240K, used 71878K [0x0000000080000000, 0x0000000100000000)
  region size 1024K, 1 young (1024K), 1 survivors (1024K)
 Metaspace       used 77680K, committed 78272K, reserved 1122304K
  class space    used 10473K, committed 10752K, reserved 1048576K

Heap Regions: E=young(eden), S=young(survivor), O=old, HS=humongous(starts), HC=humongous(continues), CS=collection set, F=free, OA=open archive, CA=closed archive, TAMS=top-at-mark-start (previous, next)
|   0|0x0000000080000000, 0x0000000080100000, 0x0000000080100000|100%|HS|  |TAMS 0x0000000080100000, 0x0000000080000000| Complete 
|   1|0x0000000080100000, 0x0000000080200000, 0x0000000080200000|100%|HC|  |TAMS 0x0000000080200000, 0x0000000080100000| Complete 
|   2|0x0000000080200000, 0x0000000080300000, 0x0000000080300000|100%|HC|  |TAMS 0x0000000080300000, 0x0000000080200000| Complete 
|   3|0x0000000080300000, 0x0000000080400000, 0x0000000080400000|100%|HC|  |TAMS 0x0000000080400000, 0x0000000080300000| Complete 
|   4|0x0000000080400000, 0x0000000080500000, 0x0000000080500000|100%| O|  |TAMS 0x0000000080500000, 0x0000000080400000| Untracked 
|   5|0x0000000080500000, 0x0000000080600000, 0x0000000080600000|100%| O|  |TAMS 0x0000000080600000, 0x0000000080500000| Untracked 
|   6|0x0000000080600000, 0x0000000080700000, 0x0000000080700000|100%| O|  |TAMS 0x0000000080700000, 0x0000000080600000| Untracked 
|   7|0x0000000080700000, 0x0000000080800000, 0x0000000080800000|100%| O|  |TAMS 0x0000000080800000, 0x0000000080700000| Untracked 
|   8|0x0000000080800000, 0x0000000080900000, 0x0000000080900000|100%| O|  |TAMS 0x0000000080900000, 0x0000000080800000| Untracked 
|   9|0x0000000080900000, 0x0000000080a00000, 0x0000000080a00000|100%| O|  |TAMS 0x0000000080a00000, 0x0000000080900000| Untracked 
|  10|0x0000000080a00000, 0x0000000080afe200, 0x0000000080b00000| 99%| O|  |TAMS 0x0000000080afe200, 0x0000000080a00000| Untracked 
|  11|0x0000000080b00000, 0x0000000080c00000, 0x0000000080c00000|100%| O|  |TAMS 0x0000000080c00000, 0x0000000080b00000| Untracked 
|  12|0x0000000080c00000, 0x0000000080d00000, 0x0000000080d00000|100%| O|  |TAMS 0x0000000080d00000, 0x0000000080c00000| Untracked 
|  13|0x0000000080d00000, 0x0000000080e00000, 0x0000000080e00000|100%| O|  |TAMS 0x0000000080e00000, 0x0000000080d00000| Untracked 
|  14|0x0000000080e00000, 0x0000000080f00000, 0x0000000080f00000|100%| O|  |TAMS 0x0000000080f00000, 0x0000000080e00000| Untracked 
|  15|0x0000000080f00000, 0x0000000081000000, 0x0000000081000000|100%| O|  |TAMS 0x0000000081000000, 0x0000000080f00000| Untracked 
|  16|0x0000000081000000, 0x0000000081100000, 0x0000000081100000|100%| O|  |TAMS 0x0000000081100000, 0x0000000081000000| Untracked 
|  17|0x0000000081100000, 0x0000000081200000, 0x0000000081200000|100%| O|  |TAMS 0x0000000081200000, 0x0000000081100000| Untracked 
|  18|0x0000000081200000, 0x0000000081300000, 0x0000000081300000|100%| O|  |TAMS 0x0000000081300000, 0x0000000081200000| Untracked 
|  19|0x0000000081300000, 0x0000000081400000, 0x0000000081400000|100%| O|  |TAMS 0x0000000081400000, 0x0000000081300000| Untracked 
|  20|0x0000000081400000, 0x0000000081500000, 0x0000000081500000|100%| O|  |TAMS 0x0000000081500000, 0x0000000081400000| Untracked 
|  21|0x0000000081500000, 0x0000000081600000, 0x0000000081600000|100%| O|  |TAMS 0x0000000081600000, 0x0000000081500000| Untracked 
|  22|0x0000000081600000, 0x0000000081700000, 0x0000000081700000|100%| O|  |TAMS 0x0000000081700000, 0x0000000081600000| Untracked 
|  23|0x0000000081700000, 0x0000000081800000, 0x0000000081800000|100%| O|  |TAMS 0x0000000081800000, 0x0000000081700000| Untracked 
|  24|0x0000000081800000, 0x0000000081800000, 0x0000000081900000|  0%| F|  |TAMS 0x0000000081800000, 0x0000000081800000| Untracked 
|  25|0x0000000081900000, 0x0000000081a00000, 0x0000000081a00000|100%| O|  |TAMS 0x0000000081a00000, 0x0000000081900000| Untracked 
|  26|0x0000000081a00000, 0x0000000081b00000, 0x0000000081b00000|100%| O|  |TAMS 0x0000000081b00000, 0x0000000081a00000| Untracked 
|  27|0x0000000081b00000, 0x0000000081c00000, 0x0000000081c00000|100%| O|  |TAMS 0x0000000081c00000, 0x0000000081b00000| Untracked 
|  28|0x0000000081c00000, 0x0000000081d00000, 0x0000000081d00000|100%| O|  |TAMS 0x0000000081d00000, 0x0000000081c00000| Untracked 
|  29|0x0000000081d00000, 0x0000000081e00000, 0x0000000081e00000|100%| O|  |TAMS 0x0000000081e00000, 0x0000000081d00000| Untracked 
|  30|0x0000000081e00000, 0x0000000081f00000, 0x0000000081f00000|100%| O|  |TAMS 0x0000000081f00000, 0x0000000081e00000| Untracked 
|  31|0x0000000081f00000, 0x0000000082000000, 0x0000000082000000|100%| O|  |TAMS 0x0000000082000000, 0x0000000081f00000| Untracked 
|  32|0x0000000082000000, 0x0000000082100000, 0x0000000082100000|100%| O|  |TAMS 0x0000000082100000, 0x0000000082000000| Untracked 
|  33|0x0000000082100000, 0x0000000082200000, 0x0000000082200000|100%|HS|  |TAMS 0x0000000082200000, 0x0000000082100000| Complete 
|  34|0x0000000082200000, 0x0000000082300000, 0x0000000082300000|100%|HS|  |TAMS 0x0000000082300000, 0x0000000082200000| Complete 
|  35|0x0000000082300000, 0x0000000082400000, 0x0000000082400000|100%|HS|  |TAMS 0x0000000082400000, 0x0000000082300000| Complete 
|  36|0x0000000082400000, 0x0000000082500000, 0x0000000082500000|100%|HC|  |TAMS 0x0000000082500000, 0x0000000082400000| Complete 
|  37|0x0000000082500000, 0x0000000082600000, 0x0000000082600000|100%|HS|  |TAMS 0x0000000082600000, 0x0000000082500000| Complete 
|  38|0x0000000082600000, 0x0000000082700000, 0x0000000082700000|100%|HC|  |TAMS 0x0000000082700000, 0x0000000082600000| Complete 
|  39|0x0000000082700000, 0x0000000082800000, 0x0000000082800000|100%|HC|  |TAMS 0x0000000082800000, 0x0000000082700000| Complete 
|  40|0x0000000082800000, 0x0000000082900000, 0x0000000082900000|100%|HC|  |TAMS 0x0000000082900000, 0x0000000082800000| Complete 
|  41|0x0000000082900000, 0x0000000082a00000, 0x0000000082a00000|100%| O|  |TAMS 0x0000000082a00000, 0x0000000082900000| Untracked 
|  42|0x0000000082a00000, 0x0000000082b00000, 0x0000000082b00000|100%| O|  |TAMS 0x0000000082b00000, 0x0000000082a00000| Untracked 
|  43|0x0000000082b00000, 0x0000000082c00000, 0x0000000082c00000|100%| O|  |TAMS 0x0000000082c00000, 0x0000000082b00000| Untracked 
|  44|0x0000000082c00000, 0x0000000082d00000, 0x0000000082d00000|100%| O|  |TAMS 0x0000000082d00000, 0x0000000082c00000| Untracked 
|  45|0x0000000082d00000, 0x0000000082e00000, 0x0000000082e00000|100%| O|  |TAMS 0x0000000082e00000, 0x0000000082d00000| Untracked 
|  46|0x0000000082e00000, 0x0000000082f00000, 0x0000000082f00000|100%| O|  |TAMS 0x0000000082f00000, 0x0000000082e00000| Untracked 
|  47|0x0000000082f00000, 0x0000000083000000, 0x0000000083000000|100%| O|  |TAMS 0x0000000083000000, 0x0000000082f00000| Untracked 
|  48|0x0000000083000000, 0x0000000083100000, 0x0000000083100000|100%| O|  |TAMS 0x0000000083100000, 0x0000000083000000| Untracked 
|  49|0x0000000083100000, 0x0000000083200000, 0x0000000083200000|100%| O|  |TAMS 0x0000000083200000, 0x0000000083100000| Untracked 
|  50|0x0000000083200000, 0x0000000083300000, 0x0000000083300000|100%| O|  |TAMS 0x0000000083300000, 0x0000000083200000| Untracked 
|  51|0x0000000083300000, 0x0000000083400000, 0x0000000083400000|100%| O|  |TAMS 0x0000000083400000, 0x0000000083300000| Untracked 
|  52|0x0000000083400000, 0x0000000083500000, 0x0000000083500000|100%| O|  |TAMS 0x0000000083500000, 0x0000000083400000| Untracked 
|  53|0x0000000083500000, 0x0000000083600000, 0x0000000083600000|100%| O|  |TAMS 0x0000000083536a00, 0x0000000083500000| Untracked 
|  54|0x0000000083600000, 0x0000000083700000, 0x0000000083700000|100%| O|  |TAMS 0x0000000083700000, 0x0000000083600000| Untracked 
|  55|0x0000000083700000, 0x0000000083800000, 0x0000000083800000|100%| O|  |TAMS 0x0000000083800000, 0x0000000083700000| Untracked 
|  56|0x0000000083800000, 0x0000000083900000, 0x0000000083900000|100%| O|  |TAMS 0x0000000083900000, 0x0000000083800000| Untracked 
|  57|0x0000000083900000, 0x0000000083a00000, 0x0000000083a00000|100%| O|  |TAMS 0x0000000083a00000, 0x0000000083900000| Untracked 
|  58|0x0000000083a00000, 0x0000000083b00000, 0x0000000083b00000|100%| O|  |TAMS 0x0000000083b00000, 0x0000000083a00000| Untracked 
|  59|0x0000000083b00000, 0x0000000083c00000, 0x0000000083c00000|100%| O|  |TAMS 0x0000000083b00000, 0x0000000083b00000| Untracked 
|  60|0x0000000083c00000, 0x0000000083d00000, 0x0000000083d00000|100%| O|  |TAMS 0x0000000083d00000, 0x0000000083c00000| Untracked 
|  61|0x0000000083d00000, 0x0000000083e00000, 0x0000000083e00000|100%| O|  |TAMS 0x0000000083e00000, 0x0000000083d00000| Untracked 
|  62|0x0000000083e00000, 0x0000000083f00000, 0x0000000083f00000|100%| O|  |TAMS 0x0000000083e00000, 0x0000000083e00000| Untracked 
|  63|0x0000000083f00000, 0x0000000084000000, 0x0000000084000000|100%| O|  |TAMS 0x0000000083f00000, 0x0000000083f00000| Untracked 
|  64|0x0000000084000000, 0x0000000084100000, 0x0000000084100000|100%| O|  |TAMS 0x0000000084000000, 0x0000000084000000| Untracked 
|  65|0x0000000084100000, 0x0000000084200000, 0x0000000084200000|100%| O|  |TAMS 0x0000000084100000, 0x0000000084100000| Untracked 
|  66|0x0000000084200000, 0x0000000084300000, 0x0000000084300000|100%| O|  |TAMS 0x0000000084200000, 0x0000000084200000| Untracked 
|  67|0x0000000084300000, 0x0000000084400000, 0x0000000084400000|100%| O|  |TAMS 0x0000000084300000, 0x0000000084300000| Untracked 
|  68|0x0000000084400000, 0x0000000084500000, 0x0000000084500000|100%| O|  |TAMS 0x0000000084400000, 0x0000000084400000| Untracked 
|  69|0x0000000084500000, 0x0000000084600000, 0x0000000084600000|100%| O|  |TAMS 0x0000000084500000, 0x0000000084500000| Untracked 
|  70|0x0000000084600000, 0x00000000846adc00, 0x0000000084700000| 67%| O|  |TAMS 0x0000000084600000, 0x0000000084600000| Untracked 
|  71|0x0000000084700000, 0x0000000084700000, 0x0000000084800000|  0%| F|  |TAMS 0x0000000084700000, 0x0000000084700000| Untracked 
|  72|0x0000000084800000, 0x0000000084800000, 0x0000000084900000|  0%| F|  |TAMS 0x0000000084800000, 0x0000000084800000| Untracked 
|  73|0x0000000084900000, 0x0000000084900000, 0x0000000084a00000|  0%| F|  |TAMS 0x0000000084900000, 0x0000000084900000| Untracked 
|  74|0x0000000084a00000, 0x0000000084a00000, 0x0000000084b00000|  0%| F|  |TAMS 0x0000000084a00000, 0x0000000084a00000| Untracked 
|  75|0x0000000084b00000, 0x0000000084b00000, 0x0000000084c00000|  0%| F|  |TAMS 0x0000000084b00000, 0x0000000084b00000| Untracked 
|  76|0x0000000084c00000, 0x0000000084c00000, 0x0000000084d00000|  0%| F|  |TAMS 0x0000000084c00000, 0x0000000084c00000| Untracked 
|  77|0x0000000084d00000, 0x0000000084d00000, 0x0000000084e00000|  0%| F|  |TAMS 0x0000000084d00000, 0x0000000084d00000| Untracked 
|  78|0x0000000084e00000, 0x0000000084e00000, 0x0000000084f00000|  0%| F|  |TAMS 0x0000000084e00000, 0x0000000084e00000| Untracked 
|  79|0x0000000084f00000, 0x0000000084f00000, 0x0000000085000000|  0%| F|  |TAMS 0x0000000084f00000, 0x0000000084f00000| Untracked 
|  80|0x0000000085000000, 0x0000000085000000, 0x0000000085100000|  0%| F|  |TAMS 0x0000000085000000, 0x0000000085000000| Untracked 
|  81|0x0000000085100000, 0x0000000085100000, 0x0000000085200000|  0%| F|  |TAMS 0x0000000085100000, 0x0000000085100000| Untracked 
|  82|0x0000000085200000, 0x0000000085200000, 0x0000000085300000|  0%| F|  |TAMS 0x0000000085200000, 0x0000000085200000| Untracked 
|  83|0x0000000085300000, 0x0000000085300000, 0x0000000085400000|  0%| F|  |TAMS 0x0000000085300000, 0x0000000085300000| Untracked 
|  84|0x0000000085400000, 0x0000000085400000, 0x0000000085500000|  0%| F|  |TAMS 0x0000000085400000, 0x0000000085400000| Untracked 
|  85|0x0000000085500000, 0x0000000085500000, 0x0000000085600000|  0%| F|  |TAMS 0x0000000085500000, 0x0000000085500000| Untracked 
|  86|0x0000000085600000, 0x0000000085600000, 0x0000000085700000|  0%| F|  |TAMS 0x0000000085600000, 0x0000000085600000| Untracked 
|  87|0x0000000085700000, 0x0000000085700000, 0x0000000085800000|  0%| F|  |TAMS 0x0000000085700000, 0x0000000085700000| Untracked 
|  88|0x0000000085800000, 0x0000000085800000, 0x0000000085900000|  0%| F|  |TAMS 0x0000000085800000, 0x0000000085800000| Untracked 
|  89|0x0000000085900000, 0x0000000085900000, 0x0000000085a00000|  0%| F|  |TAMS 0x0000000085900000, 0x0000000085900000| Untracked 
|  90|0x0000000085a00000, 0x0000000085a00000, 0x0000000085b00000|  0%| F|  |TAMS 0x0000000085a00000, 0x0000000085a00000| Untracked 
|  91|0x0000000085b00000, 0x0000000085b00000, 0x0000000085c00000|  0%| F|  |TAMS 0x0000000085b00000, 0x0000000085b00000| Untracked 
|  92|0x0000000085c00000, 0x0000000085c00000, 0x0000000085d00000|  0%| F|  |TAMS 0x0000000085c00000, 0x0000000085c00000| Untracked 
|  93|0x0000000085d00000, 0x0000000085d00000, 0x0000000085e00000|  0%| F|  |TAMS 0x0000000085d00000, 0x0000000085d00000| Untracked 
|  94|0x0000000085e00000, 0x0000000085e00000, 0x0000000085f00000|  0%| F|  |TAMS 0x0000000085e00000, 0x0000000085e00000| Untracked 
|  95|0x0000000085f00000, 0x0000000085f00000, 0x0000000086000000|  0%| F|  |TAMS 0x0000000085f00000, 0x0000000085f00000| Untracked 
|  96|0x0000000086000000, 0x0000000086000000, 0x0000000086100000|  0%| F|  |TAMS 0x0000000086000000, 0x0000000086000000| Untracked 
|  97|0x0000000086100000, 0x0000000086100000, 0x0000000086200000|  0%| F|  |TAMS 0x0000000086100000, 0x0000000086100000| Untracked 
|  98|0x0000000086200000, 0x0000000086200000, 0x0000000086300000|  0%| F|  |TAMS 0x0000000086200000, 0x0000000086200000| Untracked 
|  99|0x0000000086300000, 0x0000000086300000, 0x0000000086400000|  0%| F|  |TAMS 0x0000000086300000, 0x0000000086300000| Untracked 
| 100|0x0000000086400000, 0x0000000086400000, 0x0000000086500000|  0%| F|  |TAMS 0x0000000086400000, 0x0000000086400000| Untracked 
| 101|0x0000000086500000, 0x0000000086500000, 0x0000000086600000|  0%| F|  |TAMS 0x0000000086500000, 0x0000000086500000| Untracked 
| 102|0x0000000086600000, 0x0000000086600000, 0x0000000086700000|  0%| F|  |TAMS 0x0000000086600000, 0x0000000086600000| Untracked 
| 103|0x0000000086700000, 0x0000000086700000, 0x0000000086800000|  0%| F|  |TAMS 0x0000000086700000, 0x0000000086700000| Untracked 
| 104|0x0000000086800000, 0x0000000086800000, 0x0000000086900000|  0%| F|  |TAMS 0x0000000086800000, 0x0000000086800000| Untracked 
| 105|0x0000000086900000, 0x0000000086900000, 0x0000000086a00000|  0%| F|  |TAMS 0x0000000086900000, 0x0000000086900000| Untracked 
| 106|0x0000000086a00000, 0x0000000086a00000, 0x0000000086b00000|  0%| F|  |TAMS 0x0000000086a00000, 0x0000000086a00000| Untracked 
| 107|0x0000000086b00000, 0x0000000086b00000, 0x0000000086c00000|  0%| F|  |TAMS 0x0000000086b00000, 0x0000000086b00000| Untracked 
| 108|0x0000000086c00000, 0x0000000086c00000, 0x0000000086d00000|  0%| F|  |TAMS 0x0000000086c00000, 0x0000000086c00000| Untracked 
| 109|0x0000000086d00000, 0x0000000086d00000, 0x0000000086e00000|  0%| F|  |TAMS 0x0000000086d00000, 0x0000000086d00000| Untracked 
| 110|0x0000000086e00000, 0x0000000086e00000, 0x0000000086f00000|  0%| F|  |TAMS 0x0000000086e00000, 0x0000000086e00000| Untracked 
| 111|0x0000000086f00000, 0x0000000086f00000, 0x0000000087000000|  0%| F|  |TAMS 0x0000000086f00000, 0x0000000086f00000| Untracked 
| 112|0x0000000087000000, 0x0000000087000000, 0x0000000087100000|  0%| F|  |TAMS 0x0000000087000000, 0x0000000087000000| Untracked 
| 113|0x0000000087100000, 0x0000000087100000, 0x0000000087200000|  0%| F|  |TAMS 0x0000000087100000, 0x0000000087100000| Untracked 
| 114|0x0000000087200000, 0x0000000087200000, 0x0000000087300000|  0%| F|  |TAMS 0x0000000087200000, 0x0000000087200000| Untracked 
| 115|0x0000000087300000, 0x0000000087300000, 0x0000000087400000|  0%| F|  |TAMS 0x0000000087300000, 0x0000000087300000| Untracked 
| 116|0x0000000087400000, 0x0000000087400000, 0x0000000087500000|  0%| F|  |TAMS 0x0000000087400000, 0x0000000087400000| Untracked 
| 117|0x0000000087500000, 0x0000000087500000, 0x0000000087600000|  0%| F|  |TAMS 0x0000000087500000, 0x0000000087500000| Untracked 
| 118|0x0000000087600000, 0x0000000087600000, 0x0000000087700000|  0%| F|  |TAMS 0x0000000087600000, 0x0000000087600000| Untracked 
| 119|0x0000000087700000, 0x0000000087700000, 0x0000000087800000|  0%| F|  |TAMS 0x0000000087700000, 0x0000000087700000| Untracked 
| 120|0x0000000087800000, 0x0000000087800000, 0x0000000087900000|  0%| F|  |TAMS 0x0000000087800000, 0x0000000087800000| Untracked 
| 121|0x0000000087900000, 0x0000000087900000, 0x0000000087a00000|  0%| F|  |TAMS 0x0000000087900000, 0x0000000087900000| Untracked 
| 122|0x0000000087a00000, 0x0000000087a00000, 0x0000000087b00000|  0%| F|  |TAMS 0x0000000087a00000, 0x0000000087a00000| Untracked 
| 123|0x0000000087b00000, 0x0000000087b00000, 0x0000000087c00000|  0%| F|  |TAMS 0x0000000087b00000, 0x0000000087b00000| Untracked 
| 124|0x0000000087c00000, 0x0000000087c00000, 0x0000000087d00000|  0%| F|  |TAMS 0x0000000087c00000, 0x0000000087c00000| Untracked 
| 125|0x0000000087d00000, 0x0000000087d00000, 0x0000000087e00000|  0%| F|  |TAMS 0x0000000087d00000, 0x0000000087d00000| Untracked 
| 126|0x0000000087e00000, 0x0000000087e00000, 0x0000000087f00000|  0%| F|  |TAMS 0x0000000087e00000, 0x0000000087e00000| Untracked 
| 127|0x0000000087f00000, 0x0000000087f00000, 0x0000000088000000|  0%| F|  |TAMS 0x0000000087f00000, 0x0000000087f00000| Untracked 
| 128|0x0000000088000000, 0x0000000088000000, 0x0000000088100000|  0%| F|  |TAMS 0x0000000088000000, 0x0000000088000000| Untracked 
| 129|0x0000000088100000, 0x0000000088100000, 0x0000000088200000|  0%| F|  |TAMS 0x0000000088100000, 0x0000000088100000| Untracked 
| 130|0x0000000088200000, 0x0000000088200000, 0x0000000088300000|  0%| F|  |TAMS 0x0000000088200000, 0x0000000088200000| Untracked 
| 131|0x0000000088300000, 0x0000000088300000, 0x0000000088400000|  0%| F|  |TAMS 0x0000000088300000, 0x0000000088300000| Untracked 
| 132|0x0000000088400000, 0x0000000088400000, 0x0000000088500000|  0%| F|  |TAMS 0x0000000088400000, 0x0000000088400000| Untracked 
| 133|0x0000000088500000, 0x0000000088585a10, 0x0000000088600000| 52%| S|CS|TAMS 0x0000000088500000, 0x0000000088500000| Complete 
| 134|0x0000000088600000, 0x0000000088600000, 0x0000000088700000|  0%| F|  |TAMS 0x0000000088600000, 0x0000000088600000| Untracked 

Card table byte_map: [0x000002abc9cd0000,0x000002abca0d0000] _byte_map_base: 0x000002abc98d0000

Marking Bits (Prev, Next): (CMBitMap*) 0x000002abb69d3d20, (CMBitMap*) 0x000002abb69d3ce0
 Prev Bits: [0x000002abcc4d0000, 0x000002abce4d0000)
 Next Bits: [0x000002abca4d0000, 0x000002abcc4d0000)

Polling page: 0x000002abb45e0000

Metaspace:

Usage:
  Non-class:     65.63 MB used.
      Class:     10.23 MB used.
       Both:     75.86 MB used.

Virtual space:
  Non-class space:       72.00 MB reserved,      65.94 MB ( 92%) committed,  9 nodes.
      Class space:        1.00 GB reserved,      10.50 MB (  1%) committed,  1 nodes.
             Both:        1.07 GB reserved,      76.44 MB (  7%) committed. 

Chunk freelists:
   Non-Class:  1.98 MB
       Class:  1.47 MB
        Both:  3.46 MB

MaxMetaspaceSize: unlimited
CompressedClassSpaceSize: 1.00 GB
Initial GC threshold: 21.00 MB
Current GC threshold: 121.50 MB
CDS: off
MetaspaceReclaimPolicy: balanced
 - commit_granule_bytes: 65536.
 - commit_granule_words: 8192.
 - virtual_space_node_default_size: 1048576.
 - enlarge_chunks_in_place: 1.
 - new_chunks_are_fully_committed: 0.
 - uncommit_free_chunks: 1.
 - use_allocation_guard: 0.
 - handle_deallocations: 1.


Internal statistics:

num_allocs_failed_limit: 9.
num_arena_births: 672.
num_arena_deaths: 0.
num_vsnodes_births: 10.
num_vsnodes_deaths: 0.
num_space_committed: 1223.
num_space_uncommitted: 0.
num_chunks_returned_to_freelist: 9.
num_chunks_taken_from_freelist: 3344.
num_chunk_merges: 6.
num_chunk_splits: 2237.
num_chunks_enlarged: 1554.
num_purges: 0.
num_inconsistent_stats: 0.

CodeHeap 'non-profiled nmethods': size=119168Kb used=4729Kb max_used=4729Kb free=114438Kb
 bounds [0x000002abc19d0000, 0x000002abc1e70000, 0x000002abc8e30000]
CodeHeap 'profiled nmethods': size=119104Kb used=15277Kb max_used=15277Kb free=103826Kb
 bounds [0x000002abb9e30000, 0x000002abbad20000, 0x000002abc1280000]
CodeHeap 'non-nmethods': size=7488Kb used=4053Kb max_used=4150Kb free=3434Kb
 bounds [0x000002abc1280000, 0x000002abc16a0000, 0x000002abc19d0000]
 total_blobs=8507 nmethods=7614 adapters=800
 compilation: enabled
              stopped_count=0, restarted_count=0
 full_count=0

Compilation events (20 events):
Event: 4.403 Thread 0x000002abd25593e0 nmethod 8436 0x000002abc1e6ce90 code [0x000002abc1e6d000, 0x000002abc1e6d618]
Event: 4.403 Thread 0x000002abd25593e0 8440       4       java.beans.Introspector::addMethod (196 bytes)
Event: 4.408 Thread 0x000002abd21f0d00 8447   !   3       com.sun.beans.finder.InstanceFinder::instantiate (41 bytes)
Event: 4.408 Thread 0x000002abd208bfb0 8448   !   3       com.sun.beans.finder.ClassFinder::findClass (25 bytes)
Event: 4.408 Thread 0x000002abd208bfb0 nmethod 8448 0x000002abbad18c90 code [0x000002abbad18e60, 0x000002abbad190a8]
Event: 4.409 Thread 0x000002abd208bfb0 8449       3       com.sun.beans.util.Cache$Kind$2::create (27 bytes)
Event: 4.409 Thread 0x000002abd21f1210 8450       3       com.sun.beans.util.Cache$Kind$Soft::<init> (12 bytes)
Event: 4.409 Thread 0x000002abd21f0d00 nmethod 8447 0x000002abbad19190 code [0x000002abbad19440, 0x000002abbad1a1c8]
Event: 4.409 Thread 0x000002abd208bfb0 nmethod 8449 0x000002abbad1a810 code [0x000002abbad1aa00, 0x000002abbad1af68]
Event: 4.409 Thread 0x000002abd21f1210 nmethod 8450 0x000002abbad1b110 code [0x000002abbad1b2c0, 0x000002abbad1b678]
Event: 4.409 Thread 0x000002abd21f1210 8451       1       java.beans.Introspector::getTargetDefaultEventIndex (5 bytes)
Event: 4.409 Thread 0x000002abd208bfb0 8452       1       java.beans.Introspector::getTargetDefaultPropertyIndex (5 bytes)
Event: 4.409 Thread 0x000002abd21f1210 nmethod 8451 0x000002abc1e6d790 code [0x000002abc1e6d920, 0x000002abc1e6d9f8]
Event: 4.409 Thread 0x000002abd208bfb0 nmethod 8452 0x000002abc1e6da90 code [0x000002abc1e6dc20, 0x000002abc1e6dcf8]
Event: 4.409 Thread 0x000002abd208bfb0 8453       1       java.beans.GenericBeanInfo::getMethodDescriptors (5 bytes)
Event: 4.409 Thread 0x000002abd21f1210 8454       1       java.beans.GenericBeanInfo::getDefaultEventIndex (5 bytes)
Event: 4.409 Thread 0x000002abd208bfb0 nmethod 8453 0x000002abc1e6dd90 code [0x000002abc1e6df20, 0x000002abc1e6dff8]
Event: 4.409 Thread 0x000002abd21f1210 nmethod 8454 0x000002abc1e6e090 code [0x000002abc1e6e220, 0x000002abc1e6e2f8]
Event: 4.409 Thread 0x000002abd21f0d00 8455       1       java.beans.GenericBeanInfo::getDefaultPropertyIndex (5 bytes)
Event: 4.409 Thread 0x000002abd21f0d00 nmethod 8455 0x000002abc1e6e390 code [0x000002abc1e6e520, 0x000002abc1e6e5f8]

GC Heap History (20 events):
Event: 2.721 GC heap after
{Heap after GC invocations=13 (full 0):
 garbage-first heap   total 107520K, used 36866K [0x0000000080000000, 0x0000000100000000)
  region size 1024K, 5 young (5120K), 5 survivors (5120K)
 Metaspace       used 52092K, committed 52544K, reserved 1097728K
  class space    used 6840K, committed 7040K, reserved 1048576K
}
Event: 2.986 GC heap before
{Heap before GC invocations=13 (full 0):
 garbage-first heap   total 107520K, used 89090K [0x0000000080000000, 0x0000000100000000)
  region size 1024K, 48 young (49152K), 5 survivors (5120K)
 Metaspace       used 57278K, committed 57792K, reserved 1105920K
  class space    used 7512K, committed 7744K, reserved 1048576K
}
Event: 2.990 GC heap after
{Heap after GC invocations=14 (full 0):
 garbage-first heap   total 107520K, used 53416K [0x0000000080000000, 0x0000000100000000)
  region size 1024K, 6 young (6144K), 6 survivors (6144K)
 Metaspace       used 57278K, committed 57792K, reserved 1105920K
  class space    used 7512K, committed 7744K, reserved 1048576K
}
Event: 3.140 GC heap before
{Heap before GC invocations=14 (full 0):
 garbage-first heap   total 107520K, used 69800K [0x0000000080000000, 0x0000000100000000)
  region size 1024K, 23 young (23552K), 6 survivors (6144K)
 Metaspace       used 59707K, committed 60160K, reserved 1105920K
  class space    used 7875K, committed 8064K, reserved 1048576K
}
Event: 3.143 GC heap after
{Heap after GC invocations=15 (full 0):
 garbage-first heap   total 107520K, used 54240K [0x0000000080000000, 0x0000000100000000)
  region size 1024K, 1 young (1024K), 1 survivors (1024K)
 Metaspace       used 59707K, committed 60160K, reserved 1105920K
  class space    used 7875K, committed 8064K, reserved 1048576K
}
Event: 3.273 GC heap before
{Heap before GC invocations=16 (full 0):
 garbage-first heap   total 107520K, used 67552K [0x0000000080000000, 0x0000000100000000)
  region size 1024K, 15 young (15360K), 1 survivors (1024K)
 Metaspace       used 62884K, committed 63424K, reserved 1105920K
  class space    used 8290K, committed 8512K, reserved 1048576K
}
Event: 3.275 GC heap after
{Heap after GC invocations=17 (full 0):
 garbage-first heap   total 107520K, used 55947K [0x0000000080000000, 0x0000000100000000)
  region size 1024K, 3 young (3072K), 3 survivors (3072K)
 Metaspace       used 62884K, committed 63424K, reserved 1105920K
  class space    used 8290K, committed 8512K, reserved 1048576K
}
Event: 3.294 GC heap before
{Heap before GC invocations=18 (full 0):
 garbage-first heap   total 114688K, used 67211K [0x0000000080000000, 0x0000000100000000)
  region size 1024K, 12 young (12288K), 3 survivors (3072K)
 Metaspace       used 62888K, committed 63424K, reserved 1105920K
  class space    used 8290K, committed 8512K, reserved 1048576K
}
Event: 3.296 GC heap after
{Heap after GC invocations=19 (full 0):
 garbage-first heap   total 138240K, used 61847K [0x0000000080000000, 0x0000000100000000)
  region size 1024K, 4 young (4096K), 4 survivors (4096K)
 Metaspace       used 62888K, committed 63424K, reserved 1105920K
  class space    used 8290K, committed 8512K, reserved 1048576K
}
Event: 3.473 GC heap before
{Heap before GC invocations=19 (full 0):
 garbage-first heap   total 138240K, used 97687K [0x0000000080000000, 0x0000000100000000)
  region size 1024K, 37 young (37888K), 4 survivors (4096K)
 Metaspace       used 65717K, committed 66368K, reserved 1114112K
  class space    used 8636K, committed 8960K, reserved 1048576K
}
Event: 3.476 GC heap after
{Heap after GC invocations=20 (full 0):
 garbage-first heap   total 138240K, used 60796K [0x0000000080000000, 0x0000000100000000)
  region size 1024K, 4 young (4096K), 4 survivors (4096K)
 Metaspace       used 65717K, committed 66368K, reserved 1114112K
  class space    used 8636K, committed 8960K, reserved 1048576K
}
Event: 3.717 GC heap before
{Heap before GC invocations=20 (full 0):
 garbage-first heap   total 138240K, used 97660K [0x0000000080000000, 0x0000000100000000)
  region size 1024K, 39 young (39936K), 4 survivors (4096K)
 Metaspace       used 69837K, committed 70400K, reserved 1114112K
  class space    used 9186K, committed 9472K, reserved 1048576K
}
Event: 3.720 GC heap after
{Heap after GC invocations=21 (full 0):
 garbage-first heap   total 138240K, used 62516K [0x0000000080000000, 0x0000000100000000)
  region size 1024K, 2 young (2048K), 2 survivors (2048K)
 Metaspace       used 69837K, committed 70400K, reserved 1114112K
  class space    used 9186K, committed 9472K, reserved 1048576K
}
Event: 3.864 GC heap before
{Heap before GC invocations=21 (full 0):
 garbage-first heap   total 138240K, used 100404K [0x0000000080000000, 0x0000000100000000)
  region size 1024K, 39 young (39936K), 2 survivors (2048K)
 Metaspace       used 71087K, committed 71680K, reserved 1114112K
  class space    used 9350K, committed 9600K, reserved 1048576K
}
Event: 3.868 GC heap after
{Heap after GC invocations=22 (full 0):
 garbage-first heap   total 138240K, used 65977K [0x0000000080000000, 0x0000000100000000)
  region size 1024K, 5 young (5120K), 5 survivors (5120K)
 Metaspace       used 71087K, committed 71680K, reserved 1114112K
  class space    used 9350K, committed 9600K, reserved 1048576K
}
Event: 4.110 GC heap before
{Heap before GC invocations=22 (full 0):
 garbage-first heap   total 138240K, used 103865K [0x0000000080000000, 0x0000000100000000)
  region size 1024K, 42 young (43008K), 5 survivors (5120K)
 Metaspace       used 73936K, committed 74560K, reserved 1114112K
  class space    used 9837K, committed 10112K, reserved 1048576K
}
Event: 4.114 GC heap after
{Heap after GC invocations=23 (full 0):
 garbage-first heap   total 138240K, used 69044K [0x0000000080000000, 0x0000000100000000)
  region size 1024K, 3 young (3072K), 3 survivors (3072K)
 Metaspace       used 73936K, committed 74560K, reserved 1114112K
  class space    used 9837K, committed 10112K, reserved 1048576K
}
Event: 4.405 GC heap before
{Heap before GC invocations=24 (full 0):
 garbage-first heap   total 138240K, used 105908K [0x0000000080000000, 0x0000000100000000)
  region size 1024K, 39 young (39936K), 3 survivors (3072K)
 Metaspace       used 77674K, committed 78272K, reserved 1122304K
  class space    used 10473K, committed 10752K, reserved 1048576K
}
Event: 4.407 GC heap after
{Heap after GC invocations=25 (full 0):
 garbage-first heap   total 138240K, used 71528K [0x0000000080000000, 0x0000000100000000)
  region size 1024K, 5 young (5120K), 5 survivors (5120K)
 Metaspace       used 77674K, committed 78272K, reserved 1122304K
  class space    used 10473K, committed 10752K, reserved 1048576K
}
Event: 4.410 GC heap before
{Heap before GC invocations=25 (full 0):
 garbage-first heap   total 138240K, used 72552K [0x0000000080000000, 0x0000000100000000)
  region size 1024K, 6 young (6144K), 5 survivors (5120K)
 Metaspace       used 77680K, committed 78272K, reserved 1122304K
  class space    used 10473K, committed 10752K, reserved 1048576K
}

Dll operation events (2 events):
Event: 0.005 Loaded shared library C:\Program Files\Android\Android Studio\jbr\bin\java.dll
Event: 0.207 Loaded shared library C:\Program Files\Android\Android Studio\jbr\bin\verify.dll

Deoptimization events (20 events):
Event: 4.271 Thread 0x000002abd3bc3070 Uncommon trap: trap_request=0xffffffde fr.pc=0x000002abc1a23490 relative=0x0000000000000410
Event: 4.271 Thread 0x000002abd3bc3070 Uncommon trap: reason=class_check action=maybe_recompile pc=0x000002abc1a23490 method=org.gradle.internal.instantiation.generator.AbstractClassGenerator$InjectionAnnotationValidator.validateMethod(Ljava/lang/reflect/Method;Lorg/gradle/internal/reflect/Pro
Event: 4.271 Thread 0x000002abd3bc3070 DEOPT PACKING pc=0x000002abc1a23490 sp=0x000000c2cd3f8430
Event: 4.271 Thread 0x000002abd3bc3070 DEOPT UNPACKING pc=0x000002abc12d69a3 sp=0x000000c2cd3f83d8 mode 2
Event: 4.272 Thread 0x000002abd3bc3070 Uncommon trap: trap_request=0xffffffde fr.pc=0x000002abc1a23490 relative=0x0000000000000410
Event: 4.272 Thread 0x000002abd3bc3070 Uncommon trap: reason=class_check action=maybe_recompile pc=0x000002abc1a23490 method=org.gradle.internal.instantiation.generator.AbstractClassGenerator$InjectionAnnotationValidator.validateMethod(Ljava/lang/reflect/Method;Lorg/gradle/internal/reflect/Pro
Event: 4.272 Thread 0x000002abd3bc3070 DEOPT PACKING pc=0x000002abc1a23490 sp=0x000000c2cd3f8430
Event: 4.272 Thread 0x000002abd3bc3070 DEOPT UNPACKING pc=0x000002abc12d69a3 sp=0x000000c2cd3f83d8 mode 2
Event: 4.275 Thread 0x000002abd3bc3070 Uncommon trap: trap_request=0xffffffde fr.pc=0x000002abc1a23490 relative=0x0000000000000410
Event: 4.275 Thread 0x000002abd3bc3070 Uncommon trap: reason=class_check action=maybe_recompile pc=0x000002abc1a23490 method=org.gradle.internal.instantiation.generator.AbstractClassGenerator$InjectionAnnotationValidator.validateMethod(Ljava/lang/reflect/Method;Lorg/gradle/internal/reflect/Pro
Event: 4.275 Thread 0x000002abd3bc3070 DEOPT PACKING pc=0x000002abc1a23490 sp=0x000000c2cd3f85c0
Event: 4.275 Thread 0x000002abd3bc3070 DEOPT UNPACKING pc=0x000002abc12d69a3 sp=0x000000c2cd3f8568 mode 2
Event: 4.276 Thread 0x000002abd3bc3070 Uncommon trap: trap_request=0xffffffde fr.pc=0x000002abc1a23490 relative=0x0000000000000410
Event: 4.276 Thread 0x000002abd3bc3070 Uncommon trap: reason=class_check action=maybe_recompile pc=0x000002abc1a23490 method=org.gradle.internal.instantiation.generator.AbstractClassGenerator$InjectionAnnotationValidator.validateMethod(Ljava/lang/reflect/Method;Lorg/gradle/internal/reflect/Pro
Event: 4.276 Thread 0x000002abd3bc3070 DEOPT PACKING pc=0x000002abc1a23490 sp=0x000000c2cd3f84b0
Event: 4.276 Thread 0x000002abd3bc3070 DEOPT UNPACKING pc=0x000002abc12d69a3 sp=0x000000c2cd3f8458 mode 2
Event: 4.369 Thread 0x000002abd3bc3070 Uncommon trap: trap_request=0xffffff45 fr.pc=0x000002abc1a20840 relative=0x0000000000001600
Event: 4.369 Thread 0x000002abd3bc3070 Uncommon trap: reason=unstable_if action=reinterpret pc=0x000002abc1a20840 method=java.util.concurrent.ConcurrentHashMap.putVal(Ljava/lang/Object;Ljava/lang/Object;Z)Ljava/lang/Object; @ 245 c2
Event: 4.369 Thread 0x000002abd3bc3070 DEOPT PACKING pc=0x000002abc1a20840 sp=0x000000c2cd3f79f0
Event: 4.369 Thread 0x000002abd3bc3070 DEOPT UNPACKING pc=0x000002abc12d69a3 sp=0x000000c2cd3f7978 mode 2

Classes unloaded (0 events):
No events

Classes redefined (0 events):
No events

Internal exceptions (20 events):
Event: 4.374 Thread 0x000002abd3bc3070 Exception <a 'java/lang/ClassNotFoundException'{0x00000000869d0090}: com/android/build/gradle/internal/api/ReadOnlyBuildTypeBeanInfo> (0x00000000869d0090) 
thrown [s\src\hotspot\share\classfile\systemDictionary.cpp, line 256]
Event: 4.374 Thread 0x000002abd3bc3070 Exception <a 'java/lang/ClassNotFoundException'{0x00000000869dceb8}: com/android/build/gradle/internal/api/ReadOnlyBaseConfigBeanInfo> (0x00000000869dceb8) 
thrown [s\src\hotspot\share\classfile\systemDictionary.cpp, line 256]
Event: 4.374 Thread 0x000002abd3bc3070 Exception <a 'java/lang/ClassNotFoundException'{0x00000000869e9d00}: com/android/build/gradle/internal/api/ReadOnlyBaseConfigCustomizer> (0x00000000869e9d00) 
thrown [s\src\hotspot\share\classfile\systemDictionary.cpp, line 256]
Event: 4.375 Thread 0x000002abd3bc3070 Exception <a 'java/lang/ClassNotFoundException'{0x0000000086807bf8}: com/android/build/gradle/internal/api/ReadOnlyBuildTypeCustomizer> (0x0000000086807bf8) 
thrown [s\src\hotspot\share\classfile\systemDictionary.cpp, line 256]
Event: 4.399 Thread 0x000002abd3bc3070 Exception <a 'java/lang/ClassNotFoundException'{0x00000000865ccdd8}: com/android/build/gradle/internal/api/ApplicationVariantImpl_DecoratedBeanInfo> (0x00000000865ccdd8) 
thrown [s\src\hotspot\share\classfile\systemDictionary.cpp, line 256]
Event: 4.399 Thread 0x000002abd3bc3070 Exception <a 'java/lang/ClassNotFoundException'{0x00000000865da9c0}: com/android/build/gradle/internal/api/ApplicationVariantImplBeanInfo> (0x00000000865da9c0) 
thrown [s\src\hotspot\share\classfile\systemDictionary.cpp, line 256]
Event: 4.399 Thread 0x000002abd3bc3070 Exception <a 'java/lang/ClassNotFoundException'{0x00000000865e8a08}: com/android/build/gradle/internal/api/ApkVariantImplBeanInfo> (0x00000000865e8a08) 
thrown [s\src\hotspot\share\classfile\systemDictionary.cpp, line 256]
Event: 4.400 Thread 0x000002abd3bc3070 Exception <a 'java/lang/ClassNotFoundException'{0x00000000865f6b30}: com/android/build/gradle/internal/api/InstallableVariantImplBeanInfo> (0x00000000865f6b30) 
thrown [s\src\hotspot\share\classfile\systemDictionary.cpp, line 256]
Event: 4.400 Thread 0x000002abd3bc3070 Exception <a 'java/lang/ClassNotFoundException'{0x00000000864054e0}: com/android/build/gradle/internal/api/AndroidArtifactVariantImplBeanInfo> (0x00000000864054e0) 
thrown [s\src\hotspot\share\classfile\systemDictionary.cpp, line 256]
Event: 4.400 Thread 0x000002abd3bc3070 Exception <a 'java/lang/ClassNotFoundException'{0x00000000864137d8}: com/android/build/gradle/internal/api/BaseVariantImplBeanInfo> (0x00000000864137d8) 
thrown [s\src\hotspot\share\classfile\systemDictionary.cpp, line 256]
Event: 4.400 Thread 0x000002abd3bc3070 Exception <a 'java/lang/ClassNotFoundException'{0x0000000086421b00}: com/android/build/gradle/internal/api/BaseVariantImplCustomizer> (0x0000000086421b00) 
thrown [s\src\hotspot\share\classfile\systemDictionary.cpp, line 256]
Event: 4.401 Thread 0x000002abd3bc3070 Exception <a 'java/lang/ClassNotFoundException'{0x0000000086473f08}: com/android/build/gradle/internal/api/AndroidArtifactVariantImplCustomizer> (0x0000000086473f08) 
thrown [s\src\hotspot\share\classfile\systemDictionary.cpp, line 256]
Event: 4.401 Thread 0x000002abd3bc3070 Exception <a 'java/lang/ClassNotFoundException'{0x0000000086497a88}: com/android/build/gradle/internal/api/InstallableVariantImplCustomizer> (0x0000000086497a88) 
thrown [s\src\hotspot\share\classfile\systemDictionary.cpp, line 256]
Event: 4.402 Thread 0x000002abd3bc3070 Exception <a 'java/lang/ClassNotFoundException'{0x00000000864bfc48}: com/android/build/gradle/internal/api/ApkVariantImplCustomizer> (0x00000000864bfc48) 
thrown [s\src\hotspot\share\classfile\systemDictionary.cpp, line 256]
Event: 4.402 Thread 0x000002abd3bc3070 Exception <a 'java/lang/ClassNotFoundException'{0x00000000864e3ef8}: com/android/build/gradle/internal/api/ApplicationVariantImplCustomizer> (0x00000000864e3ef8) 
thrown [s\src\hotspot\share\classfile\systemDictionary.cpp, line 256]
Event: 4.403 Thread 0x000002abd3bc3070 Exception <a 'java/lang/ClassNotFoundException'{0x000000008630c288}: com/android/build/gradle/internal/api/ApplicationVariantImpl_DecoratedCustomizer> (0x000000008630c288) 
thrown [s\src\hotspot\share\classfile\systemDictionary.cpp, line 256]
Event: 4.408 Thread 0x000002abd3bc3070 Exception <a 'java/lang/ClassNotFoundException'{0x000000008863f078}: groovy/lang/GString$1BeanInfo> (0x000000008863f078) 
thrown [s\src\hotspot\share\classfile\systemDictionary.cpp, line 256]
Event: 4.408 Thread 0x000002abd3bc3070 Exception <a 'java/lang/ClassNotFoundException'{0x0000000088659d10}: groovy/lang/GStringBeanInfo> (0x0000000088659d10) 
thrown [s\src\hotspot\share\classfile\systemDictionary.cpp, line 256]
Event: 4.408 Thread 0x000002abd3bc3070 Exception <a 'java/lang/ClassNotFoundException'{0x0000000088674a38}: groovy/lang/GStringCustomizer> (0x0000000088674a38) 
thrown [s\src\hotspot\share\classfile\systemDictionary.cpp, line 256]
Event: 4.409 Thread 0x000002abd3bc3070 Exception <a 'java/lang/ClassNotFoundException'{0x000000008869a2d8}: groovy/lang/GString$1Customizer> (0x000000008869a2d8) 
thrown [s\src\hotspot\share\classfile\systemDictionary.cpp, line 256]

VM Operations (20 events):
Event: 3.720 Executing VM operation: G1CollectForAllocation done
Event: 3.792 Executing VM operation: HandshakeAllThreads
Event: 3.793 Executing VM operation: HandshakeAllThreads done
Event: 3.811 Executing VM operation: HandshakeAllThreads
Event: 3.811 Executing VM operation: HandshakeAllThreads done
Event: 3.816 Executing VM operation: ICBufferFull
Event: 3.816 Executing VM operation: ICBufferFull done
Event: 3.863 Executing VM operation: G1CollectForAllocation
Event: 3.868 Executing VM operation: G1CollectForAllocation done
Event: 3.948 Executing VM operation: HandshakeAllThreads
Event: 3.948 Executing VM operation: HandshakeAllThreads done
Event: 4.110 Executing VM operation: G1CollectForAllocation
Event: 4.114 Executing VM operation: G1CollectForAllocation done
Event: 4.124 Executing VM operation: G1Concurrent
Event: 4.126 Executing VM operation: G1Concurrent done
Event: 4.133 Executing VM operation: G1Concurrent
Event: 4.133 Executing VM operation: G1Concurrent done
Event: 4.404 Executing VM operation: G1CollectForAllocation
Event: 4.407 Executing VM operation: G1CollectForAllocation done
Event: 4.410 Executing VM operation: G1CollectForAllocation

Events (20 events):
Event: 3.794 loading class java/util/ArrayListBeanInfo done
Event: 3.794 loading class java/util/ArrayListBeanInfo
Event: 3.794 loading class java/util/ArrayListBeanInfo done
Event: 3.794 loading class java/util/AbstractListBeanInfo
Event: 3.794 loading class java/util/AbstractListBeanInfo done
Event: 3.795 loading class java/util/AbstractListBeanInfo
Event: 3.795 loading class java/util/AbstractListBeanInfo done
Event: 3.795 loading class java/util/AbstractListCustomizer
Event: 3.795 loading class java/util/AbstractListCustomizer done
Event: 3.795 loading class java/util/AbstractListCustomizer
Event: 3.795 loading class java/util/AbstractListCustomizer done
Event: 3.795 loading class java/util/ArrayListCustomizer
Event: 3.795 loading class java/util/ArrayListCustomizer done
Event: 3.795 loading class java/util/ArrayListCustomizer
Event: 3.795 loading class java/util/ArrayListCustomizer done
Event: 3.812 Thread 0x000002abd2091eb0 flushing nmethod 0x000002abc1a36510
Event: 3.813 Thread 0x000002abd2091eb0 flushing nmethod 0x000002abb9e9be90
Event: 3.813 Thread 0x000002abd2091eb0 flushing nmethod 0x000002abb9f01010
Event: 3.859 loading class java/beans/IntrospectionException
Event: 3.860 loading class java/beans/IntrospectionException done


Dynamic libraries:
0x00007ff6cba30000 - 0x00007ff6cba3a000 	C:\Program Files\Android\Android Studio\jbr\bin\java.exe
0x00007fff90c90000 - 0x00007fff90ea4000 	C:\Windows\SYSTEM32\ntdll.dll
0x00007fff8f920000 - 0x00007fff8f9e2000 	C:\Windows\System32\KERNEL32.DLL
0x00007fff8e130000 - 0x00007fff8e4d3000 	C:\Windows\System32\KERNELBASE.dll
0x00007fff8a7f0000 - 0x00007fff8a887000 	C:\Windows\SYSTEM32\apphelp.dll
0x00007fff8e6f0000 - 0x00007fff8e801000 	C:\Windows\System32\ucrtbase.dll
0x00007fff832c0000 - 0x00007fff832d7000 	C:\Program Files\Android\Android Studio\jbr\bin\jli.dll
0x00007fff82b80000 - 0x00007fff82b9b000 	C:\Program Files\Android\Android Studio\jbr\bin\VCRUNTIME140.dll
0x00007fff909f0000 - 0x00007fff90b9b000 	C:\Windows\System32\USER32.dll
0x00007fff65860000 - 0x00007fff65aee000 	C:\Windows\WinSxS\amd64_microsoft.windows.common-controls_6595b64144ccf1df_6.0.22621.1635_none_270f70857386168e\COMCTL32.dll
0x00007fff8e810000 - 0x00007fff8e836000 	C:\Windows\System32\win32u.dll
0x00007fff90ba0000 - 0x00007fff90c47000 	C:\Windows\System32\msvcrt.dll
0x00007fff8f000000 - 0x00007fff8f029000 	C:\Windows\System32\GDI32.dll
0x00007fff8e4e0000 - 0x00007fff8e5f9000 	C:\Windows\System32\gdi32full.dll
0x00007fff8e090000 - 0x00007fff8e12a000 	C:\Windows\System32\msvcp_win.dll
0x00007fff8efc0000 - 0x00007fff8eff1000 	C:\Windows\System32\IMM32.DLL
0x00007fff8abe0000 - 0x00007fff8abec000 	C:\Program Files\Android\Android Studio\jbr\bin\vcruntime140_1.dll
0x00007fff59b00000 - 0x00007fff59b8d000 	C:\Program Files\Android\Android Studio\jbr\bin\msvcp140.dll
0x00007fff40180000 - 0x00007fff40ded000 	C:\Program Files\Android\Android Studio\jbr\bin\server\jvm.dll
0x00007fff8f320000 - 0x00007fff8f3ce000 	C:\Windows\System32\ADVAPI32.dll
0x00007fff907c0000 - 0x00007fff90864000 	C:\Windows\System32\sechost.dll
0x00007fff908d0000 - 0x00007fff909e7000 	C:\Windows\System32\RPCRT4.dll
0x00007fff83300000 - 0x00007fff83334000 	C:\Windows\SYSTEM32\WINMM.dll
0x00007fff82b00000 - 0x00007fff82b09000 	C:\Windows\SYSTEM32\WSOCK32.dll
0x00007fff7c420000 - 0x00007fff7c42a000 	C:\Windows\SYSTEM32\VERSION.dll
0x00007fff8eec0000 - 0x00007fff8ef31000 	C:\Windows\System32\WS2_32.dll
0x00007fff8d190000 - 0x00007fff8d1a8000 	C:\Windows\SYSTEM32\kernel.appcore.dll
0x00007fff81130000 - 0x00007fff8113a000 	C:\Program Files\Android\Android Studio\jbr\bin\jimage.dll
0x00007fff8b780000 - 0x00007fff8b9ae000 	C:\Windows\SYSTEM32\DBGHELP.DLL
0x00007fff8f9f0000 - 0x00007fff8fd79000 	C:\Windows\System32\combase.dll
0x00007fff8f030000 - 0x00007fff8f107000 	C:\Windows\System32\OLEAUT32.dll
0x00007fff830b0000 - 0x00007fff830e2000 	C:\Windows\SYSTEM32\dbgcore.DLL
0x00007fff8e600000 - 0x00007fff8e67b000 	C:\Windows\System32\bcryptPrimitives.dll
0x00007fff73910000 - 0x00007fff73935000 	C:\Program Files\Android\Android Studio\jbr\bin\java.dll
0x00007fff7b720000 - 0x00007fff7b738000 	C:\Program Files\Android\Android Studio\jbr\bin\zip.dll
0x00007fff8fd80000 - 0x00007fff9057a000 	C:\Windows\System32\SHELL32.dll
0x00007fff8be60000 - 0x00007fff8c72e000 	C:\Windows\SYSTEM32\windows.storage.dll
0x00007fff8bd20000 - 0x00007fff8be5e000 	C:\Windows\SYSTEM32\wintypes.dll
0x00007fff8ea70000 - 0x00007fff8eb61000 	C:\Windows\System32\SHCORE.dll
0x00007fff90870000 - 0x00007fff908ce000 	C:\Windows\System32\shlwapi.dll
0x00007fff8dfc0000 - 0x00007fff8dfe1000 	C:\Windows\SYSTEM32\profapi.dll
0x00007fff6f0b0000 - 0x00007fff6f0c9000 	C:\Program Files\Android\Android Studio\jbr\bin\net.dll
0x00007fff888b0000 - 0x00007fff889e7000 	C:\Windows\SYSTEM32\WINHTTP.dll
0x00007fff8d5f0000 - 0x00007fff8d659000 	C:\Windows\system32\mswsock.dll
0x00007fff6eec0000 - 0x00007fff6eed6000 	C:\Program Files\Android\Android Studio\jbr\bin\nio.dll
0x00007fff71920000 - 0x00007fff71930000 	C:\Program Files\Android\Android Studio\jbr\bin\verify.dll
0x00007fff6e910000 - 0x00007fff6e937000 	C:\Users\nahpalacio\.gradle\native\68d5fa5c4cc2d200863cafc0d521ce42e7d3e7ee720ec0a83991735586a16f82\windows-amd64\native-platform.dll
0x00007fff46bf0000 - 0x00007fff46d34000 	C:\Users\nahpalacio\.gradle\native\e376f236ea51e6404a007f0833ffe2c6e607c4080706a723a18a27aeea778392\windows-amd64\native-platform-file-events.dll
0x00007fff7e4c0000 - 0x00007fff7e4c9000 	C:\Program Files\Android\Android Studio\jbr\bin\management.dll
0x00007fff73570000 - 0x00007fff7357b000 	C:\Program Files\Android\Android Studio\jbr\bin\management_ext.dll
0x00007fff8f910000 - 0x00007fff8f918000 	C:\Windows\System32\PSAPI.DLL
0x00007fff8d910000 - 0x00007fff8d92b000 	C:\Windows\SYSTEM32\CRYPTSP.dll
0x00007fff8d100000 - 0x00007fff8d135000 	C:\Windows\system32\rsaenh.dll
0x00007fff8d690000 - 0x00007fff8d6b8000 	C:\Windows\SYSTEM32\USERENV.dll
0x00007fff8da60000 - 0x00007fff8da88000 	C:\Windows\SYSTEM32\bcrypt.dll
0x00007fff8d8f0000 - 0x00007fff8d8fc000 	C:\Windows\SYSTEM32\CRYPTBASE.dll
0x00007fff8c960000 - 0x00007fff8c98d000 	C:\Windows\SYSTEM32\IPHLPAPI.DLL
0x00007fff90630000 - 0x00007fff90639000 	C:\Windows\System32\NSI.dll
0x00007fff89e80000 - 0x00007fff89e99000 	C:\Windows\SYSTEM32\dhcpcsvc6.DLL
0x00007fff89330000 - 0x00007fff8934f000 	C:\Windows\SYSTEM32\dhcpcsvc.DLL
0x00007fff8c9c0000 - 0x00007fff8cab3000 	C:\Windows\SYSTEM32\DNSAPI.dll
0x00007fff6ee50000 - 0x00007fff6ee58000 	C:\Windows\system32\wshunix.dll

dbghelp: loaded successfully - version: 4.0.5 - missing functions: none
symbol engine: initialized successfully - sym options: 0x614 - pdb path: .;C:\Program Files\Android\Android Studio\jbr\bin;C:\Windows\SYSTEM32;C:\Windows\WinSxS\amd64_microsoft.windows.common-controls_6595b64144ccf1df_6.0.22621.1635_none_270f70857386168e;C:\Program Files\Android\Android Studio\jbr\bin\server;C:\Users\nahpalacio\.gradle\native\68d5fa5c4cc2d200863cafc0d521ce42e7d3e7ee720ec0a83991735586a16f82\windows-amd64;C:\Users\nahpalacio\.gradle\native\e376f236ea51e6404a007f0833ffe2c6e607c4080706a723a18a27aeea778392\windows-amd64

VM Arguments:
jvm_args: --add-opens=java.base/java.util=ALL-UNNAMED --add-opens=java.base/java.lang=ALL-UNNAMED --add-opens=java.base/java.lang.invoke=ALL-UNNAMED --add-opens=java.prefs/java.util.prefs=ALL-UNNAMED --add-opens=java.base/java.nio.charset=ALL-UNNAMED --add-opens=java.base/java.net=ALL-UNNAMED --add-opens=java.base/java.util.concurrent.atomic=ALL-UNNAMED -Xmx2048m -Dfile.encoding=UTF-8 -Duser.country=AR -Duser.language=es -Duser.variant 
java_command: org.gradle.launcher.daemon.bootstrap.GradleDaemon 8.0
java_class_path (initial): C:\Users\nahpalacio\.gradle\wrapper\dists\gradle-8.0-bin\ca5e32bp14vu59qr306oxotwh\gradle-8.0\lib\gradle-launcher-8.0.jar
Launcher Type: SUN_STANDARD

[Global flags]
     intx CICompilerCount                          = 12                                        {product} {ergonomic}
     uint ConcGCThreads                            = 4                                         {product} {ergonomic}
     uint G1ConcRefinementThreads                  = 15                                        {product} {ergonomic}
   size_t G1HeapRegionSize                         = 1048576                                   {product} {ergonomic}
    uintx GCDrainStackTargetSize                   = 64                                        {product} {ergonomic}
   size_t InitialHeapSize                          = 130023424                                 {product} {ergonomic}
   size_t MarkStackSize                            = 4194304                                   {product} {ergonomic}
   size_t MaxHeapSize                              = 2147483648                                {product} {command line}
   size_t MaxNewSize                               = 1287651328                                {product} {ergonomic}
   size_t MinHeapDeltaBytes                        = 1048576                                   {product} {ergonomic}
   size_t MinHeapSize                              = 8388608                                   {product} {ergonomic}
    uintx NonNMethodCodeHeapSize                   = 7602480                                {pd product} {ergonomic}
    uintx NonProfiledCodeHeapSize                  = 122027880                              {pd product} {ergonomic}
    uintx ProfiledCodeHeapSize                     = 122027880                              {pd product} {ergonomic}
    uintx ReservedCodeCacheSize                    = 251658240                              {pd product} {ergonomic}
     bool SegmentedCodeCache                       = true                                      {product} {ergonomic}
   size_t SoftMaxHeapSize                          = 2147483648                             {manageable} {ergonomic}
     bool UseCompressedClassPointers               = true                           {product lp64_product} {ergonomic}
     bool UseCompressedOops                        = true                           {product lp64_product} {ergonomic}
     bool UseG1GC                                  = true                                      {product} {ergonomic}
     bool UseLargePagesIndividualAllocation        = false                                  {pd product} {ergonomic}

Logging:
Log output configuration:
 #0: stdout all=warning uptime,level,tags
 #1: stderr all=off uptime,level,tags

Environment Variables:
PATH=C:\Program Files\Common Files\Oracle\Java\javapath;C:\Windows\system32;C:\Windows;C:\Windows\System32\Wbem;C:\Windows\System32\WindowsPowerShell\v1.0\;C:\Windows\System32\OpenSSH\;C:\Program Files\dotnet\;C:\Program Files (x86)\Microsoft SQL Server\160\DTS\Binn\;C:\Program Files\Azure Data Studio\bin;C:\Program Files\Git\cmd;C:\Users\nahpalacio\AppData\Local\Microsoft\WindowsApps;C:\Users\nahpalacio\AppData\Local\Programs\Microsoft VS Code\bin;C:\Users\nahpalacio\.dotnet\tools;C:\Users\nahpalacio\AppData\Local\GitHubDesktop\bin;C:\Program Files\Azure Data Studio\bin
USERNAME=nahpalacio
OS=Windows_NT
PROCESSOR_IDENTIFIER=Intel64 Family 6 Model 151 Stepping 2, GenuineIntel
TMP=C:\Users\NAHPAL~1\AppData\Local\Temp
TEMP=C:\Users\NAHPAL~1\AppData\Local\Temp



---------------  S Y S T E M  ---------------

OS:
 Windows 11 , 64 bit Build 22621 (10.0.22621.1778)
OS uptime: 1 days 6:15 hours
Hyper-V role detected

CPU: total 20 (initial active 20) (10 cores per cpu, 2 threads per core) family 6 model 151 stepping 2 microcode 0x1e, cx8, cmov, fxsr, ht, mmx, 3dnowpref, sse, sse2, sse3, ssse3, sse4.1, sse4.2, popcnt, lzcnt, tsc, tscinvbit, avx, avx2, aes, erms, clmul, bmi1, bmi2, adx, sha, fma, vzeroupper, clflush, clflushopt, clwb, hv

Memory: 4k page, system-wide physical 7906M (473M free)
TotalPageFile size 11906M (AvailPageFile size 54M)
current process WorkingSet (physical memory assigned to process): 393M, peak: 399M
current process commit charge ("private bytes"): 444M, peak: 589M

vm_info: OpenJDK 64-Bit Server VM (17.0.6+0-b2043.56-9586694) for windows-amd64 JRE (17.0.6+0-b2043.56-9586694), built on Feb  9 2023 20:06:20 by "androidbuild" with MS VC++ 16.10 / 16.11 (VS2019)

END.
